[2024-12-25T15:13:21.551+0000] {processor.py:157} INFO - Started process (PID=8117) to work on /home/vscode/.local/lib/python3.10/site-packages/airflow/example_dags/example_task_group_decorator.py
[2024-12-25T15:13:21.552+0000] {processor.py:826} INFO - Processing file /home/vscode/.local/lib/python3.10/site-packages/airflow/example_dags/example_task_group_decorator.py for tasks to queue
[2024-12-25T15:13:21.552+0000] {logging_mixin.py:150} INFO - [2024-12-25T15:13:21.552+0000] {dagbag.py:541} INFO - Filling up the DagBag from /home/vscode/.local/lib/python3.10/site-packages/airflow/example_dags/example_task_group_decorator.py
[2024-12-25T15:13:21.566+0000] {processor.py:836} INFO - DAG(s) dict_keys(['example_task_group_decorator']) retrieved from /home/vscode/.local/lib/python3.10/site-packages/airflow/example_dags/example_task_group_decorator.py
[2024-12-25T15:13:21.724+0000] {logging_mixin.py:150} INFO - [2024-12-25T15:13:21.724+0000] {manager.py:504} INFO - Created Permission View: can edit on DAG:example_task_group_decorator
[2024-12-25T15:13:21.732+0000] {logging_mixin.py:150} INFO - [2024-12-25T15:13:21.732+0000] {manager.py:504} INFO - Created Permission View: can read on DAG:example_task_group_decorator
[2024-12-25T15:13:21.738+0000] {logging_mixin.py:150} INFO - [2024-12-25T15:13:21.738+0000] {manager.py:504} INFO - Created Permission View: can delete on DAG:example_task_group_decorator
[2024-12-25T15:13:21.746+0000] {logging_mixin.py:150} INFO - [2024-12-25T15:13:21.746+0000] {dag.py:2742} INFO - Sync 1 DAGs
[2024-12-25T15:13:21.753+0000] {logging_mixin.py:150} INFO - [2024-12-25T15:13:21.752+0000] {dag.py:2763} INFO - Creating ORM DAG for example_task_group_decorator
[2024-12-25T15:13:21.758+0000] {logging_mixin.py:150} INFO - [2024-12-25T15:13:21.758+0000] {dag.py:3504} INFO - Setting next_dagrun for example_task_group_decorator to 2024-12-24T15:13:21.758627+00:00, run_after=2024-12-25T15:13:21.758627+00:00
[2024-12-25T15:13:21.773+0000] {processor.py:179} INFO - Processing /home/vscode/.local/lib/python3.10/site-packages/airflow/example_dags/example_task_group_decorator.py took 0.224 seconds
[2024-12-25T15:14:14.071+0000] {processor.py:157} INFO - Started process (PID=8486) to work on /home/vscode/.local/lib/python3.10/site-packages/airflow/example_dags/example_task_group_decorator.py
[2024-12-25T15:14:14.072+0000] {processor.py:826} INFO - Processing file /home/vscode/.local/lib/python3.10/site-packages/airflow/example_dags/example_task_group_decorator.py for tasks to queue
[2024-12-25T15:14:14.072+0000] {logging_mixin.py:150} INFO - [2024-12-25T15:14:14.072+0000] {dagbag.py:541} INFO - Filling up the DagBag from /home/vscode/.local/lib/python3.10/site-packages/airflow/example_dags/example_task_group_decorator.py
[2024-12-25T15:14:14.084+0000] {processor.py:836} INFO - DAG(s) dict_keys(['example_task_group_decorator']) retrieved from /home/vscode/.local/lib/python3.10/site-packages/airflow/example_dags/example_task_group_decorator.py
[2024-12-25T15:14:14.098+0000] {logging_mixin.py:150} INFO - [2024-12-25T15:14:14.098+0000] {dag.py:2742} INFO - Sync 1 DAGs
[2024-12-25T15:14:14.112+0000] {logging_mixin.py:150} INFO - [2024-12-25T15:14:14.112+0000] {dag.py:3504} INFO - Setting next_dagrun for example_task_group_decorator to 2024-12-24T15:14:14.112707+00:00, run_after=2024-12-25T15:14:14.112707+00:00
[2024-12-25T15:14:14.128+0000] {processor.py:179} INFO - Processing /home/vscode/.local/lib/python3.10/site-packages/airflow/example_dags/example_task_group_decorator.py took 0.059 seconds
[2024-12-25T15:14:59.236+0000] {processor.py:157} INFO - Started process (PID=8798) to work on /home/vscode/.local/lib/python3.10/site-packages/airflow/example_dags/example_task_group_decorator.py
[2024-12-25T15:14:59.237+0000] {processor.py:826} INFO - Processing file /home/vscode/.local/lib/python3.10/site-packages/airflow/example_dags/example_task_group_decorator.py for tasks to queue
[2024-12-25T15:14:59.237+0000] {logging_mixin.py:150} INFO - [2024-12-25T15:14:59.237+0000] {dagbag.py:541} INFO - Filling up the DagBag from /home/vscode/.local/lib/python3.10/site-packages/airflow/example_dags/example_task_group_decorator.py
[2024-12-25T15:14:59.254+0000] {processor.py:836} INFO - DAG(s) dict_keys(['example_task_group_decorator']) retrieved from /home/vscode/.local/lib/python3.10/site-packages/airflow/example_dags/example_task_group_decorator.py
[2024-12-25T15:14:59.277+0000] {logging_mixin.py:150} INFO - [2024-12-25T15:14:59.276+0000] {dag.py:2742} INFO - Sync 1 DAGs
[2024-12-25T15:14:59.301+0000] {logging_mixin.py:150} INFO - [2024-12-25T15:14:59.301+0000] {dag.py:3504} INFO - Setting next_dagrun for example_task_group_decorator to 2024-12-24T15:14:59.300790+00:00, run_after=2024-12-25T15:14:59.300790+00:00
[2024-12-25T15:14:59.325+0000] {processor.py:179} INFO - Processing /home/vscode/.local/lib/python3.10/site-packages/airflow/example_dags/example_task_group_decorator.py took 0.091 seconds
[2024-12-25T15:15:41.523+0000] {processor.py:157} INFO - Started process (PID=9117) to work on /home/vscode/.local/lib/python3.10/site-packages/airflow/example_dags/example_task_group_decorator.py
[2024-12-25T15:15:41.523+0000] {processor.py:826} INFO - Processing file /home/vscode/.local/lib/python3.10/site-packages/airflow/example_dags/example_task_group_decorator.py for tasks to queue
[2024-12-25T15:15:41.524+0000] {logging_mixin.py:150} INFO - [2024-12-25T15:15:41.524+0000] {dagbag.py:541} INFO - Filling up the DagBag from /home/vscode/.local/lib/python3.10/site-packages/airflow/example_dags/example_task_group_decorator.py
[2024-12-25T15:15:41.535+0000] {processor.py:836} INFO - DAG(s) dict_keys(['example_task_group_decorator']) retrieved from /home/vscode/.local/lib/python3.10/site-packages/airflow/example_dags/example_task_group_decorator.py
[2024-12-25T15:15:41.548+0000] {logging_mixin.py:150} INFO - [2024-12-25T15:15:41.548+0000] {dag.py:2742} INFO - Sync 1 DAGs
[2024-12-25T15:15:41.563+0000] {logging_mixin.py:150} INFO - [2024-12-25T15:15:41.563+0000] {dag.py:3504} INFO - Setting next_dagrun for example_task_group_decorator to 2024-12-24T15:15:41.563509+00:00, run_after=2024-12-25T15:15:41.563509+00:00
[2024-12-25T15:15:41.579+0000] {processor.py:179} INFO - Processing /home/vscode/.local/lib/python3.10/site-packages/airflow/example_dags/example_task_group_decorator.py took 0.058 seconds
[2024-12-25T15:16:28.253+0000] {processor.py:157} INFO - Started process (PID=9573) to work on /home/vscode/.local/lib/python3.10/site-packages/airflow/example_dags/example_task_group_decorator.py
[2024-12-25T15:16:28.254+0000] {processor.py:826} INFO - Processing file /home/vscode/.local/lib/python3.10/site-packages/airflow/example_dags/example_task_group_decorator.py for tasks to queue
[2024-12-25T15:16:28.254+0000] {logging_mixin.py:150} INFO - [2024-12-25T15:16:28.254+0000] {dagbag.py:541} INFO - Filling up the DagBag from /home/vscode/.local/lib/python3.10/site-packages/airflow/example_dags/example_task_group_decorator.py
[2024-12-25T15:16:28.265+0000] {processor.py:836} INFO - DAG(s) dict_keys(['example_task_group_decorator']) retrieved from /home/vscode/.local/lib/python3.10/site-packages/airflow/example_dags/example_task_group_decorator.py
[2024-12-25T15:16:28.279+0000] {logging_mixin.py:150} INFO - [2024-12-25T15:16:28.279+0000] {dag.py:2742} INFO - Sync 1 DAGs
[2024-12-25T15:16:28.303+0000] {logging_mixin.py:150} INFO - [2024-12-25T15:16:28.303+0000] {dag.py:3504} INFO - Setting next_dagrun for example_task_group_decorator to 2024-12-24T15:16:28.303406+00:00, run_after=2024-12-25T15:16:28.303406+00:00
[2024-12-25T15:16:28.323+0000] {processor.py:179} INFO - Processing /home/vscode/.local/lib/python3.10/site-packages/airflow/example_dags/example_task_group_decorator.py took 0.072 seconds
[2024-12-25T15:17:01.923+0000] {processor.py:157} INFO - Started process (PID=9894) to work on /home/vscode/.local/lib/python3.10/site-packages/airflow/example_dags/example_task_group_decorator.py
[2024-12-25T15:17:01.924+0000] {processor.py:826} INFO - Processing file /home/vscode/.local/lib/python3.10/site-packages/airflow/example_dags/example_task_group_decorator.py for tasks to queue
[2024-12-25T15:17:01.925+0000] {logging_mixin.py:150} INFO - [2024-12-25T15:17:01.924+0000] {dagbag.py:541} INFO - Filling up the DagBag from /home/vscode/.local/lib/python3.10/site-packages/airflow/example_dags/example_task_group_decorator.py
[2024-12-25T15:17:01.938+0000] {processor.py:836} INFO - DAG(s) dict_keys(['example_task_group_decorator']) retrieved from /home/vscode/.local/lib/python3.10/site-packages/airflow/example_dags/example_task_group_decorator.py
[2024-12-25T15:17:01.952+0000] {logging_mixin.py:150} INFO - [2024-12-25T15:17:01.952+0000] {dag.py:2742} INFO - Sync 1 DAGs
[2024-12-25T15:17:01.969+0000] {logging_mixin.py:150} INFO - [2024-12-25T15:17:01.968+0000] {dag.py:3504} INFO - Setting next_dagrun for example_task_group_decorator to 2024-12-24T15:17:01.968638+00:00, run_after=2024-12-25T15:17:01.968638+00:00
[2024-12-25T15:17:01.984+0000] {processor.py:179} INFO - Processing /home/vscode/.local/lib/python3.10/site-packages/airflow/example_dags/example_task_group_decorator.py took 0.064 seconds
[2024-12-25T15:17:47.630+0000] {processor.py:157} INFO - Started process (PID=10452) to work on /home/vscode/.local/lib/python3.10/site-packages/airflow/example_dags/example_task_group_decorator.py
[2024-12-25T15:17:47.631+0000] {processor.py:826} INFO - Processing file /home/vscode/.local/lib/python3.10/site-packages/airflow/example_dags/example_task_group_decorator.py for tasks to queue
[2024-12-25T15:17:47.632+0000] {logging_mixin.py:150} INFO - [2024-12-25T15:17:47.631+0000] {dagbag.py:541} INFO - Filling up the DagBag from /home/vscode/.local/lib/python3.10/site-packages/airflow/example_dags/example_task_group_decorator.py
[2024-12-25T15:17:47.643+0000] {processor.py:836} INFO - DAG(s) dict_keys(['example_task_group_decorator']) retrieved from /home/vscode/.local/lib/python3.10/site-packages/airflow/example_dags/example_task_group_decorator.py
[2024-12-25T15:17:47.656+0000] {logging_mixin.py:150} INFO - [2024-12-25T15:17:47.656+0000] {dag.py:2742} INFO - Sync 1 DAGs
[2024-12-25T15:17:47.670+0000] {logging_mixin.py:150} INFO - [2024-12-25T15:17:47.670+0000] {dag.py:3504} INFO - Setting next_dagrun for example_task_group_decorator to 2024-12-24T15:17:47.670417+00:00, run_after=2024-12-25T15:17:47.670417+00:00
[2024-12-25T15:17:47.685+0000] {processor.py:179} INFO - Processing /home/vscode/.local/lib/python3.10/site-packages/airflow/example_dags/example_task_group_decorator.py took 0.057 seconds
[2024-12-25T15:18:31.117+0000] {processor.py:157} INFO - Started process (PID=10923) to work on /home/vscode/.local/lib/python3.10/site-packages/airflow/example_dags/example_task_group_decorator.py
[2024-12-25T15:18:31.118+0000] {processor.py:826} INFO - Processing file /home/vscode/.local/lib/python3.10/site-packages/airflow/example_dags/example_task_group_decorator.py for tasks to queue
[2024-12-25T15:18:31.118+0000] {logging_mixin.py:150} INFO - [2024-12-25T15:18:31.118+0000] {dagbag.py:541} INFO - Filling up the DagBag from /home/vscode/.local/lib/python3.10/site-packages/airflow/example_dags/example_task_group_decorator.py
[2024-12-25T15:18:31.129+0000] {processor.py:836} INFO - DAG(s) dict_keys(['example_task_group_decorator']) retrieved from /home/vscode/.local/lib/python3.10/site-packages/airflow/example_dags/example_task_group_decorator.py
[2024-12-25T15:18:31.143+0000] {logging_mixin.py:150} INFO - [2024-12-25T15:18:31.143+0000] {dag.py:2742} INFO - Sync 1 DAGs
[2024-12-25T15:18:31.157+0000] {logging_mixin.py:150} INFO - [2024-12-25T15:18:31.157+0000] {dag.py:3504} INFO - Setting next_dagrun for example_task_group_decorator to 2024-12-24T15:18:31.157489+00:00, run_after=2024-12-25T15:18:31.157489+00:00
[2024-12-25T15:18:31.173+0000] {processor.py:179} INFO - Processing /home/vscode/.local/lib/python3.10/site-packages/airflow/example_dags/example_task_group_decorator.py took 0.058 seconds
[2024-12-25T15:19:14.743+0000] {processor.py:157} INFO - Started process (PID=11409) to work on /home/vscode/.local/lib/python3.10/site-packages/airflow/example_dags/example_task_group_decorator.py
[2024-12-25T15:19:14.744+0000] {processor.py:826} INFO - Processing file /home/vscode/.local/lib/python3.10/site-packages/airflow/example_dags/example_task_group_decorator.py for tasks to queue
[2024-12-25T15:19:14.744+0000] {logging_mixin.py:150} INFO - [2024-12-25T15:19:14.744+0000] {dagbag.py:541} INFO - Filling up the DagBag from /home/vscode/.local/lib/python3.10/site-packages/airflow/example_dags/example_task_group_decorator.py
[2024-12-25T15:19:14.762+0000] {processor.py:836} INFO - DAG(s) dict_keys(['example_task_group_decorator']) retrieved from /home/vscode/.local/lib/python3.10/site-packages/airflow/example_dags/example_task_group_decorator.py
[2024-12-25T15:19:14.783+0000] {logging_mixin.py:150} INFO - [2024-12-25T15:19:14.783+0000] {dag.py:2742} INFO - Sync 1 DAGs
[2024-12-25T15:19:14.804+0000] {logging_mixin.py:150} INFO - [2024-12-25T15:19:14.803+0000] {dag.py:3504} INFO - Setting next_dagrun for example_task_group_decorator to 2024-12-24T15:19:14.803698+00:00, run_after=2024-12-25T15:19:14.803698+00:00
[2024-12-25T15:19:14.827+0000] {processor.py:179} INFO - Processing /home/vscode/.local/lib/python3.10/site-packages/airflow/example_dags/example_task_group_decorator.py took 0.086 seconds
[2024-12-25T15:19:58.612+0000] {processor.py:157} INFO - Started process (PID=11859) to work on /home/vscode/.local/lib/python3.10/site-packages/airflow/example_dags/example_task_group_decorator.py
[2024-12-25T15:19:58.613+0000] {processor.py:826} INFO - Processing file /home/vscode/.local/lib/python3.10/site-packages/airflow/example_dags/example_task_group_decorator.py for tasks to queue
[2024-12-25T15:19:58.613+0000] {logging_mixin.py:150} INFO - [2024-12-25T15:19:58.613+0000] {dagbag.py:541} INFO - Filling up the DagBag from /home/vscode/.local/lib/python3.10/site-packages/airflow/example_dags/example_task_group_decorator.py
[2024-12-25T15:19:58.624+0000] {processor.py:836} INFO - DAG(s) dict_keys(['example_task_group_decorator']) retrieved from /home/vscode/.local/lib/python3.10/site-packages/airflow/example_dags/example_task_group_decorator.py
[2024-12-25T15:19:58.638+0000] {logging_mixin.py:150} INFO - [2024-12-25T15:19:58.637+0000] {dag.py:2742} INFO - Sync 1 DAGs
[2024-12-25T15:19:58.651+0000] {logging_mixin.py:150} INFO - [2024-12-25T15:19:58.651+0000] {dag.py:3504} INFO - Setting next_dagrun for example_task_group_decorator to 2024-12-24T15:19:58.651070+00:00, run_after=2024-12-25T15:19:58.651070+00:00
[2024-12-25T15:19:58.667+0000] {processor.py:179} INFO - Processing /home/vscode/.local/lib/python3.10/site-packages/airflow/example_dags/example_task_group_decorator.py took 0.057 seconds
[2024-12-25T15:20:46.110+0000] {processor.py:157} INFO - Started process (PID=12382) to work on /home/vscode/.local/lib/python3.10/site-packages/airflow/example_dags/example_task_group_decorator.py
[2024-12-25T15:20:46.110+0000] {processor.py:826} INFO - Processing file /home/vscode/.local/lib/python3.10/site-packages/airflow/example_dags/example_task_group_decorator.py for tasks to queue
[2024-12-25T15:20:46.111+0000] {logging_mixin.py:150} INFO - [2024-12-25T15:20:46.111+0000] {dagbag.py:541} INFO - Filling up the DagBag from /home/vscode/.local/lib/python3.10/site-packages/airflow/example_dags/example_task_group_decorator.py
[2024-12-25T15:20:46.122+0000] {processor.py:836} INFO - DAG(s) dict_keys(['example_task_group_decorator']) retrieved from /home/vscode/.local/lib/python3.10/site-packages/airflow/example_dags/example_task_group_decorator.py
[2024-12-25T15:20:46.136+0000] {logging_mixin.py:150} INFO - [2024-12-25T15:20:46.136+0000] {dag.py:2742} INFO - Sync 1 DAGs
[2024-12-25T15:20:46.150+0000] {logging_mixin.py:150} INFO - [2024-12-25T15:20:46.150+0000] {dag.py:3504} INFO - Setting next_dagrun for example_task_group_decorator to 2024-12-24T15:20:46.150354+00:00, run_after=2024-12-25T15:20:46.150354+00:00
[2024-12-25T15:20:46.167+0000] {processor.py:179} INFO - Processing /home/vscode/.local/lib/python3.10/site-packages/airflow/example_dags/example_task_group_decorator.py took 0.060 seconds
[2024-12-25T15:21:30.930+0000] {processor.py:157} INFO - Started process (PID=12889) to work on /home/vscode/.local/lib/python3.10/site-packages/airflow/example_dags/example_task_group_decorator.py
[2024-12-25T15:21:30.930+0000] {processor.py:826} INFO - Processing file /home/vscode/.local/lib/python3.10/site-packages/airflow/example_dags/example_task_group_decorator.py for tasks to queue
[2024-12-25T15:21:30.931+0000] {logging_mixin.py:150} INFO - [2024-12-25T15:21:30.931+0000] {dagbag.py:541} INFO - Filling up the DagBag from /home/vscode/.local/lib/python3.10/site-packages/airflow/example_dags/example_task_group_decorator.py
[2024-12-25T15:21:30.943+0000] {processor.py:836} INFO - DAG(s) dict_keys(['example_task_group_decorator']) retrieved from /home/vscode/.local/lib/python3.10/site-packages/airflow/example_dags/example_task_group_decorator.py
[2024-12-25T15:21:30.975+0000] {logging_mixin.py:150} INFO - [2024-12-25T15:21:30.975+0000] {dag.py:2742} INFO - Sync 1 DAGs
[2024-12-25T15:21:30.998+0000] {logging_mixin.py:150} INFO - [2024-12-25T15:21:30.998+0000] {dag.py:3504} INFO - Setting next_dagrun for example_task_group_decorator to 2024-12-24T15:21:30.998243+00:00, run_after=2024-12-25T15:21:30.998243+00:00
[2024-12-25T15:21:31.020+0000] {processor.py:179} INFO - Processing /home/vscode/.local/lib/python3.10/site-packages/airflow/example_dags/example_task_group_decorator.py took 0.092 seconds
[2024-12-25T15:22:04.494+0000] {processor.py:157} INFO - Started process (PID=13268) to work on /home/vscode/.local/lib/python3.10/site-packages/airflow/example_dags/example_task_group_decorator.py
[2024-12-25T15:22:04.495+0000] {processor.py:826} INFO - Processing file /home/vscode/.local/lib/python3.10/site-packages/airflow/example_dags/example_task_group_decorator.py for tasks to queue
[2024-12-25T15:22:04.495+0000] {logging_mixin.py:150} INFO - [2024-12-25T15:22:04.495+0000] {dagbag.py:541} INFO - Filling up the DagBag from /home/vscode/.local/lib/python3.10/site-packages/airflow/example_dags/example_task_group_decorator.py
[2024-12-25T15:22:04.506+0000] {processor.py:836} INFO - DAG(s) dict_keys(['example_task_group_decorator']) retrieved from /home/vscode/.local/lib/python3.10/site-packages/airflow/example_dags/example_task_group_decorator.py
[2024-12-25T15:22:04.520+0000] {logging_mixin.py:150} INFO - [2024-12-25T15:22:04.520+0000] {dag.py:2742} INFO - Sync 1 DAGs
[2024-12-25T15:22:04.533+0000] {logging_mixin.py:150} INFO - [2024-12-25T15:22:04.533+0000] {dag.py:3504} INFO - Setting next_dagrun for example_task_group_decorator to 2024-12-24T15:22:04.533363+00:00, run_after=2024-12-25T15:22:04.533363+00:00
[2024-12-25T15:22:04.550+0000] {processor.py:179} INFO - Processing /home/vscode/.local/lib/python3.10/site-packages/airflow/example_dags/example_task_group_decorator.py took 0.059 seconds
[2024-12-25T15:22:45.897+0000] {processor.py:157} INFO - Started process (PID=13702) to work on /home/vscode/.local/lib/python3.10/site-packages/airflow/example_dags/example_task_group_decorator.py
[2024-12-25T15:22:45.898+0000] {processor.py:826} INFO - Processing file /home/vscode/.local/lib/python3.10/site-packages/airflow/example_dags/example_task_group_decorator.py for tasks to queue
[2024-12-25T15:22:45.898+0000] {logging_mixin.py:150} INFO - [2024-12-25T15:22:45.898+0000] {dagbag.py:541} INFO - Filling up the DagBag from /home/vscode/.local/lib/python3.10/site-packages/airflow/example_dags/example_task_group_decorator.py
[2024-12-25T15:22:45.910+0000] {processor.py:836} INFO - DAG(s) dict_keys(['example_task_group_decorator']) retrieved from /home/vscode/.local/lib/python3.10/site-packages/airflow/example_dags/example_task_group_decorator.py
[2024-12-25T15:22:45.923+0000] {logging_mixin.py:150} INFO - [2024-12-25T15:22:45.923+0000] {dag.py:2742} INFO - Sync 1 DAGs
[2024-12-25T15:22:45.937+0000] {logging_mixin.py:150} INFO - [2024-12-25T15:22:45.937+0000] {dag.py:3504} INFO - Setting next_dagrun for example_task_group_decorator to 2024-12-24T15:22:45.937681+00:00, run_after=2024-12-25T15:22:45.937681+00:00
[2024-12-25T15:22:45.953+0000] {processor.py:179} INFO - Processing /home/vscode/.local/lib/python3.10/site-packages/airflow/example_dags/example_task_group_decorator.py took 0.058 seconds
[2024-12-25T15:23:30.457+0000] {processor.py:157} INFO - Started process (PID=14250) to work on /home/vscode/.local/lib/python3.10/site-packages/airflow/example_dags/example_task_group_decorator.py
[2024-12-25T15:23:30.457+0000] {processor.py:826} INFO - Processing file /home/vscode/.local/lib/python3.10/site-packages/airflow/example_dags/example_task_group_decorator.py for tasks to queue
[2024-12-25T15:23:30.458+0000] {logging_mixin.py:150} INFO - [2024-12-25T15:23:30.457+0000] {dagbag.py:541} INFO - Filling up the DagBag from /home/vscode/.local/lib/python3.10/site-packages/airflow/example_dags/example_task_group_decorator.py
[2024-12-25T15:23:30.469+0000] {processor.py:836} INFO - DAG(s) dict_keys(['example_task_group_decorator']) retrieved from /home/vscode/.local/lib/python3.10/site-packages/airflow/example_dags/example_task_group_decorator.py
[2024-12-25T15:23:30.482+0000] {logging_mixin.py:150} INFO - [2024-12-25T15:23:30.482+0000] {dag.py:2742} INFO - Sync 1 DAGs
[2024-12-25T15:23:30.496+0000] {logging_mixin.py:150} INFO - [2024-12-25T15:23:30.496+0000] {dag.py:3504} INFO - Setting next_dagrun for example_task_group_decorator to 2024-12-24T15:23:30.496313+00:00, run_after=2024-12-25T15:23:30.496313+00:00
[2024-12-25T15:23:30.516+0000] {processor.py:179} INFO - Processing /home/vscode/.local/lib/python3.10/site-packages/airflow/example_dags/example_task_group_decorator.py took 0.062 seconds
[2024-12-25T15:24:12.802+0000] {processor.py:157} INFO - Started process (PID=14672) to work on /home/vscode/.local/lib/python3.10/site-packages/airflow/example_dags/example_task_group_decorator.py
[2024-12-25T15:24:12.803+0000] {processor.py:826} INFO - Processing file /home/vscode/.local/lib/python3.10/site-packages/airflow/example_dags/example_task_group_decorator.py for tasks to queue
[2024-12-25T15:24:12.804+0000] {logging_mixin.py:150} INFO - [2024-12-25T15:24:12.803+0000] {dagbag.py:541} INFO - Filling up the DagBag from /home/vscode/.local/lib/python3.10/site-packages/airflow/example_dags/example_task_group_decorator.py
[2024-12-25T15:24:12.820+0000] {processor.py:836} INFO - DAG(s) dict_keys(['example_task_group_decorator']) retrieved from /home/vscode/.local/lib/python3.10/site-packages/airflow/example_dags/example_task_group_decorator.py
[2024-12-25T15:24:12.840+0000] {logging_mixin.py:150} INFO - [2024-12-25T15:24:12.840+0000] {dag.py:2742} INFO - Sync 1 DAGs
[2024-12-25T15:24:12.859+0000] {logging_mixin.py:150} INFO - [2024-12-25T15:24:12.858+0000] {dag.py:3504} INFO - Setting next_dagrun for example_task_group_decorator to 2024-12-24T15:24:12.858776+00:00, run_after=2024-12-25T15:24:12.858776+00:00
[2024-12-25T15:24:12.875+0000] {processor.py:179} INFO - Processing /home/vscode/.local/lib/python3.10/site-packages/airflow/example_dags/example_task_group_decorator.py took 0.076 seconds
[2024-12-25T15:24:55.688+0000] {processor.py:157} INFO - Started process (PID=15137) to work on /home/vscode/.local/lib/python3.10/site-packages/airflow/example_dags/example_task_group_decorator.py
[2024-12-25T15:24:55.689+0000] {processor.py:826} INFO - Processing file /home/vscode/.local/lib/python3.10/site-packages/airflow/example_dags/example_task_group_decorator.py for tasks to queue
[2024-12-25T15:24:55.690+0000] {logging_mixin.py:150} INFO - [2024-12-25T15:24:55.689+0000] {dagbag.py:541} INFO - Filling up the DagBag from /home/vscode/.local/lib/python3.10/site-packages/airflow/example_dags/example_task_group_decorator.py
[2024-12-25T15:24:55.701+0000] {processor.py:836} INFO - DAG(s) dict_keys(['example_task_group_decorator']) retrieved from /home/vscode/.local/lib/python3.10/site-packages/airflow/example_dags/example_task_group_decorator.py
[2024-12-25T15:24:55.715+0000] {logging_mixin.py:150} INFO - [2024-12-25T15:24:55.715+0000] {dag.py:2742} INFO - Sync 1 DAGs
[2024-12-25T15:24:55.730+0000] {logging_mixin.py:150} INFO - [2024-12-25T15:24:55.730+0000] {dag.py:3504} INFO - Setting next_dagrun for example_task_group_decorator to 2024-12-24T15:24:55.730433+00:00, run_after=2024-12-25T15:24:55.730433+00:00
[2024-12-25T15:24:55.751+0000] {processor.py:179} INFO - Processing /home/vscode/.local/lib/python3.10/site-packages/airflow/example_dags/example_task_group_decorator.py took 0.065 seconds
[2024-12-25T15:25:39.889+0000] {processor.py:157} INFO - Started process (PID=15571) to work on /home/vscode/.local/lib/python3.10/site-packages/airflow/example_dags/example_task_group_decorator.py
[2024-12-25T15:25:39.890+0000] {processor.py:826} INFO - Processing file /home/vscode/.local/lib/python3.10/site-packages/airflow/example_dags/example_task_group_decorator.py for tasks to queue
[2024-12-25T15:25:39.890+0000] {logging_mixin.py:150} INFO - [2024-12-25T15:25:39.890+0000] {dagbag.py:541} INFO - Filling up the DagBag from /home/vscode/.local/lib/python3.10/site-packages/airflow/example_dags/example_task_group_decorator.py
[2024-12-25T15:25:39.901+0000] {processor.py:836} INFO - DAG(s) dict_keys(['example_task_group_decorator']) retrieved from /home/vscode/.local/lib/python3.10/site-packages/airflow/example_dags/example_task_group_decorator.py
[2024-12-25T15:25:39.916+0000] {logging_mixin.py:150} INFO - [2024-12-25T15:25:39.916+0000] {dag.py:2742} INFO - Sync 1 DAGs
[2024-12-25T15:25:39.936+0000] {logging_mixin.py:150} INFO - [2024-12-25T15:25:39.936+0000] {dag.py:3504} INFO - Setting next_dagrun for example_task_group_decorator to 2024-12-24T15:25:39.936300+00:00, run_after=2024-12-25T15:25:39.936300+00:00
[2024-12-25T15:25:39.959+0000] {processor.py:179} INFO - Processing /home/vscode/.local/lib/python3.10/site-packages/airflow/example_dags/example_task_group_decorator.py took 0.072 seconds
[2024-12-25T15:26:24.805+0000] {processor.py:157} INFO - Started process (PID=16019) to work on /home/vscode/.local/lib/python3.10/site-packages/airflow/example_dags/example_task_group_decorator.py
[2024-12-25T15:26:24.806+0000] {processor.py:826} INFO - Processing file /home/vscode/.local/lib/python3.10/site-packages/airflow/example_dags/example_task_group_decorator.py for tasks to queue
[2024-12-25T15:26:24.806+0000] {logging_mixin.py:150} INFO - [2024-12-25T15:26:24.806+0000] {dagbag.py:541} INFO - Filling up the DagBag from /home/vscode/.local/lib/python3.10/site-packages/airflow/example_dags/example_task_group_decorator.py
[2024-12-25T15:26:24.817+0000] {processor.py:836} INFO - DAG(s) dict_keys(['example_task_group_decorator']) retrieved from /home/vscode/.local/lib/python3.10/site-packages/airflow/example_dags/example_task_group_decorator.py
[2024-12-25T15:26:24.831+0000] {logging_mixin.py:150} INFO - [2024-12-25T15:26:24.831+0000] {dag.py:2742} INFO - Sync 1 DAGs
[2024-12-25T15:26:24.845+0000] {logging_mixin.py:150} INFO - [2024-12-25T15:26:24.845+0000] {dag.py:3504} INFO - Setting next_dagrun for example_task_group_decorator to 2024-12-24T15:26:24.845674+00:00, run_after=2024-12-25T15:26:24.845674+00:00
[2024-12-25T15:26:24.862+0000] {processor.py:179} INFO - Processing /home/vscode/.local/lib/python3.10/site-packages/airflow/example_dags/example_task_group_decorator.py took 0.059 seconds
[2024-12-25T15:27:09.502+0000] {processor.py:157} INFO - Started process (PID=16769) to work on /home/vscode/.local/lib/python3.10/site-packages/airflow/example_dags/example_task_group_decorator.py
[2024-12-25T15:27:09.503+0000] {processor.py:826} INFO - Processing file /home/vscode/.local/lib/python3.10/site-packages/airflow/example_dags/example_task_group_decorator.py for tasks to queue
[2024-12-25T15:27:09.503+0000] {logging_mixin.py:150} INFO - [2024-12-25T15:27:09.503+0000] {dagbag.py:541} INFO - Filling up the DagBag from /home/vscode/.local/lib/python3.10/site-packages/airflow/example_dags/example_task_group_decorator.py
[2024-12-25T15:27:09.514+0000] {processor.py:836} INFO - DAG(s) dict_keys(['example_task_group_decorator']) retrieved from /home/vscode/.local/lib/python3.10/site-packages/airflow/example_dags/example_task_group_decorator.py
[2024-12-25T15:27:09.529+0000] {logging_mixin.py:150} INFO - [2024-12-25T15:27:09.529+0000] {dag.py:2742} INFO - Sync 1 DAGs
[2024-12-25T15:27:09.543+0000] {logging_mixin.py:150} INFO - [2024-12-25T15:27:09.543+0000] {dag.py:3504} INFO - Setting next_dagrun for example_task_group_decorator to 2024-12-24T15:27:09.542902+00:00, run_after=2024-12-25T15:27:09.542902+00:00
[2024-12-25T15:27:09.558+0000] {processor.py:179} INFO - Processing /home/vscode/.local/lib/python3.10/site-packages/airflow/example_dags/example_task_group_decorator.py took 0.058 seconds
