[2024-12-25T15:13:32.043+0000] {processor.py:157} INFO - Started process (PID=8197) to work on /home/vscode/.local/lib/python3.10/site-packages/airflow/example_dags/example_subdag_operator.py
[2024-12-25T15:13:32.044+0000] {processor.py:826} INFO - Processing file /home/vscode/.local/lib/python3.10/site-packages/airflow/example_dags/example_subdag_operator.py for tasks to queue
[2024-12-25T15:13:32.045+0000] {logging_mixin.py:150} INFO - [2024-12-25T15:13:32.044+0000] {dagbag.py:541} INFO - Filling up the DagBag from /home/vscode/.local/lib/python3.10/site-packages/airflow/example_dags/example_subdag_operator.py
[2024-12-25T15:13:32.099+0000] {processor.py:836} INFO - DAG(s) dict_keys(['example_subdag_operator.section-1', 'example_subdag_operator.section-2', 'example_subdag_operator']) retrieved from /home/vscode/.local/lib/python3.10/site-packages/airflow/example_dags/example_subdag_operator.py
[2024-12-25T15:13:32.340+0000] {logging_mixin.py:150} INFO - [2024-12-25T15:13:32.340+0000] {manager.py:504} INFO - Created Permission View: can edit on DAG:example_subdag_operator
[2024-12-25T15:13:32.348+0000] {logging_mixin.py:150} INFO - [2024-12-25T15:13:32.348+0000] {manager.py:504} INFO - Created Permission View: can read on DAG:example_subdag_operator
[2024-12-25T15:13:32.355+0000] {logging_mixin.py:150} INFO - [2024-12-25T15:13:32.355+0000] {manager.py:504} INFO - Created Permission View: can delete on DAG:example_subdag_operator
[2024-12-25T15:13:32.364+0000] {logging_mixin.py:150} INFO - [2024-12-25T15:13:32.364+0000] {dag.py:2742} INFO - Sync 3 DAGs
[2024-12-25T15:13:32.370+0000] {logging_mixin.py:150} INFO - [2024-12-25T15:13:32.370+0000] {dag.py:2763} INFO - Creating ORM DAG for example_subdag_operator.section-2
[2024-12-25T15:13:32.371+0000] {logging_mixin.py:150} INFO - [2024-12-25T15:13:32.370+0000] {dag.py:2763} INFO - Creating ORM DAG for example_subdag_operator.section-1
[2024-12-25T15:13:32.371+0000] {logging_mixin.py:150} INFO - [2024-12-25T15:13:32.371+0000] {dag.py:2763} INFO - Creating ORM DAG for example_subdag_operator
[2024-12-25T15:13:32.377+0000] {logging_mixin.py:150} INFO - [2024-12-25T15:13:32.376+0000] {dag.py:3504} INFO - Setting next_dagrun for example_subdag_operator to 2022-01-01T00:00:00+00:00, run_after=2022-01-01T00:00:00+00:00
[2024-12-25T15:13:32.377+0000] {logging_mixin.py:150} INFO - [2024-12-25T15:13:32.377+0000] {dag.py:3504} INFO - Setting next_dagrun for example_subdag_operator.section-1 to None, run_after=None
[2024-12-25T15:13:32.377+0000] {logging_mixin.py:150} INFO - [2024-12-25T15:13:32.377+0000] {dag.py:3504} INFO - Setting next_dagrun for example_subdag_operator.section-2 to None, run_after=None
[2024-12-25T15:13:32.384+0000] {logging_mixin.py:150} INFO - [2024-12-25T15:13:32.384+0000] {dag.py:2742} INFO - Sync 2 DAGs
[2024-12-25T15:13:32.387+0000] {logging_mixin.py:150} INFO - [2024-12-25T15:13:32.387+0000] {dag.py:3504} INFO - Setting next_dagrun for example_subdag_operator.section-1 to None, run_after=None
[2024-12-25T15:13:32.389+0000] {logging_mixin.py:150} INFO - [2024-12-25T15:13:32.388+0000] {dag.py:3504} INFO - Setting next_dagrun for example_subdag_operator.section-2 to None, run_after=None
[2024-12-25T15:13:32.400+0000] {processor.py:179} INFO - Processing /home/vscode/.local/lib/python3.10/site-packages/airflow/example_dags/example_subdag_operator.py took 0.360 seconds
[2024-12-25T15:14:21.517+0000] {processor.py:157} INFO - Started process (PID=8531) to work on /home/vscode/.local/lib/python3.10/site-packages/airflow/example_dags/example_subdag_operator.py
[2024-12-25T15:14:21.518+0000] {processor.py:826} INFO - Processing file /home/vscode/.local/lib/python3.10/site-packages/airflow/example_dags/example_subdag_operator.py for tasks to queue
[2024-12-25T15:14:21.518+0000] {logging_mixin.py:150} INFO - [2024-12-25T15:14:21.518+0000] {dagbag.py:541} INFO - Filling up the DagBag from /home/vscode/.local/lib/python3.10/site-packages/airflow/example_dags/example_subdag_operator.py
[2024-12-25T15:14:21.532+0000] {processor.py:836} INFO - DAG(s) dict_keys(['example_subdag_operator.section-1', 'example_subdag_operator.section-2', 'example_subdag_operator']) retrieved from /home/vscode/.local/lib/python3.10/site-packages/airflow/example_dags/example_subdag_operator.py
[2024-12-25T15:14:21.544+0000] {logging_mixin.py:150} INFO - [2024-12-25T15:14:21.544+0000] {dag.py:2742} INFO - Sync 3 DAGs
[2024-12-25T15:14:21.558+0000] {logging_mixin.py:150} INFO - [2024-12-25T15:14:21.558+0000] {dag.py:3504} INFO - Setting next_dagrun for example_subdag_operator to 2022-01-01T00:00:00+00:00, run_after=2022-01-01T00:00:00+00:00
[2024-12-25T15:14:21.560+0000] {logging_mixin.py:150} INFO - [2024-12-25T15:14:21.560+0000] {dag.py:3504} INFO - Setting next_dagrun for example_subdag_operator.section-1 to None, run_after=None
[2024-12-25T15:14:21.561+0000] {logging_mixin.py:150} INFO - [2024-12-25T15:14:21.560+0000] {dag.py:3504} INFO - Setting next_dagrun for example_subdag_operator.section-2 to None, run_after=None
[2024-12-25T15:14:21.566+0000] {logging_mixin.py:150} INFO - [2024-12-25T15:14:21.566+0000] {dag.py:2742} INFO - Sync 2 DAGs
[2024-12-25T15:14:21.570+0000] {logging_mixin.py:150} INFO - [2024-12-25T15:14:21.570+0000] {dag.py:3504} INFO - Setting next_dagrun for example_subdag_operator.section-1 to None, run_after=None
[2024-12-25T15:14:21.570+0000] {logging_mixin.py:150} INFO - [2024-12-25T15:14:21.570+0000] {dag.py:3504} INFO - Setting next_dagrun for example_subdag_operator.section-2 to None, run_after=None
[2024-12-25T15:14:21.580+0000] {processor.py:179} INFO - Processing /home/vscode/.local/lib/python3.10/site-packages/airflow/example_dags/example_subdag_operator.py took 0.065 seconds
[2024-12-25T15:15:07.075+0000] {processor.py:157} INFO - Started process (PID=8856) to work on /home/vscode/.local/lib/python3.10/site-packages/airflow/example_dags/example_subdag_operator.py
[2024-12-25T15:15:07.076+0000] {processor.py:826} INFO - Processing file /home/vscode/.local/lib/python3.10/site-packages/airflow/example_dags/example_subdag_operator.py for tasks to queue
[2024-12-25T15:15:07.076+0000] {logging_mixin.py:150} INFO - [2024-12-25T15:15:07.076+0000] {dagbag.py:541} INFO - Filling up the DagBag from /home/vscode/.local/lib/python3.10/site-packages/airflow/example_dags/example_subdag_operator.py
[2024-12-25T15:15:07.090+0000] {processor.py:836} INFO - DAG(s) dict_keys(['example_subdag_operator.section-1', 'example_subdag_operator.section-2', 'example_subdag_operator']) retrieved from /home/vscode/.local/lib/python3.10/site-packages/airflow/example_dags/example_subdag_operator.py
[2024-12-25T15:15:07.101+0000] {logging_mixin.py:150} INFO - [2024-12-25T15:15:07.101+0000] {dag.py:2742} INFO - Sync 3 DAGs
[2024-12-25T15:15:07.114+0000] {logging_mixin.py:150} INFO - [2024-12-25T15:15:07.114+0000] {dag.py:3504} INFO - Setting next_dagrun for example_subdag_operator to 2022-01-01T00:00:00+00:00, run_after=2022-01-01T00:00:00+00:00
[2024-12-25T15:15:07.116+0000] {logging_mixin.py:150} INFO - [2024-12-25T15:15:07.116+0000] {dag.py:3504} INFO - Setting next_dagrun for example_subdag_operator.section-1 to None, run_after=None
[2024-12-25T15:15:07.117+0000] {logging_mixin.py:150} INFO - [2024-12-25T15:15:07.116+0000] {dag.py:3504} INFO - Setting next_dagrun for example_subdag_operator.section-2 to None, run_after=None
[2024-12-25T15:15:07.121+0000] {logging_mixin.py:150} INFO - [2024-12-25T15:15:07.121+0000] {dag.py:2742} INFO - Sync 2 DAGs
[2024-12-25T15:15:07.124+0000] {logging_mixin.py:150} INFO - [2024-12-25T15:15:07.124+0000] {dag.py:3504} INFO - Setting next_dagrun for example_subdag_operator.section-1 to None, run_after=None
[2024-12-25T15:15:07.124+0000] {logging_mixin.py:150} INFO - [2024-12-25T15:15:07.124+0000] {dag.py:3504} INFO - Setting next_dagrun for example_subdag_operator.section-2 to None, run_after=None
[2024-12-25T15:15:07.134+0000] {processor.py:179} INFO - Processing /home/vscode/.local/lib/python3.10/site-packages/airflow/example_dags/example_subdag_operator.py took 0.061 seconds
[2024-12-25T15:15:48.761+0000] {processor.py:157} INFO - Started process (PID=9186) to work on /home/vscode/.local/lib/python3.10/site-packages/airflow/example_dags/example_subdag_operator.py
[2024-12-25T15:15:48.761+0000] {processor.py:826} INFO - Processing file /home/vscode/.local/lib/python3.10/site-packages/airflow/example_dags/example_subdag_operator.py for tasks to queue
[2024-12-25T15:15:48.762+0000] {logging_mixin.py:150} INFO - [2024-12-25T15:15:48.762+0000] {dagbag.py:541} INFO - Filling up the DagBag from /home/vscode/.local/lib/python3.10/site-packages/airflow/example_dags/example_subdag_operator.py
[2024-12-25T15:15:48.776+0000] {processor.py:836} INFO - DAG(s) dict_keys(['example_subdag_operator.section-1', 'example_subdag_operator.section-2', 'example_subdag_operator']) retrieved from /home/vscode/.local/lib/python3.10/site-packages/airflow/example_dags/example_subdag_operator.py
[2024-12-25T15:15:48.786+0000] {logging_mixin.py:150} INFO - [2024-12-25T15:15:48.786+0000] {dag.py:2742} INFO - Sync 3 DAGs
[2024-12-25T15:15:48.800+0000] {logging_mixin.py:150} INFO - [2024-12-25T15:15:48.800+0000] {dag.py:3504} INFO - Setting next_dagrun for example_subdag_operator to 2022-01-01T00:00:00+00:00, run_after=2022-01-01T00:00:00+00:00
[2024-12-25T15:15:48.802+0000] {logging_mixin.py:150} INFO - [2024-12-25T15:15:48.802+0000] {dag.py:3504} INFO - Setting next_dagrun for example_subdag_operator.section-1 to None, run_after=None
[2024-12-25T15:15:48.803+0000] {logging_mixin.py:150} INFO - [2024-12-25T15:15:48.803+0000] {dag.py:3504} INFO - Setting next_dagrun for example_subdag_operator.section-2 to None, run_after=None
[2024-12-25T15:15:48.807+0000] {logging_mixin.py:150} INFO - [2024-12-25T15:15:48.807+0000] {dag.py:2742} INFO - Sync 2 DAGs
[2024-12-25T15:15:48.811+0000] {logging_mixin.py:150} INFO - [2024-12-25T15:15:48.810+0000] {dag.py:3504} INFO - Setting next_dagrun for example_subdag_operator.section-1 to None, run_after=None
[2024-12-25T15:15:48.811+0000] {logging_mixin.py:150} INFO - [2024-12-25T15:15:48.811+0000] {dag.py:3504} INFO - Setting next_dagrun for example_subdag_operator.section-2 to None, run_after=None
[2024-12-25T15:15:48.822+0000] {processor.py:179} INFO - Processing /home/vscode/.local/lib/python3.10/site-packages/airflow/example_dags/example_subdag_operator.py took 0.063 seconds
[2024-12-25T15:16:36.841+0000] {processor.py:157} INFO - Started process (PID=9650) to work on /home/vscode/.local/lib/python3.10/site-packages/airflow/example_dags/example_subdag_operator.py
[2024-12-25T15:16:36.841+0000] {processor.py:826} INFO - Processing file /home/vscode/.local/lib/python3.10/site-packages/airflow/example_dags/example_subdag_operator.py for tasks to queue
[2024-12-25T15:16:36.842+0000] {logging_mixin.py:150} INFO - [2024-12-25T15:16:36.842+0000] {dagbag.py:541} INFO - Filling up the DagBag from /home/vscode/.local/lib/python3.10/site-packages/airflow/example_dags/example_subdag_operator.py
[2024-12-25T15:16:36.856+0000] {processor.py:836} INFO - DAG(s) dict_keys(['example_subdag_operator.section-1', 'example_subdag_operator.section-2', 'example_subdag_operator']) retrieved from /home/vscode/.local/lib/python3.10/site-packages/airflow/example_dags/example_subdag_operator.py
[2024-12-25T15:16:36.867+0000] {logging_mixin.py:150} INFO - [2024-12-25T15:16:36.867+0000] {dag.py:2742} INFO - Sync 3 DAGs
[2024-12-25T15:16:36.880+0000] {logging_mixin.py:150} INFO - [2024-12-25T15:16:36.880+0000] {dag.py:3504} INFO - Setting next_dagrun for example_subdag_operator to 2022-01-01T00:00:00+00:00, run_after=2022-01-01T00:00:00+00:00
[2024-12-25T15:16:36.882+0000] {logging_mixin.py:150} INFO - [2024-12-25T15:16:36.882+0000] {dag.py:3504} INFO - Setting next_dagrun for example_subdag_operator.section-1 to None, run_after=None
[2024-12-25T15:16:36.883+0000] {logging_mixin.py:150} INFO - [2024-12-25T15:16:36.883+0000] {dag.py:3504} INFO - Setting next_dagrun for example_subdag_operator.section-2 to None, run_after=None
[2024-12-25T15:16:36.888+0000] {logging_mixin.py:150} INFO - [2024-12-25T15:16:36.888+0000] {dag.py:2742} INFO - Sync 2 DAGs
[2024-12-25T15:16:36.891+0000] {logging_mixin.py:150} INFO - [2024-12-25T15:16:36.891+0000] {dag.py:3504} INFO - Setting next_dagrun for example_subdag_operator.section-1 to None, run_after=None
[2024-12-25T15:16:36.891+0000] {logging_mixin.py:150} INFO - [2024-12-25T15:16:36.891+0000] {dag.py:3504} INFO - Setting next_dagrun for example_subdag_operator.section-2 to None, run_after=None
[2024-12-25T15:16:36.901+0000] {processor.py:179} INFO - Processing /home/vscode/.local/lib/python3.10/site-packages/airflow/example_dags/example_subdag_operator.py took 0.062 seconds
[2024-12-25T15:17:21.114+0000] {processor.py:157} INFO - Started process (PID=10114) to work on /home/vscode/.local/lib/python3.10/site-packages/airflow/example_dags/example_subdag_operator.py
[2024-12-25T15:17:21.115+0000] {processor.py:826} INFO - Processing file /home/vscode/.local/lib/python3.10/site-packages/airflow/example_dags/example_subdag_operator.py for tasks to queue
[2024-12-25T15:17:21.115+0000] {logging_mixin.py:150} INFO - [2024-12-25T15:17:21.115+0000] {dagbag.py:541} INFO - Filling up the DagBag from /home/vscode/.local/lib/python3.10/site-packages/airflow/example_dags/example_subdag_operator.py
[2024-12-25T15:17:21.129+0000] {processor.py:836} INFO - DAG(s) dict_keys(['example_subdag_operator.section-1', 'example_subdag_operator.section-2', 'example_subdag_operator']) retrieved from /home/vscode/.local/lib/python3.10/site-packages/airflow/example_dags/example_subdag_operator.py
[2024-12-25T15:17:21.140+0000] {logging_mixin.py:150} INFO - [2024-12-25T15:17:21.140+0000] {dag.py:2742} INFO - Sync 3 DAGs
[2024-12-25T15:17:21.154+0000] {logging_mixin.py:150} INFO - [2024-12-25T15:17:21.153+0000] {dag.py:3504} INFO - Setting next_dagrun for example_subdag_operator to 2022-01-01T00:00:00+00:00, run_after=2022-01-01T00:00:00+00:00
[2024-12-25T15:17:21.156+0000] {logging_mixin.py:150} INFO - [2024-12-25T15:17:21.155+0000] {dag.py:3504} INFO - Setting next_dagrun for example_subdag_operator.section-1 to None, run_after=None
[2024-12-25T15:17:21.156+0000] {logging_mixin.py:150} INFO - [2024-12-25T15:17:21.156+0000] {dag.py:3504} INFO - Setting next_dagrun for example_subdag_operator.section-2 to None, run_after=None
[2024-12-25T15:17:21.161+0000] {logging_mixin.py:150} INFO - [2024-12-25T15:17:21.161+0000] {dag.py:2742} INFO - Sync 2 DAGs
[2024-12-25T15:17:21.164+0000] {logging_mixin.py:150} INFO - [2024-12-25T15:17:21.164+0000] {dag.py:3504} INFO - Setting next_dagrun for example_subdag_operator.section-1 to None, run_after=None
[2024-12-25T15:17:21.164+0000] {logging_mixin.py:150} INFO - [2024-12-25T15:17:21.164+0000] {dag.py:3504} INFO - Setting next_dagrun for example_subdag_operator.section-2 to None, run_after=None
[2024-12-25T15:17:21.175+0000] {processor.py:179} INFO - Processing /home/vscode/.local/lib/python3.10/site-packages/airflow/example_dags/example_subdag_operator.py took 0.063 seconds
[2024-12-25T15:18:08.220+0000] {processor.py:157} INFO - Started process (PID=10658) to work on /home/vscode/.local/lib/python3.10/site-packages/airflow/example_dags/example_subdag_operator.py
[2024-12-25T15:18:08.221+0000] {processor.py:826} INFO - Processing file /home/vscode/.local/lib/python3.10/site-packages/airflow/example_dags/example_subdag_operator.py for tasks to queue
[2024-12-25T15:18:08.222+0000] {logging_mixin.py:150} INFO - [2024-12-25T15:18:08.221+0000] {dagbag.py:541} INFO - Filling up the DagBag from /home/vscode/.local/lib/python3.10/site-packages/airflow/example_dags/example_subdag_operator.py
[2024-12-25T15:18:08.237+0000] {processor.py:836} INFO - DAG(s) dict_keys(['example_subdag_operator.section-1', 'example_subdag_operator.section-2', 'example_subdag_operator']) retrieved from /home/vscode/.local/lib/python3.10/site-packages/airflow/example_dags/example_subdag_operator.py
[2024-12-25T15:18:08.248+0000] {logging_mixin.py:150} INFO - [2024-12-25T15:18:08.248+0000] {dag.py:2742} INFO - Sync 3 DAGs
[2024-12-25T15:18:08.262+0000] {logging_mixin.py:150} INFO - [2024-12-25T15:18:08.261+0000] {dag.py:3504} INFO - Setting next_dagrun for example_subdag_operator to 2022-01-01T00:00:00+00:00, run_after=2022-01-01T00:00:00+00:00
[2024-12-25T15:18:08.264+0000] {logging_mixin.py:150} INFO - [2024-12-25T15:18:08.264+0000] {dag.py:3504} INFO - Setting next_dagrun for example_subdag_operator.section-1 to None, run_after=None
[2024-12-25T15:18:08.264+0000] {logging_mixin.py:150} INFO - [2024-12-25T15:18:08.264+0000] {dag.py:3504} INFO - Setting next_dagrun for example_subdag_operator.section-2 to None, run_after=None
[2024-12-25T15:18:08.269+0000] {logging_mixin.py:150} INFO - [2024-12-25T15:18:08.269+0000] {dag.py:2742} INFO - Sync 2 DAGs
[2024-12-25T15:18:08.271+0000] {logging_mixin.py:150} INFO - [2024-12-25T15:18:08.271+0000] {dag.py:3504} INFO - Setting next_dagrun for example_subdag_operator.section-1 to None, run_after=None
[2024-12-25T15:18:08.272+0000] {logging_mixin.py:150} INFO - [2024-12-25T15:18:08.272+0000] {dag.py:3504} INFO - Setting next_dagrun for example_subdag_operator.section-2 to None, run_after=None
[2024-12-25T15:18:08.282+0000] {processor.py:179} INFO - Processing /home/vscode/.local/lib/python3.10/site-packages/airflow/example_dags/example_subdag_operator.py took 0.064 seconds
[2024-12-25T15:18:49.518+0000] {processor.py:157} INFO - Started process (PID=11122) to work on /home/vscode/.local/lib/python3.10/site-packages/airflow/example_dags/example_subdag_operator.py
[2024-12-25T15:18:49.519+0000] {processor.py:826} INFO - Processing file /home/vscode/.local/lib/python3.10/site-packages/airflow/example_dags/example_subdag_operator.py for tasks to queue
[2024-12-25T15:18:49.519+0000] {logging_mixin.py:150} INFO - [2024-12-25T15:18:49.519+0000] {dagbag.py:541} INFO - Filling up the DagBag from /home/vscode/.local/lib/python3.10/site-packages/airflow/example_dags/example_subdag_operator.py
[2024-12-25T15:18:49.536+0000] {processor.py:836} INFO - DAG(s) dict_keys(['example_subdag_operator.section-1', 'example_subdag_operator.section-2', 'example_subdag_operator']) retrieved from /home/vscode/.local/lib/python3.10/site-packages/airflow/example_dags/example_subdag_operator.py
[2024-12-25T15:18:49.548+0000] {logging_mixin.py:150} INFO - [2024-12-25T15:18:49.548+0000] {dag.py:2742} INFO - Sync 3 DAGs
[2024-12-25T15:18:49.561+0000] {logging_mixin.py:150} INFO - [2024-12-25T15:18:49.561+0000] {dag.py:3504} INFO - Setting next_dagrun for example_subdag_operator to 2022-01-01T00:00:00+00:00, run_after=2022-01-01T00:00:00+00:00
[2024-12-25T15:18:49.563+0000] {logging_mixin.py:150} INFO - [2024-12-25T15:18:49.563+0000] {dag.py:3504} INFO - Setting next_dagrun for example_subdag_operator.section-1 to None, run_after=None
[2024-12-25T15:18:49.564+0000] {logging_mixin.py:150} INFO - [2024-12-25T15:18:49.564+0000] {dag.py:3504} INFO - Setting next_dagrun for example_subdag_operator.section-2 to None, run_after=None
[2024-12-25T15:18:49.568+0000] {logging_mixin.py:150} INFO - [2024-12-25T15:18:49.568+0000] {dag.py:2742} INFO - Sync 2 DAGs
[2024-12-25T15:18:49.572+0000] {logging_mixin.py:150} INFO - [2024-12-25T15:18:49.572+0000] {dag.py:3504} INFO - Setting next_dagrun for example_subdag_operator.section-1 to None, run_after=None
[2024-12-25T15:18:49.572+0000] {logging_mixin.py:150} INFO - [2024-12-25T15:18:49.572+0000] {dag.py:3504} INFO - Setting next_dagrun for example_subdag_operator.section-2 to None, run_after=None
[2024-12-25T15:18:49.586+0000] {processor.py:179} INFO - Processing /home/vscode/.local/lib/python3.10/site-packages/airflow/example_dags/example_subdag_operator.py took 0.070 seconds
[2024-12-25T15:19:35.502+0000] {processor.py:157} INFO - Started process (PID=11636) to work on /home/vscode/.local/lib/python3.10/site-packages/airflow/example_dags/example_subdag_operator.py
[2024-12-25T15:19:35.503+0000] {processor.py:826} INFO - Processing file /home/vscode/.local/lib/python3.10/site-packages/airflow/example_dags/example_subdag_operator.py for tasks to queue
[2024-12-25T15:19:35.504+0000] {logging_mixin.py:150} INFO - [2024-12-25T15:19:35.503+0000] {dagbag.py:541} INFO - Filling up the DagBag from /home/vscode/.local/lib/python3.10/site-packages/airflow/example_dags/example_subdag_operator.py
[2024-12-25T15:19:35.518+0000] {processor.py:836} INFO - DAG(s) dict_keys(['example_subdag_operator.section-1', 'example_subdag_operator.section-2', 'example_subdag_operator']) retrieved from /home/vscode/.local/lib/python3.10/site-packages/airflow/example_dags/example_subdag_operator.py
[2024-12-25T15:19:35.528+0000] {logging_mixin.py:150} INFO - [2024-12-25T15:19:35.528+0000] {dag.py:2742} INFO - Sync 3 DAGs
[2024-12-25T15:19:35.543+0000] {logging_mixin.py:150} INFO - [2024-12-25T15:19:35.543+0000] {dag.py:3504} INFO - Setting next_dagrun for example_subdag_operator to 2022-01-01T00:00:00+00:00, run_after=2022-01-01T00:00:00+00:00
[2024-12-25T15:19:35.545+0000] {logging_mixin.py:150} INFO - [2024-12-25T15:19:35.545+0000] {dag.py:3504} INFO - Setting next_dagrun for example_subdag_operator.section-1 to None, run_after=None
[2024-12-25T15:19:35.545+0000] {logging_mixin.py:150} INFO - [2024-12-25T15:19:35.545+0000] {dag.py:3504} INFO - Setting next_dagrun for example_subdag_operator.section-2 to None, run_after=None
[2024-12-25T15:19:35.550+0000] {logging_mixin.py:150} INFO - [2024-12-25T15:19:35.550+0000] {dag.py:2742} INFO - Sync 2 DAGs
[2024-12-25T15:19:35.553+0000] {logging_mixin.py:150} INFO - [2024-12-25T15:19:35.552+0000] {dag.py:3504} INFO - Setting next_dagrun for example_subdag_operator.section-1 to None, run_after=None
[2024-12-25T15:19:35.553+0000] {logging_mixin.py:150} INFO - [2024-12-25T15:19:35.553+0000] {dag.py:3504} INFO - Setting next_dagrun for example_subdag_operator.section-2 to None, run_after=None
[2024-12-25T15:19:35.563+0000] {processor.py:179} INFO - Processing /home/vscode/.local/lib/python3.10/site-packages/airflow/example_dags/example_subdag_operator.py took 0.063 seconds
[2024-12-25T15:20:18.707+0000] {processor.py:157} INFO - Started process (PID=12086) to work on /home/vscode/.local/lib/python3.10/site-packages/airflow/example_dags/example_subdag_operator.py
[2024-12-25T15:20:18.708+0000] {processor.py:826} INFO - Processing file /home/vscode/.local/lib/python3.10/site-packages/airflow/example_dags/example_subdag_operator.py for tasks to queue
[2024-12-25T15:20:18.708+0000] {logging_mixin.py:150} INFO - [2024-12-25T15:20:18.708+0000] {dagbag.py:541} INFO - Filling up the DagBag from /home/vscode/.local/lib/python3.10/site-packages/airflow/example_dags/example_subdag_operator.py
[2024-12-25T15:20:18.723+0000] {processor.py:836} INFO - DAG(s) dict_keys(['example_subdag_operator.section-1', 'example_subdag_operator.section-2', 'example_subdag_operator']) retrieved from /home/vscode/.local/lib/python3.10/site-packages/airflow/example_dags/example_subdag_operator.py
[2024-12-25T15:20:18.734+0000] {logging_mixin.py:150} INFO - [2024-12-25T15:20:18.734+0000] {dag.py:2742} INFO - Sync 3 DAGs
[2024-12-25T15:20:18.747+0000] {logging_mixin.py:150} INFO - [2024-12-25T15:20:18.747+0000] {dag.py:3504} INFO - Setting next_dagrun for example_subdag_operator to 2022-01-01T00:00:00+00:00, run_after=2022-01-01T00:00:00+00:00
[2024-12-25T15:20:18.749+0000] {logging_mixin.py:150} INFO - [2024-12-25T15:20:18.749+0000] {dag.py:3504} INFO - Setting next_dagrun for example_subdag_operator.section-1 to None, run_after=None
[2024-12-25T15:20:18.750+0000] {logging_mixin.py:150} INFO - [2024-12-25T15:20:18.750+0000] {dag.py:3504} INFO - Setting next_dagrun for example_subdag_operator.section-2 to None, run_after=None
[2024-12-25T15:20:18.755+0000] {logging_mixin.py:150} INFO - [2024-12-25T15:20:18.754+0000] {dag.py:2742} INFO - Sync 2 DAGs
[2024-12-25T15:20:18.757+0000] {logging_mixin.py:150} INFO - [2024-12-25T15:20:18.757+0000] {dag.py:3504} INFO - Setting next_dagrun for example_subdag_operator.section-1 to None, run_after=None
[2024-12-25T15:20:18.758+0000] {logging_mixin.py:150} INFO - [2024-12-25T15:20:18.757+0000] {dag.py:3504} INFO - Setting next_dagrun for example_subdag_operator.section-2 to None, run_after=None
[2024-12-25T15:20:18.769+0000] {processor.py:179} INFO - Processing /home/vscode/.local/lib/python3.10/site-packages/airflow/example_dags/example_subdag_operator.py took 0.064 seconds
[2024-12-25T15:21:03.224+0000] {processor.py:157} INFO - Started process (PID=12553) to work on /home/vscode/.local/lib/python3.10/site-packages/airflow/example_dags/example_subdag_operator.py
[2024-12-25T15:21:03.225+0000] {processor.py:826} INFO - Processing file /home/vscode/.local/lib/python3.10/site-packages/airflow/example_dags/example_subdag_operator.py for tasks to queue
[2024-12-25T15:21:03.225+0000] {logging_mixin.py:150} INFO - [2024-12-25T15:21:03.225+0000] {dagbag.py:541} INFO - Filling up the DagBag from /home/vscode/.local/lib/python3.10/site-packages/airflow/example_dags/example_subdag_operator.py
[2024-12-25T15:21:03.239+0000] {processor.py:836} INFO - DAG(s) dict_keys(['example_subdag_operator.section-1', 'example_subdag_operator.section-2', 'example_subdag_operator']) retrieved from /home/vscode/.local/lib/python3.10/site-packages/airflow/example_dags/example_subdag_operator.py
[2024-12-25T15:21:03.250+0000] {logging_mixin.py:150} INFO - [2024-12-25T15:21:03.250+0000] {dag.py:2742} INFO - Sync 3 DAGs
[2024-12-25T15:21:03.263+0000] {logging_mixin.py:150} INFO - [2024-12-25T15:21:03.263+0000] {dag.py:3504} INFO - Setting next_dagrun for example_subdag_operator to 2022-01-01T00:00:00+00:00, run_after=2022-01-01T00:00:00+00:00
[2024-12-25T15:21:03.265+0000] {logging_mixin.py:150} INFO - [2024-12-25T15:21:03.265+0000] {dag.py:3504} INFO - Setting next_dagrun for example_subdag_operator.section-1 to None, run_after=None
[2024-12-25T15:21:03.266+0000] {logging_mixin.py:150} INFO - [2024-12-25T15:21:03.266+0000] {dag.py:3504} INFO - Setting next_dagrun for example_subdag_operator.section-2 to None, run_after=None
[2024-12-25T15:21:03.270+0000] {logging_mixin.py:150} INFO - [2024-12-25T15:21:03.270+0000] {dag.py:2742} INFO - Sync 2 DAGs
[2024-12-25T15:21:03.273+0000] {logging_mixin.py:150} INFO - [2024-12-25T15:21:03.273+0000] {dag.py:3504} INFO - Setting next_dagrun for example_subdag_operator.section-1 to None, run_after=None
[2024-12-25T15:21:03.273+0000] {logging_mixin.py:150} INFO - [2024-12-25T15:21:03.273+0000] {dag.py:3504} INFO - Setting next_dagrun for example_subdag_operator.section-2 to None, run_after=None
[2024-12-25T15:21:03.283+0000] {processor.py:179} INFO - Processing /home/vscode/.local/lib/python3.10/site-packages/airflow/example_dags/example_subdag_operator.py took 0.061 seconds
[2024-12-25T15:21:53.518+0000] {processor.py:157} INFO - Started process (PID=13140) to work on /home/vscode/.local/lib/python3.10/site-packages/airflow/example_dags/example_subdag_operator.py
[2024-12-25T15:21:53.519+0000] {processor.py:826} INFO - Processing file /home/vscode/.local/lib/python3.10/site-packages/airflow/example_dags/example_subdag_operator.py for tasks to queue
[2024-12-25T15:21:53.520+0000] {logging_mixin.py:150} INFO - [2024-12-25T15:21:53.519+0000] {dagbag.py:541} INFO - Filling up the DagBag from /home/vscode/.local/lib/python3.10/site-packages/airflow/example_dags/example_subdag_operator.py
[2024-12-25T15:21:53.541+0000] {processor.py:836} INFO - DAG(s) dict_keys(['example_subdag_operator.section-1', 'example_subdag_operator.section-2', 'example_subdag_operator']) retrieved from /home/vscode/.local/lib/python3.10/site-packages/airflow/example_dags/example_subdag_operator.py
[2024-12-25T15:21:53.553+0000] {logging_mixin.py:150} INFO - [2024-12-25T15:21:53.553+0000] {dag.py:2742} INFO - Sync 3 DAGs
[2024-12-25T15:21:53.567+0000] {logging_mixin.py:150} INFO - [2024-12-25T15:21:53.567+0000] {dag.py:3504} INFO - Setting next_dagrun for example_subdag_operator to 2022-01-01T00:00:00+00:00, run_after=2022-01-01T00:00:00+00:00
[2024-12-25T15:21:53.569+0000] {logging_mixin.py:150} INFO - [2024-12-25T15:21:53.569+0000] {dag.py:3504} INFO - Setting next_dagrun for example_subdag_operator.section-1 to None, run_after=None
[2024-12-25T15:21:53.570+0000] {logging_mixin.py:150} INFO - [2024-12-25T15:21:53.570+0000] {dag.py:3504} INFO - Setting next_dagrun for example_subdag_operator.section-2 to None, run_after=None
[2024-12-25T15:21:53.574+0000] {logging_mixin.py:150} INFO - [2024-12-25T15:21:53.574+0000] {dag.py:2742} INFO - Sync 2 DAGs
[2024-12-25T15:21:53.578+0000] {logging_mixin.py:150} INFO - [2024-12-25T15:21:53.578+0000] {dag.py:3504} INFO - Setting next_dagrun for example_subdag_operator.section-1 to None, run_after=None
[2024-12-25T15:21:53.578+0000] {logging_mixin.py:150} INFO - [2024-12-25T15:21:53.578+0000] {dag.py:3504} INFO - Setting next_dagrun for example_subdag_operator.section-2 to None, run_after=None
[2024-12-25T15:21:53.590+0000] {processor.py:179} INFO - Processing /home/vscode/.local/lib/python3.10/site-packages/airflow/example_dags/example_subdag_operator.py took 0.076 seconds
