[2024-12-25T15:13:54.856+0000] {processor.py:157} INFO - Started process (PID=8357) to work on /home/vscode/.local/lib/python3.10/site-packages/airflow/example_dags/example_dynamic_task_mapping_with_no_taskflow_operators.py
[2024-12-25T15:13:54.856+0000] {processor.py:826} INFO - Processing file /home/vscode/.local/lib/python3.10/site-packages/airflow/example_dags/example_dynamic_task_mapping_with_no_taskflow_operators.py for tasks to queue
[2024-12-25T15:13:54.857+0000] {logging_mixin.py:150} INFO - [2024-12-25T15:13:54.856+0000] {dagbag.py:541} INFO - Filling up the DagBag from /home/vscode/.local/lib/python3.10/site-packages/airflow/example_dags/example_dynamic_task_mapping_with_no_taskflow_operators.py
[2024-12-25T15:13:54.862+0000] {processor.py:836} INFO - DAG(s) dict_keys(['example_dynamic_task_mapping_with_no_taskflow_operators']) retrieved from /home/vscode/.local/lib/python3.10/site-packages/airflow/example_dags/example_dynamic_task_mapping_with_no_taskflow_operators.py
[2024-12-25T15:13:54.937+0000] {logging_mixin.py:150} INFO - [2024-12-25T15:13:54.936+0000] {manager.py:504} INFO - Created Permission View: can edit on DAG:example_dynamic_task_mapping_with_no_taskflow_operators
[2024-12-25T15:13:54.946+0000] {logging_mixin.py:150} INFO - [2024-12-25T15:13:54.946+0000] {manager.py:504} INFO - Created Permission View: can read on DAG:example_dynamic_task_mapping_with_no_taskflow_operators
[2024-12-25T15:13:54.952+0000] {logging_mixin.py:150} INFO - [2024-12-25T15:13:54.952+0000] {manager.py:504} INFO - Created Permission View: can delete on DAG:example_dynamic_task_mapping_with_no_taskflow_operators
[2024-12-25T15:13:54.960+0000] {logging_mixin.py:150} INFO - [2024-12-25T15:13:54.960+0000] {dag.py:2742} INFO - Sync 1 DAGs
[2024-12-25T15:13:54.968+0000] {logging_mixin.py:150} INFO - [2024-12-25T15:13:54.968+0000] {dag.py:2763} INFO - Creating ORM DAG for example_dynamic_task_mapping_with_no_taskflow_operators
[2024-12-25T15:13:54.974+0000] {logging_mixin.py:150} INFO - [2024-12-25T15:13:54.974+0000] {dag.py:3504} INFO - Setting next_dagrun for example_dynamic_task_mapping_with_no_taskflow_operators to 2024-12-24T15:13:54.974608+00:00, run_after=2024-12-25T15:13:54.974608+00:00
[2024-12-25T15:13:54.989+0000] {processor.py:179} INFO - Processing /home/vscode/.local/lib/python3.10/site-packages/airflow/example_dags/example_dynamic_task_mapping_with_no_taskflow_operators.py took 0.135 seconds
[2024-12-25T15:14:42.096+0000] {processor.py:157} INFO - Started process (PID=8677) to work on /home/vscode/.local/lib/python3.10/site-packages/airflow/example_dags/example_dynamic_task_mapping_with_no_taskflow_operators.py
[2024-12-25T15:14:42.097+0000] {processor.py:826} INFO - Processing file /home/vscode/.local/lib/python3.10/site-packages/airflow/example_dags/example_dynamic_task_mapping_with_no_taskflow_operators.py for tasks to queue
[2024-12-25T15:14:42.098+0000] {logging_mixin.py:150} INFO - [2024-12-25T15:14:42.097+0000] {dagbag.py:541} INFO - Filling up the DagBag from /home/vscode/.local/lib/python3.10/site-packages/airflow/example_dags/example_dynamic_task_mapping_with_no_taskflow_operators.py
[2024-12-25T15:14:42.103+0000] {processor.py:836} INFO - DAG(s) dict_keys(['example_dynamic_task_mapping_with_no_taskflow_operators']) retrieved from /home/vscode/.local/lib/python3.10/site-packages/airflow/example_dags/example_dynamic_task_mapping_with_no_taskflow_operators.py
[2024-12-25T15:14:42.114+0000] {logging_mixin.py:150} INFO - [2024-12-25T15:14:42.114+0000] {dag.py:2742} INFO - Sync 1 DAGs
[2024-12-25T15:14:42.128+0000] {logging_mixin.py:150} INFO - [2024-12-25T15:14:42.128+0000] {dag.py:3504} INFO - Setting next_dagrun for example_dynamic_task_mapping_with_no_taskflow_operators to 2024-12-24T15:14:42.128137+00:00, run_after=2024-12-25T15:14:42.128137+00:00
[2024-12-25T15:14:42.144+0000] {processor.py:179} INFO - Processing /home/vscode/.local/lib/python3.10/site-packages/airflow/example_dags/example_dynamic_task_mapping_with_no_taskflow_operators.py took 0.050 seconds
[2024-12-25T15:15:24.948+0000] {processor.py:157} INFO - Started process (PID=8980) to work on /home/vscode/.local/lib/python3.10/site-packages/airflow/example_dags/example_dynamic_task_mapping_with_no_taskflow_operators.py
[2024-12-25T15:15:24.949+0000] {processor.py:826} INFO - Processing file /home/vscode/.local/lib/python3.10/site-packages/airflow/example_dags/example_dynamic_task_mapping_with_no_taskflow_operators.py for tasks to queue
[2024-12-25T15:15:24.949+0000] {logging_mixin.py:150} INFO - [2024-12-25T15:15:24.949+0000] {dagbag.py:541} INFO - Filling up the DagBag from /home/vscode/.local/lib/python3.10/site-packages/airflow/example_dags/example_dynamic_task_mapping_with_no_taskflow_operators.py
[2024-12-25T15:15:24.955+0000] {processor.py:836} INFO - DAG(s) dict_keys(['example_dynamic_task_mapping_with_no_taskflow_operators']) retrieved from /home/vscode/.local/lib/python3.10/site-packages/airflow/example_dags/example_dynamic_task_mapping_with_no_taskflow_operators.py
[2024-12-25T15:15:24.965+0000] {logging_mixin.py:150} INFO - [2024-12-25T15:15:24.965+0000] {dag.py:2742} INFO - Sync 1 DAGs
[2024-12-25T15:15:24.979+0000] {logging_mixin.py:150} INFO - [2024-12-25T15:15:24.979+0000] {dag.py:3504} INFO - Setting next_dagrun for example_dynamic_task_mapping_with_no_taskflow_operators to 2024-12-24T15:15:24.979323+00:00, run_after=2024-12-25T15:15:24.979323+00:00
[2024-12-25T15:15:24.996+0000] {processor.py:179} INFO - Processing /home/vscode/.local/lib/python3.10/site-packages/airflow/example_dags/example_dynamic_task_mapping_with_no_taskflow_operators.py took 0.050 seconds
[2024-12-25T15:16:16.427+0000] {processor.py:157} INFO - Started process (PID=9453) to work on /home/vscode/.local/lib/python3.10/site-packages/airflow/example_dags/example_dynamic_task_mapping_with_no_taskflow_operators.py
[2024-12-25T15:16:16.427+0000] {processor.py:826} INFO - Processing file /home/vscode/.local/lib/python3.10/site-packages/airflow/example_dags/example_dynamic_task_mapping_with_no_taskflow_operators.py for tasks to queue
[2024-12-25T15:16:16.428+0000] {logging_mixin.py:150} INFO - [2024-12-25T15:16:16.428+0000] {dagbag.py:541} INFO - Filling up the DagBag from /home/vscode/.local/lib/python3.10/site-packages/airflow/example_dags/example_dynamic_task_mapping_with_no_taskflow_operators.py
[2024-12-25T15:16:16.433+0000] {processor.py:836} INFO - DAG(s) dict_keys(['example_dynamic_task_mapping_with_no_taskflow_operators']) retrieved from /home/vscode/.local/lib/python3.10/site-packages/airflow/example_dags/example_dynamic_task_mapping_with_no_taskflow_operators.py
[2024-12-25T15:16:16.444+0000] {logging_mixin.py:150} INFO - [2024-12-25T15:16:16.444+0000] {dag.py:2742} INFO - Sync 1 DAGs
[2024-12-25T15:16:16.468+0000] {logging_mixin.py:150} INFO - [2024-12-25T15:16:16.468+0000] {dag.py:3504} INFO - Setting next_dagrun for example_dynamic_task_mapping_with_no_taskflow_operators to 2024-12-24T15:16:16.468289+00:00, run_after=2024-12-25T15:16:16.468289+00:00
[2024-12-25T15:16:16.486+0000] {processor.py:179} INFO - Processing /home/vscode/.local/lib/python3.10/site-packages/airflow/example_dags/example_dynamic_task_mapping_with_no_taskflow_operators.py took 0.062 seconds
[2024-12-25T15:17:04.241+0000] {processor.py:157} INFO - Started process (PID=9931) to work on /home/vscode/.local/lib/python3.10/site-packages/airflow/example_dags/example_dynamic_task_mapping_with_no_taskflow_operators.py
[2024-12-25T15:17:04.242+0000] {processor.py:826} INFO - Processing file /home/vscode/.local/lib/python3.10/site-packages/airflow/example_dags/example_dynamic_task_mapping_with_no_taskflow_operators.py for tasks to queue
[2024-12-25T15:17:04.242+0000] {logging_mixin.py:150} INFO - [2024-12-25T15:17:04.242+0000] {dagbag.py:541} INFO - Filling up the DagBag from /home/vscode/.local/lib/python3.10/site-packages/airflow/example_dags/example_dynamic_task_mapping_with_no_taskflow_operators.py
[2024-12-25T15:17:04.247+0000] {processor.py:836} INFO - DAG(s) dict_keys(['example_dynamic_task_mapping_with_no_taskflow_operators']) retrieved from /home/vscode/.local/lib/python3.10/site-packages/airflow/example_dags/example_dynamic_task_mapping_with_no_taskflow_operators.py
[2024-12-25T15:17:04.259+0000] {logging_mixin.py:150} INFO - [2024-12-25T15:17:04.259+0000] {dag.py:2742} INFO - Sync 1 DAGs
[2024-12-25T15:17:04.296+0000] {logging_mixin.py:150} INFO - [2024-12-25T15:17:04.296+0000] {dag.py:3504} INFO - Setting next_dagrun for example_dynamic_task_mapping_with_no_taskflow_operators to 2024-12-24T15:17:04.296529+00:00, run_after=2024-12-25T15:17:04.296529+00:00
[2024-12-25T15:17:04.317+0000] {processor.py:179} INFO - Processing /home/vscode/.local/lib/python3.10/site-packages/airflow/example_dags/example_dynamic_task_mapping_with_no_taskflow_operators.py took 0.078 seconds
[2024-12-25T15:17:49.254+0000] {processor.py:157} INFO - Started process (PID=10468) to work on /home/vscode/.local/lib/python3.10/site-packages/airflow/example_dags/example_dynamic_task_mapping_with_no_taskflow_operators.py
[2024-12-25T15:17:49.255+0000] {processor.py:826} INFO - Processing file /home/vscode/.local/lib/python3.10/site-packages/airflow/example_dags/example_dynamic_task_mapping_with_no_taskflow_operators.py for tasks to queue
[2024-12-25T15:17:49.255+0000] {logging_mixin.py:150} INFO - [2024-12-25T15:17:49.255+0000] {dagbag.py:541} INFO - Filling up the DagBag from /home/vscode/.local/lib/python3.10/site-packages/airflow/example_dags/example_dynamic_task_mapping_with_no_taskflow_operators.py
[2024-12-25T15:17:49.260+0000] {processor.py:836} INFO - DAG(s) dict_keys(['example_dynamic_task_mapping_with_no_taskflow_operators']) retrieved from /home/vscode/.local/lib/python3.10/site-packages/airflow/example_dags/example_dynamic_task_mapping_with_no_taskflow_operators.py
[2024-12-25T15:17:49.270+0000] {logging_mixin.py:150} INFO - [2024-12-25T15:17:49.270+0000] {dag.py:2742} INFO - Sync 1 DAGs
[2024-12-25T15:17:49.285+0000] {logging_mixin.py:150} INFO - [2024-12-25T15:17:49.284+0000] {dag.py:3504} INFO - Setting next_dagrun for example_dynamic_task_mapping_with_no_taskflow_operators to 2024-12-24T15:17:49.284740+00:00, run_after=2024-12-25T15:17:49.284740+00:00
[2024-12-25T15:17:49.299+0000] {processor.py:179} INFO - Processing /home/vscode/.local/lib/python3.10/site-packages/airflow/example_dags/example_dynamic_task_mapping_with_no_taskflow_operators.py took 0.047 seconds
[2024-12-25T15:18:32.741+0000] {processor.py:157} INFO - Started process (PID=10952) to work on /home/vscode/.local/lib/python3.10/site-packages/airflow/example_dags/example_dynamic_task_mapping_with_no_taskflow_operators.py
[2024-12-25T15:18:32.742+0000] {processor.py:826} INFO - Processing file /home/vscode/.local/lib/python3.10/site-packages/airflow/example_dags/example_dynamic_task_mapping_with_no_taskflow_operators.py for tasks to queue
[2024-12-25T15:18:32.742+0000] {logging_mixin.py:150} INFO - [2024-12-25T15:18:32.742+0000] {dagbag.py:541} INFO - Filling up the DagBag from /home/vscode/.local/lib/python3.10/site-packages/airflow/example_dags/example_dynamic_task_mapping_with_no_taskflow_operators.py
[2024-12-25T15:18:32.749+0000] {processor.py:836} INFO - DAG(s) dict_keys(['example_dynamic_task_mapping_with_no_taskflow_operators']) retrieved from /home/vscode/.local/lib/python3.10/site-packages/airflow/example_dags/example_dynamic_task_mapping_with_no_taskflow_operators.py
[2024-12-25T15:18:32.766+0000] {logging_mixin.py:150} INFO - [2024-12-25T15:18:32.765+0000] {dag.py:2742} INFO - Sync 1 DAGs
[2024-12-25T15:18:32.780+0000] {logging_mixin.py:150} INFO - [2024-12-25T15:18:32.779+0000] {dag.py:3504} INFO - Setting next_dagrun for example_dynamic_task_mapping_with_no_taskflow_operators to 2024-12-24T15:18:32.779784+00:00, run_after=2024-12-25T15:18:32.779784+00:00
[2024-12-25T15:18:32.794+0000] {processor.py:179} INFO - Processing /home/vscode/.local/lib/python3.10/site-packages/airflow/example_dags/example_dynamic_task_mapping_with_no_taskflow_operators.py took 0.056 seconds
[2024-12-25T15:19:18.077+0000] {processor.py:157} INFO - Started process (PID=11460) to work on /home/vscode/.local/lib/python3.10/site-packages/airflow/example_dags/example_dynamic_task_mapping_with_no_taskflow_operators.py
[2024-12-25T15:19:18.078+0000] {processor.py:826} INFO - Processing file /home/vscode/.local/lib/python3.10/site-packages/airflow/example_dags/example_dynamic_task_mapping_with_no_taskflow_operators.py for tasks to queue
[2024-12-25T15:19:18.078+0000] {logging_mixin.py:150} INFO - [2024-12-25T15:19:18.078+0000] {dagbag.py:541} INFO - Filling up the DagBag from /home/vscode/.local/lib/python3.10/site-packages/airflow/example_dags/example_dynamic_task_mapping_with_no_taskflow_operators.py
[2024-12-25T15:19:18.083+0000] {processor.py:836} INFO - DAG(s) dict_keys(['example_dynamic_task_mapping_with_no_taskflow_operators']) retrieved from /home/vscode/.local/lib/python3.10/site-packages/airflow/example_dags/example_dynamic_task_mapping_with_no_taskflow_operators.py
[2024-12-25T15:19:18.094+0000] {logging_mixin.py:150} INFO - [2024-12-25T15:19:18.094+0000] {dag.py:2742} INFO - Sync 1 DAGs
[2024-12-25T15:19:18.109+0000] {logging_mixin.py:150} INFO - [2024-12-25T15:19:18.108+0000] {dag.py:3504} INFO - Setting next_dagrun for example_dynamic_task_mapping_with_no_taskflow_operators to 2024-12-24T15:19:18.108726+00:00, run_after=2024-12-25T15:19:18.108726+00:00
[2024-12-25T15:19:18.123+0000] {processor.py:179} INFO - Processing /home/vscode/.local/lib/python3.10/site-packages/airflow/example_dags/example_dynamic_task_mapping_with_no_taskflow_operators.py took 0.048 seconds
[2024-12-25T15:20:02.625+0000] {processor.py:157} INFO - Started process (PID=11898) to work on /home/vscode/.local/lib/python3.10/site-packages/airflow/example_dags/example_dynamic_task_mapping_with_no_taskflow_operators.py
[2024-12-25T15:20:02.626+0000] {processor.py:826} INFO - Processing file /home/vscode/.local/lib/python3.10/site-packages/airflow/example_dags/example_dynamic_task_mapping_with_no_taskflow_operators.py for tasks to queue
[2024-12-25T15:20:02.627+0000] {logging_mixin.py:150} INFO - [2024-12-25T15:20:02.626+0000] {dagbag.py:541} INFO - Filling up the DagBag from /home/vscode/.local/lib/python3.10/site-packages/airflow/example_dags/example_dynamic_task_mapping_with_no_taskflow_operators.py
[2024-12-25T15:20:02.632+0000] {processor.py:836} INFO - DAG(s) dict_keys(['example_dynamic_task_mapping_with_no_taskflow_operators']) retrieved from /home/vscode/.local/lib/python3.10/site-packages/airflow/example_dags/example_dynamic_task_mapping_with_no_taskflow_operators.py
[2024-12-25T15:20:02.643+0000] {logging_mixin.py:150} INFO - [2024-12-25T15:20:02.642+0000] {dag.py:2742} INFO - Sync 1 DAGs
[2024-12-25T15:20:02.657+0000] {logging_mixin.py:150} INFO - [2024-12-25T15:20:02.657+0000] {dag.py:3504} INFO - Setting next_dagrun for example_dynamic_task_mapping_with_no_taskflow_operators to 2024-12-24T15:20:02.657049+00:00, run_after=2024-12-25T15:20:02.657049+00:00
[2024-12-25T15:20:02.672+0000] {processor.py:179} INFO - Processing /home/vscode/.local/lib/python3.10/site-packages/airflow/example_dags/example_dynamic_task_mapping_with_no_taskflow_operators.py took 0.049 seconds
