[2024-12-25T15:13:45.131+0000] {processor.py:157} INFO - Started process (PID=8295) to work on /home/vscode/.local/lib/python3.10/site-packages/airflow/example_dags/example_params_trigger_ui.py
[2024-12-25T15:13:45.132+0000] {processor.py:826} INFO - Processing file /home/vscode/.local/lib/python3.10/site-packages/airflow/example_dags/example_params_trigger_ui.py for tasks to queue
[2024-12-25T15:13:45.132+0000] {logging_mixin.py:150} INFO - [2024-12-25T15:13:45.132+0000] {dagbag.py:541} INFO - Filling up the DagBag from /home/vscode/.local/lib/python3.10/site-packages/airflow/example_dags/example_params_trigger_ui.py
[2024-12-25T15:13:45.220+0000] {processor.py:836} INFO - DAG(s) dict_keys(['example_params_trigger_ui']) retrieved from /home/vscode/.local/lib/python3.10/site-packages/airflow/example_dags/example_params_trigger_ui.py
[2024-12-25T15:13:45.309+0000] {logging_mixin.py:150} INFO - [2024-12-25T15:13:45.308+0000] {manager.py:504} INFO - Created Permission View: can edit on DAG:example_params_trigger_ui
[2024-12-25T15:13:45.317+0000] {logging_mixin.py:150} INFO - [2024-12-25T15:13:45.317+0000] {manager.py:504} INFO - Created Permission View: can read on DAG:example_params_trigger_ui
[2024-12-25T15:13:45.324+0000] {logging_mixin.py:150} INFO - [2024-12-25T15:13:45.323+0000] {manager.py:504} INFO - Created Permission View: can delete on DAG:example_params_trigger_ui
[2024-12-25T15:13:45.331+0000] {logging_mixin.py:150} INFO - [2024-12-25T15:13:45.331+0000] {dag.py:2742} INFO - Sync 1 DAGs
[2024-12-25T15:13:45.337+0000] {logging_mixin.py:150} INFO - [2024-12-25T15:13:45.337+0000] {dag.py:2763} INFO - Creating ORM DAG for example_params_trigger_ui
[2024-12-25T15:13:45.343+0000] {logging_mixin.py:150} INFO - [2024-12-25T15:13:45.343+0000] {dag.py:3504} INFO - Setting next_dagrun for example_params_trigger_ui to None, run_after=None
[2024-12-25T15:13:45.358+0000] {processor.py:179} INFO - Processing /home/vscode/.local/lib/python3.10/site-packages/airflow/example_dags/example_params_trigger_ui.py took 0.229 seconds
[2024-12-25T15:14:32.375+0000] {processor.py:157} INFO - Started process (PID=8602) to work on /home/vscode/.local/lib/python3.10/site-packages/airflow/example_dags/example_params_trigger_ui.py
[2024-12-25T15:14:32.376+0000] {processor.py:826} INFO - Processing file /home/vscode/.local/lib/python3.10/site-packages/airflow/example_dags/example_params_trigger_ui.py for tasks to queue
[2024-12-25T15:14:32.376+0000] {logging_mixin.py:150} INFO - [2024-12-25T15:14:32.376+0000] {dagbag.py:541} INFO - Filling up the DagBag from /home/vscode/.local/lib/python3.10/site-packages/airflow/example_dags/example_params_trigger_ui.py
[2024-12-25T15:14:32.388+0000] {processor.py:836} INFO - DAG(s) dict_keys(['example_params_trigger_ui']) retrieved from /home/vscode/.local/lib/python3.10/site-packages/airflow/example_dags/example_params_trigger_ui.py
[2024-12-25T15:14:32.419+0000] {logging_mixin.py:150} INFO - [2024-12-25T15:14:32.418+0000] {dag.py:2742} INFO - Sync 1 DAGs
[2024-12-25T15:14:32.433+0000] {logging_mixin.py:150} INFO - [2024-12-25T15:14:32.433+0000] {dag.py:3504} INFO - Setting next_dagrun for example_params_trigger_ui to None, run_after=None
[2024-12-25T15:14:32.448+0000] {processor.py:179} INFO - Processing /home/vscode/.local/lib/python3.10/site-packages/airflow/example_dags/example_params_trigger_ui.py took 0.075 seconds
[2024-12-25T15:15:16.075+0000] {processor.py:157} INFO - Started process (PID=8919) to work on /home/vscode/.local/lib/python3.10/site-packages/airflow/example_dags/example_params_trigger_ui.py
[2024-12-25T15:15:16.076+0000] {processor.py:826} INFO - Processing file /home/vscode/.local/lib/python3.10/site-packages/airflow/example_dags/example_params_trigger_ui.py for tasks to queue
[2024-12-25T15:15:16.076+0000] {logging_mixin.py:150} INFO - [2024-12-25T15:15:16.076+0000] {dagbag.py:541} INFO - Filling up the DagBag from /home/vscode/.local/lib/python3.10/site-packages/airflow/example_dags/example_params_trigger_ui.py
[2024-12-25T15:15:16.088+0000] {processor.py:836} INFO - DAG(s) dict_keys(['example_params_trigger_ui']) retrieved from /home/vscode/.local/lib/python3.10/site-packages/airflow/example_dags/example_params_trigger_ui.py
[2024-12-25T15:15:16.117+0000] {logging_mixin.py:150} INFO - [2024-12-25T15:15:16.117+0000] {dag.py:2742} INFO - Sync 1 DAGs
[2024-12-25T15:15:16.131+0000] {logging_mixin.py:150} INFO - [2024-12-25T15:15:16.131+0000] {dag.py:3504} INFO - Setting next_dagrun for example_params_trigger_ui to None, run_after=None
[2024-12-25T15:15:16.145+0000] {processor.py:179} INFO - Processing /home/vscode/.local/lib/python3.10/site-packages/airflow/example_dags/example_params_trigger_ui.py took 0.072 seconds
[2024-12-25T15:16:02.403+0000] {processor.py:157} INFO - Started process (PID=9316) to work on /home/vscode/.local/lib/python3.10/site-packages/airflow/example_dags/example_params_trigger_ui.py
[2024-12-25T15:16:02.403+0000] {processor.py:826} INFO - Processing file /home/vscode/.local/lib/python3.10/site-packages/airflow/example_dags/example_params_trigger_ui.py for tasks to queue
[2024-12-25T15:16:02.404+0000] {logging_mixin.py:150} INFO - [2024-12-25T15:16:02.404+0000] {dagbag.py:541} INFO - Filling up the DagBag from /home/vscode/.local/lib/python3.10/site-packages/airflow/example_dags/example_params_trigger_ui.py
[2024-12-25T15:16:02.417+0000] {processor.py:836} INFO - DAG(s) dict_keys(['example_params_trigger_ui']) retrieved from /home/vscode/.local/lib/python3.10/site-packages/airflow/example_dags/example_params_trigger_ui.py
[2024-12-25T15:16:02.448+0000] {logging_mixin.py:150} INFO - [2024-12-25T15:16:02.447+0000] {dag.py:2742} INFO - Sync 1 DAGs
[2024-12-25T15:16:02.462+0000] {logging_mixin.py:150} INFO - [2024-12-25T15:16:02.462+0000] {dag.py:3504} INFO - Setting next_dagrun for example_params_trigger_ui to None, run_after=None
[2024-12-25T15:16:02.478+0000] {processor.py:179} INFO - Processing /home/vscode/.local/lib/python3.10/site-packages/airflow/example_dags/example_params_trigger_ui.py took 0.077 seconds
[2024-12-25T15:16:50.818+0000] {processor.py:157} INFO - Started process (PID=9789) to work on /home/vscode/.local/lib/python3.10/site-packages/airflow/example_dags/example_params_trigger_ui.py
[2024-12-25T15:16:50.818+0000] {processor.py:826} INFO - Processing file /home/vscode/.local/lib/python3.10/site-packages/airflow/example_dags/example_params_trigger_ui.py for tasks to queue
[2024-12-25T15:16:50.819+0000] {logging_mixin.py:150} INFO - [2024-12-25T15:16:50.819+0000] {dagbag.py:541} INFO - Filling up the DagBag from /home/vscode/.local/lib/python3.10/site-packages/airflow/example_dags/example_params_trigger_ui.py
[2024-12-25T15:16:50.831+0000] {processor.py:836} INFO - DAG(s) dict_keys(['example_params_trigger_ui']) retrieved from /home/vscode/.local/lib/python3.10/site-packages/airflow/example_dags/example_params_trigger_ui.py
[2024-12-25T15:16:50.861+0000] {logging_mixin.py:150} INFO - [2024-12-25T15:16:50.861+0000] {dag.py:2742} INFO - Sync 1 DAGs
[2024-12-25T15:16:50.875+0000] {logging_mixin.py:150} INFO - [2024-12-25T15:16:50.875+0000] {dag.py:3504} INFO - Setting next_dagrun for example_params_trigger_ui to None, run_after=None
[2024-12-25T15:16:50.890+0000] {processor.py:179} INFO - Processing /home/vscode/.local/lib/python3.10/site-packages/airflow/example_dags/example_params_trigger_ui.py took 0.075 seconds
[2024-12-25T15:17:35.674+0000] {processor.py:157} INFO - Started process (PID=10319) to work on /home/vscode/.local/lib/python3.10/site-packages/airflow/example_dags/example_params_trigger_ui.py
[2024-12-25T15:17:35.674+0000] {processor.py:826} INFO - Processing file /home/vscode/.local/lib/python3.10/site-packages/airflow/example_dags/example_params_trigger_ui.py for tasks to queue
[2024-12-25T15:17:35.675+0000] {logging_mixin.py:150} INFO - [2024-12-25T15:17:35.675+0000] {dagbag.py:541} INFO - Filling up the DagBag from /home/vscode/.local/lib/python3.10/site-packages/airflow/example_dags/example_params_trigger_ui.py
[2024-12-25T15:17:35.688+0000] {processor.py:836} INFO - DAG(s) dict_keys(['example_params_trigger_ui']) retrieved from /home/vscode/.local/lib/python3.10/site-packages/airflow/example_dags/example_params_trigger_ui.py
[2024-12-25T15:17:35.718+0000] {logging_mixin.py:150} INFO - [2024-12-25T15:17:35.718+0000] {dag.py:2742} INFO - Sync 1 DAGs
[2024-12-25T15:17:35.732+0000] {logging_mixin.py:150} INFO - [2024-12-25T15:17:35.732+0000] {dag.py:3504} INFO - Setting next_dagrun for example_params_trigger_ui to None, run_after=None
[2024-12-25T15:17:35.748+0000] {processor.py:179} INFO - Processing /home/vscode/.local/lib/python3.10/site-packages/airflow/example_dags/example_params_trigger_ui.py took 0.077 seconds
[2024-12-25T15:18:18.530+0000] {processor.py:157} INFO - Started process (PID=10783) to work on /home/vscode/.local/lib/python3.10/site-packages/airflow/example_dags/example_params_trigger_ui.py
[2024-12-25T15:18:18.531+0000] {processor.py:826} INFO - Processing file /home/vscode/.local/lib/python3.10/site-packages/airflow/example_dags/example_params_trigger_ui.py for tasks to queue
[2024-12-25T15:18:18.532+0000] {logging_mixin.py:150} INFO - [2024-12-25T15:18:18.531+0000] {dagbag.py:541} INFO - Filling up the DagBag from /home/vscode/.local/lib/python3.10/site-packages/airflow/example_dags/example_params_trigger_ui.py
[2024-12-25T15:18:18.544+0000] {processor.py:836} INFO - DAG(s) dict_keys(['example_params_trigger_ui']) retrieved from /home/vscode/.local/lib/python3.10/site-packages/airflow/example_dags/example_params_trigger_ui.py
[2024-12-25T15:18:18.575+0000] {logging_mixin.py:150} INFO - [2024-12-25T15:18:18.575+0000] {dag.py:2742} INFO - Sync 1 DAGs
[2024-12-25T15:18:18.590+0000] {logging_mixin.py:150} INFO - [2024-12-25T15:18:18.590+0000] {dag.py:3504} INFO - Setting next_dagrun for example_params_trigger_ui to None, run_after=None
[2024-12-25T15:18:18.606+0000] {processor.py:179} INFO - Processing /home/vscode/.local/lib/python3.10/site-packages/airflow/example_dags/example_params_trigger_ui.py took 0.078 seconds
[2024-12-25T15:19:02.943+0000] {processor.py:157} INFO - Started process (PID=11280) to work on /home/vscode/.local/lib/python3.10/site-packages/airflow/example_dags/example_params_trigger_ui.py
[2024-12-25T15:19:02.943+0000] {processor.py:826} INFO - Processing file /home/vscode/.local/lib/python3.10/site-packages/airflow/example_dags/example_params_trigger_ui.py for tasks to queue
[2024-12-25T15:19:02.944+0000] {logging_mixin.py:150} INFO - [2024-12-25T15:19:02.944+0000] {dagbag.py:541} INFO - Filling up the DagBag from /home/vscode/.local/lib/python3.10/site-packages/airflow/example_dags/example_params_trigger_ui.py
[2024-12-25T15:19:02.956+0000] {processor.py:836} INFO - DAG(s) dict_keys(['example_params_trigger_ui']) retrieved from /home/vscode/.local/lib/python3.10/site-packages/airflow/example_dags/example_params_trigger_ui.py
[2024-12-25T15:19:02.986+0000] {logging_mixin.py:150} INFO - [2024-12-25T15:19:02.986+0000] {dag.py:2742} INFO - Sync 1 DAGs
[2024-12-25T15:19:03.000+0000] {logging_mixin.py:150} INFO - [2024-12-25T15:19:03.000+0000] {dag.py:3504} INFO - Setting next_dagrun for example_params_trigger_ui to None, run_after=None
[2024-12-25T15:19:03.015+0000] {processor.py:179} INFO - Processing /home/vscode/.local/lib/python3.10/site-packages/airflow/example_dags/example_params_trigger_ui.py took 0.075 seconds
[2024-12-25T15:19:48.335+0000] {processor.py:157} INFO - Started process (PID=11759) to work on /home/vscode/.local/lib/python3.10/site-packages/airflow/example_dags/example_params_trigger_ui.py
[2024-12-25T15:19:48.335+0000] {processor.py:826} INFO - Processing file /home/vscode/.local/lib/python3.10/site-packages/airflow/example_dags/example_params_trigger_ui.py for tasks to queue
[2024-12-25T15:19:48.336+0000] {logging_mixin.py:150} INFO - [2024-12-25T15:19:48.336+0000] {dagbag.py:541} INFO - Filling up the DagBag from /home/vscode/.local/lib/python3.10/site-packages/airflow/example_dags/example_params_trigger_ui.py
[2024-12-25T15:19:48.348+0000] {processor.py:836} INFO - DAG(s) dict_keys(['example_params_trigger_ui']) retrieved from /home/vscode/.local/lib/python3.10/site-packages/airflow/example_dags/example_params_trigger_ui.py
[2024-12-25T15:19:48.378+0000] {logging_mixin.py:150} INFO - [2024-12-25T15:19:48.378+0000] {dag.py:2742} INFO - Sync 1 DAGs
[2024-12-25T15:19:48.391+0000] {logging_mixin.py:150} INFO - [2024-12-25T15:19:48.391+0000] {dag.py:3504} INFO - Setting next_dagrun for example_params_trigger_ui to None, run_after=None
[2024-12-25T15:19:48.406+0000] {processor.py:179} INFO - Processing /home/vscode/.local/lib/python3.10/site-packages/airflow/example_dags/example_params_trigger_ui.py took 0.074 seconds
[2024-12-25T15:20:37.292+0000] {processor.py:157} INFO - Started process (PID=12283) to work on /home/vscode/.local/lib/python3.10/site-packages/airflow/example_dags/example_params_trigger_ui.py
[2024-12-25T15:20:37.293+0000] {processor.py:826} INFO - Processing file /home/vscode/.local/lib/python3.10/site-packages/airflow/example_dags/example_params_trigger_ui.py for tasks to queue
[2024-12-25T15:20:37.293+0000] {logging_mixin.py:150} INFO - [2024-12-25T15:20:37.293+0000] {dagbag.py:541} INFO - Filling up the DagBag from /home/vscode/.local/lib/python3.10/site-packages/airflow/example_dags/example_params_trigger_ui.py
[2024-12-25T15:20:37.306+0000] {processor.py:836} INFO - DAG(s) dict_keys(['example_params_trigger_ui']) retrieved from /home/vscode/.local/lib/python3.10/site-packages/airflow/example_dags/example_params_trigger_ui.py
[2024-12-25T15:20:37.338+0000] {logging_mixin.py:150} INFO - [2024-12-25T15:20:37.338+0000] {dag.py:2742} INFO - Sync 1 DAGs
[2024-12-25T15:20:37.352+0000] {logging_mixin.py:150} INFO - [2024-12-25T15:20:37.352+0000] {dag.py:3504} INFO - Setting next_dagrun for example_params_trigger_ui to None, run_after=None
[2024-12-25T15:20:37.367+0000] {processor.py:179} INFO - Processing /home/vscode/.local/lib/python3.10/site-packages/airflow/example_dags/example_params_trigger_ui.py took 0.077 seconds
[2024-12-25T15:21:20.672+0000] {processor.py:157} INFO - Started process (PID=12757) to work on /home/vscode/.local/lib/python3.10/site-packages/airflow/example_dags/example_params_trigger_ui.py
[2024-12-25T15:21:20.673+0000] {processor.py:826} INFO - Processing file /home/vscode/.local/lib/python3.10/site-packages/airflow/example_dags/example_params_trigger_ui.py for tasks to queue
[2024-12-25T15:21:20.673+0000] {logging_mixin.py:150} INFO - [2024-12-25T15:21:20.673+0000] {dagbag.py:541} INFO - Filling up the DagBag from /home/vscode/.local/lib/python3.10/site-packages/airflow/example_dags/example_params_trigger_ui.py
[2024-12-25T15:21:20.688+0000] {processor.py:836} INFO - DAG(s) dict_keys(['example_params_trigger_ui']) retrieved from /home/vscode/.local/lib/python3.10/site-packages/airflow/example_dags/example_params_trigger_ui.py
[2024-12-25T15:21:20.738+0000] {logging_mixin.py:150} INFO - [2024-12-25T15:21:20.738+0000] {dag.py:2742} INFO - Sync 1 DAGs
[2024-12-25T15:21:20.758+0000] {logging_mixin.py:150} INFO - [2024-12-25T15:21:20.757+0000] {dag.py:3504} INFO - Setting next_dagrun for example_params_trigger_ui to None, run_after=None
[2024-12-25T15:21:20.772+0000] {processor.py:179} INFO - Processing /home/vscode/.local/lib/python3.10/site-packages/airflow/example_dags/example_params_trigger_ui.py took 0.102 seconds
[2024-12-25T15:22:11.087+0000] {processor.py:157} INFO - Started process (PID=13351) to work on /home/vscode/.local/lib/python3.10/site-packages/airflow/example_dags/example_params_trigger_ui.py
[2024-12-25T15:22:11.088+0000] {processor.py:826} INFO - Processing file /home/vscode/.local/lib/python3.10/site-packages/airflow/example_dags/example_params_trigger_ui.py for tasks to queue
[2024-12-25T15:22:11.089+0000] {logging_mixin.py:150} INFO - [2024-12-25T15:22:11.088+0000] {dagbag.py:541} INFO - Filling up the DagBag from /home/vscode/.local/lib/python3.10/site-packages/airflow/example_dags/example_params_trigger_ui.py
[2024-12-25T15:22:11.107+0000] {processor.py:836} INFO - DAG(s) dict_keys(['example_params_trigger_ui']) retrieved from /home/vscode/.local/lib/python3.10/site-packages/airflow/example_dags/example_params_trigger_ui.py
[2024-12-25T15:22:11.156+0000] {logging_mixin.py:150} INFO - [2024-12-25T15:22:11.156+0000] {dag.py:2742} INFO - Sync 1 DAGs
[2024-12-25T15:22:11.176+0000] {logging_mixin.py:150} INFO - [2024-12-25T15:22:11.176+0000] {dag.py:3504} INFO - Setting next_dagrun for example_params_trigger_ui to None, run_after=None
[2024-12-25T15:22:11.191+0000] {processor.py:179} INFO - Processing /home/vscode/.local/lib/python3.10/site-packages/airflow/example_dags/example_params_trigger_ui.py took 0.107 seconds
[2024-12-25T15:22:53.097+0000] {processor.py:157} INFO - Started process (PID=13783) to work on /home/vscode/.local/lib/python3.10/site-packages/airflow/example_dags/example_params_trigger_ui.py
[2024-12-25T15:22:53.098+0000] {processor.py:826} INFO - Processing file /home/vscode/.local/lib/python3.10/site-packages/airflow/example_dags/example_params_trigger_ui.py for tasks to queue
[2024-12-25T15:22:53.098+0000] {logging_mixin.py:150} INFO - [2024-12-25T15:22:53.098+0000] {dagbag.py:541} INFO - Filling up the DagBag from /home/vscode/.local/lib/python3.10/site-packages/airflow/example_dags/example_params_trigger_ui.py
[2024-12-25T15:22:53.110+0000] {processor.py:836} INFO - DAG(s) dict_keys(['example_params_trigger_ui']) retrieved from /home/vscode/.local/lib/python3.10/site-packages/airflow/example_dags/example_params_trigger_ui.py
[2024-12-25T15:22:53.140+0000] {logging_mixin.py:150} INFO - [2024-12-25T15:22:53.140+0000] {dag.py:2742} INFO - Sync 1 DAGs
[2024-12-25T15:22:53.153+0000] {logging_mixin.py:150} INFO - [2024-12-25T15:22:53.153+0000] {dag.py:3504} INFO - Setting next_dagrun for example_params_trigger_ui to None, run_after=None
[2024-12-25T15:22:53.168+0000] {processor.py:179} INFO - Processing /home/vscode/.local/lib/python3.10/site-packages/airflow/example_dags/example_params_trigger_ui.py took 0.072 seconds
[2024-12-25T15:23:36.449+0000] {processor.py:157} INFO - Started process (PID=14305) to work on /home/vscode/.local/lib/python3.10/site-packages/airflow/example_dags/example_params_trigger_ui.py
[2024-12-25T15:23:36.450+0000] {processor.py:826} INFO - Processing file /home/vscode/.local/lib/python3.10/site-packages/airflow/example_dags/example_params_trigger_ui.py for tasks to queue
[2024-12-25T15:23:36.451+0000] {logging_mixin.py:150} INFO - [2024-12-25T15:23:36.450+0000] {dagbag.py:541} INFO - Filling up the DagBag from /home/vscode/.local/lib/python3.10/site-packages/airflow/example_dags/example_params_trigger_ui.py
[2024-12-25T15:23:36.463+0000] {processor.py:836} INFO - DAG(s) dict_keys(['example_params_trigger_ui']) retrieved from /home/vscode/.local/lib/python3.10/site-packages/airflow/example_dags/example_params_trigger_ui.py
[2024-12-25T15:23:36.493+0000] {logging_mixin.py:150} INFO - [2024-12-25T15:23:36.493+0000] {dag.py:2742} INFO - Sync 1 DAGs
[2024-12-25T15:23:36.507+0000] {logging_mixin.py:150} INFO - [2024-12-25T15:23:36.507+0000] {dag.py:3504} INFO - Setting next_dagrun for example_params_trigger_ui to None, run_after=None
[2024-12-25T15:23:36.522+0000] {processor.py:179} INFO - Processing /home/vscode/.local/lib/python3.10/site-packages/airflow/example_dags/example_params_trigger_ui.py took 0.075 seconds
[2024-12-25T15:24:18.454+0000] {processor.py:157} INFO - Started process (PID=14727) to work on /home/vscode/.local/lib/python3.10/site-packages/airflow/example_dags/example_params_trigger_ui.py
[2024-12-25T15:24:18.454+0000] {processor.py:826} INFO - Processing file /home/vscode/.local/lib/python3.10/site-packages/airflow/example_dags/example_params_trigger_ui.py for tasks to queue
[2024-12-25T15:24:18.455+0000] {logging_mixin.py:150} INFO - [2024-12-25T15:24:18.455+0000] {dagbag.py:541} INFO - Filling up the DagBag from /home/vscode/.local/lib/python3.10/site-packages/airflow/example_dags/example_params_trigger_ui.py
[2024-12-25T15:24:18.484+0000] {processor.py:836} INFO - DAG(s) dict_keys(['example_params_trigger_ui']) retrieved from /home/vscode/.local/lib/python3.10/site-packages/airflow/example_dags/example_params_trigger_ui.py
[2024-12-25T15:24:18.526+0000] {logging_mixin.py:150} INFO - [2024-12-25T15:24:18.526+0000] {dag.py:2742} INFO - Sync 1 DAGs
[2024-12-25T15:24:18.546+0000] {logging_mixin.py:150} INFO - [2024-12-25T15:24:18.546+0000] {dag.py:3504} INFO - Setting next_dagrun for example_params_trigger_ui to None, run_after=None
[2024-12-25T15:24:18.570+0000] {processor.py:179} INFO - Processing /home/vscode/.local/lib/python3.10/site-packages/airflow/example_dags/example_params_trigger_ui.py took 0.119 seconds
[2024-12-25T15:25:03.156+0000] {processor.py:157} INFO - Started process (PID=15209) to work on /home/vscode/.local/lib/python3.10/site-packages/airflow/example_dags/example_params_trigger_ui.py
[2024-12-25T15:25:03.157+0000] {processor.py:826} INFO - Processing file /home/vscode/.local/lib/python3.10/site-packages/airflow/example_dags/example_params_trigger_ui.py for tasks to queue
[2024-12-25T15:25:03.157+0000] {logging_mixin.py:150} INFO - [2024-12-25T15:25:03.157+0000] {dagbag.py:541} INFO - Filling up the DagBag from /home/vscode/.local/lib/python3.10/site-packages/airflow/example_dags/example_params_trigger_ui.py
[2024-12-25T15:25:03.169+0000] {processor.py:836} INFO - DAG(s) dict_keys(['example_params_trigger_ui']) retrieved from /home/vscode/.local/lib/python3.10/site-packages/airflow/example_dags/example_params_trigger_ui.py
[2024-12-25T15:25:03.201+0000] {logging_mixin.py:150} INFO - [2024-12-25T15:25:03.201+0000] {dag.py:2742} INFO - Sync 1 DAGs
[2024-12-25T15:25:03.215+0000] {logging_mixin.py:150} INFO - [2024-12-25T15:25:03.215+0000] {dag.py:3504} INFO - Setting next_dagrun for example_params_trigger_ui to None, run_after=None
[2024-12-25T15:25:03.231+0000] {processor.py:179} INFO - Processing /home/vscode/.local/lib/python3.10/site-packages/airflow/example_dags/example_params_trigger_ui.py took 0.077 seconds
[2024-12-25T15:25:47.135+0000] {processor.py:157} INFO - Started process (PID=15642) to work on /home/vscode/.local/lib/python3.10/site-packages/airflow/example_dags/example_params_trigger_ui.py
[2024-12-25T15:25:47.135+0000] {processor.py:826} INFO - Processing file /home/vscode/.local/lib/python3.10/site-packages/airflow/example_dags/example_params_trigger_ui.py for tasks to queue
[2024-12-25T15:25:47.136+0000] {logging_mixin.py:150} INFO - [2024-12-25T15:25:47.136+0000] {dagbag.py:541} INFO - Filling up the DagBag from /home/vscode/.local/lib/python3.10/site-packages/airflow/example_dags/example_params_trigger_ui.py
[2024-12-25T15:25:47.148+0000] {processor.py:836} INFO - DAG(s) dict_keys(['example_params_trigger_ui']) retrieved from /home/vscode/.local/lib/python3.10/site-packages/airflow/example_dags/example_params_trigger_ui.py
[2024-12-25T15:25:47.178+0000] {logging_mixin.py:150} INFO - [2024-12-25T15:25:47.178+0000] {dag.py:2742} INFO - Sync 1 DAGs
[2024-12-25T15:25:47.193+0000] {logging_mixin.py:150} INFO - [2024-12-25T15:25:47.193+0000] {dag.py:3504} INFO - Setting next_dagrun for example_params_trigger_ui to None, run_after=None
[2024-12-25T15:25:47.208+0000] {processor.py:179} INFO - Processing /home/vscode/.local/lib/python3.10/site-packages/airflow/example_dags/example_params_trigger_ui.py took 0.075 seconds
[2024-12-25T15:26:32.241+0000] {processor.py:157} INFO - Started process (PID=16096) to work on /home/vscode/.local/lib/python3.10/site-packages/airflow/example_dags/example_params_trigger_ui.py
[2024-12-25T15:26:32.242+0000] {processor.py:826} INFO - Processing file /home/vscode/.local/lib/python3.10/site-packages/airflow/example_dags/example_params_trigger_ui.py for tasks to queue
[2024-12-25T15:26:32.243+0000] {logging_mixin.py:150} INFO - [2024-12-25T15:26:32.242+0000] {dagbag.py:541} INFO - Filling up the DagBag from /home/vscode/.local/lib/python3.10/site-packages/airflow/example_dags/example_params_trigger_ui.py
[2024-12-25T15:26:32.254+0000] {processor.py:836} INFO - DAG(s) dict_keys(['example_params_trigger_ui']) retrieved from /home/vscode/.local/lib/python3.10/site-packages/airflow/example_dags/example_params_trigger_ui.py
[2024-12-25T15:26:32.299+0000] {logging_mixin.py:150} INFO - [2024-12-25T15:26:32.299+0000] {dag.py:2742} INFO - Sync 1 DAGs
[2024-12-25T15:26:32.319+0000] {logging_mixin.py:150} INFO - [2024-12-25T15:26:32.319+0000] {dag.py:3504} INFO - Setting next_dagrun for example_params_trigger_ui to None, run_after=None
[2024-12-25T15:26:32.337+0000] {processor.py:179} INFO - Processing /home/vscode/.local/lib/python3.10/site-packages/airflow/example_dags/example_params_trigger_ui.py took 0.097 seconds
[2024-12-25T15:27:15.521+0000] {processor.py:157} INFO - Started process (PID=16978) to work on /home/vscode/.local/lib/python3.10/site-packages/airflow/example_dags/example_params_trigger_ui.py
[2024-12-25T15:27:15.521+0000] {processor.py:826} INFO - Processing file /home/vscode/.local/lib/python3.10/site-packages/airflow/example_dags/example_params_trigger_ui.py for tasks to queue
[2024-12-25T15:27:15.522+0000] {logging_mixin.py:150} INFO - [2024-12-25T15:27:15.522+0000] {dagbag.py:541} INFO - Filling up the DagBag from /home/vscode/.local/lib/python3.10/site-packages/airflow/example_dags/example_params_trigger_ui.py
[2024-12-25T15:27:15.534+0000] {processor.py:836} INFO - DAG(s) dict_keys(['example_params_trigger_ui']) retrieved from /home/vscode/.local/lib/python3.10/site-packages/airflow/example_dags/example_params_trigger_ui.py
[2024-12-25T15:27:15.566+0000] {logging_mixin.py:150} INFO - [2024-12-25T15:27:15.566+0000] {dag.py:2742} INFO - Sync 1 DAGs
[2024-12-25T15:27:15.581+0000] {logging_mixin.py:150} INFO - [2024-12-25T15:27:15.580+0000] {dag.py:3504} INFO - Setting next_dagrun for example_params_trigger_ui to None, run_after=None
[2024-12-25T15:27:15.596+0000] {processor.py:179} INFO - Processing /home/vscode/.local/lib/python3.10/site-packages/airflow/example_dags/example_params_trigger_ui.py took 0.077 seconds
[2024-12-25T15:28:01.882+0000] {processor.py:157} INFO - Started process (PID=18247) to work on /home/vscode/.local/lib/python3.10/site-packages/airflow/example_dags/example_params_trigger_ui.py
[2024-12-25T15:28:01.883+0000] {processor.py:826} INFO - Processing file /home/vscode/.local/lib/python3.10/site-packages/airflow/example_dags/example_params_trigger_ui.py for tasks to queue
[2024-12-25T15:28:01.883+0000] {logging_mixin.py:150} INFO - [2024-12-25T15:28:01.883+0000] {dagbag.py:541} INFO - Filling up the DagBag from /home/vscode/.local/lib/python3.10/site-packages/airflow/example_dags/example_params_trigger_ui.py
[2024-12-25T15:28:01.895+0000] {processor.py:836} INFO - DAG(s) dict_keys(['example_params_trigger_ui']) retrieved from /home/vscode/.local/lib/python3.10/site-packages/airflow/example_dags/example_params_trigger_ui.py
[2024-12-25T15:28:01.925+0000] {logging_mixin.py:150} INFO - [2024-12-25T15:28:01.925+0000] {dag.py:2742} INFO - Sync 1 DAGs
[2024-12-25T15:28:01.939+0000] {logging_mixin.py:150} INFO - [2024-12-25T15:28:01.939+0000] {dag.py:3504} INFO - Setting next_dagrun for example_params_trigger_ui to None, run_after=None
[2024-12-25T15:28:01.958+0000] {processor.py:179} INFO - Processing /home/vscode/.local/lib/python3.10/site-packages/airflow/example_dags/example_params_trigger_ui.py took 0.078 seconds
