[2024-12-25T15:13:59.576+0000] {processor.py:157} INFO - Started process (PID=8383) to work on /home/vscode/.local/lib/python3.10/site-packages/airflow/example_dags/example_branch_python_dop_operator_3.py
[2024-12-25T15:13:59.576+0000] {processor.py:826} INFO - Processing file /home/vscode/.local/lib/python3.10/site-packages/airflow/example_dags/example_branch_python_dop_operator_3.py for tasks to queue
[2024-12-25T15:13:59.577+0000] {logging_mixin.py:150} INFO - [2024-12-25T15:13:59.577+0000] {dagbag.py:541} INFO - Filling up the DagBag from /home/vscode/.local/lib/python3.10/site-packages/airflow/example_dags/example_branch_python_dop_operator_3.py
[2024-12-25T15:13:59.583+0000] {processor.py:836} INFO - DAG(s) dict_keys(['example_branch_dop_operator_v3']) retrieved from /home/vscode/.local/lib/python3.10/site-packages/airflow/example_dags/example_branch_python_dop_operator_3.py
[2024-12-25T15:13:59.658+0000] {logging_mixin.py:150} INFO - [2024-12-25T15:13:59.657+0000] {manager.py:504} INFO - Created Permission View: can edit on DAG:example_branch_dop_operator_v3
[2024-12-25T15:13:59.666+0000] {logging_mixin.py:150} INFO - [2024-12-25T15:13:59.666+0000] {manager.py:504} INFO - Created Permission View: can read on DAG:example_branch_dop_operator_v3
[2024-12-25T15:13:59.672+0000] {logging_mixin.py:150} INFO - [2024-12-25T15:13:59.672+0000] {manager.py:504} INFO - Created Permission View: can delete on DAG:example_branch_dop_operator_v3
[2024-12-25T15:13:59.679+0000] {logging_mixin.py:150} INFO - [2024-12-25T15:13:59.679+0000] {dag.py:2742} INFO - Sync 1 DAGs
[2024-12-25T15:13:59.687+0000] {logging_mixin.py:150} INFO - [2024-12-25T15:13:59.687+0000] {dag.py:2763} INFO - Creating ORM DAG for example_branch_dop_operator_v3
[2024-12-25T15:13:59.697+0000] {logging_mixin.py:150} INFO - [2024-12-25T15:13:59.697+0000] {dag.py:3504} INFO - Setting next_dagrun for example_branch_dop_operator_v3 to 2024-12-25T15:12:00+00:00, run_after=2024-12-25T15:13:00+00:00
[2024-12-25T15:13:59.713+0000] {processor.py:179} INFO - Processing /home/vscode/.local/lib/python3.10/site-packages/airflow/example_dags/example_branch_python_dop_operator_3.py took 0.140 seconds
[2024-12-25T15:14:51.366+0000] {processor.py:157} INFO - Started process (PID=8752) to work on /home/vscode/.local/lib/python3.10/site-packages/airflow/example_dags/example_branch_python_dop_operator_3.py
[2024-12-25T15:14:51.367+0000] {processor.py:826} INFO - Processing file /home/vscode/.local/lib/python3.10/site-packages/airflow/example_dags/example_branch_python_dop_operator_3.py for tasks to queue
[2024-12-25T15:14:51.368+0000] {logging_mixin.py:150} INFO - [2024-12-25T15:14:51.367+0000] {dagbag.py:541} INFO - Filling up the DagBag from /home/vscode/.local/lib/python3.10/site-packages/airflow/example_dags/example_branch_python_dop_operator_3.py
[2024-12-25T15:14:51.373+0000] {processor.py:836} INFO - DAG(s) dict_keys(['example_branch_dop_operator_v3']) retrieved from /home/vscode/.local/lib/python3.10/site-packages/airflow/example_dags/example_branch_python_dop_operator_3.py
[2024-12-25T15:14:51.386+0000] {logging_mixin.py:150} INFO - [2024-12-25T15:14:51.385+0000] {dag.py:2742} INFO - Sync 1 DAGs
[2024-12-25T15:14:51.403+0000] {logging_mixin.py:150} INFO - [2024-12-25T15:14:51.403+0000] {dag.py:3504} INFO - Setting next_dagrun for example_branch_dop_operator_v3 to 2024-12-25T15:13:00+00:00, run_after=2024-12-25T15:14:00+00:00
[2024-12-25T15:14:51.418+0000] {processor.py:179} INFO - Processing /home/vscode/.local/lib/python3.10/site-packages/airflow/example_dags/example_branch_python_dop_operator_3.py took 0.054 seconds
[2024-12-25T15:15:34.086+0000] {processor.py:157} INFO - Started process (PID=9053) to work on /home/vscode/.local/lib/python3.10/site-packages/airflow/example_dags/example_branch_python_dop_operator_3.py
[2024-12-25T15:15:34.087+0000] {processor.py:826} INFO - Processing file /home/vscode/.local/lib/python3.10/site-packages/airflow/example_dags/example_branch_python_dop_operator_3.py for tasks to queue
[2024-12-25T15:15:34.087+0000] {logging_mixin.py:150} INFO - [2024-12-25T15:15:34.087+0000] {dagbag.py:541} INFO - Filling up the DagBag from /home/vscode/.local/lib/python3.10/site-packages/airflow/example_dags/example_branch_python_dop_operator_3.py
[2024-12-25T15:15:34.093+0000] {processor.py:836} INFO - DAG(s) dict_keys(['example_branch_dop_operator_v3']) retrieved from /home/vscode/.local/lib/python3.10/site-packages/airflow/example_dags/example_branch_python_dop_operator_3.py
[2024-12-25T15:15:34.105+0000] {logging_mixin.py:150} INFO - [2024-12-25T15:15:34.105+0000] {dag.py:2742} INFO - Sync 1 DAGs
[2024-12-25T15:15:34.127+0000] {logging_mixin.py:150} INFO - [2024-12-25T15:15:34.127+0000] {dag.py:3504} INFO - Setting next_dagrun for example_branch_dop_operator_v3 to 2024-12-25T15:14:00+00:00, run_after=2024-12-25T15:15:00+00:00
[2024-12-25T15:15:34.145+0000] {processor.py:179} INFO - Processing /home/vscode/.local/lib/python3.10/site-packages/airflow/example_dags/example_branch_python_dop_operator_3.py took 0.061 seconds
[2024-12-25T15:16:20.400+0000] {processor.py:157} INFO - Started process (PID=9491) to work on /home/vscode/.local/lib/python3.10/site-packages/airflow/example_dags/example_branch_python_dop_operator_3.py
[2024-12-25T15:16:20.400+0000] {processor.py:826} INFO - Processing file /home/vscode/.local/lib/python3.10/site-packages/airflow/example_dags/example_branch_python_dop_operator_3.py for tasks to queue
[2024-12-25T15:16:20.401+0000] {logging_mixin.py:150} INFO - [2024-12-25T15:16:20.401+0000] {dagbag.py:541} INFO - Filling up the DagBag from /home/vscode/.local/lib/python3.10/site-packages/airflow/example_dags/example_branch_python_dop_operator_3.py
[2024-12-25T15:16:20.407+0000] {processor.py:836} INFO - DAG(s) dict_keys(['example_branch_dop_operator_v3']) retrieved from /home/vscode/.local/lib/python3.10/site-packages/airflow/example_dags/example_branch_python_dop_operator_3.py
[2024-12-25T15:16:20.419+0000] {logging_mixin.py:150} INFO - [2024-12-25T15:16:20.419+0000] {dag.py:2742} INFO - Sync 1 DAGs
[2024-12-25T15:16:20.436+0000] {logging_mixin.py:150} INFO - [2024-12-25T15:16:20.436+0000] {dag.py:3504} INFO - Setting next_dagrun for example_branch_dop_operator_v3 to 2024-12-25T15:15:00+00:00, run_after=2024-12-25T15:16:00+00:00
[2024-12-25T15:16:20.452+0000] {processor.py:179} INFO - Processing /home/vscode/.local/lib/python3.10/site-packages/airflow/example_dags/example_branch_python_dop_operator_3.py took 0.054 seconds
[2024-12-25T15:17:08.690+0000] {processor.py:157} INFO - Started process (PID=9974) to work on /home/vscode/.local/lib/python3.10/site-packages/airflow/example_dags/example_branch_python_dop_operator_3.py
[2024-12-25T15:17:08.691+0000] {processor.py:826} INFO - Processing file /home/vscode/.local/lib/python3.10/site-packages/airflow/example_dags/example_branch_python_dop_operator_3.py for tasks to queue
[2024-12-25T15:17:08.691+0000] {logging_mixin.py:150} INFO - [2024-12-25T15:17:08.691+0000] {dagbag.py:541} INFO - Filling up the DagBag from /home/vscode/.local/lib/python3.10/site-packages/airflow/example_dags/example_branch_python_dop_operator_3.py
[2024-12-25T15:17:08.697+0000] {processor.py:836} INFO - DAG(s) dict_keys(['example_branch_dop_operator_v3']) retrieved from /home/vscode/.local/lib/python3.10/site-packages/airflow/example_dags/example_branch_python_dop_operator_3.py
[2024-12-25T15:17:08.713+0000] {logging_mixin.py:150} INFO - [2024-12-25T15:17:08.713+0000] {dag.py:2742} INFO - Sync 1 DAGs
[2024-12-25T15:17:08.741+0000] {logging_mixin.py:150} INFO - [2024-12-25T15:17:08.741+0000] {dag.py:3504} INFO - Setting next_dagrun for example_branch_dop_operator_v3 to 2024-12-25T15:16:00+00:00, run_after=2024-12-25T15:17:00+00:00
[2024-12-25T15:17:08.762+0000] {processor.py:179} INFO - Processing /home/vscode/.local/lib/python3.10/site-packages/airflow/example_dags/example_branch_python_dop_operator_3.py took 0.074 seconds
