[2024-12-25T15:13:39.790+0000] {processor.py:157} INFO - Started process (PID=8260) to work on /home/vscode/.local/lib/python3.10/site-packages/airflow/example_dags/example_python_operator.py
[2024-12-25T15:13:39.791+0000] {processor.py:826} INFO - Processing file /home/vscode/.local/lib/python3.10/site-packages/airflow/example_dags/example_python_operator.py for tasks to queue
[2024-12-25T15:13:39.792+0000] {logging_mixin.py:150} INFO - [2024-12-25T15:13:39.791+0000] {dagbag.py:541} INFO - Filling up the DagBag from /home/vscode/.local/lib/python3.10/site-packages/airflow/example_dags/example_python_operator.py
[2024-12-25T15:13:39.799+0000] {processor.py:836} INFO - DAG(s) dict_keys(['example_python_operator']) retrieved from /home/vscode/.local/lib/python3.10/site-packages/airflow/example_dags/example_python_operator.py
[2024-12-25T15:13:39.951+0000] {logging_mixin.py:150} INFO - [2024-12-25T15:13:39.951+0000] {manager.py:504} INFO - Created Permission View: can edit on DAG:example_python_operator
[2024-12-25T15:13:39.959+0000] {logging_mixin.py:150} INFO - [2024-12-25T15:13:39.959+0000] {manager.py:504} INFO - Created Permission View: can read on DAG:example_python_operator
[2024-12-25T15:13:39.965+0000] {logging_mixin.py:150} INFO - [2024-12-25T15:13:39.965+0000] {manager.py:504} INFO - Created Permission View: can delete on DAG:example_python_operator
[2024-12-25T15:13:39.972+0000] {logging_mixin.py:150} INFO - [2024-12-25T15:13:39.972+0000] {dag.py:2742} INFO - Sync 1 DAGs
[2024-12-25T15:13:39.978+0000] {logging_mixin.py:150} INFO - [2024-12-25T15:13:39.978+0000] {dag.py:2763} INFO - Creating ORM DAG for example_python_operator
[2024-12-25T15:13:39.984+0000] {logging_mixin.py:150} INFO - [2024-12-25T15:13:39.984+0000] {dag.py:3504} INFO - Setting next_dagrun for example_python_operator to None, run_after=None
[2024-12-25T15:13:40.000+0000] {processor.py:179} INFO - Processing /home/vscode/.local/lib/python3.10/site-packages/airflow/example_dags/example_python_operator.py took 0.212 seconds
[2024-12-25T15:14:27.215+0000] {processor.py:157} INFO - Started process (PID=8574) to work on /home/vscode/.local/lib/python3.10/site-packages/airflow/example_dags/example_python_operator.py
[2024-12-25T15:14:27.215+0000] {processor.py:826} INFO - Processing file /home/vscode/.local/lib/python3.10/site-packages/airflow/example_dags/example_python_operator.py for tasks to queue
[2024-12-25T15:14:27.216+0000] {logging_mixin.py:150} INFO - [2024-12-25T15:14:27.216+0000] {dagbag.py:541} INFO - Filling up the DagBag from /home/vscode/.local/lib/python3.10/site-packages/airflow/example_dags/example_python_operator.py
[2024-12-25T15:14:27.223+0000] {processor.py:836} INFO - DAG(s) dict_keys(['example_python_operator']) retrieved from /home/vscode/.local/lib/python3.10/site-packages/airflow/example_dags/example_python_operator.py
[2024-12-25T15:14:27.237+0000] {logging_mixin.py:150} INFO - [2024-12-25T15:14:27.237+0000] {dag.py:2742} INFO - Sync 1 DAGs
[2024-12-25T15:14:27.251+0000] {logging_mixin.py:150} INFO - [2024-12-25T15:14:27.251+0000] {dag.py:3504} INFO - Setting next_dagrun for example_python_operator to None, run_after=None
[2024-12-25T15:14:27.267+0000] {processor.py:179} INFO - Processing /home/vscode/.local/lib/python3.10/site-packages/airflow/example_dags/example_python_operator.py took 0.054 seconds
[2024-12-25T15:15:12.978+0000] {processor.py:157} INFO - Started process (PID=8892) to work on /home/vscode/.local/lib/python3.10/site-packages/airflow/example_dags/example_python_operator.py
[2024-12-25T15:15:12.978+0000] {processor.py:826} INFO - Processing file /home/vscode/.local/lib/python3.10/site-packages/airflow/example_dags/example_python_operator.py for tasks to queue
[2024-12-25T15:15:12.979+0000] {logging_mixin.py:150} INFO - [2024-12-25T15:15:12.979+0000] {dagbag.py:541} INFO - Filling up the DagBag from /home/vscode/.local/lib/python3.10/site-packages/airflow/example_dags/example_python_operator.py
[2024-12-25T15:15:12.986+0000] {processor.py:836} INFO - DAG(s) dict_keys(['example_python_operator']) retrieved from /home/vscode/.local/lib/python3.10/site-packages/airflow/example_dags/example_python_operator.py
[2024-12-25T15:15:13.000+0000] {logging_mixin.py:150} INFO - [2024-12-25T15:15:13.000+0000] {dag.py:2742} INFO - Sync 1 DAGs
[2024-12-25T15:15:13.013+0000] {logging_mixin.py:150} INFO - [2024-12-25T15:15:13.013+0000] {dag.py:3504} INFO - Setting next_dagrun for example_python_operator to None, run_after=None
[2024-12-25T15:15:13.029+0000] {processor.py:179} INFO - Processing /home/vscode/.local/lib/python3.10/site-packages/airflow/example_dags/example_python_operator.py took 0.054 seconds
[2024-12-25T15:15:56.605+0000] {processor.py:157} INFO - Started process (PID=9269) to work on /home/vscode/.local/lib/python3.10/site-packages/airflow/example_dags/example_python_operator.py
[2024-12-25T15:15:56.606+0000] {processor.py:826} INFO - Processing file /home/vscode/.local/lib/python3.10/site-packages/airflow/example_dags/example_python_operator.py for tasks to queue
[2024-12-25T15:15:56.607+0000] {logging_mixin.py:150} INFO - [2024-12-25T15:15:56.606+0000] {dagbag.py:541} INFO - Filling up the DagBag from /home/vscode/.local/lib/python3.10/site-packages/airflow/example_dags/example_python_operator.py
[2024-12-25T15:15:56.614+0000] {processor.py:836} INFO - DAG(s) dict_keys(['example_python_operator']) retrieved from /home/vscode/.local/lib/python3.10/site-packages/airflow/example_dags/example_python_operator.py
[2024-12-25T15:15:56.628+0000] {logging_mixin.py:150} INFO - [2024-12-25T15:15:56.627+0000] {dag.py:2742} INFO - Sync 1 DAGs
[2024-12-25T15:15:56.641+0000] {logging_mixin.py:150} INFO - [2024-12-25T15:15:56.641+0000] {dag.py:3504} INFO - Setting next_dagrun for example_python_operator to None, run_after=None
[2024-12-25T15:15:56.655+0000] {processor.py:179} INFO - Processing /home/vscode/.local/lib/python3.10/site-packages/airflow/example_dags/example_python_operator.py took 0.052 seconds
[2024-12-25T15:16:41.980+0000] {processor.py:157} INFO - Started process (PID=9697) to work on /home/vscode/.local/lib/python3.10/site-packages/airflow/example_dags/example_python_operator.py
[2024-12-25T15:16:41.981+0000] {processor.py:826} INFO - Processing file /home/vscode/.local/lib/python3.10/site-packages/airflow/example_dags/example_python_operator.py for tasks to queue
[2024-12-25T15:16:41.981+0000] {logging_mixin.py:150} INFO - [2024-12-25T15:16:41.981+0000] {dagbag.py:541} INFO - Filling up the DagBag from /home/vscode/.local/lib/python3.10/site-packages/airflow/example_dags/example_python_operator.py
[2024-12-25T15:16:41.988+0000] {processor.py:836} INFO - DAG(s) dict_keys(['example_python_operator']) retrieved from /home/vscode/.local/lib/python3.10/site-packages/airflow/example_dags/example_python_operator.py
[2024-12-25T15:16:42.002+0000] {logging_mixin.py:150} INFO - [2024-12-25T15:16:42.002+0000] {dag.py:2742} INFO - Sync 1 DAGs
[2024-12-25T15:16:42.016+0000] {logging_mixin.py:150} INFO - [2024-12-25T15:16:42.016+0000] {dag.py:3504} INFO - Setting next_dagrun for example_python_operator to None, run_after=None
[2024-12-25T15:16:42.032+0000] {processor.py:179} INFO - Processing /home/vscode/.local/lib/python3.10/site-packages/airflow/example_dags/example_python_operator.py took 0.054 seconds
