[2024-12-25T15:13:38.459+0000] {processor.py:157} INFO - Started process (PID=8245) to work on /home/vscode/.local/lib/python3.10/site-packages/airflow/example_dags/example_latest_only.py
[2024-12-25T15:13:38.459+0000] {processor.py:826} INFO - Processing file /home/vscode/.local/lib/python3.10/site-packages/airflow/example_dags/example_latest_only.py for tasks to queue
[2024-12-25T15:13:38.460+0000] {logging_mixin.py:150} INFO - [2024-12-25T15:13:38.460+0000] {dagbag.py:541} INFO - Filling up the DagBag from /home/vscode/.local/lib/python3.10/site-packages/airflow/example_dags/example_latest_only.py
[2024-12-25T15:13:38.464+0000] {processor.py:836} INFO - DAG(s) dict_keys(['latest_only']) retrieved from /home/vscode/.local/lib/python3.10/site-packages/airflow/example_dags/example_latest_only.py
[2024-12-25T15:13:38.612+0000] {logging_mixin.py:150} INFO - [2024-12-25T15:13:38.612+0000] {manager.py:504} INFO - Created Permission View: can edit on DAG:latest_only
[2024-12-25T15:13:38.620+0000] {logging_mixin.py:150} INFO - [2024-12-25T15:13:38.619+0000] {manager.py:504} INFO - Created Permission View: can read on DAG:latest_only
[2024-12-25T15:13:38.626+0000] {logging_mixin.py:150} INFO - [2024-12-25T15:13:38.626+0000] {manager.py:504} INFO - Created Permission View: can delete on DAG:latest_only
[2024-12-25T15:13:38.633+0000] {logging_mixin.py:150} INFO - [2024-12-25T15:13:38.633+0000] {dag.py:2742} INFO - Sync 1 DAGs
[2024-12-25T15:13:38.641+0000] {logging_mixin.py:150} INFO - [2024-12-25T15:13:38.641+0000] {dag.py:2763} INFO - Creating ORM DAG for latest_only
[2024-12-25T15:13:38.650+0000] {logging_mixin.py:150} INFO - [2024-12-25T15:13:38.650+0000] {dag.py:3504} INFO - Setting next_dagrun for latest_only to 2024-12-25T11:13:38.650258+00:00, run_after=2024-12-25T15:13:38.650258+00:00
[2024-12-25T15:13:38.665+0000] {processor.py:179} INFO - Processing /home/vscode/.local/lib/python3.10/site-packages/airflow/example_dags/example_latest_only.py took 0.209 seconds
[2024-12-25T15:14:26.575+0000] {processor.py:157} INFO - Started process (PID=8569) to work on /home/vscode/.local/lib/python3.10/site-packages/airflow/example_dags/example_latest_only.py
[2024-12-25T15:14:26.576+0000] {processor.py:826} INFO - Processing file /home/vscode/.local/lib/python3.10/site-packages/airflow/example_dags/example_latest_only.py for tasks to queue
[2024-12-25T15:14:26.577+0000] {logging_mixin.py:150} INFO - [2024-12-25T15:14:26.577+0000] {dagbag.py:541} INFO - Filling up the DagBag from /home/vscode/.local/lib/python3.10/site-packages/airflow/example_dags/example_latest_only.py
[2024-12-25T15:14:26.583+0000] {processor.py:836} INFO - DAG(s) dict_keys(['latest_only']) retrieved from /home/vscode/.local/lib/python3.10/site-packages/airflow/example_dags/example_latest_only.py
[2024-12-25T15:14:26.597+0000] {logging_mixin.py:150} INFO - [2024-12-25T15:14:26.597+0000] {dag.py:2742} INFO - Sync 1 DAGs
[2024-12-25T15:14:26.613+0000] {logging_mixin.py:150} INFO - [2024-12-25T15:14:26.613+0000] {dag.py:3504} INFO - Setting next_dagrun for latest_only to 2024-12-25T11:14:26.612926+00:00, run_after=2024-12-25T15:14:26.612926+00:00
[2024-12-25T15:14:26.628+0000] {processor.py:179} INFO - Processing /home/vscode/.local/lib/python3.10/site-packages/airflow/example_dags/example_latest_only.py took 0.056 seconds
[2024-12-25T15:15:11.822+0000] {processor.py:157} INFO - Started process (PID=8889) to work on /home/vscode/.local/lib/python3.10/site-packages/airflow/example_dags/example_latest_only.py
[2024-12-25T15:15:11.822+0000] {processor.py:826} INFO - Processing file /home/vscode/.local/lib/python3.10/site-packages/airflow/example_dags/example_latest_only.py for tasks to queue
[2024-12-25T15:15:11.823+0000] {logging_mixin.py:150} INFO - [2024-12-25T15:15:11.823+0000] {dagbag.py:541} INFO - Filling up the DagBag from /home/vscode/.local/lib/python3.10/site-packages/airflow/example_dags/example_latest_only.py
[2024-12-25T15:15:11.829+0000] {processor.py:836} INFO - DAG(s) dict_keys(['latest_only']) retrieved from /home/vscode/.local/lib/python3.10/site-packages/airflow/example_dags/example_latest_only.py
[2024-12-25T15:15:11.843+0000] {logging_mixin.py:150} INFO - [2024-12-25T15:15:11.843+0000] {dag.py:2742} INFO - Sync 1 DAGs
[2024-12-25T15:15:11.859+0000] {logging_mixin.py:150} INFO - [2024-12-25T15:15:11.859+0000] {dag.py:3504} INFO - Setting next_dagrun for latest_only to 2024-12-25T11:15:11.859262+00:00, run_after=2024-12-25T15:15:11.859262+00:00
[2024-12-25T15:15:11.875+0000] {processor.py:179} INFO - Processing /home/vscode/.local/lib/python3.10/site-packages/airflow/example_dags/example_latest_only.py took 0.058 seconds
[2024-12-25T15:15:56.022+0000] {processor.py:157} INFO - Started process (PID=9262) to work on /home/vscode/.local/lib/python3.10/site-packages/airflow/example_dags/example_latest_only.py
[2024-12-25T15:15:56.023+0000] {processor.py:826} INFO - Processing file /home/vscode/.local/lib/python3.10/site-packages/airflow/example_dags/example_latest_only.py for tasks to queue
[2024-12-25T15:15:56.023+0000] {logging_mixin.py:150} INFO - [2024-12-25T15:15:56.023+0000] {dagbag.py:541} INFO - Filling up the DagBag from /home/vscode/.local/lib/python3.10/site-packages/airflow/example_dags/example_latest_only.py
[2024-12-25T15:15:56.028+0000] {processor.py:836} INFO - DAG(s) dict_keys(['latest_only']) retrieved from /home/vscode/.local/lib/python3.10/site-packages/airflow/example_dags/example_latest_only.py
[2024-12-25T15:15:56.039+0000] {logging_mixin.py:150} INFO - [2024-12-25T15:15:56.039+0000] {dag.py:2742} INFO - Sync 1 DAGs
[2024-12-25T15:15:56.053+0000] {logging_mixin.py:150} INFO - [2024-12-25T15:15:56.053+0000] {dag.py:3504} INFO - Setting next_dagrun for latest_only to 2024-12-25T11:15:56.052903+00:00, run_after=2024-12-25T15:15:56.052903+00:00
[2024-12-25T15:15:56.069+0000] {processor.py:179} INFO - Processing /home/vscode/.local/lib/python3.10/site-packages/airflow/example_dags/example_latest_only.py took 0.049 seconds
[2024-12-25T15:16:40.818+0000] {processor.py:157} INFO - Started process (PID=9689) to work on /home/vscode/.local/lib/python3.10/site-packages/airflow/example_dags/example_latest_only.py
[2024-12-25T15:16:40.819+0000] {processor.py:826} INFO - Processing file /home/vscode/.local/lib/python3.10/site-packages/airflow/example_dags/example_latest_only.py for tasks to queue
[2024-12-25T15:16:40.820+0000] {logging_mixin.py:150} INFO - [2024-12-25T15:16:40.819+0000] {dagbag.py:541} INFO - Filling up the DagBag from /home/vscode/.local/lib/python3.10/site-packages/airflow/example_dags/example_latest_only.py
[2024-12-25T15:16:40.824+0000] {processor.py:836} INFO - DAG(s) dict_keys(['latest_only']) retrieved from /home/vscode/.local/lib/python3.10/site-packages/airflow/example_dags/example_latest_only.py
[2024-12-25T15:16:40.835+0000] {logging_mixin.py:150} INFO - [2024-12-25T15:16:40.835+0000] {dag.py:2742} INFO - Sync 1 DAGs
[2024-12-25T15:16:40.849+0000] {logging_mixin.py:150} INFO - [2024-12-25T15:16:40.849+0000] {dag.py:3504} INFO - Setting next_dagrun for latest_only to 2024-12-25T11:16:40.849499+00:00, run_after=2024-12-25T15:16:40.849499+00:00
[2024-12-25T15:16:40.865+0000] {processor.py:179} INFO - Processing /home/vscode/.local/lib/python3.10/site-packages/airflow/example_dags/example_latest_only.py took 0.049 seconds
[2024-12-25T15:17:26.508+0000] {processor.py:157} INFO - Started process (PID=10221) to work on /home/vscode/.local/lib/python3.10/site-packages/airflow/example_dags/example_latest_only.py
[2024-12-25T15:17:26.508+0000] {processor.py:826} INFO - Processing file /home/vscode/.local/lib/python3.10/site-packages/airflow/example_dags/example_latest_only.py for tasks to queue
[2024-12-25T15:17:26.509+0000] {logging_mixin.py:150} INFO - [2024-12-25T15:17:26.509+0000] {dagbag.py:541} INFO - Filling up the DagBag from /home/vscode/.local/lib/python3.10/site-packages/airflow/example_dags/example_latest_only.py
[2024-12-25T15:17:26.513+0000] {processor.py:836} INFO - DAG(s) dict_keys(['latest_only']) retrieved from /home/vscode/.local/lib/python3.10/site-packages/airflow/example_dags/example_latest_only.py
[2024-12-25T15:17:26.525+0000] {logging_mixin.py:150} INFO - [2024-12-25T15:17:26.525+0000] {dag.py:2742} INFO - Sync 1 DAGs
[2024-12-25T15:17:26.546+0000] {logging_mixin.py:150} INFO - [2024-12-25T15:17:26.546+0000] {dag.py:3504} INFO - Setting next_dagrun for latest_only to 2024-12-25T11:17:26.546466+00:00, run_after=2024-12-25T15:17:26.546466+00:00
[2024-12-25T15:17:26.564+0000] {processor.py:179} INFO - Processing /home/vscode/.local/lib/python3.10/site-packages/airflow/example_dags/example_latest_only.py took 0.058 seconds
