[2024-12-25T15:13:48.856+0000] {processor.py:157} INFO - Started process (PID=8314) to work on /home/vscode/.local/lib/python3.10/site-packages/airflow/example_dags/example_sensors.py
[2024-12-25T15:13:48.856+0000] {processor.py:826} INFO - Processing file /home/vscode/.local/lib/python3.10/site-packages/airflow/example_dags/example_sensors.py for tasks to queue
[2024-12-25T15:13:48.857+0000] {logging_mixin.py:150} INFO - [2024-12-25T15:13:48.857+0000] {dagbag.py:541} INFO - Filling up the DagBag from /home/vscode/.local/lib/python3.10/site-packages/airflow/example_dags/example_sensors.py
[2024-12-25T15:13:48.869+0000] {processor.py:836} INFO - DAG(s) dict_keys(['example_sensors']) retrieved from /home/vscode/.local/lib/python3.10/site-packages/airflow/example_dags/example_sensors.py
[2024-12-25T15:13:48.953+0000] {logging_mixin.py:150} INFO - [2024-12-25T15:13:48.952+0000] {manager.py:504} INFO - Created Permission View: can edit on DAG:example_sensors
[2024-12-25T15:13:48.961+0000] {logging_mixin.py:150} INFO - [2024-12-25T15:13:48.961+0000] {manager.py:504} INFO - Created Permission View: can read on DAG:example_sensors
[2024-12-25T15:13:48.967+0000] {logging_mixin.py:150} INFO - [2024-12-25T15:13:48.967+0000] {manager.py:504} INFO - Created Permission View: can delete on DAG:example_sensors
[2024-12-25T15:13:48.974+0000] {logging_mixin.py:150} INFO - [2024-12-25T15:13:48.974+0000] {dag.py:2742} INFO - Sync 1 DAGs
[2024-12-25T15:13:48.982+0000] {logging_mixin.py:150} INFO - [2024-12-25T15:13:48.982+0000] {dag.py:2763} INFO - Creating ORM DAG for example_sensors
[2024-12-25T15:13:48.988+0000] {logging_mixin.py:150} INFO - [2024-12-25T15:13:48.988+0000] {dag.py:3504} INFO - Setting next_dagrun for example_sensors to None, run_after=None
[2024-12-25T15:13:49.004+0000] {processor.py:179} INFO - Processing /home/vscode/.local/lib/python3.10/site-packages/airflow/example_dags/example_sensors.py took 0.151 seconds
[2024-12-25T15:14:35.540+0000] {processor.py:157} INFO - Started process (PID=8639) to work on /home/vscode/.local/lib/python3.10/site-packages/airflow/example_dags/example_sensors.py
[2024-12-25T15:14:35.541+0000] {processor.py:826} INFO - Processing file /home/vscode/.local/lib/python3.10/site-packages/airflow/example_dags/example_sensors.py for tasks to queue
[2024-12-25T15:14:35.541+0000] {logging_mixin.py:150} INFO - [2024-12-25T15:14:35.541+0000] {dagbag.py:541} INFO - Filling up the DagBag from /home/vscode/.local/lib/python3.10/site-packages/airflow/example_dags/example_sensors.py
[2024-12-25T15:14:35.548+0000] {processor.py:836} INFO - DAG(s) dict_keys(['example_sensors']) retrieved from /home/vscode/.local/lib/python3.10/site-packages/airflow/example_dags/example_sensors.py
[2024-12-25T15:14:35.563+0000] {logging_mixin.py:150} INFO - [2024-12-25T15:14:35.562+0000] {dag.py:2742} INFO - Sync 1 DAGs
[2024-12-25T15:14:35.576+0000] {logging_mixin.py:150} INFO - [2024-12-25T15:14:35.576+0000] {dag.py:3504} INFO - Setting next_dagrun for example_sensors to None, run_after=None
[2024-12-25T15:14:35.591+0000] {processor.py:179} INFO - Processing /home/vscode/.local/lib/python3.10/site-packages/airflow/example_dags/example_sensors.py took 0.054 seconds
[2024-12-25T15:15:18.666+0000] {processor.py:157} INFO - Started process (PID=8936) to work on /home/vscode/.local/lib/python3.10/site-packages/airflow/example_dags/example_sensors.py
[2024-12-25T15:15:18.667+0000] {processor.py:826} INFO - Processing file /home/vscode/.local/lib/python3.10/site-packages/airflow/example_dags/example_sensors.py for tasks to queue
[2024-12-25T15:15:18.667+0000] {logging_mixin.py:150} INFO - [2024-12-25T15:15:18.667+0000] {dagbag.py:541} INFO - Filling up the DagBag from /home/vscode/.local/lib/python3.10/site-packages/airflow/example_dags/example_sensors.py
[2024-12-25T15:15:18.674+0000] {processor.py:836} INFO - DAG(s) dict_keys(['example_sensors']) retrieved from /home/vscode/.local/lib/python3.10/site-packages/airflow/example_dags/example_sensors.py
[2024-12-25T15:15:18.689+0000] {logging_mixin.py:150} INFO - [2024-12-25T15:15:18.689+0000] {dag.py:2742} INFO - Sync 1 DAGs
[2024-12-25T15:15:18.703+0000] {logging_mixin.py:150} INFO - [2024-12-25T15:15:18.703+0000] {dag.py:3504} INFO - Setting next_dagrun for example_sensors to None, run_after=None
[2024-12-25T15:15:18.718+0000] {processor.py:179} INFO - Processing /home/vscode/.local/lib/python3.10/site-packages/airflow/example_dags/example_sensors.py took 0.055 seconds
[2024-12-25T15:16:05.140+0000] {processor.py:157} INFO - Started process (PID=9347) to work on /home/vscode/.local/lib/python3.10/site-packages/airflow/example_dags/example_sensors.py
[2024-12-25T15:16:05.141+0000] {processor.py:826} INFO - Processing file /home/vscode/.local/lib/python3.10/site-packages/airflow/example_dags/example_sensors.py for tasks to queue
[2024-12-25T15:16:05.141+0000] {logging_mixin.py:150} INFO - [2024-12-25T15:16:05.141+0000] {dagbag.py:541} INFO - Filling up the DagBag from /home/vscode/.local/lib/python3.10/site-packages/airflow/example_dags/example_sensors.py
[2024-12-25T15:16:05.148+0000] {processor.py:836} INFO - DAG(s) dict_keys(['example_sensors']) retrieved from /home/vscode/.local/lib/python3.10/site-packages/airflow/example_dags/example_sensors.py
[2024-12-25T15:16:05.164+0000] {logging_mixin.py:150} INFO - [2024-12-25T15:16:05.164+0000] {dag.py:2742} INFO - Sync 1 DAGs
[2024-12-25T15:16:05.178+0000] {logging_mixin.py:150} INFO - [2024-12-25T15:16:05.178+0000] {dag.py:3504} INFO - Setting next_dagrun for example_sensors to None, run_after=None
[2024-12-25T15:16:05.194+0000] {processor.py:179} INFO - Processing /home/vscode/.local/lib/python3.10/site-packages/airflow/example_dags/example_sensors.py took 0.056 seconds
[2024-12-25T15:16:53.399+0000] {processor.py:157} INFO - Started process (PID=9807) to work on /home/vscode/.local/lib/python3.10/site-packages/airflow/example_dags/example_sensors.py
[2024-12-25T15:16:53.399+0000] {processor.py:826} INFO - Processing file /home/vscode/.local/lib/python3.10/site-packages/airflow/example_dags/example_sensors.py for tasks to queue
[2024-12-25T15:16:53.400+0000] {logging_mixin.py:150} INFO - [2024-12-25T15:16:53.400+0000] {dagbag.py:541} INFO - Filling up the DagBag from /home/vscode/.local/lib/python3.10/site-packages/airflow/example_dags/example_sensors.py
[2024-12-25T15:16:53.407+0000] {processor.py:836} INFO - DAG(s) dict_keys(['example_sensors']) retrieved from /home/vscode/.local/lib/python3.10/site-packages/airflow/example_dags/example_sensors.py
[2024-12-25T15:16:53.421+0000] {logging_mixin.py:150} INFO - [2024-12-25T15:16:53.421+0000] {dag.py:2742} INFO - Sync 1 DAGs
[2024-12-25T15:16:53.436+0000] {logging_mixin.py:150} INFO - [2024-12-25T15:16:53.436+0000] {dag.py:3504} INFO - Setting next_dagrun for example_sensors to None, run_after=None
[2024-12-25T15:16:53.454+0000] {processor.py:179} INFO - Processing /home/vscode/.local/lib/python3.10/site-packages/airflow/example_dags/example_sensors.py took 0.057 seconds
[2024-12-25T15:17:37.962+0000] {processor.py:157} INFO - Started process (PID=10351) to work on /home/vscode/.local/lib/python3.10/site-packages/airflow/example_dags/example_sensors.py
[2024-12-25T15:17:37.963+0000] {processor.py:826} INFO - Processing file /home/vscode/.local/lib/python3.10/site-packages/airflow/example_dags/example_sensors.py for tasks to queue
[2024-12-25T15:17:37.963+0000] {logging_mixin.py:150} INFO - [2024-12-25T15:17:37.963+0000] {dagbag.py:541} INFO - Filling up the DagBag from /home/vscode/.local/lib/python3.10/site-packages/airflow/example_dags/example_sensors.py
[2024-12-25T15:17:37.970+0000] {processor.py:836} INFO - DAG(s) dict_keys(['example_sensors']) retrieved from /home/vscode/.local/lib/python3.10/site-packages/airflow/example_dags/example_sensors.py
[2024-12-25T15:17:37.984+0000] {logging_mixin.py:150} INFO - [2024-12-25T15:17:37.984+0000] {dag.py:2742} INFO - Sync 1 DAGs
[2024-12-25T15:17:37.998+0000] {logging_mixin.py:150} INFO - [2024-12-25T15:17:37.998+0000] {dag.py:3504} INFO - Setting next_dagrun for example_sensors to None, run_after=None
[2024-12-25T15:17:38.017+0000] {processor.py:179} INFO - Processing /home/vscode/.local/lib/python3.10/site-packages/airflow/example_dags/example_sensors.py took 0.057 seconds
[2024-12-25T15:18:21.966+0000] {processor.py:157} INFO - Started process (PID=10807) to work on /home/vscode/.local/lib/python3.10/site-packages/airflow/example_dags/example_sensors.py
[2024-12-25T15:18:21.967+0000] {processor.py:826} INFO - Processing file /home/vscode/.local/lib/python3.10/site-packages/airflow/example_dags/example_sensors.py for tasks to queue
[2024-12-25T15:18:21.968+0000] {logging_mixin.py:150} INFO - [2024-12-25T15:18:21.967+0000] {dagbag.py:541} INFO - Filling up the DagBag from /home/vscode/.local/lib/python3.10/site-packages/airflow/example_dags/example_sensors.py
[2024-12-25T15:18:21.974+0000] {processor.py:836} INFO - DAG(s) dict_keys(['example_sensors']) retrieved from /home/vscode/.local/lib/python3.10/site-packages/airflow/example_dags/example_sensors.py
[2024-12-25T15:18:21.989+0000] {logging_mixin.py:150} INFO - [2024-12-25T15:18:21.989+0000] {dag.py:2742} INFO - Sync 1 DAGs
[2024-12-25T15:18:22.002+0000] {logging_mixin.py:150} INFO - [2024-12-25T15:18:22.002+0000] {dag.py:3504} INFO - Setting next_dagrun for example_sensors to None, run_after=None
[2024-12-25T15:18:22.018+0000] {processor.py:179} INFO - Processing /home/vscode/.local/lib/python3.10/site-packages/airflow/example_dags/example_sensors.py took 0.054 seconds
[2024-12-25T15:19:06.114+0000] {processor.py:157} INFO - Started process (PID=11316) to work on /home/vscode/.local/lib/python3.10/site-packages/airflow/example_dags/example_sensors.py
[2024-12-25T15:19:06.115+0000] {processor.py:826} INFO - Processing file /home/vscode/.local/lib/python3.10/site-packages/airflow/example_dags/example_sensors.py for tasks to queue
[2024-12-25T15:19:06.116+0000] {logging_mixin.py:150} INFO - [2024-12-25T15:19:06.115+0000] {dagbag.py:541} INFO - Filling up the DagBag from /home/vscode/.local/lib/python3.10/site-packages/airflow/example_dags/example_sensors.py
[2024-12-25T15:19:06.126+0000] {processor.py:836} INFO - DAG(s) dict_keys(['example_sensors']) retrieved from /home/vscode/.local/lib/python3.10/site-packages/airflow/example_dags/example_sensors.py
[2024-12-25T15:19:06.145+0000] {logging_mixin.py:150} INFO - [2024-12-25T15:19:06.145+0000] {dag.py:2742} INFO - Sync 1 DAGs
[2024-12-25T15:19:06.160+0000] {logging_mixin.py:150} INFO - [2024-12-25T15:19:06.160+0000] {dag.py:3504} INFO - Setting next_dagrun for example_sensors to None, run_after=None
[2024-12-25T15:19:06.175+0000] {processor.py:179} INFO - Processing /home/vscode/.local/lib/python3.10/site-packages/airflow/example_dags/example_sensors.py took 0.065 seconds
[2024-12-25T15:19:50.894+0000] {processor.py:157} INFO - Started process (PID=11788) to work on /home/vscode/.local/lib/python3.10/site-packages/airflow/example_dags/example_sensors.py
[2024-12-25T15:19:50.895+0000] {processor.py:826} INFO - Processing file /home/vscode/.local/lib/python3.10/site-packages/airflow/example_dags/example_sensors.py for tasks to queue
[2024-12-25T15:19:50.895+0000] {logging_mixin.py:150} INFO - [2024-12-25T15:19:50.895+0000] {dagbag.py:541} INFO - Filling up the DagBag from /home/vscode/.local/lib/python3.10/site-packages/airflow/example_dags/example_sensors.py
[2024-12-25T15:19:50.902+0000] {processor.py:836} INFO - DAG(s) dict_keys(['example_sensors']) retrieved from /home/vscode/.local/lib/python3.10/site-packages/airflow/example_dags/example_sensors.py
[2024-12-25T15:19:50.916+0000] {logging_mixin.py:150} INFO - [2024-12-25T15:19:50.916+0000] {dag.py:2742} INFO - Sync 1 DAGs
[2024-12-25T15:19:50.929+0000] {logging_mixin.py:150} INFO - [2024-12-25T15:19:50.929+0000] {dag.py:3504} INFO - Setting next_dagrun for example_sensors to None, run_after=None
[2024-12-25T15:19:50.944+0000] {processor.py:179} INFO - Processing /home/vscode/.local/lib/python3.10/site-packages/airflow/example_dags/example_sensors.py took 0.052 seconds
[2024-12-25T15:20:39.819+0000] {processor.py:157} INFO - Started process (PID=12313) to work on /home/vscode/.local/lib/python3.10/site-packages/airflow/example_dags/example_sensors.py
[2024-12-25T15:20:39.820+0000] {processor.py:826} INFO - Processing file /home/vscode/.local/lib/python3.10/site-packages/airflow/example_dags/example_sensors.py for tasks to queue
[2024-12-25T15:20:39.821+0000] {logging_mixin.py:150} INFO - [2024-12-25T15:20:39.820+0000] {dagbag.py:541} INFO - Filling up the DagBag from /home/vscode/.local/lib/python3.10/site-packages/airflow/example_dags/example_sensors.py
[2024-12-25T15:20:39.828+0000] {processor.py:836} INFO - DAG(s) dict_keys(['example_sensors']) retrieved from /home/vscode/.local/lib/python3.10/site-packages/airflow/example_dags/example_sensors.py
[2024-12-25T15:20:39.843+0000] {logging_mixin.py:150} INFO - [2024-12-25T15:20:39.843+0000] {dag.py:2742} INFO - Sync 1 DAGs
[2024-12-25T15:20:39.857+0000] {logging_mixin.py:150} INFO - [2024-12-25T15:20:39.857+0000] {dag.py:3504} INFO - Setting next_dagrun for example_sensors to None, run_after=None
[2024-12-25T15:20:39.872+0000] {processor.py:179} INFO - Processing /home/vscode/.local/lib/python3.10/site-packages/airflow/example_dags/example_sensors.py took 0.055 seconds
[2024-12-25T15:21:23.730+0000] {processor.py:157} INFO - Started process (PID=12805) to work on /home/vscode/.local/lib/python3.10/site-packages/airflow/example_dags/example_sensors.py
[2024-12-25T15:21:23.731+0000] {processor.py:826} INFO - Processing file /home/vscode/.local/lib/python3.10/site-packages/airflow/example_dags/example_sensors.py for tasks to queue
[2024-12-25T15:21:23.732+0000] {logging_mixin.py:150} INFO - [2024-12-25T15:21:23.731+0000] {dagbag.py:541} INFO - Filling up the DagBag from /home/vscode/.local/lib/python3.10/site-packages/airflow/example_dags/example_sensors.py
[2024-12-25T15:21:23.739+0000] {processor.py:836} INFO - DAG(s) dict_keys(['example_sensors']) retrieved from /home/vscode/.local/lib/python3.10/site-packages/airflow/example_dags/example_sensors.py
[2024-12-25T15:21:23.753+0000] {logging_mixin.py:150} INFO - [2024-12-25T15:21:23.753+0000] {dag.py:2742} INFO - Sync 1 DAGs
[2024-12-25T15:21:23.767+0000] {logging_mixin.py:150} INFO - [2024-12-25T15:21:23.766+0000] {dag.py:3504} INFO - Setting next_dagrun for example_sensors to None, run_after=None
[2024-12-25T15:21:23.782+0000] {processor.py:179} INFO - Processing /home/vscode/.local/lib/python3.10/site-packages/airflow/example_dags/example_sensors.py took 0.054 seconds
[2024-12-25T15:22:13.768+0000] {processor.py:157} INFO - Started process (PID=13375) to work on /home/vscode/.local/lib/python3.10/site-packages/airflow/example_dags/example_sensors.py
[2024-12-25T15:22:13.769+0000] {processor.py:826} INFO - Processing file /home/vscode/.local/lib/python3.10/site-packages/airflow/example_dags/example_sensors.py for tasks to queue
[2024-12-25T15:22:13.769+0000] {logging_mixin.py:150} INFO - [2024-12-25T15:22:13.769+0000] {dagbag.py:541} INFO - Filling up the DagBag from /home/vscode/.local/lib/python3.10/site-packages/airflow/example_dags/example_sensors.py
[2024-12-25T15:22:13.776+0000] {processor.py:836} INFO - DAG(s) dict_keys(['example_sensors']) retrieved from /home/vscode/.local/lib/python3.10/site-packages/airflow/example_dags/example_sensors.py
[2024-12-25T15:22:13.791+0000] {logging_mixin.py:150} INFO - [2024-12-25T15:22:13.791+0000] {dag.py:2742} INFO - Sync 1 DAGs
[2024-12-25T15:22:13.805+0000] {logging_mixin.py:150} INFO - [2024-12-25T15:22:13.805+0000] {dag.py:3504} INFO - Setting next_dagrun for example_sensors to None, run_after=None
[2024-12-25T15:22:13.825+0000] {processor.py:179} INFO - Processing /home/vscode/.local/lib/python3.10/site-packages/airflow/example_dags/example_sensors.py took 0.060 seconds
[2024-12-25T15:22:56.177+0000] {processor.py:157} INFO - Started process (PID=13812) to work on /home/vscode/.local/lib/python3.10/site-packages/airflow/example_dags/example_sensors.py
[2024-12-25T15:22:56.178+0000] {processor.py:826} INFO - Processing file /home/vscode/.local/lib/python3.10/site-packages/airflow/example_dags/example_sensors.py for tasks to queue
[2024-12-25T15:22:56.178+0000] {logging_mixin.py:150} INFO - [2024-12-25T15:22:56.178+0000] {dagbag.py:541} INFO - Filling up the DagBag from /home/vscode/.local/lib/python3.10/site-packages/airflow/example_dags/example_sensors.py
[2024-12-25T15:22:56.185+0000] {processor.py:836} INFO - DAG(s) dict_keys(['example_sensors']) retrieved from /home/vscode/.local/lib/python3.10/site-packages/airflow/example_dags/example_sensors.py
[2024-12-25T15:22:56.199+0000] {logging_mixin.py:150} INFO - [2024-12-25T15:22:56.199+0000] {dag.py:2742} INFO - Sync 1 DAGs
[2024-12-25T15:22:56.215+0000] {logging_mixin.py:150} INFO - [2024-12-25T15:22:56.215+0000] {dag.py:3504} INFO - Setting next_dagrun for example_sensors to None, run_after=None
[2024-12-25T15:22:56.236+0000] {processor.py:179} INFO - Processing /home/vscode/.local/lib/python3.10/site-packages/airflow/example_dags/example_sensors.py took 0.061 seconds
