[2024-12-25T15:13:30.500+0000] {processor.py:157} INFO - Started process (PID=8175) to work on /home/vscode/.local/lib/python3.10/site-packages/airflow/example_dags/example_xcom.py
[2024-12-25T15:13:30.501+0000] {processor.py:826} INFO - Processing file /home/vscode/.local/lib/python3.10/site-packages/airflow/example_dags/example_xcom.py for tasks to queue
[2024-12-25T15:13:30.502+0000] {logging_mixin.py:150} INFO - [2024-12-25T15:13:30.502+0000] {dagbag.py:541} INFO - Filling up the DagBag from /home/vscode/.local/lib/python3.10/site-packages/airflow/example_dags/example_xcom.py
[2024-12-25T15:13:30.512+0000] {processor.py:836} INFO - DAG(s) dict_keys(['example_xcom']) retrieved from /home/vscode/.local/lib/python3.10/site-packages/airflow/example_dags/example_xcom.py
[2024-12-25T15:13:30.763+0000] {logging_mixin.py:150} INFO - [2024-12-25T15:13:30.763+0000] {manager.py:504} INFO - Created Permission View: can edit on DAG:example_xcom
[2024-12-25T15:13:30.776+0000] {logging_mixin.py:150} INFO - [2024-12-25T15:13:30.776+0000] {manager.py:504} INFO - Created Permission View: can read on DAG:example_xcom
[2024-12-25T15:13:30.785+0000] {logging_mixin.py:150} INFO - [2024-12-25T15:13:30.785+0000] {manager.py:504} INFO - Created Permission View: can delete on DAG:example_xcom
[2024-12-25T15:13:30.804+0000] {logging_mixin.py:150} INFO - [2024-12-25T15:13:30.804+0000] {dag.py:2742} INFO - Sync 1 DAGs
[2024-12-25T15:13:30.817+0000] {logging_mixin.py:150} INFO - [2024-12-25T15:13:30.817+0000] {dag.py:2763} INFO - Creating ORM DAG for example_xcom
[2024-12-25T15:13:30.828+0000] {logging_mixin.py:150} INFO - [2024-12-25T15:13:30.828+0000] {dag.py:3504} INFO - Setting next_dagrun for example_xcom to 2021-01-01T00:00:00+00:00, run_after=2021-01-01T00:00:00+00:00
[2024-12-25T15:13:30.851+0000] {processor.py:179} INFO - Processing /home/vscode/.local/lib/python3.10/site-packages/airflow/example_dags/example_xcom.py took 0.354 seconds
[2024-12-25T15:14:20.363+0000] {processor.py:157} INFO - Started process (PID=8523) to work on /home/vscode/.local/lib/python3.10/site-packages/airflow/example_dags/example_xcom.py
[2024-12-25T15:14:20.363+0000] {processor.py:826} INFO - Processing file /home/vscode/.local/lib/python3.10/site-packages/airflow/example_dags/example_xcom.py for tasks to queue
[2024-12-25T15:14:20.364+0000] {logging_mixin.py:150} INFO - [2024-12-25T15:14:20.364+0000] {dagbag.py:541} INFO - Filling up the DagBag from /home/vscode/.local/lib/python3.10/site-packages/airflow/example_dags/example_xcom.py
[2024-12-25T15:14:20.369+0000] {processor.py:836} INFO - DAG(s) dict_keys(['example_xcom']) retrieved from /home/vscode/.local/lib/python3.10/site-packages/airflow/example_dags/example_xcom.py
[2024-12-25T15:14:20.381+0000] {logging_mixin.py:150} INFO - [2024-12-25T15:14:20.381+0000] {dag.py:2742} INFO - Sync 1 DAGs
[2024-12-25T15:14:20.395+0000] {logging_mixin.py:150} INFO - [2024-12-25T15:14:20.395+0000] {dag.py:3504} INFO - Setting next_dagrun for example_xcom to 2021-01-01T00:00:00+00:00, run_after=2021-01-01T00:00:00+00:00
[2024-12-25T15:14:20.413+0000] {processor.py:179} INFO - Processing /home/vscode/.local/lib/python3.10/site-packages/airflow/example_dags/example_xcom.py took 0.053 seconds
[2024-12-25T15:15:05.941+0000] {processor.py:157} INFO - Started process (PID=8848) to work on /home/vscode/.local/lib/python3.10/site-packages/airflow/example_dags/example_xcom.py
[2024-12-25T15:15:05.941+0000] {processor.py:826} INFO - Processing file /home/vscode/.local/lib/python3.10/site-packages/airflow/example_dags/example_xcom.py for tasks to queue
[2024-12-25T15:15:05.942+0000] {logging_mixin.py:150} INFO - [2024-12-25T15:15:05.941+0000] {dagbag.py:541} INFO - Filling up the DagBag from /home/vscode/.local/lib/python3.10/site-packages/airflow/example_dags/example_xcom.py
[2024-12-25T15:15:05.947+0000] {processor.py:836} INFO - DAG(s) dict_keys(['example_xcom']) retrieved from /home/vscode/.local/lib/python3.10/site-packages/airflow/example_dags/example_xcom.py
[2024-12-25T15:15:05.958+0000] {logging_mixin.py:150} INFO - [2024-12-25T15:15:05.958+0000] {dag.py:2742} INFO - Sync 1 DAGs
[2024-12-25T15:15:05.972+0000] {logging_mixin.py:150} INFO - [2024-12-25T15:15:05.972+0000] {dag.py:3504} INFO - Setting next_dagrun for example_xcom to 2021-01-01T00:00:00+00:00, run_after=2021-01-01T00:00:00+00:00
[2024-12-25T15:15:05.987+0000] {processor.py:179} INFO - Processing /home/vscode/.local/lib/python3.10/site-packages/airflow/example_dags/example_xcom.py took 0.048 seconds
[2024-12-25T15:15:47.606+0000] {processor.py:157} INFO - Started process (PID=9178) to work on /home/vscode/.local/lib/python3.10/site-packages/airflow/example_dags/example_xcom.py
[2024-12-25T15:15:47.607+0000] {processor.py:826} INFO - Processing file /home/vscode/.local/lib/python3.10/site-packages/airflow/example_dags/example_xcom.py for tasks to queue
[2024-12-25T15:15:47.607+0000] {logging_mixin.py:150} INFO - [2024-12-25T15:15:47.607+0000] {dagbag.py:541} INFO - Filling up the DagBag from /home/vscode/.local/lib/python3.10/site-packages/airflow/example_dags/example_xcom.py
[2024-12-25T15:15:47.613+0000] {processor.py:836} INFO - DAG(s) dict_keys(['example_xcom']) retrieved from /home/vscode/.local/lib/python3.10/site-packages/airflow/example_dags/example_xcom.py
[2024-12-25T15:15:47.624+0000] {logging_mixin.py:150} INFO - [2024-12-25T15:15:47.624+0000] {dag.py:2742} INFO - Sync 1 DAGs
[2024-12-25T15:15:47.638+0000] {logging_mixin.py:150} INFO - [2024-12-25T15:15:47.638+0000] {dag.py:3504} INFO - Setting next_dagrun for example_xcom to 2021-01-01T00:00:00+00:00, run_after=2021-01-01T00:00:00+00:00
[2024-12-25T15:15:47.653+0000] {processor.py:179} INFO - Processing /home/vscode/.local/lib/python3.10/site-packages/airflow/example_dags/example_xcom.py took 0.049 seconds
[2024-12-25T15:16:35.679+0000] {processor.py:157} INFO - Started process (PID=9642) to work on /home/vscode/.local/lib/python3.10/site-packages/airflow/example_dags/example_xcom.py
[2024-12-25T15:16:35.680+0000] {processor.py:826} INFO - Processing file /home/vscode/.local/lib/python3.10/site-packages/airflow/example_dags/example_xcom.py for tasks to queue
[2024-12-25T15:16:35.680+0000] {logging_mixin.py:150} INFO - [2024-12-25T15:16:35.680+0000] {dagbag.py:541} INFO - Filling up the DagBag from /home/vscode/.local/lib/python3.10/site-packages/airflow/example_dags/example_xcom.py
[2024-12-25T15:16:35.686+0000] {processor.py:836} INFO - DAG(s) dict_keys(['example_xcom']) retrieved from /home/vscode/.local/lib/python3.10/site-packages/airflow/example_dags/example_xcom.py
[2024-12-25T15:16:35.698+0000] {logging_mixin.py:150} INFO - [2024-12-25T15:16:35.698+0000] {dag.py:2742} INFO - Sync 1 DAGs
[2024-12-25T15:16:35.711+0000] {logging_mixin.py:150} INFO - [2024-12-25T15:16:35.711+0000] {dag.py:3504} INFO - Setting next_dagrun for example_xcom to 2021-01-01T00:00:00+00:00, run_after=2021-01-01T00:00:00+00:00
[2024-12-25T15:16:35.726+0000] {processor.py:179} INFO - Processing /home/vscode/.local/lib/python3.10/site-packages/airflow/example_dags/example_xcom.py took 0.049 seconds
[2024-12-25T15:17:19.958+0000] {processor.py:157} INFO - Started process (PID=10099) to work on /home/vscode/.local/lib/python3.10/site-packages/airflow/example_dags/example_xcom.py
[2024-12-25T15:17:19.959+0000] {processor.py:826} INFO - Processing file /home/vscode/.local/lib/python3.10/site-packages/airflow/example_dags/example_xcom.py for tasks to queue
[2024-12-25T15:17:19.960+0000] {logging_mixin.py:150} INFO - [2024-12-25T15:17:19.959+0000] {dagbag.py:541} INFO - Filling up the DagBag from /home/vscode/.local/lib/python3.10/site-packages/airflow/example_dags/example_xcom.py
[2024-12-25T15:17:19.965+0000] {processor.py:836} INFO - DAG(s) dict_keys(['example_xcom']) retrieved from /home/vscode/.local/lib/python3.10/site-packages/airflow/example_dags/example_xcom.py
[2024-12-25T15:17:19.977+0000] {logging_mixin.py:150} INFO - [2024-12-25T15:17:19.977+0000] {dag.py:2742} INFO - Sync 1 DAGs
[2024-12-25T15:17:19.990+0000] {logging_mixin.py:150} INFO - [2024-12-25T15:17:19.990+0000] {dag.py:3504} INFO - Setting next_dagrun for example_xcom to 2021-01-01T00:00:00+00:00, run_after=2021-01-01T00:00:00+00:00
[2024-12-25T15:17:20.005+0000] {processor.py:179} INFO - Processing /home/vscode/.local/lib/python3.10/site-packages/airflow/example_dags/example_xcom.py took 0.049 seconds
[2024-12-25T15:18:07.664+0000] {processor.py:157} INFO - Started process (PID=10650) to work on /home/vscode/.local/lib/python3.10/site-packages/airflow/example_dags/example_xcom.py
[2024-12-25T15:18:07.665+0000] {processor.py:826} INFO - Processing file /home/vscode/.local/lib/python3.10/site-packages/airflow/example_dags/example_xcom.py for tasks to queue
[2024-12-25T15:18:07.666+0000] {logging_mixin.py:150} INFO - [2024-12-25T15:18:07.665+0000] {dagbag.py:541} INFO - Filling up the DagBag from /home/vscode/.local/lib/python3.10/site-packages/airflow/example_dags/example_xcom.py
[2024-12-25T15:18:07.671+0000] {processor.py:836} INFO - DAG(s) dict_keys(['example_xcom']) retrieved from /home/vscode/.local/lib/python3.10/site-packages/airflow/example_dags/example_xcom.py
[2024-12-25T15:18:07.683+0000] {logging_mixin.py:150} INFO - [2024-12-25T15:18:07.683+0000] {dag.py:2742} INFO - Sync 1 DAGs
[2024-12-25T15:18:07.697+0000] {logging_mixin.py:150} INFO - [2024-12-25T15:18:07.697+0000] {dag.py:3504} INFO - Setting next_dagrun for example_xcom to 2021-01-01T00:00:00+00:00, run_after=2021-01-01T00:00:00+00:00
[2024-12-25T15:18:07.712+0000] {processor.py:179} INFO - Processing /home/vscode/.local/lib/python3.10/site-packages/airflow/example_dags/example_xcom.py took 0.050 seconds
[2024-12-25T15:18:48.964+0000] {processor.py:157} INFO - Started process (PID=11114) to work on /home/vscode/.local/lib/python3.10/site-packages/airflow/example_dags/example_xcom.py
[2024-12-25T15:18:48.965+0000] {processor.py:826} INFO - Processing file /home/vscode/.local/lib/python3.10/site-packages/airflow/example_dags/example_xcom.py for tasks to queue
[2024-12-25T15:18:48.965+0000] {logging_mixin.py:150} INFO - [2024-12-25T15:18:48.965+0000] {dagbag.py:541} INFO - Filling up the DagBag from /home/vscode/.local/lib/python3.10/site-packages/airflow/example_dags/example_xcom.py
[2024-12-25T15:18:48.971+0000] {processor.py:836} INFO - DAG(s) dict_keys(['example_xcom']) retrieved from /home/vscode/.local/lib/python3.10/site-packages/airflow/example_dags/example_xcom.py
[2024-12-25T15:18:48.982+0000] {logging_mixin.py:150} INFO - [2024-12-25T15:18:48.982+0000] {dag.py:2742} INFO - Sync 1 DAGs
[2024-12-25T15:18:48.996+0000] {logging_mixin.py:150} INFO - [2024-12-25T15:18:48.996+0000] {dag.py:3504} INFO - Setting next_dagrun for example_xcom to 2021-01-01T00:00:00+00:00, run_after=2021-01-01T00:00:00+00:00
[2024-12-25T15:18:49.010+0000] {processor.py:179} INFO - Processing /home/vscode/.local/lib/python3.10/site-packages/airflow/example_dags/example_xcom.py took 0.048 seconds
[2024-12-25T15:19:34.371+0000] {processor.py:157} INFO - Started process (PID=11628) to work on /home/vscode/.local/lib/python3.10/site-packages/airflow/example_dags/example_xcom.py
[2024-12-25T15:19:34.372+0000] {processor.py:826} INFO - Processing file /home/vscode/.local/lib/python3.10/site-packages/airflow/example_dags/example_xcom.py for tasks to queue
[2024-12-25T15:19:34.372+0000] {logging_mixin.py:150} INFO - [2024-12-25T15:19:34.372+0000] {dagbag.py:541} INFO - Filling up the DagBag from /home/vscode/.local/lib/python3.10/site-packages/airflow/example_dags/example_xcom.py
[2024-12-25T15:19:34.378+0000] {processor.py:836} INFO - DAG(s) dict_keys(['example_xcom']) retrieved from /home/vscode/.local/lib/python3.10/site-packages/airflow/example_dags/example_xcom.py
[2024-12-25T15:19:34.390+0000] {logging_mixin.py:150} INFO - [2024-12-25T15:19:34.390+0000] {dag.py:2742} INFO - Sync 1 DAGs
[2024-12-25T15:19:34.403+0000] {logging_mixin.py:150} INFO - [2024-12-25T15:19:34.403+0000] {dag.py:3504} INFO - Setting next_dagrun for example_xcom to 2021-01-01T00:00:00+00:00, run_after=2021-01-01T00:00:00+00:00
[2024-12-25T15:19:34.419+0000] {processor.py:179} INFO - Processing /home/vscode/.local/lib/python3.10/site-packages/airflow/example_dags/example_xcom.py took 0.051 seconds
[2024-12-25T15:20:18.063+0000] {processor.py:157} INFO - Started process (PID=12078) to work on /home/vscode/.local/lib/python3.10/site-packages/airflow/example_dags/example_xcom.py
[2024-12-25T15:20:18.064+0000] {processor.py:826} INFO - Processing file /home/vscode/.local/lib/python3.10/site-packages/airflow/example_dags/example_xcom.py for tasks to queue
[2024-12-25T15:20:18.064+0000] {logging_mixin.py:150} INFO - [2024-12-25T15:20:18.064+0000] {dagbag.py:541} INFO - Filling up the DagBag from /home/vscode/.local/lib/python3.10/site-packages/airflow/example_dags/example_xcom.py
[2024-12-25T15:20:18.070+0000] {processor.py:836} INFO - DAG(s) dict_keys(['example_xcom']) retrieved from /home/vscode/.local/lib/python3.10/site-packages/airflow/example_dags/example_xcom.py
[2024-12-25T15:20:18.082+0000] {logging_mixin.py:150} INFO - [2024-12-25T15:20:18.082+0000] {dag.py:2742} INFO - Sync 1 DAGs
[2024-12-25T15:20:18.096+0000] {logging_mixin.py:150} INFO - [2024-12-25T15:20:18.095+0000] {dag.py:3504} INFO - Setting next_dagrun for example_xcom to 2021-01-01T00:00:00+00:00, run_after=2021-01-01T00:00:00+00:00
[2024-12-25T15:20:18.111+0000] {processor.py:179} INFO - Processing /home/vscode/.local/lib/python3.10/site-packages/airflow/example_dags/example_xcom.py took 0.050 seconds
[2024-12-25T15:21:02.671+0000] {processor.py:157} INFO - Started process (PID=12552) to work on /home/vscode/.local/lib/python3.10/site-packages/airflow/example_dags/example_xcom.py
[2024-12-25T15:21:02.672+0000] {processor.py:826} INFO - Processing file /home/vscode/.local/lib/python3.10/site-packages/airflow/example_dags/example_xcom.py for tasks to queue
[2024-12-25T15:21:02.672+0000] {logging_mixin.py:150} INFO - [2024-12-25T15:21:02.672+0000] {dagbag.py:541} INFO - Filling up the DagBag from /home/vscode/.local/lib/python3.10/site-packages/airflow/example_dags/example_xcom.py
[2024-12-25T15:21:02.678+0000] {processor.py:836} INFO - DAG(s) dict_keys(['example_xcom']) retrieved from /home/vscode/.local/lib/python3.10/site-packages/airflow/example_dags/example_xcom.py
[2024-12-25T15:21:02.690+0000] {logging_mixin.py:150} INFO - [2024-12-25T15:21:02.690+0000] {dag.py:2742} INFO - Sync 1 DAGs
[2024-12-25T15:21:02.704+0000] {logging_mixin.py:150} INFO - [2024-12-25T15:21:02.704+0000] {dag.py:3504} INFO - Setting next_dagrun for example_xcom to 2021-01-01T00:00:00+00:00, run_after=2021-01-01T00:00:00+00:00
[2024-12-25T15:21:02.723+0000] {processor.py:179} INFO - Processing /home/vscode/.local/lib/python3.10/site-packages/airflow/example_dags/example_xcom.py took 0.054 seconds
[2024-12-25T15:21:52.344+0000] {processor.py:157} INFO - Started process (PID=13129) to work on /home/vscode/.local/lib/python3.10/site-packages/airflow/example_dags/example_xcom.py
[2024-12-25T15:21:52.345+0000] {processor.py:826} INFO - Processing file /home/vscode/.local/lib/python3.10/site-packages/airflow/example_dags/example_xcom.py for tasks to queue
[2024-12-25T15:21:52.345+0000] {logging_mixin.py:150} INFO - [2024-12-25T15:21:52.345+0000] {dagbag.py:541} INFO - Filling up the DagBag from /home/vscode/.local/lib/python3.10/site-packages/airflow/example_dags/example_xcom.py
[2024-12-25T15:21:52.350+0000] {processor.py:836} INFO - DAG(s) dict_keys(['example_xcom']) retrieved from /home/vscode/.local/lib/python3.10/site-packages/airflow/example_dags/example_xcom.py
[2024-12-25T15:21:52.362+0000] {logging_mixin.py:150} INFO - [2024-12-25T15:21:52.362+0000] {dag.py:2742} INFO - Sync 1 DAGs
[2024-12-25T15:21:52.376+0000] {logging_mixin.py:150} INFO - [2024-12-25T15:21:52.376+0000] {dag.py:3504} INFO - Setting next_dagrun for example_xcom to 2021-01-01T00:00:00+00:00, run_after=2021-01-01T00:00:00+00:00
[2024-12-25T15:21:52.390+0000] {processor.py:179} INFO - Processing /home/vscode/.local/lib/python3.10/site-packages/airflow/example_dags/example_xcom.py took 0.049 seconds
