[2024-12-25T15:13:35.769+0000] {processor.py:157} INFO - Started process (PID=8235) to work on /home/vscode/.local/lib/python3.10/site-packages/airflow/example_dags/example_task_group.py
[2024-12-25T15:13:35.769+0000] {processor.py:826} INFO - Processing file /home/vscode/.local/lib/python3.10/site-packages/airflow/example_dags/example_task_group.py for tasks to queue
[2024-12-25T15:13:35.770+0000] {logging_mixin.py:150} INFO - [2024-12-25T15:13:35.769+0000] {dagbag.py:541} INFO - Filling up the DagBag from /home/vscode/.local/lib/python3.10/site-packages/airflow/example_dags/example_task_group.py
[2024-12-25T15:13:35.776+0000] {processor.py:836} INFO - DAG(s) dict_keys(['example_task_group']) retrieved from /home/vscode/.local/lib/python3.10/site-packages/airflow/example_dags/example_task_group.py
[2024-12-25T15:13:35.931+0000] {logging_mixin.py:150} INFO - [2024-12-25T15:13:35.931+0000] {manager.py:504} INFO - Created Permission View: can edit on DAG:example_task_group
[2024-12-25T15:13:35.940+0000] {logging_mixin.py:150} INFO - [2024-12-25T15:13:35.940+0000] {manager.py:504} INFO - Created Permission View: can read on DAG:example_task_group
[2024-12-25T15:13:35.947+0000] {logging_mixin.py:150} INFO - [2024-12-25T15:13:35.947+0000] {manager.py:504} INFO - Created Permission View: can delete on DAG:example_task_group
[2024-12-25T15:13:35.955+0000] {logging_mixin.py:150} INFO - [2024-12-25T15:13:35.955+0000] {dag.py:2742} INFO - Sync 1 DAGs
[2024-12-25T15:13:35.962+0000] {logging_mixin.py:150} INFO - [2024-12-25T15:13:35.962+0000] {dag.py:2763} INFO - Creating ORM DAG for example_task_group
[2024-12-25T15:13:35.968+0000] {logging_mixin.py:150} INFO - [2024-12-25T15:13:35.968+0000] {dag.py:3504} INFO - Setting next_dagrun for example_task_group to 2024-12-24T15:13:35.967957+00:00, run_after=2024-12-25T15:13:35.967957+00:00
[2024-12-25T15:13:35.984+0000] {processor.py:179} INFO - Processing /home/vscode/.local/lib/python3.10/site-packages/airflow/example_dags/example_task_group.py took 0.217 seconds
[2024-12-25T15:14:24.369+0000] {processor.py:157} INFO - Started process (PID=8556) to work on /home/vscode/.local/lib/python3.10/site-packages/airflow/example_dags/example_task_group.py
[2024-12-25T15:14:24.370+0000] {processor.py:826} INFO - Processing file /home/vscode/.local/lib/python3.10/site-packages/airflow/example_dags/example_task_group.py for tasks to queue
[2024-12-25T15:14:24.371+0000] {logging_mixin.py:150} INFO - [2024-12-25T15:14:24.370+0000] {dagbag.py:541} INFO - Filling up the DagBag from /home/vscode/.local/lib/python3.10/site-packages/airflow/example_dags/example_task_group.py
[2024-12-25T15:14:24.377+0000] {processor.py:836} INFO - DAG(s) dict_keys(['example_task_group']) retrieved from /home/vscode/.local/lib/python3.10/site-packages/airflow/example_dags/example_task_group.py
[2024-12-25T15:14:24.389+0000] {logging_mixin.py:150} INFO - [2024-12-25T15:14:24.388+0000] {dag.py:2742} INFO - Sync 1 DAGs
[2024-12-25T15:14:24.403+0000] {logging_mixin.py:150} INFO - [2024-12-25T15:14:24.402+0000] {dag.py:3504} INFO - Setting next_dagrun for example_task_group to 2024-12-24T15:14:24.402801+00:00, run_after=2024-12-25T15:14:24.402801+00:00
[2024-12-25T15:14:24.419+0000] {processor.py:179} INFO - Processing /home/vscode/.local/lib/python3.10/site-packages/airflow/example_dags/example_task_group.py took 0.052 seconds
[2024-12-25T15:15:09.533+0000] {processor.py:157} INFO - Started process (PID=8873) to work on /home/vscode/.local/lib/python3.10/site-packages/airflow/example_dags/example_task_group.py
[2024-12-25T15:15:09.534+0000] {processor.py:826} INFO - Processing file /home/vscode/.local/lib/python3.10/site-packages/airflow/example_dags/example_task_group.py for tasks to queue
[2024-12-25T15:15:09.535+0000] {logging_mixin.py:150} INFO - [2024-12-25T15:15:09.534+0000] {dagbag.py:541} INFO - Filling up the DagBag from /home/vscode/.local/lib/python3.10/site-packages/airflow/example_dags/example_task_group.py
[2024-12-25T15:15:09.541+0000] {processor.py:836} INFO - DAG(s) dict_keys(['example_task_group']) retrieved from /home/vscode/.local/lib/python3.10/site-packages/airflow/example_dags/example_task_group.py
[2024-12-25T15:15:09.553+0000] {logging_mixin.py:150} INFO - [2024-12-25T15:15:09.553+0000] {dag.py:2742} INFO - Sync 1 DAGs
[2024-12-25T15:15:09.567+0000] {logging_mixin.py:150} INFO - [2024-12-25T15:15:09.567+0000] {dag.py:3504} INFO - Setting next_dagrun for example_task_group to 2024-12-24T15:15:09.566851+00:00, run_after=2024-12-25T15:15:09.566851+00:00
[2024-12-25T15:15:09.581+0000] {processor.py:179} INFO - Processing /home/vscode/.local/lib/python3.10/site-packages/airflow/example_dags/example_task_group.py took 0.051 seconds
[2024-12-25T15:15:52.020+0000] {processor.py:157} INFO - Started process (PID=9217) to work on /home/vscode/.local/lib/python3.10/site-packages/airflow/example_dags/example_task_group.py
[2024-12-25T15:15:52.021+0000] {processor.py:826} INFO - Processing file /home/vscode/.local/lib/python3.10/site-packages/airflow/example_dags/example_task_group.py for tasks to queue
[2024-12-25T15:15:52.021+0000] {logging_mixin.py:150} INFO - [2024-12-25T15:15:52.021+0000] {dagbag.py:541} INFO - Filling up the DagBag from /home/vscode/.local/lib/python3.10/site-packages/airflow/example_dags/example_task_group.py
[2024-12-25T15:15:52.027+0000] {processor.py:836} INFO - DAG(s) dict_keys(['example_task_group']) retrieved from /home/vscode/.local/lib/python3.10/site-packages/airflow/example_dags/example_task_group.py
[2024-12-25T15:15:52.039+0000] {logging_mixin.py:150} INFO - [2024-12-25T15:15:52.039+0000] {dag.py:2742} INFO - Sync 1 DAGs
[2024-12-25T15:15:52.052+0000] {logging_mixin.py:150} INFO - [2024-12-25T15:15:52.052+0000] {dag.py:3504} INFO - Setting next_dagrun for example_task_group to 2024-12-24T15:15:52.052635+00:00, run_after=2024-12-25T15:15:52.052635+00:00
[2024-12-25T15:15:52.067+0000] {processor.py:179} INFO - Processing /home/vscode/.local/lib/python3.10/site-packages/airflow/example_dags/example_task_group.py took 0.049 seconds
[2024-12-25T15:16:39.541+0000] {processor.py:157} INFO - Started process (PID=9680) to work on /home/vscode/.local/lib/python3.10/site-packages/airflow/example_dags/example_task_group.py
[2024-12-25T15:16:39.541+0000] {processor.py:826} INFO - Processing file /home/vscode/.local/lib/python3.10/site-packages/airflow/example_dags/example_task_group.py for tasks to queue
[2024-12-25T15:16:39.542+0000] {logging_mixin.py:150} INFO - [2024-12-25T15:16:39.541+0000] {dagbag.py:541} INFO - Filling up the DagBag from /home/vscode/.local/lib/python3.10/site-packages/airflow/example_dags/example_task_group.py
[2024-12-25T15:16:39.547+0000] {processor.py:836} INFO - DAG(s) dict_keys(['example_task_group']) retrieved from /home/vscode/.local/lib/python3.10/site-packages/airflow/example_dags/example_task_group.py
[2024-12-25T15:16:39.559+0000] {logging_mixin.py:150} INFO - [2024-12-25T15:16:39.559+0000] {dag.py:2742} INFO - Sync 1 DAGs
[2024-12-25T15:16:39.573+0000] {logging_mixin.py:150} INFO - [2024-12-25T15:16:39.573+0000] {dag.py:3504} INFO - Setting next_dagrun for example_task_group to 2024-12-24T15:16:39.573464+00:00, run_after=2024-12-25T15:16:39.573464+00:00
[2024-12-25T15:16:39.589+0000] {processor.py:179} INFO - Processing /home/vscode/.local/lib/python3.10/site-packages/airflow/example_dags/example_task_group.py took 0.050 seconds
