[2024-12-25T15:13:55.747+0000] {processor.py:157} INFO - Started process (PID=8365) to work on /home/vscode/.local/lib/python3.10/site-packages/airflow/example_dags/example_dag_decorator.py
[2024-12-25T15:13:55.748+0000] {processor.py:826} INFO - Processing file /home/vscode/.local/lib/python3.10/site-packages/airflow/example_dags/example_dag_decorator.py for tasks to queue
[2024-12-25T15:13:55.749+0000] {logging_mixin.py:150} INFO - [2024-12-25T15:13:55.748+0000] {dagbag.py:541} INFO - Filling up the DagBag from /home/vscode/.local/lib/python3.10/site-packages/airflow/example_dags/example_dag_decorator.py
[2024-12-25T15:13:55.758+0000] {processor.py:836} INFO - DAG(s) dict_keys(['example_dag_decorator']) retrieved from /home/vscode/.local/lib/python3.10/site-packages/airflow/example_dags/example_dag_decorator.py
[2024-12-25T15:13:55.856+0000] {logging_mixin.py:150} INFO - [2024-12-25T15:13:55.856+0000] {manager.py:504} INFO - Created Permission View: can edit on DAG:example_dag_decorator
[2024-12-25T15:13:55.866+0000] {logging_mixin.py:150} INFO - [2024-12-25T15:13:55.865+0000] {manager.py:504} INFO - Created Permission View: can read on DAG:example_dag_decorator
[2024-12-25T15:13:55.872+0000] {logging_mixin.py:150} INFO - [2024-12-25T15:13:55.872+0000] {manager.py:504} INFO - Created Permission View: can delete on DAG:example_dag_decorator
[2024-12-25T15:13:55.888+0000] {logging_mixin.py:150} INFO - [2024-12-25T15:13:55.888+0000] {dag.py:2742} INFO - Sync 1 DAGs
[2024-12-25T15:13:55.907+0000] {logging_mixin.py:150} INFO - [2024-12-25T15:13:55.907+0000] {dag.py:2763} INFO - Creating ORM DAG for example_dag_decorator
[2024-12-25T15:13:55.925+0000] {logging_mixin.py:150} INFO - [2024-12-25T15:13:55.924+0000] {dag.py:3504} INFO - Setting next_dagrun for example_dag_decorator to None, run_after=None
[2024-12-25T15:13:55.968+0000] {processor.py:179} INFO - Processing /home/vscode/.local/lib/python3.10/site-packages/airflow/example_dags/example_dag_decorator.py took 0.224 seconds
[2024-12-25T15:14:42.652+0000] {processor.py:157} INFO - Started process (PID=8678) to work on /home/vscode/.local/lib/python3.10/site-packages/airflow/example_dags/example_dag_decorator.py
[2024-12-25T15:14:42.652+0000] {processor.py:826} INFO - Processing file /home/vscode/.local/lib/python3.10/site-packages/airflow/example_dags/example_dag_decorator.py for tasks to queue
[2024-12-25T15:14:42.653+0000] {logging_mixin.py:150} INFO - [2024-12-25T15:14:42.653+0000] {dagbag.py:541} INFO - Filling up the DagBag from /home/vscode/.local/lib/python3.10/site-packages/airflow/example_dags/example_dag_decorator.py
[2024-12-25T15:14:42.661+0000] {processor.py:836} INFO - DAG(s) dict_keys(['example_dag_decorator']) retrieved from /home/vscode/.local/lib/python3.10/site-packages/airflow/example_dags/example_dag_decorator.py
[2024-12-25T15:14:42.737+0000] {logging_mixin.py:150} INFO - [2024-12-25T15:14:42.737+0000] {dag.py:2742} INFO - Sync 1 DAGs
[2024-12-25T15:14:42.750+0000] {logging_mixin.py:150} INFO - [2024-12-25T15:14:42.750+0000] {dag.py:3504} INFO - Setting next_dagrun for example_dag_decorator to None, run_after=None
[2024-12-25T15:14:42.767+0000] {processor.py:179} INFO - Processing /home/vscode/.local/lib/python3.10/site-packages/airflow/example_dags/example_dag_decorator.py took 0.117 seconds
[2024-12-25T15:15:26.103+0000] {processor.py:157} INFO - Started process (PID=8988) to work on /home/vscode/.local/lib/python3.10/site-packages/airflow/example_dags/example_dag_decorator.py
[2024-12-25T15:15:26.104+0000] {processor.py:826} INFO - Processing file /home/vscode/.local/lib/python3.10/site-packages/airflow/example_dags/example_dag_decorator.py for tasks to queue
[2024-12-25T15:15:26.104+0000] {logging_mixin.py:150} INFO - [2024-12-25T15:15:26.104+0000] {dagbag.py:541} INFO - Filling up the DagBag from /home/vscode/.local/lib/python3.10/site-packages/airflow/example_dags/example_dag_decorator.py
[2024-12-25T15:15:26.113+0000] {processor.py:836} INFO - DAG(s) dict_keys(['example_dag_decorator']) retrieved from /home/vscode/.local/lib/python3.10/site-packages/airflow/example_dags/example_dag_decorator.py
[2024-12-25T15:15:26.188+0000] {logging_mixin.py:150} INFO - [2024-12-25T15:15:26.188+0000] {dag.py:2742} INFO - Sync 1 DAGs
[2024-12-25T15:15:26.200+0000] {logging_mixin.py:150} INFO - [2024-12-25T15:15:26.200+0000] {dag.py:3504} INFO - Setting next_dagrun for example_dag_decorator to None, run_after=None
[2024-12-25T15:15:26.215+0000] {processor.py:179} INFO - Processing /home/vscode/.local/lib/python3.10/site-packages/airflow/example_dags/example_dag_decorator.py took 0.114 seconds
[2024-12-25T15:16:16.873+0000] {processor.py:157} INFO - Started process (PID=9454) to work on /home/vscode/.local/lib/python3.10/site-packages/airflow/example_dags/example_dag_decorator.py
[2024-12-25T15:16:16.874+0000] {processor.py:826} INFO - Processing file /home/vscode/.local/lib/python3.10/site-packages/airflow/example_dags/example_dag_decorator.py for tasks to queue
[2024-12-25T15:16:16.874+0000] {logging_mixin.py:150} INFO - [2024-12-25T15:16:16.874+0000] {dagbag.py:541} INFO - Filling up the DagBag from /home/vscode/.local/lib/python3.10/site-packages/airflow/example_dags/example_dag_decorator.py
[2024-12-25T15:16:16.883+0000] {processor.py:836} INFO - DAG(s) dict_keys(['example_dag_decorator']) retrieved from /home/vscode/.local/lib/python3.10/site-packages/airflow/example_dags/example_dag_decorator.py
[2024-12-25T15:16:16.959+0000] {logging_mixin.py:150} INFO - [2024-12-25T15:16:16.959+0000] {dag.py:2742} INFO - Sync 1 DAGs
[2024-12-25T15:16:16.978+0000] {logging_mixin.py:150} INFO - [2024-12-25T15:16:16.977+0000] {dag.py:3504} INFO - Setting next_dagrun for example_dag_decorator to None, run_after=None
[2024-12-25T15:16:16.999+0000] {processor.py:179} INFO - Processing /home/vscode/.local/lib/python3.10/site-packages/airflow/example_dags/example_dag_decorator.py took 0.128 seconds
[2024-12-25T15:17:05.374+0000] {processor.py:157} INFO - Started process (PID=9939) to work on /home/vscode/.local/lib/python3.10/site-packages/airflow/example_dags/example_dag_decorator.py
[2024-12-25T15:17:05.374+0000] {processor.py:826} INFO - Processing file /home/vscode/.local/lib/python3.10/site-packages/airflow/example_dags/example_dag_decorator.py for tasks to queue
[2024-12-25T15:17:05.375+0000] {logging_mixin.py:150} INFO - [2024-12-25T15:17:05.374+0000] {dagbag.py:541} INFO - Filling up the DagBag from /home/vscode/.local/lib/python3.10/site-packages/airflow/example_dags/example_dag_decorator.py
[2024-12-25T15:17:05.383+0000] {processor.py:836} INFO - DAG(s) dict_keys(['example_dag_decorator']) retrieved from /home/vscode/.local/lib/python3.10/site-packages/airflow/example_dags/example_dag_decorator.py
[2024-12-25T15:17:05.462+0000] {logging_mixin.py:150} INFO - [2024-12-25T15:17:05.462+0000] {dag.py:2742} INFO - Sync 1 DAGs
[2024-12-25T15:17:05.479+0000] {logging_mixin.py:150} INFO - [2024-12-25T15:17:05.479+0000] {dag.py:3504} INFO - Setting next_dagrun for example_dag_decorator to None, run_after=None
[2024-12-25T15:17:05.499+0000] {processor.py:179} INFO - Processing /home/vscode/.local/lib/python3.10/site-packages/airflow/example_dags/example_dag_decorator.py took 0.128 seconds
[2024-12-25T15:17:50.387+0000] {processor.py:157} INFO - Started process (PID=10482) to work on /home/vscode/.local/lib/python3.10/site-packages/airflow/example_dags/example_dag_decorator.py
[2024-12-25T15:17:50.388+0000] {processor.py:826} INFO - Processing file /home/vscode/.local/lib/python3.10/site-packages/airflow/example_dags/example_dag_decorator.py for tasks to queue
[2024-12-25T15:17:50.388+0000] {logging_mixin.py:150} INFO - [2024-12-25T15:17:50.388+0000] {dagbag.py:541} INFO - Filling up the DagBag from /home/vscode/.local/lib/python3.10/site-packages/airflow/example_dags/example_dag_decorator.py
[2024-12-25T15:17:50.397+0000] {processor.py:836} INFO - DAG(s) dict_keys(['example_dag_decorator']) retrieved from /home/vscode/.local/lib/python3.10/site-packages/airflow/example_dags/example_dag_decorator.py
[2024-12-25T15:17:50.481+0000] {logging_mixin.py:150} INFO - [2024-12-25T15:17:50.481+0000] {dag.py:2742} INFO - Sync 1 DAGs
[2024-12-25T15:17:50.499+0000] {logging_mixin.py:150} INFO - [2024-12-25T15:17:50.499+0000] {dag.py:3504} INFO - Setting next_dagrun for example_dag_decorator to None, run_after=None
[2024-12-25T15:17:50.521+0000] {processor.py:179} INFO - Processing /home/vscode/.local/lib/python3.10/site-packages/airflow/example_dags/example_dag_decorator.py took 0.136 seconds
