[2024-12-25T15:14:05.037+0000] {processor.py:157} INFO - Started process (PID=8424) to work on /home/vscode/.local/lib/python3.10/site-packages/airflow/example_dags/example_dynamic_task_mapping.py
[2024-12-25T15:14:05.037+0000] {processor.py:826} INFO - Processing file /home/vscode/.local/lib/python3.10/site-packages/airflow/example_dags/example_dynamic_task_mapping.py for tasks to queue
[2024-12-25T15:14:05.038+0000] {logging_mixin.py:150} INFO - [2024-12-25T15:14:05.037+0000] {dagbag.py:541} INFO - Filling up the DagBag from /home/vscode/.local/lib/python3.10/site-packages/airflow/example_dags/example_dynamic_task_mapping.py
[2024-12-25T15:14:05.043+0000] {processor.py:836} INFO - DAG(s) dict_keys(['example_dynamic_task_mapping']) retrieved from /home/vscode/.local/lib/python3.10/site-packages/airflow/example_dags/example_dynamic_task_mapping.py
[2024-12-25T15:14:05.123+0000] {logging_mixin.py:150} INFO - [2024-12-25T15:14:05.123+0000] {manager.py:504} INFO - Created Permission View: can edit on DAG:example_dynamic_task_mapping
[2024-12-25T15:14:05.131+0000] {logging_mixin.py:150} INFO - [2024-12-25T15:14:05.131+0000] {manager.py:504} INFO - Created Permission View: can read on DAG:example_dynamic_task_mapping
[2024-12-25T15:14:05.137+0000] {logging_mixin.py:150} INFO - [2024-12-25T15:14:05.137+0000] {manager.py:504} INFO - Created Permission View: can delete on DAG:example_dynamic_task_mapping
[2024-12-25T15:14:05.145+0000] {logging_mixin.py:150} INFO - [2024-12-25T15:14:05.145+0000] {dag.py:2742} INFO - Sync 1 DAGs
[2024-12-25T15:14:05.152+0000] {logging_mixin.py:150} INFO - [2024-12-25T15:14:05.152+0000] {dag.py:2763} INFO - Creating ORM DAG for example_dynamic_task_mapping
[2024-12-25T15:14:05.158+0000] {logging_mixin.py:150} INFO - [2024-12-25T15:14:05.158+0000] {dag.py:3504} INFO - Setting next_dagrun for example_dynamic_task_mapping to 2022-03-04T00:00:00+00:00, run_after=2022-03-05T00:00:00+00:00
[2024-12-25T15:14:05.174+0000] {processor.py:179} INFO - Processing /home/vscode/.local/lib/python3.10/site-packages/airflow/example_dags/example_dynamic_task_mapping.py took 0.139 seconds
[2024-12-25T15:14:55.807+0000] {processor.py:157} INFO - Started process (PID=8785) to work on /home/vscode/.local/lib/python3.10/site-packages/airflow/example_dags/example_dynamic_task_mapping.py
[2024-12-25T15:14:55.808+0000] {processor.py:826} INFO - Processing file /home/vscode/.local/lib/python3.10/site-packages/airflow/example_dags/example_dynamic_task_mapping.py for tasks to queue
[2024-12-25T15:14:55.808+0000] {logging_mixin.py:150} INFO - [2024-12-25T15:14:55.808+0000] {dagbag.py:541} INFO - Filling up the DagBag from /home/vscode/.local/lib/python3.10/site-packages/airflow/example_dags/example_dynamic_task_mapping.py
[2024-12-25T15:14:55.814+0000] {processor.py:836} INFO - DAG(s) dict_keys(['example_dynamic_task_mapping']) retrieved from /home/vscode/.local/lib/python3.10/site-packages/airflow/example_dags/example_dynamic_task_mapping.py
[2024-12-25T15:14:55.825+0000] {logging_mixin.py:150} INFO - [2024-12-25T15:14:55.825+0000] {dag.py:2742} INFO - Sync 1 DAGs
[2024-12-25T15:14:55.847+0000] {logging_mixin.py:150} INFO - [2024-12-25T15:14:55.846+0000] {dag.py:3504} INFO - Setting next_dagrun for example_dynamic_task_mapping to 2022-03-04T00:00:00+00:00, run_after=2022-03-05T00:00:00+00:00
[2024-12-25T15:14:55.881+0000] {processor.py:179} INFO - Processing /home/vscode/.local/lib/python3.10/site-packages/airflow/example_dags/example_dynamic_task_mapping.py took 0.077 seconds
[2024-12-25T15:15:39.228+0000] {processor.py:157} INFO - Started process (PID=9101) to work on /home/vscode/.local/lib/python3.10/site-packages/airflow/example_dags/example_dynamic_task_mapping.py
[2024-12-25T15:15:39.228+0000] {processor.py:826} INFO - Processing file /home/vscode/.local/lib/python3.10/site-packages/airflow/example_dags/example_dynamic_task_mapping.py for tasks to queue
[2024-12-25T15:15:39.229+0000] {logging_mixin.py:150} INFO - [2024-12-25T15:15:39.229+0000] {dagbag.py:541} INFO - Filling up the DagBag from /home/vscode/.local/lib/python3.10/site-packages/airflow/example_dags/example_dynamic_task_mapping.py
[2024-12-25T15:15:39.234+0000] {processor.py:836} INFO - DAG(s) dict_keys(['example_dynamic_task_mapping']) retrieved from /home/vscode/.local/lib/python3.10/site-packages/airflow/example_dags/example_dynamic_task_mapping.py
[2024-12-25T15:15:39.244+0000] {logging_mixin.py:150} INFO - [2024-12-25T15:15:39.244+0000] {dag.py:2742} INFO - Sync 1 DAGs
[2024-12-25T15:15:39.259+0000] {logging_mixin.py:150} INFO - [2024-12-25T15:15:39.259+0000] {dag.py:3504} INFO - Setting next_dagrun for example_dynamic_task_mapping to 2022-03-04T00:00:00+00:00, run_after=2022-03-05T00:00:00+00:00
[2024-12-25T15:15:39.273+0000] {processor.py:179} INFO - Processing /home/vscode/.local/lib/python3.10/site-packages/airflow/example_dags/example_dynamic_task_mapping.py took 0.048 seconds
[2024-12-25T15:16:25.537+0000] {processor.py:157} INFO - Started process (PID=9543) to work on /home/vscode/.local/lib/python3.10/site-packages/airflow/example_dags/example_dynamic_task_mapping.py
[2024-12-25T15:16:25.538+0000] {processor.py:826} INFO - Processing file /home/vscode/.local/lib/python3.10/site-packages/airflow/example_dags/example_dynamic_task_mapping.py for tasks to queue
[2024-12-25T15:16:25.539+0000] {logging_mixin.py:150} INFO - [2024-12-25T15:16:25.538+0000] {dagbag.py:541} INFO - Filling up the DagBag from /home/vscode/.local/lib/python3.10/site-packages/airflow/example_dags/example_dynamic_task_mapping.py
[2024-12-25T15:16:25.544+0000] {processor.py:836} INFO - DAG(s) dict_keys(['example_dynamic_task_mapping']) retrieved from /home/vscode/.local/lib/python3.10/site-packages/airflow/example_dags/example_dynamic_task_mapping.py
[2024-12-25T15:16:25.555+0000] {logging_mixin.py:150} INFO - [2024-12-25T15:16:25.555+0000] {dag.py:2742} INFO - Sync 1 DAGs
[2024-12-25T15:16:25.568+0000] {logging_mixin.py:150} INFO - [2024-12-25T15:16:25.568+0000] {dag.py:3504} INFO - Setting next_dagrun for example_dynamic_task_mapping to 2022-03-04T00:00:00+00:00, run_after=2022-03-05T00:00:00+00:00
[2024-12-25T15:16:25.582+0000] {processor.py:179} INFO - Processing /home/vscode/.local/lib/python3.10/site-packages/airflow/example_dags/example_dynamic_task_mapping.py took 0.047 seconds
[2024-12-25T15:17:13.988+0000] {processor.py:157} INFO - Started process (PID=10036) to work on /home/vscode/.local/lib/python3.10/site-packages/airflow/example_dags/example_dynamic_task_mapping.py
[2024-12-25T15:17:13.988+0000] {processor.py:826} INFO - Processing file /home/vscode/.local/lib/python3.10/site-packages/airflow/example_dags/example_dynamic_task_mapping.py for tasks to queue
[2024-12-25T15:17:13.989+0000] {logging_mixin.py:150} INFO - [2024-12-25T15:17:13.989+0000] {dagbag.py:541} INFO - Filling up the DagBag from /home/vscode/.local/lib/python3.10/site-packages/airflow/example_dags/example_dynamic_task_mapping.py
[2024-12-25T15:17:13.994+0000] {processor.py:836} INFO - DAG(s) dict_keys(['example_dynamic_task_mapping']) retrieved from /home/vscode/.local/lib/python3.10/site-packages/airflow/example_dags/example_dynamic_task_mapping.py
[2024-12-25T15:17:14.004+0000] {logging_mixin.py:150} INFO - [2024-12-25T15:17:14.004+0000] {dag.py:2742} INFO - Sync 1 DAGs
[2024-12-25T15:17:14.018+0000] {logging_mixin.py:150} INFO - [2024-12-25T15:17:14.017+0000] {dag.py:3504} INFO - Setting next_dagrun for example_dynamic_task_mapping to 2022-03-04T00:00:00+00:00, run_after=2022-03-05T00:00:00+00:00
[2024-12-25T15:17:14.032+0000] {processor.py:179} INFO - Processing /home/vscode/.local/lib/python3.10/site-packages/airflow/example_dags/example_dynamic_task_mapping.py took 0.047 seconds
[2024-12-25T15:17:58.254+0000] {processor.py:157} INFO - Started process (PID=10559) to work on /home/vscode/.local/lib/python3.10/site-packages/airflow/example_dags/example_dynamic_task_mapping.py
[2024-12-25T15:17:58.254+0000] {processor.py:826} INFO - Processing file /home/vscode/.local/lib/python3.10/site-packages/airflow/example_dags/example_dynamic_task_mapping.py for tasks to queue
[2024-12-25T15:17:58.255+0000] {logging_mixin.py:150} INFO - [2024-12-25T15:17:58.255+0000] {dagbag.py:541} INFO - Filling up the DagBag from /home/vscode/.local/lib/python3.10/site-packages/airflow/example_dags/example_dynamic_task_mapping.py
[2024-12-25T15:17:58.260+0000] {processor.py:836} INFO - DAG(s) dict_keys(['example_dynamic_task_mapping']) retrieved from /home/vscode/.local/lib/python3.10/site-packages/airflow/example_dags/example_dynamic_task_mapping.py
[2024-12-25T15:17:58.271+0000] {logging_mixin.py:150} INFO - [2024-12-25T15:17:58.271+0000] {dag.py:2742} INFO - Sync 1 DAGs
[2024-12-25T15:17:58.284+0000] {logging_mixin.py:150} INFO - [2024-12-25T15:17:58.284+0000] {dag.py:3504} INFO - Setting next_dagrun for example_dynamic_task_mapping to 2022-03-04T00:00:00+00:00, run_after=2022-03-05T00:00:00+00:00
[2024-12-25T15:17:58.299+0000] {processor.py:179} INFO - Processing /home/vscode/.local/lib/python3.10/site-packages/airflow/example_dags/example_dynamic_task_mapping.py took 0.047 seconds
[2024-12-25T15:18:54.105+0000] {processor.py:157} INFO - Started process (PID=11161) to work on /home/vscode/.local/lib/python3.10/site-packages/airflow/example_dags/example_dynamic_task_mapping.py
[2024-12-25T15:18:54.106+0000] {processor.py:826} INFO - Processing file /home/vscode/.local/lib/python3.10/site-packages/airflow/example_dags/example_dynamic_task_mapping.py for tasks to queue
[2024-12-25T15:18:54.106+0000] {logging_mixin.py:150} INFO - [2024-12-25T15:18:54.106+0000] {dagbag.py:541} INFO - Filling up the DagBag from /home/vscode/.local/lib/python3.10/site-packages/airflow/example_dags/example_dynamic_task_mapping.py
[2024-12-25T15:18:54.111+0000] {processor.py:836} INFO - DAG(s) dict_keys(['example_dynamic_task_mapping']) retrieved from /home/vscode/.local/lib/python3.10/site-packages/airflow/example_dags/example_dynamic_task_mapping.py
[2024-12-25T15:18:54.122+0000] {logging_mixin.py:150} INFO - [2024-12-25T15:18:54.122+0000] {dag.py:2742} INFO - Sync 1 DAGs
[2024-12-25T15:18:54.135+0000] {logging_mixin.py:150} INFO - [2024-12-25T15:18:54.135+0000] {dag.py:3504} INFO - Setting next_dagrun for example_dynamic_task_mapping to 2022-03-04T00:00:00+00:00, run_after=2022-03-05T00:00:00+00:00
[2024-12-25T15:18:54.150+0000] {processor.py:179} INFO - Processing /home/vscode/.local/lib/python3.10/site-packages/airflow/example_dags/example_dynamic_task_mapping.py took 0.047 seconds
[2024-12-25T15:19:40.760+0000] {processor.py:157} INFO - Started process (PID=11689) to work on /home/vscode/.local/lib/python3.10/site-packages/airflow/example_dags/example_dynamic_task_mapping.py
[2024-12-25T15:19:40.761+0000] {processor.py:826} INFO - Processing file /home/vscode/.local/lib/python3.10/site-packages/airflow/example_dags/example_dynamic_task_mapping.py for tasks to queue
[2024-12-25T15:19:40.761+0000] {logging_mixin.py:150} INFO - [2024-12-25T15:19:40.761+0000] {dagbag.py:541} INFO - Filling up the DagBag from /home/vscode/.local/lib/python3.10/site-packages/airflow/example_dags/example_dynamic_task_mapping.py
[2024-12-25T15:19:40.767+0000] {processor.py:836} INFO - DAG(s) dict_keys(['example_dynamic_task_mapping']) retrieved from /home/vscode/.local/lib/python3.10/site-packages/airflow/example_dags/example_dynamic_task_mapping.py
[2024-12-25T15:19:40.778+0000] {logging_mixin.py:150} INFO - [2024-12-25T15:19:40.777+0000] {dag.py:2742} INFO - Sync 1 DAGs
[2024-12-25T15:19:40.792+0000] {logging_mixin.py:150} INFO - [2024-12-25T15:19:40.792+0000] {dag.py:3504} INFO - Setting next_dagrun for example_dynamic_task_mapping to 2022-03-04T00:00:00+00:00, run_after=2022-03-05T00:00:00+00:00
[2024-12-25T15:19:40.806+0000] {processor.py:179} INFO - Processing /home/vscode/.local/lib/python3.10/site-packages/airflow/example_dags/example_dynamic_task_mapping.py took 0.048 seconds
[2024-12-25T15:20:26.677+0000] {processor.py:157} INFO - Started process (PID=12176) to work on /home/vscode/.local/lib/python3.10/site-packages/airflow/example_dags/example_dynamic_task_mapping.py
[2024-12-25T15:20:26.677+0000] {processor.py:826} INFO - Processing file /home/vscode/.local/lib/python3.10/site-packages/airflow/example_dags/example_dynamic_task_mapping.py for tasks to queue
[2024-12-25T15:20:26.678+0000] {logging_mixin.py:150} INFO - [2024-12-25T15:20:26.678+0000] {dagbag.py:541} INFO - Filling up the DagBag from /home/vscode/.local/lib/python3.10/site-packages/airflow/example_dags/example_dynamic_task_mapping.py
[2024-12-25T15:20:26.683+0000] {processor.py:836} INFO - DAG(s) dict_keys(['example_dynamic_task_mapping']) retrieved from /home/vscode/.local/lib/python3.10/site-packages/airflow/example_dags/example_dynamic_task_mapping.py
[2024-12-25T15:20:26.694+0000] {logging_mixin.py:150} INFO - [2024-12-25T15:20:26.694+0000] {dag.py:2742} INFO - Sync 1 DAGs
[2024-12-25T15:20:26.714+0000] {logging_mixin.py:150} INFO - [2024-12-25T15:20:26.714+0000] {dag.py:3504} INFO - Setting next_dagrun for example_dynamic_task_mapping to 2022-03-04T00:00:00+00:00, run_after=2022-03-05T00:00:00+00:00
[2024-12-25T15:20:26.739+0000] {processor.py:179} INFO - Processing /home/vscode/.local/lib/python3.10/site-packages/airflow/example_dags/example_dynamic_task_mapping.py took 0.064 seconds
[2024-12-25T15:21:10.538+0000] {processor.py:157} INFO - Started process (PID=12650) to work on /home/vscode/.local/lib/python3.10/site-packages/airflow/example_dags/example_dynamic_task_mapping.py
[2024-12-25T15:21:10.538+0000] {processor.py:826} INFO - Processing file /home/vscode/.local/lib/python3.10/site-packages/airflow/example_dags/example_dynamic_task_mapping.py for tasks to queue
[2024-12-25T15:21:10.539+0000] {logging_mixin.py:150} INFO - [2024-12-25T15:21:10.538+0000] {dagbag.py:541} INFO - Filling up the DagBag from /home/vscode/.local/lib/python3.10/site-packages/airflow/example_dags/example_dynamic_task_mapping.py
[2024-12-25T15:21:10.545+0000] {processor.py:836} INFO - DAG(s) dict_keys(['example_dynamic_task_mapping']) retrieved from /home/vscode/.local/lib/python3.10/site-packages/airflow/example_dags/example_dynamic_task_mapping.py
[2024-12-25T15:21:10.555+0000] {logging_mixin.py:150} INFO - [2024-12-25T15:21:10.555+0000] {dag.py:2742} INFO - Sync 1 DAGs
[2024-12-25T15:21:10.569+0000] {logging_mixin.py:150} INFO - [2024-12-25T15:21:10.569+0000] {dag.py:3504} INFO - Setting next_dagrun for example_dynamic_task_mapping to 2022-03-04T00:00:00+00:00, run_after=2022-03-05T00:00:00+00:00
[2024-12-25T15:21:10.583+0000] {processor.py:179} INFO - Processing /home/vscode/.local/lib/python3.10/site-packages/airflow/example_dags/example_dynamic_task_mapping.py took 0.048 seconds
[2024-12-25T15:22:00.796+0000] {processor.py:157} INFO - Started process (PID=13232) to work on /home/vscode/.local/lib/python3.10/site-packages/airflow/example_dags/example_dynamic_task_mapping.py
[2024-12-25T15:22:00.796+0000] {processor.py:826} INFO - Processing file /home/vscode/.local/lib/python3.10/site-packages/airflow/example_dags/example_dynamic_task_mapping.py for tasks to queue
[2024-12-25T15:22:00.797+0000] {logging_mixin.py:150} INFO - [2024-12-25T15:22:00.797+0000] {dagbag.py:541} INFO - Filling up the DagBag from /home/vscode/.local/lib/python3.10/site-packages/airflow/example_dags/example_dynamic_task_mapping.py
[2024-12-25T15:22:00.803+0000] {processor.py:836} INFO - DAG(s) dict_keys(['example_dynamic_task_mapping']) retrieved from /home/vscode/.local/lib/python3.10/site-packages/airflow/example_dags/example_dynamic_task_mapping.py
[2024-12-25T15:22:00.813+0000] {logging_mixin.py:150} INFO - [2024-12-25T15:22:00.813+0000] {dag.py:2742} INFO - Sync 1 DAGs
[2024-12-25T15:22:00.827+0000] {logging_mixin.py:150} INFO - [2024-12-25T15:22:00.827+0000] {dag.py:3504} INFO - Setting next_dagrun for example_dynamic_task_mapping to 2022-03-04T00:00:00+00:00, run_after=2022-03-05T00:00:00+00:00
[2024-12-25T15:22:00.841+0000] {processor.py:179} INFO - Processing /home/vscode/.local/lib/python3.10/site-packages/airflow/example_dags/example_dynamic_task_mapping.py took 0.047 seconds
[2024-12-25T15:22:57.342+0000] {processor.py:157} INFO - Started process (PID=13833) to work on /home/vscode/.local/lib/python3.10/site-packages/airflow/example_dags/example_dynamic_task_mapping.py
[2024-12-25T15:22:57.343+0000] {processor.py:826} INFO - Processing file /home/vscode/.local/lib/python3.10/site-packages/airflow/example_dags/example_dynamic_task_mapping.py for tasks to queue
[2024-12-25T15:22:57.343+0000] {logging_mixin.py:150} INFO - [2024-12-25T15:22:57.343+0000] {dagbag.py:541} INFO - Filling up the DagBag from /home/vscode/.local/lib/python3.10/site-packages/airflow/example_dags/example_dynamic_task_mapping.py
[2024-12-25T15:22:57.348+0000] {processor.py:836} INFO - DAG(s) dict_keys(['example_dynamic_task_mapping']) retrieved from /home/vscode/.local/lib/python3.10/site-packages/airflow/example_dags/example_dynamic_task_mapping.py
[2024-12-25T15:22:57.362+0000] {logging_mixin.py:150} INFO - [2024-12-25T15:22:57.362+0000] {dag.py:2742} INFO - Sync 1 DAGs
[2024-12-25T15:22:57.383+0000] {logging_mixin.py:150} INFO - [2024-12-25T15:22:57.383+0000] {dag.py:3504} INFO - Setting next_dagrun for example_dynamic_task_mapping to 2022-03-04T00:00:00+00:00, run_after=2022-03-05T00:00:00+00:00
[2024-12-25T15:22:57.402+0000] {processor.py:179} INFO - Processing /home/vscode/.local/lib/python3.10/site-packages/airflow/example_dags/example_dynamic_task_mapping.py took 0.062 seconds
