[2024-12-25T15:13:52.967+0000] {processor.py:157} INFO - Started process (PID=8346) to work on /home/vscode/.local/lib/python3.10/site-packages/airflow/example_dags/example_sensor_decorator.py
[2024-12-25T15:13:52.968+0000] {processor.py:826} INFO - Processing file /home/vscode/.local/lib/python3.10/site-packages/airflow/example_dags/example_sensor_decorator.py for tasks to queue
[2024-12-25T15:13:52.968+0000] {logging_mixin.py:150} INFO - [2024-12-25T15:13:52.968+0000] {dagbag.py:541} INFO - Filling up the DagBag from /home/vscode/.local/lib/python3.10/site-packages/airflow/example_dags/example_sensor_decorator.py
[2024-12-25T15:13:52.972+0000] {processor.py:836} INFO - DAG(s) dict_keys(['example_sensor_decorator']) retrieved from /home/vscode/.local/lib/python3.10/site-packages/airflow/example_dags/example_sensor_decorator.py
[2024-12-25T15:13:53.046+0000] {logging_mixin.py:150} INFO - [2024-12-25T15:13:53.045+0000] {manager.py:504} INFO - Created Permission View: can edit on DAG:example_sensor_decorator
[2024-12-25T15:13:53.055+0000] {logging_mixin.py:150} INFO - [2024-12-25T15:13:53.055+0000] {manager.py:504} INFO - Created Permission View: can read on DAG:example_sensor_decorator
[2024-12-25T15:13:53.061+0000] {logging_mixin.py:150} INFO - [2024-12-25T15:13:53.061+0000] {manager.py:504} INFO - Created Permission View: can delete on DAG:example_sensor_decorator
[2024-12-25T15:13:53.069+0000] {logging_mixin.py:150} INFO - [2024-12-25T15:13:53.068+0000] {dag.py:2742} INFO - Sync 1 DAGs
[2024-12-25T15:13:53.075+0000] {logging_mixin.py:150} INFO - [2024-12-25T15:13:53.075+0000] {dag.py:2763} INFO - Creating ORM DAG for example_sensor_decorator
[2024-12-25T15:13:53.082+0000] {logging_mixin.py:150} INFO - [2024-12-25T15:13:53.082+0000] {dag.py:3504} INFO - Setting next_dagrun for example_sensor_decorator to None, run_after=None
[2024-12-25T15:13:53.099+0000] {processor.py:179} INFO - Processing /home/vscode/.local/lib/python3.10/site-packages/airflow/example_dags/example_sensor_decorator.py took 0.134 seconds
[2024-12-25T15:14:39.807+0000] {processor.py:157} INFO - Started process (PID=8666) to work on /home/vscode/.local/lib/python3.10/site-packages/airflow/example_dags/example_sensor_decorator.py
[2024-12-25T15:14:39.808+0000] {processor.py:826} INFO - Processing file /home/vscode/.local/lib/python3.10/site-packages/airflow/example_dags/example_sensor_decorator.py for tasks to queue
[2024-12-25T15:14:39.808+0000] {logging_mixin.py:150} INFO - [2024-12-25T15:14:39.808+0000] {dagbag.py:541} INFO - Filling up the DagBag from /home/vscode/.local/lib/python3.10/site-packages/airflow/example_dags/example_sensor_decorator.py
[2024-12-25T15:14:39.814+0000] {processor.py:836} INFO - DAG(s) dict_keys(['example_sensor_decorator']) retrieved from /home/vscode/.local/lib/python3.10/site-packages/airflow/example_dags/example_sensor_decorator.py
[2024-12-25T15:14:39.826+0000] {logging_mixin.py:150} INFO - [2024-12-25T15:14:39.826+0000] {dag.py:2742} INFO - Sync 1 DAGs
[2024-12-25T15:14:39.841+0000] {logging_mixin.py:150} INFO - [2024-12-25T15:14:39.840+0000] {dag.py:3504} INFO - Setting next_dagrun for example_sensor_decorator to None, run_after=None
[2024-12-25T15:14:39.856+0000] {processor.py:179} INFO - Processing /home/vscode/.local/lib/python3.10/site-packages/airflow/example_dags/example_sensor_decorator.py took 0.051 seconds
[2024-12-25T15:15:23.248+0000] {processor.py:157} INFO - Started process (PID=8963) to work on /home/vscode/.local/lib/python3.10/site-packages/airflow/example_dags/example_sensor_decorator.py
[2024-12-25T15:15:23.249+0000] {processor.py:826} INFO - Processing file /home/vscode/.local/lib/python3.10/site-packages/airflow/example_dags/example_sensor_decorator.py for tasks to queue
[2024-12-25T15:15:23.249+0000] {logging_mixin.py:150} INFO - [2024-12-25T15:15:23.249+0000] {dagbag.py:541} INFO - Filling up the DagBag from /home/vscode/.local/lib/python3.10/site-packages/airflow/example_dags/example_sensor_decorator.py
[2024-12-25T15:15:23.253+0000] {processor.py:836} INFO - DAG(s) dict_keys(['example_sensor_decorator']) retrieved from /home/vscode/.local/lib/python3.10/site-packages/airflow/example_dags/example_sensor_decorator.py
[2024-12-25T15:15:23.265+0000] {logging_mixin.py:150} INFO - [2024-12-25T15:15:23.264+0000] {dag.py:2742} INFO - Sync 1 DAGs
[2024-12-25T15:15:23.278+0000] {logging_mixin.py:150} INFO - [2024-12-25T15:15:23.278+0000] {dag.py:3504} INFO - Setting next_dagrun for example_sensor_decorator to None, run_after=None
[2024-12-25T15:15:23.293+0000] {processor.py:179} INFO - Processing /home/vscode/.local/lib/python3.10/site-packages/airflow/example_dags/example_sensor_decorator.py took 0.048 seconds
[2024-12-25T15:16:09.028+0000] {processor.py:157} INFO - Started process (PID=9385) to work on /home/vscode/.local/lib/python3.10/site-packages/airflow/example_dags/example_sensor_decorator.py
[2024-12-25T15:16:09.029+0000] {processor.py:826} INFO - Processing file /home/vscode/.local/lib/python3.10/site-packages/airflow/example_dags/example_sensor_decorator.py for tasks to queue
[2024-12-25T15:16:09.029+0000] {logging_mixin.py:150} INFO - [2024-12-25T15:16:09.029+0000] {dagbag.py:541} INFO - Filling up the DagBag from /home/vscode/.local/lib/python3.10/site-packages/airflow/example_dags/example_sensor_decorator.py
[2024-12-25T15:16:09.036+0000] {processor.py:836} INFO - DAG(s) dict_keys(['example_sensor_decorator']) retrieved from /home/vscode/.local/lib/python3.10/site-packages/airflow/example_dags/example_sensor_decorator.py
[2024-12-25T15:16:09.050+0000] {logging_mixin.py:150} INFO - [2024-12-25T15:16:09.049+0000] {dag.py:2742} INFO - Sync 1 DAGs
[2024-12-25T15:16:09.064+0000] {logging_mixin.py:150} INFO - [2024-12-25T15:16:09.063+0000] {dag.py:3504} INFO - Setting next_dagrun for example_sensor_decorator to None, run_after=None
[2024-12-25T15:16:09.079+0000] {processor.py:179} INFO - Processing /home/vscode/.local/lib/python3.10/site-packages/airflow/example_dags/example_sensor_decorator.py took 0.053 seconds
[2024-12-25T15:16:57.399+0000] {processor.py:157} INFO - Started process (PID=9851) to work on /home/vscode/.local/lib/python3.10/site-packages/airflow/example_dags/example_sensor_decorator.py
[2024-12-25T15:16:57.399+0000] {processor.py:826} INFO - Processing file /home/vscode/.local/lib/python3.10/site-packages/airflow/example_dags/example_sensor_decorator.py for tasks to queue
[2024-12-25T15:16:57.400+0000] {logging_mixin.py:150} INFO - [2024-12-25T15:16:57.400+0000] {dagbag.py:541} INFO - Filling up the DagBag from /home/vscode/.local/lib/python3.10/site-packages/airflow/example_dags/example_sensor_decorator.py
[2024-12-25T15:16:57.404+0000] {processor.py:836} INFO - DAG(s) dict_keys(['example_sensor_decorator']) retrieved from /home/vscode/.local/lib/python3.10/site-packages/airflow/example_dags/example_sensor_decorator.py
[2024-12-25T15:16:57.415+0000] {logging_mixin.py:150} INFO - [2024-12-25T15:16:57.415+0000] {dag.py:2742} INFO - Sync 1 DAGs
[2024-12-25T15:16:57.428+0000] {logging_mixin.py:150} INFO - [2024-12-25T15:16:57.428+0000] {dag.py:3504} INFO - Setting next_dagrun for example_sensor_decorator to None, run_after=None
[2024-12-25T15:16:57.444+0000] {processor.py:179} INFO - Processing /home/vscode/.local/lib/python3.10/site-packages/airflow/example_dags/example_sensor_decorator.py took 0.047 seconds
[2024-12-25T15:17:42.491+0000] {processor.py:157} INFO - Started process (PID=10398) to work on /home/vscode/.local/lib/python3.10/site-packages/airflow/example_dags/example_sensor_decorator.py
[2024-12-25T15:17:42.492+0000] {processor.py:826} INFO - Processing file /home/vscode/.local/lib/python3.10/site-packages/airflow/example_dags/example_sensor_decorator.py for tasks to queue
[2024-12-25T15:17:42.493+0000] {logging_mixin.py:150} INFO - [2024-12-25T15:17:42.492+0000] {dagbag.py:541} INFO - Filling up the DagBag from /home/vscode/.local/lib/python3.10/site-packages/airflow/example_dags/example_sensor_decorator.py
[2024-12-25T15:17:42.497+0000] {processor.py:836} INFO - DAG(s) dict_keys(['example_sensor_decorator']) retrieved from /home/vscode/.local/lib/python3.10/site-packages/airflow/example_dags/example_sensor_decorator.py
[2024-12-25T15:17:42.508+0000] {logging_mixin.py:150} INFO - [2024-12-25T15:17:42.508+0000] {dag.py:2742} INFO - Sync 1 DAGs
[2024-12-25T15:17:42.522+0000] {logging_mixin.py:150} INFO - [2024-12-25T15:17:42.522+0000] {dag.py:3504} INFO - Setting next_dagrun for example_sensor_decorator to None, run_after=None
[2024-12-25T15:17:42.537+0000] {processor.py:179} INFO - Processing /home/vscode/.local/lib/python3.10/site-packages/airflow/example_dags/example_sensor_decorator.py took 0.048 seconds
[2024-12-25T15:18:25.981+0000] {processor.py:157} INFO - Started process (PID=10875) to work on /home/vscode/.local/lib/python3.10/site-packages/airflow/example_dags/example_sensor_decorator.py
[2024-12-25T15:18:25.981+0000] {processor.py:826} INFO - Processing file /home/vscode/.local/lib/python3.10/site-packages/airflow/example_dags/example_sensor_decorator.py for tasks to queue
[2024-12-25T15:18:25.982+0000] {logging_mixin.py:150} INFO - [2024-12-25T15:18:25.982+0000] {dagbag.py:541} INFO - Filling up the DagBag from /home/vscode/.local/lib/python3.10/site-packages/airflow/example_dags/example_sensor_decorator.py
[2024-12-25T15:18:25.986+0000] {processor.py:836} INFO - DAG(s) dict_keys(['example_sensor_decorator']) retrieved from /home/vscode/.local/lib/python3.10/site-packages/airflow/example_dags/example_sensor_decorator.py
[2024-12-25T15:18:25.998+0000] {logging_mixin.py:150} INFO - [2024-12-25T15:18:25.998+0000] {dag.py:2742} INFO - Sync 1 DAGs
[2024-12-25T15:18:26.013+0000] {logging_mixin.py:150} INFO - [2024-12-25T15:18:26.012+0000] {dag.py:3504} INFO - Setting next_dagrun for example_sensor_decorator to None, run_after=None
[2024-12-25T15:18:26.030+0000] {processor.py:179} INFO - Processing /home/vscode/.local/lib/python3.10/site-packages/airflow/example_dags/example_sensor_decorator.py took 0.052 seconds
[2024-12-25T15:19:16.386+0000] {processor.py:157} INFO - Started process (PID=11439) to work on /home/vscode/.local/lib/python3.10/site-packages/airflow/example_dags/example_sensor_decorator.py
[2024-12-25T15:19:16.386+0000] {processor.py:826} INFO - Processing file /home/vscode/.local/lib/python3.10/site-packages/airflow/example_dags/example_sensor_decorator.py for tasks to queue
[2024-12-25T15:19:16.387+0000] {logging_mixin.py:150} INFO - [2024-12-25T15:19:16.387+0000] {dagbag.py:541} INFO - Filling up the DagBag from /home/vscode/.local/lib/python3.10/site-packages/airflow/example_dags/example_sensor_decorator.py
[2024-12-25T15:19:16.391+0000] {processor.py:836} INFO - DAG(s) dict_keys(['example_sensor_decorator']) retrieved from /home/vscode/.local/lib/python3.10/site-packages/airflow/example_dags/example_sensor_decorator.py
[2024-12-25T15:19:16.402+0000] {logging_mixin.py:150} INFO - [2024-12-25T15:19:16.402+0000] {dag.py:2742} INFO - Sync 1 DAGs
[2024-12-25T15:19:16.416+0000] {logging_mixin.py:150} INFO - [2024-12-25T15:19:16.416+0000] {dag.py:3504} INFO - Setting next_dagrun for example_sensor_decorator to None, run_after=None
[2024-12-25T15:19:16.431+0000] {processor.py:179} INFO - Processing /home/vscode/.local/lib/python3.10/site-packages/airflow/example_dags/example_sensor_decorator.py took 0.048 seconds
[2024-12-25T15:20:00.914+0000] {processor.py:157} INFO - Started process (PID=11888) to work on /home/vscode/.local/lib/python3.10/site-packages/airflow/example_dags/example_sensor_decorator.py
[2024-12-25T15:20:00.914+0000] {processor.py:826} INFO - Processing file /home/vscode/.local/lib/python3.10/site-packages/airflow/example_dags/example_sensor_decorator.py for tasks to queue
[2024-12-25T15:20:00.915+0000] {logging_mixin.py:150} INFO - [2024-12-25T15:20:00.915+0000] {dagbag.py:541} INFO - Filling up the DagBag from /home/vscode/.local/lib/python3.10/site-packages/airflow/example_dags/example_sensor_decorator.py
[2024-12-25T15:20:00.919+0000] {processor.py:836} INFO - DAG(s) dict_keys(['example_sensor_decorator']) retrieved from /home/vscode/.local/lib/python3.10/site-packages/airflow/example_dags/example_sensor_decorator.py
[2024-12-25T15:20:00.931+0000] {logging_mixin.py:150} INFO - [2024-12-25T15:20:00.931+0000] {dag.py:2742} INFO - Sync 1 DAGs
[2024-12-25T15:20:00.945+0000] {logging_mixin.py:150} INFO - [2024-12-25T15:20:00.944+0000] {dag.py:3504} INFO - Setting next_dagrun for example_sensor_decorator to None, run_after=None
[2024-12-25T15:20:00.960+0000] {processor.py:179} INFO - Processing /home/vscode/.local/lib/python3.10/site-packages/airflow/example_dags/example_sensor_decorator.py took 0.048 seconds
[2024-12-25T15:20:48.942+0000] {processor.py:157} INFO - Started process (PID=12400) to work on /home/vscode/.local/lib/python3.10/site-packages/airflow/example_dags/example_sensor_decorator.py
[2024-12-25T15:20:48.942+0000] {processor.py:826} INFO - Processing file /home/vscode/.local/lib/python3.10/site-packages/airflow/example_dags/example_sensor_decorator.py for tasks to queue
[2024-12-25T15:20:48.943+0000] {logging_mixin.py:150} INFO - [2024-12-25T15:20:48.943+0000] {dagbag.py:541} INFO - Filling up the DagBag from /home/vscode/.local/lib/python3.10/site-packages/airflow/example_dags/example_sensor_decorator.py
[2024-12-25T15:20:48.948+0000] {processor.py:836} INFO - DAG(s) dict_keys(['example_sensor_decorator']) retrieved from /home/vscode/.local/lib/python3.10/site-packages/airflow/example_dags/example_sensor_decorator.py
[2024-12-25T15:20:48.959+0000] {logging_mixin.py:150} INFO - [2024-12-25T15:20:48.959+0000] {dag.py:2742} INFO - Sync 1 DAGs
[2024-12-25T15:20:48.973+0000] {logging_mixin.py:150} INFO - [2024-12-25T15:20:48.973+0000] {dag.py:3504} INFO - Setting next_dagrun for example_sensor_decorator to None, run_after=None
[2024-12-25T15:20:48.987+0000] {processor.py:179} INFO - Processing /home/vscode/.local/lib/python3.10/site-packages/airflow/example_dags/example_sensor_decorator.py took 0.048 seconds
