[2024-12-25T15:14:01.108+0000] {processor.py:157} INFO - Started process (PID=8399) to work on /home/vscode/.local/lib/python3.10/site-packages/airflow/example_dags/example_datasets.py
[2024-12-25T15:14:01.108+0000] {processor.py:826} INFO - Processing file /home/vscode/.local/lib/python3.10/site-packages/airflow/example_dags/example_datasets.py for tasks to queue
[2024-12-25T15:14:01.109+0000] {logging_mixin.py:150} INFO - [2024-12-25T15:14:01.108+0000] {dagbag.py:541} INFO - Filling up the DagBag from /home/vscode/.local/lib/python3.10/site-packages/airflow/example_dags/example_datasets.py
[2024-12-25T15:14:01.115+0000] {processor.py:836} INFO - DAG(s) dict_keys(['dataset_produces_2', 'dataset_consumes_1_and_2', 'dataset_produces_1', 'dataset_consumes_1', 'dataset_consumes_1_never_scheduled', 'dataset_consumes_unknown_never_scheduled']) retrieved from /home/vscode/.local/lib/python3.10/site-packages/airflow/example_dags/example_datasets.py
[2024-12-25T15:14:01.192+0000] {logging_mixin.py:150} INFO - [2024-12-25T15:14:01.192+0000] {manager.py:504} INFO - Created Permission View: can edit on DAG:dataset_produces_2
[2024-12-25T15:14:01.200+0000] {logging_mixin.py:150} INFO - [2024-12-25T15:14:01.200+0000] {manager.py:504} INFO - Created Permission View: can read on DAG:dataset_produces_2
[2024-12-25T15:14:01.220+0000] {logging_mixin.py:150} INFO - [2024-12-25T15:14:01.220+0000] {manager.py:504} INFO - Created Permission View: can delete on DAG:dataset_produces_2
[2024-12-25T15:14:01.245+0000] {logging_mixin.py:150} INFO - [2024-12-25T15:14:01.245+0000] {manager.py:504} INFO - Created Permission View: can edit on DAG:dataset_consumes_1_and_2
[2024-12-25T15:14:01.252+0000] {logging_mixin.py:150} INFO - [2024-12-25T15:14:01.252+0000] {manager.py:504} INFO - Created Permission View: can read on DAG:dataset_consumes_1_and_2
[2024-12-25T15:14:01.258+0000] {logging_mixin.py:150} INFO - [2024-12-25T15:14:01.258+0000] {manager.py:504} INFO - Created Permission View: can delete on DAG:dataset_consumes_1_and_2
[2024-12-25T15:14:01.273+0000] {logging_mixin.py:150} INFO - [2024-12-25T15:14:01.273+0000] {manager.py:504} INFO - Created Permission View: can edit on DAG:dataset_produces_1
[2024-12-25T15:14:01.280+0000] {logging_mixin.py:150} INFO - [2024-12-25T15:14:01.280+0000] {manager.py:504} INFO - Created Permission View: can read on DAG:dataset_produces_1
[2024-12-25T15:14:01.285+0000] {logging_mixin.py:150} INFO - [2024-12-25T15:14:01.285+0000] {manager.py:504} INFO - Created Permission View: can delete on DAG:dataset_produces_1
[2024-12-25T15:14:01.303+0000] {logging_mixin.py:150} INFO - [2024-12-25T15:14:01.303+0000] {manager.py:504} INFO - Created Permission View: can edit on DAG:dataset_consumes_1
[2024-12-25T15:14:01.309+0000] {logging_mixin.py:150} INFO - [2024-12-25T15:14:01.309+0000] {manager.py:504} INFO - Created Permission View: can read on DAG:dataset_consumes_1
[2024-12-25T15:14:01.316+0000] {logging_mixin.py:150} INFO - [2024-12-25T15:14:01.315+0000] {manager.py:504} INFO - Created Permission View: can delete on DAG:dataset_consumes_1
[2024-12-25T15:14:01.333+0000] {logging_mixin.py:150} INFO - [2024-12-25T15:14:01.333+0000] {manager.py:504} INFO - Created Permission View: can edit on DAG:dataset_consumes_1_never_scheduled
[2024-12-25T15:14:01.340+0000] {logging_mixin.py:150} INFO - [2024-12-25T15:14:01.340+0000] {manager.py:504} INFO - Created Permission View: can read on DAG:dataset_consumes_1_never_scheduled
[2024-12-25T15:14:01.347+0000] {logging_mixin.py:150} INFO - [2024-12-25T15:14:01.346+0000] {manager.py:504} INFO - Created Permission View: can delete on DAG:dataset_consumes_1_never_scheduled
[2024-12-25T15:14:01.363+0000] {logging_mixin.py:150} INFO - [2024-12-25T15:14:01.363+0000] {manager.py:504} INFO - Created Permission View: can edit on DAG:dataset_consumes_unknown_never_scheduled
[2024-12-25T15:14:01.369+0000] {logging_mixin.py:150} INFO - [2024-12-25T15:14:01.369+0000] {manager.py:504} INFO - Created Permission View: can read on DAG:dataset_consumes_unknown_never_scheduled
[2024-12-25T15:14:01.375+0000] {logging_mixin.py:150} INFO - [2024-12-25T15:14:01.375+0000] {manager.py:504} INFO - Created Permission View: can delete on DAG:dataset_consumes_unknown_never_scheduled
[2024-12-25T15:14:01.378+0000] {logging_mixin.py:150} INFO - [2024-12-25T15:14:01.378+0000] {dag.py:2742} INFO - Sync 6 DAGs
[2024-12-25T15:14:01.387+0000] {logging_mixin.py:150} INFO - [2024-12-25T15:14:01.387+0000] {dag.py:2763} INFO - Creating ORM DAG for dataset_produces_2
[2024-12-25T15:14:01.388+0000] {logging_mixin.py:150} INFO - [2024-12-25T15:14:01.388+0000] {dag.py:2763} INFO - Creating ORM DAG for dataset_produces_1
[2024-12-25T15:14:01.388+0000] {logging_mixin.py:150} INFO - [2024-12-25T15:14:01.388+0000] {dag.py:2763} INFO - Creating ORM DAG for dataset_consumes_1_never_scheduled
[2024-12-25T15:14:01.389+0000] {logging_mixin.py:150} INFO - [2024-12-25T15:14:01.388+0000] {dag.py:2763} INFO - Creating ORM DAG for dataset_consumes_1_and_2
[2024-12-25T15:14:01.389+0000] {logging_mixin.py:150} INFO - [2024-12-25T15:14:01.389+0000] {dag.py:2763} INFO - Creating ORM DAG for dataset_consumes_1
[2024-12-25T15:14:01.390+0000] {logging_mixin.py:150} INFO - [2024-12-25T15:14:01.389+0000] {dag.py:2763} INFO - Creating ORM DAG for dataset_consumes_unknown_never_scheduled
[2024-12-25T15:14:01.399+0000] {logging_mixin.py:150} INFO - [2024-12-25T15:14:01.399+0000] {dag.py:3504} INFO - Setting next_dagrun for dataset_consumes_1 to None, run_after=None
[2024-12-25T15:14:01.399+0000] {logging_mixin.py:150} INFO - [2024-12-25T15:14:01.399+0000] {dag.py:3504} INFO - Setting next_dagrun for dataset_consumes_1_and_2 to None, run_after=None
[2024-12-25T15:14:01.400+0000] {logging_mixin.py:150} INFO - [2024-12-25T15:14:01.400+0000] {dag.py:3504} INFO - Setting next_dagrun for dataset_consumes_1_never_scheduled to None, run_after=None
[2024-12-25T15:14:01.400+0000] {logging_mixin.py:150} INFO - [2024-12-25T15:14:01.400+0000] {dag.py:3504} INFO - Setting next_dagrun for dataset_consumes_unknown_never_scheduled to None, run_after=None
[2024-12-25T15:14:01.403+0000] {logging_mixin.py:150} INFO - [2024-12-25T15:14:01.403+0000] {dag.py:3504} INFO - Setting next_dagrun for dataset_produces_1 to 2024-12-24T00:00:00+00:00, run_after=2024-12-25T00:00:00+00:00
[2024-12-25T15:14:01.403+0000] {logging_mixin.py:150} INFO - [2024-12-25T15:14:01.403+0000] {dag.py:3504} INFO - Setting next_dagrun for dataset_produces_2 to None, run_after=None
[2024-12-25T15:14:01.441+0000] {processor.py:179} INFO - Processing /home/vscode/.local/lib/python3.10/site-packages/airflow/example_dags/example_datasets.py took 0.335 seconds
[2024-12-25T15:14:53.067+0000] {processor.py:157} INFO - Started process (PID=8756) to work on /home/vscode/.local/lib/python3.10/site-packages/airflow/example_dags/example_datasets.py
[2024-12-25T15:14:53.068+0000] {processor.py:826} INFO - Processing file /home/vscode/.local/lib/python3.10/site-packages/airflow/example_dags/example_datasets.py for tasks to queue
[2024-12-25T15:14:53.069+0000] {logging_mixin.py:150} INFO - [2024-12-25T15:14:53.068+0000] {dagbag.py:541} INFO - Filling up the DagBag from /home/vscode/.local/lib/python3.10/site-packages/airflow/example_dags/example_datasets.py
[2024-12-25T15:14:53.075+0000] {processor.py:836} INFO - DAG(s) dict_keys(['dataset_consumes_1_never_scheduled', 'dataset_produces_2', 'dataset_consumes_1_and_2', 'dataset_produces_1', 'dataset_consumes_1', 'dataset_consumes_unknown_never_scheduled']) retrieved from /home/vscode/.local/lib/python3.10/site-packages/airflow/example_dags/example_datasets.py
[2024-12-25T15:14:53.095+0000] {logging_mixin.py:150} INFO - [2024-12-25T15:14:53.095+0000] {dag.py:2742} INFO - Sync 6 DAGs
[2024-12-25T15:14:53.111+0000] {logging_mixin.py:150} INFO - [2024-12-25T15:14:53.111+0000] {dag.py:3504} INFO - Setting next_dagrun for dataset_consumes_1 to None, run_after=None
[2024-12-25T15:14:53.114+0000] {logging_mixin.py:150} INFO - [2024-12-25T15:14:53.114+0000] {dag.py:3504} INFO - Setting next_dagrun for dataset_consumes_1_and_2 to None, run_after=None
[2024-12-25T15:14:53.115+0000] {logging_mixin.py:150} INFO - [2024-12-25T15:14:53.115+0000] {dag.py:3504} INFO - Setting next_dagrun for dataset_consumes_1_never_scheduled to None, run_after=None
[2024-12-25T15:14:53.116+0000] {logging_mixin.py:150} INFO - [2024-12-25T15:14:53.115+0000] {dag.py:3504} INFO - Setting next_dagrun for dataset_consumes_unknown_never_scheduled to None, run_after=None
[2024-12-25T15:14:53.118+0000] {logging_mixin.py:150} INFO - [2024-12-25T15:14:53.118+0000] {dag.py:3504} INFO - Setting next_dagrun for dataset_produces_1 to 2024-12-24T00:00:00+00:00, run_after=2024-12-25T00:00:00+00:00
[2024-12-25T15:14:53.119+0000] {logging_mixin.py:150} INFO - [2024-12-25T15:14:53.119+0000] {dag.py:3504} INFO - Setting next_dagrun for dataset_produces_2 to None, run_after=None
[2024-12-25T15:14:53.148+0000] {processor.py:179} INFO - Processing /home/vscode/.local/lib/python3.10/site-packages/airflow/example_dags/example_datasets.py took 0.082 seconds
[2024-12-25T15:15:36.338+0000] {processor.py:157} INFO - Started process (PID=9069) to work on /home/vscode/.local/lib/python3.10/site-packages/airflow/example_dags/example_datasets.py
[2024-12-25T15:15:36.338+0000] {processor.py:826} INFO - Processing file /home/vscode/.local/lib/python3.10/site-packages/airflow/example_dags/example_datasets.py for tasks to queue
[2024-12-25T15:15:36.339+0000] {logging_mixin.py:150} INFO - [2024-12-25T15:15:36.339+0000] {dagbag.py:541} INFO - Filling up the DagBag from /home/vscode/.local/lib/python3.10/site-packages/airflow/example_dags/example_datasets.py
[2024-12-25T15:15:36.346+0000] {processor.py:836} INFO - DAG(s) dict_keys(['dataset_consumes_1_and_2', 'dataset_produces_1', 'dataset_consumes_unknown_never_scheduled', 'dataset_consumes_1_never_scheduled', 'dataset_produces_2', 'dataset_consumes_1']) retrieved from /home/vscode/.local/lib/python3.10/site-packages/airflow/example_dags/example_datasets.py
[2024-12-25T15:15:36.366+0000] {logging_mixin.py:150} INFO - [2024-12-25T15:15:36.366+0000] {dag.py:2742} INFO - Sync 6 DAGs
[2024-12-25T15:15:36.380+0000] {logging_mixin.py:150} INFO - [2024-12-25T15:15:36.380+0000] {dag.py:3504} INFO - Setting next_dagrun for dataset_consumes_1 to None, run_after=None
[2024-12-25T15:15:36.382+0000] {logging_mixin.py:150} INFO - [2024-12-25T15:15:36.382+0000] {dag.py:3504} INFO - Setting next_dagrun for dataset_consumes_1_and_2 to None, run_after=None
[2024-12-25T15:15:36.383+0000] {logging_mixin.py:150} INFO - [2024-12-25T15:15:36.382+0000] {dag.py:3504} INFO - Setting next_dagrun for dataset_consumes_1_never_scheduled to None, run_after=None
[2024-12-25T15:15:36.383+0000] {logging_mixin.py:150} INFO - [2024-12-25T15:15:36.383+0000] {dag.py:3504} INFO - Setting next_dagrun for dataset_consumes_unknown_never_scheduled to None, run_after=None
[2024-12-25T15:15:36.385+0000] {logging_mixin.py:150} INFO - [2024-12-25T15:15:36.385+0000] {dag.py:3504} INFO - Setting next_dagrun for dataset_produces_1 to 2024-12-24T00:00:00+00:00, run_after=2024-12-25T00:00:00+00:00
[2024-12-25T15:15:36.386+0000] {logging_mixin.py:150} INFO - [2024-12-25T15:15:36.385+0000] {dag.py:3504} INFO - Setting next_dagrun for dataset_produces_2 to None, run_after=None
[2024-12-25T15:15:36.407+0000] {processor.py:179} INFO - Processing /home/vscode/.local/lib/python3.10/site-packages/airflow/example_dags/example_datasets.py took 0.071 seconds
[2024-12-25T15:16:22.701+0000] {processor.py:157} INFO - Started process (PID=9513) to work on /home/vscode/.local/lib/python3.10/site-packages/airflow/example_dags/example_datasets.py
[2024-12-25T15:16:22.701+0000] {processor.py:826} INFO - Processing file /home/vscode/.local/lib/python3.10/site-packages/airflow/example_dags/example_datasets.py for tasks to queue
[2024-12-25T15:16:22.702+0000] {logging_mixin.py:150} INFO - [2024-12-25T15:16:22.702+0000] {dagbag.py:541} INFO - Filling up the DagBag from /home/vscode/.local/lib/python3.10/site-packages/airflow/example_dags/example_datasets.py
[2024-12-25T15:16:22.709+0000] {processor.py:836} INFO - DAG(s) dict_keys(['dataset_consumes_1_and_2', 'dataset_produces_2', 'dataset_consumes_unknown_never_scheduled', 'dataset_produces_1', 'dataset_consumes_1_never_scheduled', 'dataset_consumes_1']) retrieved from /home/vscode/.local/lib/python3.10/site-packages/airflow/example_dags/example_datasets.py
[2024-12-25T15:16:22.729+0000] {logging_mixin.py:150} INFO - [2024-12-25T15:16:22.729+0000] {dag.py:2742} INFO - Sync 6 DAGs
[2024-12-25T15:16:22.744+0000] {logging_mixin.py:150} INFO - [2024-12-25T15:16:22.744+0000] {dag.py:3504} INFO - Setting next_dagrun for dataset_consumes_1 to None, run_after=None
[2024-12-25T15:16:22.746+0000] {logging_mixin.py:150} INFO - [2024-12-25T15:16:22.746+0000] {dag.py:3504} INFO - Setting next_dagrun for dataset_consumes_1_and_2 to None, run_after=None
[2024-12-25T15:16:22.746+0000] {logging_mixin.py:150} INFO - [2024-12-25T15:16:22.746+0000] {dag.py:3504} INFO - Setting next_dagrun for dataset_consumes_1_never_scheduled to None, run_after=None
[2024-12-25T15:16:22.747+0000] {logging_mixin.py:150} INFO - [2024-12-25T15:16:22.747+0000] {dag.py:3504} INFO - Setting next_dagrun for dataset_consumes_unknown_never_scheduled to None, run_after=None
[2024-12-25T15:16:22.749+0000] {logging_mixin.py:150} INFO - [2024-12-25T15:16:22.749+0000] {dag.py:3504} INFO - Setting next_dagrun for dataset_produces_1 to 2024-12-24T00:00:00+00:00, run_after=2024-12-25T00:00:00+00:00
[2024-12-25T15:16:22.749+0000] {logging_mixin.py:150} INFO - [2024-12-25T15:16:22.749+0000] {dag.py:3504} INFO - Setting next_dagrun for dataset_produces_2 to None, run_after=None
[2024-12-25T15:16:22.770+0000] {processor.py:179} INFO - Processing /home/vscode/.local/lib/python3.10/site-packages/airflow/example_dags/example_datasets.py took 0.072 seconds
[2024-12-25T15:17:10.978+0000] {processor.py:157} INFO - Started process (PID=9996) to work on /home/vscode/.local/lib/python3.10/site-packages/airflow/example_dags/example_datasets.py
[2024-12-25T15:17:10.978+0000] {processor.py:826} INFO - Processing file /home/vscode/.local/lib/python3.10/site-packages/airflow/example_dags/example_datasets.py for tasks to queue
[2024-12-25T15:17:10.979+0000] {logging_mixin.py:150} INFO - [2024-12-25T15:17:10.979+0000] {dagbag.py:541} INFO - Filling up the DagBag from /home/vscode/.local/lib/python3.10/site-packages/airflow/example_dags/example_datasets.py
[2024-12-25T15:17:10.985+0000] {processor.py:836} INFO - DAG(s) dict_keys(['dataset_produces_1', 'dataset_produces_2', 'dataset_consumes_1', 'dataset_consumes_unknown_never_scheduled', 'dataset_consumes_1_and_2', 'dataset_consumes_1_never_scheduled']) retrieved from /home/vscode/.local/lib/python3.10/site-packages/airflow/example_dags/example_datasets.py
[2024-12-25T15:17:11.006+0000] {logging_mixin.py:150} INFO - [2024-12-25T15:17:11.006+0000] {dag.py:2742} INFO - Sync 6 DAGs
[2024-12-25T15:17:11.021+0000] {logging_mixin.py:150} INFO - [2024-12-25T15:17:11.020+0000] {dag.py:3504} INFO - Setting next_dagrun for dataset_consumes_1 to None, run_after=None
[2024-12-25T15:17:11.023+0000] {logging_mixin.py:150} INFO - [2024-12-25T15:17:11.023+0000] {dag.py:3504} INFO - Setting next_dagrun for dataset_consumes_1_and_2 to None, run_after=None
[2024-12-25T15:17:11.024+0000] {logging_mixin.py:150} INFO - [2024-12-25T15:17:11.024+0000] {dag.py:3504} INFO - Setting next_dagrun for dataset_consumes_1_never_scheduled to None, run_after=None
[2024-12-25T15:17:11.024+0000] {logging_mixin.py:150} INFO - [2024-12-25T15:17:11.024+0000] {dag.py:3504} INFO - Setting next_dagrun for dataset_consumes_unknown_never_scheduled to None, run_after=None
[2024-12-25T15:17:11.026+0000] {logging_mixin.py:150} INFO - [2024-12-25T15:17:11.026+0000] {dag.py:3504} INFO - Setting next_dagrun for dataset_produces_1 to 2024-12-24T00:00:00+00:00, run_after=2024-12-25T00:00:00+00:00
[2024-12-25T15:17:11.027+0000] {logging_mixin.py:150} INFO - [2024-12-25T15:17:11.027+0000] {dag.py:3504} INFO - Setting next_dagrun for dataset_produces_2 to None, run_after=None
[2024-12-25T15:17:11.048+0000] {processor.py:179} INFO - Processing /home/vscode/.local/lib/python3.10/site-packages/airflow/example_dags/example_datasets.py took 0.073 seconds
[2024-12-25T15:17:56.233+0000] {processor.py:157} INFO - Started process (PID=10542) to work on /home/vscode/.local/lib/python3.10/site-packages/airflow/example_dags/example_datasets.py
[2024-12-25T15:17:56.234+0000] {processor.py:826} INFO - Processing file /home/vscode/.local/lib/python3.10/site-packages/airflow/example_dags/example_datasets.py for tasks to queue
[2024-12-25T15:17:56.235+0000] {logging_mixin.py:150} INFO - [2024-12-25T15:17:56.234+0000] {dagbag.py:541} INFO - Filling up the DagBag from /home/vscode/.local/lib/python3.10/site-packages/airflow/example_dags/example_datasets.py
[2024-12-25T15:17:56.241+0000] {processor.py:836} INFO - DAG(s) dict_keys(['dataset_produces_2', 'dataset_consumes_unknown_never_scheduled', 'dataset_consumes_1', 'dataset_produces_1', 'dataset_consumes_1_never_scheduled', 'dataset_consumes_1_and_2']) retrieved from /home/vscode/.local/lib/python3.10/site-packages/airflow/example_dags/example_datasets.py
[2024-12-25T15:17:56.261+0000] {logging_mixin.py:150} INFO - [2024-12-25T15:17:56.261+0000] {dag.py:2742} INFO - Sync 6 DAGs
[2024-12-25T15:17:56.276+0000] {logging_mixin.py:150} INFO - [2024-12-25T15:17:56.276+0000] {dag.py:3504} INFO - Setting next_dagrun for dataset_consumes_1 to None, run_after=None
[2024-12-25T15:17:56.278+0000] {logging_mixin.py:150} INFO - [2024-12-25T15:17:56.278+0000] {dag.py:3504} INFO - Setting next_dagrun for dataset_consumes_1_and_2 to None, run_after=None
[2024-12-25T15:17:56.279+0000] {logging_mixin.py:150} INFO - [2024-12-25T15:17:56.279+0000] {dag.py:3504} INFO - Setting next_dagrun for dataset_consumes_1_never_scheduled to None, run_after=None
[2024-12-25T15:17:56.279+0000] {logging_mixin.py:150} INFO - [2024-12-25T15:17:56.279+0000] {dag.py:3504} INFO - Setting next_dagrun for dataset_consumes_unknown_never_scheduled to None, run_after=None
[2024-12-25T15:17:56.282+0000] {logging_mixin.py:150} INFO - [2024-12-25T15:17:56.282+0000] {dag.py:3504} INFO - Setting next_dagrun for dataset_produces_1 to 2024-12-24T00:00:00+00:00, run_after=2024-12-25T00:00:00+00:00
[2024-12-25T15:17:56.282+0000] {logging_mixin.py:150} INFO - [2024-12-25T15:17:56.282+0000] {dag.py:3504} INFO - Setting next_dagrun for dataset_produces_2 to None, run_after=None
[2024-12-25T15:17:56.303+0000] {processor.py:179} INFO - Processing /home/vscode/.local/lib/python3.10/site-packages/airflow/example_dags/example_datasets.py took 0.072 seconds
[2024-12-25T15:18:38.805+0000] {processor.py:157} INFO - Started process (PID=11021) to work on /home/vscode/.local/lib/python3.10/site-packages/airflow/example_dags/example_datasets.py
[2024-12-25T15:18:38.806+0000] {processor.py:826} INFO - Processing file /home/vscode/.local/lib/python3.10/site-packages/airflow/example_dags/example_datasets.py for tasks to queue
[2024-12-25T15:18:38.807+0000] {logging_mixin.py:150} INFO - [2024-12-25T15:18:38.806+0000] {dagbag.py:541} INFO - Filling up the DagBag from /home/vscode/.local/lib/python3.10/site-packages/airflow/example_dags/example_datasets.py
[2024-12-25T15:18:38.814+0000] {processor.py:836} INFO - DAG(s) dict_keys(['dataset_consumes_unknown_never_scheduled', 'dataset_consumes_1_never_scheduled', 'dataset_produces_1', 'dataset_consumes_1', 'dataset_consumes_1_and_2', 'dataset_produces_2']) retrieved from /home/vscode/.local/lib/python3.10/site-packages/airflow/example_dags/example_datasets.py
[2024-12-25T15:18:38.844+0000] {logging_mixin.py:150} INFO - [2024-12-25T15:18:38.844+0000] {dag.py:2742} INFO - Sync 6 DAGs
[2024-12-25T15:18:38.869+0000] {logging_mixin.py:150} INFO - [2024-12-25T15:18:38.869+0000] {dag.py:3504} INFO - Setting next_dagrun for dataset_consumes_1 to None, run_after=None
[2024-12-25T15:18:38.872+0000] {logging_mixin.py:150} INFO - [2024-12-25T15:18:38.872+0000] {dag.py:3504} INFO - Setting next_dagrun for dataset_consumes_1_and_2 to None, run_after=None
[2024-12-25T15:18:38.873+0000] {logging_mixin.py:150} INFO - [2024-12-25T15:18:38.873+0000] {dag.py:3504} INFO - Setting next_dagrun for dataset_consumes_1_never_scheduled to None, run_after=None
[2024-12-25T15:18:38.879+0000] {logging_mixin.py:150} INFO - [2024-12-25T15:18:38.879+0000] {dag.py:3504} INFO - Setting next_dagrun for dataset_consumes_unknown_never_scheduled to None, run_after=None
[2024-12-25T15:18:38.882+0000] {logging_mixin.py:150} INFO - [2024-12-25T15:18:38.882+0000] {dag.py:3504} INFO - Setting next_dagrun for dataset_produces_1 to 2024-12-24T00:00:00+00:00, run_after=2024-12-25T00:00:00+00:00
[2024-12-25T15:18:38.883+0000] {logging_mixin.py:150} INFO - [2024-12-25T15:18:38.883+0000] {dag.py:3504} INFO - Setting next_dagrun for dataset_produces_2 to None, run_after=None
[2024-12-25T15:18:38.913+0000] {processor.py:179} INFO - Processing /home/vscode/.local/lib/python3.10/site-packages/airflow/example_dags/example_datasets.py took 0.110 seconds
[2024-12-25T15:19:24.957+0000] {processor.py:157} INFO - Started process (PID=11530) to work on /home/vscode/.local/lib/python3.10/site-packages/airflow/example_dags/example_datasets.py
[2024-12-25T15:19:24.966+0000] {processor.py:826} INFO - Processing file /home/vscode/.local/lib/python3.10/site-packages/airflow/example_dags/example_datasets.py for tasks to queue
[2024-12-25T15:19:24.967+0000] {logging_mixin.py:150} INFO - [2024-12-25T15:19:24.967+0000] {dagbag.py:541} INFO - Filling up the DagBag from /home/vscode/.local/lib/python3.10/site-packages/airflow/example_dags/example_datasets.py
[2024-12-25T15:19:24.975+0000] {processor.py:836} INFO - DAG(s) dict_keys(['dataset_consumes_unknown_never_scheduled', 'dataset_produces_2', 'dataset_consumes_1_and_2', 'dataset_produces_1', 'dataset_consumes_1', 'dataset_consumes_1_never_scheduled']) retrieved from /home/vscode/.local/lib/python3.10/site-packages/airflow/example_dags/example_datasets.py
[2024-12-25T15:19:24.996+0000] {logging_mixin.py:150} INFO - [2024-12-25T15:19:24.996+0000] {dag.py:2742} INFO - Sync 6 DAGs
[2024-12-25T15:19:25.010+0000] {logging_mixin.py:150} INFO - [2024-12-25T15:19:25.010+0000] {dag.py:3504} INFO - Setting next_dagrun for dataset_consumes_1 to None, run_after=None
[2024-12-25T15:19:25.013+0000] {logging_mixin.py:150} INFO - [2024-12-25T15:19:25.012+0000] {dag.py:3504} INFO - Setting next_dagrun for dataset_consumes_1_and_2 to None, run_after=None
[2024-12-25T15:19:25.013+0000] {logging_mixin.py:150} INFO - [2024-12-25T15:19:25.013+0000] {dag.py:3504} INFO - Setting next_dagrun for dataset_consumes_1_never_scheduled to None, run_after=None
[2024-12-25T15:19:25.014+0000] {logging_mixin.py:150} INFO - [2024-12-25T15:19:25.014+0000] {dag.py:3504} INFO - Setting next_dagrun for dataset_consumes_unknown_never_scheduled to None, run_after=None
[2024-12-25T15:19:25.016+0000] {logging_mixin.py:150} INFO - [2024-12-25T15:19:25.016+0000] {dag.py:3504} INFO - Setting next_dagrun for dataset_produces_1 to 2024-12-24T00:00:00+00:00, run_after=2024-12-25T00:00:00+00:00
[2024-12-25T15:19:25.016+0000] {logging_mixin.py:150} INFO - [2024-12-25T15:19:25.016+0000] {dag.py:3504} INFO - Setting next_dagrun for dataset_produces_2 to None, run_after=None
[2024-12-25T15:19:25.037+0000] {processor.py:179} INFO - Processing /home/vscode/.local/lib/python3.10/site-packages/airflow/example_dags/example_datasets.py took 0.083 seconds
[2024-12-25T15:20:08.897+0000] {processor.py:157} INFO - Started process (PID=11959) to work on /home/vscode/.local/lib/python3.10/site-packages/airflow/example_dags/example_datasets.py
[2024-12-25T15:20:08.898+0000] {processor.py:826} INFO - Processing file /home/vscode/.local/lib/python3.10/site-packages/airflow/example_dags/example_datasets.py for tasks to queue
[2024-12-25T15:20:08.899+0000] {logging_mixin.py:150} INFO - [2024-12-25T15:20:08.898+0000] {dagbag.py:541} INFO - Filling up the DagBag from /home/vscode/.local/lib/python3.10/site-packages/airflow/example_dags/example_datasets.py
[2024-12-25T15:20:08.905+0000] {processor.py:836} INFO - DAG(s) dict_keys(['dataset_produces_1', 'dataset_produces_2', 'dataset_consumes_1_and_2', 'dataset_consumes_unknown_never_scheduled', 'dataset_consumes_1_never_scheduled', 'dataset_consumes_1']) retrieved from /home/vscode/.local/lib/python3.10/site-packages/airflow/example_dags/example_datasets.py
[2024-12-25T15:20:08.925+0000] {logging_mixin.py:150} INFO - [2024-12-25T15:20:08.925+0000] {dag.py:2742} INFO - Sync 6 DAGs
[2024-12-25T15:20:08.939+0000] {logging_mixin.py:150} INFO - [2024-12-25T15:20:08.939+0000] {dag.py:3504} INFO - Setting next_dagrun for dataset_consumes_1 to None, run_after=None
[2024-12-25T15:20:08.941+0000] {logging_mixin.py:150} INFO - [2024-12-25T15:20:08.941+0000] {dag.py:3504} INFO - Setting next_dagrun for dataset_consumes_1_and_2 to None, run_after=None
[2024-12-25T15:20:08.942+0000] {logging_mixin.py:150} INFO - [2024-12-25T15:20:08.942+0000] {dag.py:3504} INFO - Setting next_dagrun for dataset_consumes_1_never_scheduled to None, run_after=None
[2024-12-25T15:20:08.943+0000] {logging_mixin.py:150} INFO - [2024-12-25T15:20:08.943+0000] {dag.py:3504} INFO - Setting next_dagrun for dataset_consumes_unknown_never_scheduled to None, run_after=None
[2024-12-25T15:20:08.944+0000] {logging_mixin.py:150} INFO - [2024-12-25T15:20:08.944+0000] {dag.py:3504} INFO - Setting next_dagrun for dataset_produces_1 to 2024-12-24T00:00:00+00:00, run_after=2024-12-25T00:00:00+00:00
[2024-12-25T15:20:08.945+0000] {logging_mixin.py:150} INFO - [2024-12-25T15:20:08.945+0000] {dag.py:3504} INFO - Setting next_dagrun for dataset_produces_2 to None, run_after=None
[2024-12-25T15:20:08.966+0000] {processor.py:179} INFO - Processing /home/vscode/.local/lib/python3.10/site-packages/airflow/example_dags/example_datasets.py took 0.071 seconds
[2024-12-25T15:20:56.378+0000] {processor.py:157} INFO - Started process (PID=12497) to work on /home/vscode/.local/lib/python3.10/site-packages/airflow/example_dags/example_datasets.py
[2024-12-25T15:20:56.378+0000] {processor.py:826} INFO - Processing file /home/vscode/.local/lib/python3.10/site-packages/airflow/example_dags/example_datasets.py for tasks to queue
[2024-12-25T15:20:56.379+0000] {logging_mixin.py:150} INFO - [2024-12-25T15:20:56.379+0000] {dagbag.py:541} INFO - Filling up the DagBag from /home/vscode/.local/lib/python3.10/site-packages/airflow/example_dags/example_datasets.py
[2024-12-25T15:20:56.386+0000] {processor.py:836} INFO - DAG(s) dict_keys(['dataset_consumes_1', 'dataset_produces_1', 'dataset_consumes_1_and_2', 'dataset_consumes_1_never_scheduled', 'dataset_consumes_unknown_never_scheduled', 'dataset_produces_2']) retrieved from /home/vscode/.local/lib/python3.10/site-packages/airflow/example_dags/example_datasets.py
[2024-12-25T15:20:56.405+0000] {logging_mixin.py:150} INFO - [2024-12-25T15:20:56.405+0000] {dag.py:2742} INFO - Sync 6 DAGs
[2024-12-25T15:20:56.420+0000] {logging_mixin.py:150} INFO - [2024-12-25T15:20:56.420+0000] {dag.py:3504} INFO - Setting next_dagrun for dataset_consumes_1 to None, run_after=None
[2024-12-25T15:20:56.423+0000] {logging_mixin.py:150} INFO - [2024-12-25T15:20:56.423+0000] {dag.py:3504} INFO - Setting next_dagrun for dataset_consumes_1_and_2 to None, run_after=None
[2024-12-25T15:20:56.423+0000] {logging_mixin.py:150} INFO - [2024-12-25T15:20:56.423+0000] {dag.py:3504} INFO - Setting next_dagrun for dataset_consumes_1_never_scheduled to None, run_after=None
[2024-12-25T15:20:56.424+0000] {logging_mixin.py:150} INFO - [2024-12-25T15:20:56.424+0000] {dag.py:3504} INFO - Setting next_dagrun for dataset_consumes_unknown_never_scheduled to None, run_after=None
[2024-12-25T15:20:56.426+0000] {logging_mixin.py:150} INFO - [2024-12-25T15:20:56.426+0000] {dag.py:3504} INFO - Setting next_dagrun for dataset_produces_1 to 2024-12-24T00:00:00+00:00, run_after=2024-12-25T00:00:00+00:00
[2024-12-25T15:20:56.426+0000] {logging_mixin.py:150} INFO - [2024-12-25T15:20:56.426+0000] {dag.py:3504} INFO - Setting next_dagrun for dataset_produces_2 to None, run_after=None
[2024-12-25T15:20:56.448+0000] {processor.py:179} INFO - Processing /home/vscode/.local/lib/python3.10/site-packages/airflow/example_dags/example_datasets.py took 0.072 seconds
[2024-12-25T15:21:43.365+0000] {processor.py:157} INFO - Started process (PID=13030) to work on /home/vscode/.local/lib/python3.10/site-packages/airflow/example_dags/example_datasets.py
[2024-12-25T15:21:43.365+0000] {processor.py:826} INFO - Processing file /home/vscode/.local/lib/python3.10/site-packages/airflow/example_dags/example_datasets.py for tasks to queue
[2024-12-25T15:21:43.366+0000] {logging_mixin.py:150} INFO - [2024-12-25T15:21:43.366+0000] {dagbag.py:541} INFO - Filling up the DagBag from /home/vscode/.local/lib/python3.10/site-packages/airflow/example_dags/example_datasets.py
[2024-12-25T15:21:43.373+0000] {processor.py:836} INFO - DAG(s) dict_keys(['dataset_consumes_1_never_scheduled', 'dataset_consumes_unknown_never_scheduled', 'dataset_produces_2', 'dataset_produces_1', 'dataset_consumes_1', 'dataset_consumes_1_and_2']) retrieved from /home/vscode/.local/lib/python3.10/site-packages/airflow/example_dags/example_datasets.py
[2024-12-25T15:21:43.392+0000] {logging_mixin.py:150} INFO - [2024-12-25T15:21:43.392+0000] {dag.py:2742} INFO - Sync 6 DAGs
[2024-12-25T15:21:43.406+0000] {logging_mixin.py:150} INFO - [2024-12-25T15:21:43.406+0000] {dag.py:3504} INFO - Setting next_dagrun for dataset_consumes_1 to None, run_after=None
[2024-12-25T15:21:43.408+0000] {logging_mixin.py:150} INFO - [2024-12-25T15:21:43.408+0000] {dag.py:3504} INFO - Setting next_dagrun for dataset_consumes_1_and_2 to None, run_after=None
[2024-12-25T15:21:43.409+0000] {logging_mixin.py:150} INFO - [2024-12-25T15:21:43.409+0000] {dag.py:3504} INFO - Setting next_dagrun for dataset_consumes_1_never_scheduled to None, run_after=None
[2024-12-25T15:21:43.410+0000] {logging_mixin.py:150} INFO - [2024-12-25T15:21:43.410+0000] {dag.py:3504} INFO - Setting next_dagrun for dataset_consumes_unknown_never_scheduled to None, run_after=None
[2024-12-25T15:21:43.411+0000] {logging_mixin.py:150} INFO - [2024-12-25T15:21:43.411+0000] {dag.py:3504} INFO - Setting next_dagrun for dataset_produces_1 to 2024-12-24T00:00:00+00:00, run_after=2024-12-25T00:00:00+00:00
[2024-12-25T15:21:43.412+0000] {logging_mixin.py:150} INFO - [2024-12-25T15:21:43.412+0000] {dag.py:3504} INFO - Setting next_dagrun for dataset_produces_2 to None, run_after=None
[2024-12-25T15:21:43.434+0000] {processor.py:179} INFO - Processing /home/vscode/.local/lib/python3.10/site-packages/airflow/example_dags/example_datasets.py took 0.072 seconds
[2024-12-25T15:22:28.790+0000] {processor.py:157} INFO - Started process (PID=13529) to work on /home/vscode/.local/lib/python3.10/site-packages/airflow/example_dags/example_datasets.py
[2024-12-25T15:22:28.791+0000] {processor.py:826} INFO - Processing file /home/vscode/.local/lib/python3.10/site-packages/airflow/example_dags/example_datasets.py for tasks to queue
[2024-12-25T15:22:28.792+0000] {logging_mixin.py:150} INFO - [2024-12-25T15:22:28.791+0000] {dagbag.py:541} INFO - Filling up the DagBag from /home/vscode/.local/lib/python3.10/site-packages/airflow/example_dags/example_datasets.py
[2024-12-25T15:22:28.798+0000] {processor.py:836} INFO - DAG(s) dict_keys(['dataset_produces_1', 'dataset_consumes_unknown_never_scheduled', 'dataset_produces_2', 'dataset_consumes_1_never_scheduled', 'dataset_consumes_1', 'dataset_consumes_1_and_2']) retrieved from /home/vscode/.local/lib/python3.10/site-packages/airflow/example_dags/example_datasets.py
[2024-12-25T15:22:28.818+0000] {logging_mixin.py:150} INFO - [2024-12-25T15:22:28.818+0000] {dag.py:2742} INFO - Sync 6 DAGs
[2024-12-25T15:22:28.833+0000] {logging_mixin.py:150} INFO - [2024-12-25T15:22:28.833+0000] {dag.py:3504} INFO - Setting next_dagrun for dataset_consumes_1 to None, run_after=None
[2024-12-25T15:22:28.835+0000] {logging_mixin.py:150} INFO - [2024-12-25T15:22:28.835+0000] {dag.py:3504} INFO - Setting next_dagrun for dataset_consumes_1_and_2 to None, run_after=None
[2024-12-25T15:22:28.836+0000] {logging_mixin.py:150} INFO - [2024-12-25T15:22:28.836+0000] {dag.py:3504} INFO - Setting next_dagrun for dataset_consumes_1_never_scheduled to None, run_after=None
[2024-12-25T15:22:28.836+0000] {logging_mixin.py:150} INFO - [2024-12-25T15:22:28.836+0000] {dag.py:3504} INFO - Setting next_dagrun for dataset_consumes_unknown_never_scheduled to None, run_after=None
[2024-12-25T15:22:28.838+0000] {logging_mixin.py:150} INFO - [2024-12-25T15:22:28.838+0000] {dag.py:3504} INFO - Setting next_dagrun for dataset_produces_1 to 2024-12-24T00:00:00+00:00, run_after=2024-12-25T00:00:00+00:00
[2024-12-25T15:22:28.839+0000] {logging_mixin.py:150} INFO - [2024-12-25T15:22:28.839+0000] {dag.py:3504} INFO - Setting next_dagrun for dataset_produces_2 to None, run_after=None
[2024-12-25T15:22:28.861+0000] {processor.py:179} INFO - Processing /home/vscode/.local/lib/python3.10/site-packages/airflow/example_dags/example_datasets.py took 0.073 seconds
[2024-12-25T15:23:13.426+0000] {processor.py:157} INFO - Started process (PID=14023) to work on /home/vscode/.local/lib/python3.10/site-packages/airflow/example_dags/example_datasets.py
[2024-12-25T15:23:13.427+0000] {processor.py:826} INFO - Processing file /home/vscode/.local/lib/python3.10/site-packages/airflow/example_dags/example_datasets.py for tasks to queue
[2024-12-25T15:23:13.428+0000] {logging_mixin.py:150} INFO - [2024-12-25T15:23:13.427+0000] {dagbag.py:541} INFO - Filling up the DagBag from /home/vscode/.local/lib/python3.10/site-packages/airflow/example_dags/example_datasets.py
[2024-12-25T15:23:13.435+0000] {processor.py:836} INFO - DAG(s) dict_keys(['dataset_consumes_unknown_never_scheduled', 'dataset_produces_2', 'dataset_consumes_1_never_scheduled', 'dataset_consumes_1', 'dataset_produces_1', 'dataset_consumes_1_and_2']) retrieved from /home/vscode/.local/lib/python3.10/site-packages/airflow/example_dags/example_datasets.py
[2024-12-25T15:23:13.455+0000] {logging_mixin.py:150} INFO - [2024-12-25T15:23:13.455+0000] {dag.py:2742} INFO - Sync 6 DAGs
[2024-12-25T15:23:13.471+0000] {logging_mixin.py:150} INFO - [2024-12-25T15:23:13.470+0000] {dag.py:3504} INFO - Setting next_dagrun for dataset_consumes_1 to None, run_after=None
[2024-12-25T15:23:13.473+0000] {logging_mixin.py:150} INFO - [2024-12-25T15:23:13.473+0000] {dag.py:3504} INFO - Setting next_dagrun for dataset_consumes_1_and_2 to None, run_after=None
[2024-12-25T15:23:13.473+0000] {logging_mixin.py:150} INFO - [2024-12-25T15:23:13.473+0000] {dag.py:3504} INFO - Setting next_dagrun for dataset_consumes_1_never_scheduled to None, run_after=None
[2024-12-25T15:23:13.474+0000] {logging_mixin.py:150} INFO - [2024-12-25T15:23:13.474+0000] {dag.py:3504} INFO - Setting next_dagrun for dataset_consumes_unknown_never_scheduled to None, run_after=None
[2024-12-25T15:23:13.476+0000] {logging_mixin.py:150} INFO - [2024-12-25T15:23:13.476+0000] {dag.py:3504} INFO - Setting next_dagrun for dataset_produces_1 to 2024-12-24T00:00:00+00:00, run_after=2024-12-25T00:00:00+00:00
[2024-12-25T15:23:13.476+0000] {logging_mixin.py:150} INFO - [2024-12-25T15:23:13.476+0000] {dag.py:3504} INFO - Setting next_dagrun for dataset_produces_2 to None, run_after=None
[2024-12-25T15:23:13.498+0000] {processor.py:179} INFO - Processing /home/vscode/.local/lib/python3.10/site-packages/airflow/example_dags/example_datasets.py took 0.074 seconds
[2024-12-25T15:24:08.159+0000] {processor.py:157} INFO - Started process (PID=14627) to work on /home/vscode/.local/lib/python3.10/site-packages/airflow/example_dags/example_datasets.py
[2024-12-25T15:24:08.160+0000] {processor.py:826} INFO - Processing file /home/vscode/.local/lib/python3.10/site-packages/airflow/example_dags/example_datasets.py for tasks to queue
[2024-12-25T15:24:08.161+0000] {logging_mixin.py:150} INFO - [2024-12-25T15:24:08.160+0000] {dagbag.py:541} INFO - Filling up the DagBag from /home/vscode/.local/lib/python3.10/site-packages/airflow/example_dags/example_datasets.py
[2024-12-25T15:24:08.167+0000] {processor.py:836} INFO - DAG(s) dict_keys(['dataset_consumes_unknown_never_scheduled', 'dataset_produces_1', 'dataset_consumes_1_never_scheduled', 'dataset_produces_2', 'dataset_consumes_1', 'dataset_consumes_1_and_2']) retrieved from /home/vscode/.local/lib/python3.10/site-packages/airflow/example_dags/example_datasets.py
[2024-12-25T15:24:08.188+0000] {logging_mixin.py:150} INFO - [2024-12-25T15:24:08.188+0000] {dag.py:2742} INFO - Sync 6 DAGs
[2024-12-25T15:24:08.202+0000] {logging_mixin.py:150} INFO - [2024-12-25T15:24:08.202+0000] {dag.py:3504} INFO - Setting next_dagrun for dataset_consumes_1 to None, run_after=None
[2024-12-25T15:24:08.204+0000] {logging_mixin.py:150} INFO - [2024-12-25T15:24:08.204+0000] {dag.py:3504} INFO - Setting next_dagrun for dataset_consumes_1_and_2 to None, run_after=None
[2024-12-25T15:24:08.205+0000] {logging_mixin.py:150} INFO - [2024-12-25T15:24:08.205+0000] {dag.py:3504} INFO - Setting next_dagrun for dataset_consumes_1_never_scheduled to None, run_after=None
[2024-12-25T15:24:08.206+0000] {logging_mixin.py:150} INFO - [2024-12-25T15:24:08.206+0000] {dag.py:3504} INFO - Setting next_dagrun for dataset_consumes_unknown_never_scheduled to None, run_after=None
[2024-12-25T15:24:08.207+0000] {logging_mixin.py:150} INFO - [2024-12-25T15:24:08.207+0000] {dag.py:3504} INFO - Setting next_dagrun for dataset_produces_1 to 2024-12-24T00:00:00+00:00, run_after=2024-12-25T00:00:00+00:00
[2024-12-25T15:24:08.208+0000] {logging_mixin.py:150} INFO - [2024-12-25T15:24:08.208+0000] {dag.py:3504} INFO - Setting next_dagrun for dataset_produces_2 to None, run_after=None
[2024-12-25T15:24:08.229+0000] {processor.py:179} INFO - Processing /home/vscode/.local/lib/python3.10/site-packages/airflow/example_dags/example_datasets.py took 0.072 seconds
[2024-12-25T15:24:53.461+0000] {processor.py:157} INFO - Started process (PID=15115) to work on /home/vscode/.local/lib/python3.10/site-packages/airflow/example_dags/example_datasets.py
[2024-12-25T15:24:53.462+0000] {processor.py:826} INFO - Processing file /home/vscode/.local/lib/python3.10/site-packages/airflow/example_dags/example_datasets.py for tasks to queue
[2024-12-25T15:24:53.462+0000] {logging_mixin.py:150} INFO - [2024-12-25T15:24:53.462+0000] {dagbag.py:541} INFO - Filling up the DagBag from /home/vscode/.local/lib/python3.10/site-packages/airflow/example_dags/example_datasets.py
[2024-12-25T15:24:53.469+0000] {processor.py:836} INFO - DAG(s) dict_keys(['dataset_consumes_1', 'dataset_consumes_1_and_2', 'dataset_consumes_unknown_never_scheduled', 'dataset_produces_2', 'dataset_produces_1', 'dataset_consumes_1_never_scheduled']) retrieved from /home/vscode/.local/lib/python3.10/site-packages/airflow/example_dags/example_datasets.py
[2024-12-25T15:24:53.489+0000] {logging_mixin.py:150} INFO - [2024-12-25T15:24:53.489+0000] {dag.py:2742} INFO - Sync 6 DAGs
[2024-12-25T15:24:53.504+0000] {logging_mixin.py:150} INFO - [2024-12-25T15:24:53.504+0000] {dag.py:3504} INFO - Setting next_dagrun for dataset_consumes_1 to None, run_after=None
[2024-12-25T15:24:53.506+0000] {logging_mixin.py:150} INFO - [2024-12-25T15:24:53.506+0000] {dag.py:3504} INFO - Setting next_dagrun for dataset_consumes_1_and_2 to None, run_after=None
[2024-12-25T15:24:53.507+0000] {logging_mixin.py:150} INFO - [2024-12-25T15:24:53.507+0000] {dag.py:3504} INFO - Setting next_dagrun for dataset_consumes_1_never_scheduled to None, run_after=None
[2024-12-25T15:24:53.508+0000] {logging_mixin.py:150} INFO - [2024-12-25T15:24:53.508+0000] {dag.py:3504} INFO - Setting next_dagrun for dataset_consumes_unknown_never_scheduled to None, run_after=None
[2024-12-25T15:24:53.509+0000] {logging_mixin.py:150} INFO - [2024-12-25T15:24:53.509+0000] {dag.py:3504} INFO - Setting next_dagrun for dataset_produces_1 to 2024-12-24T00:00:00+00:00, run_after=2024-12-25T00:00:00+00:00
[2024-12-25T15:24:53.510+0000] {logging_mixin.py:150} INFO - [2024-12-25T15:24:53.510+0000] {dag.py:3504} INFO - Setting next_dagrun for dataset_produces_2 to None, run_after=None
[2024-12-25T15:24:53.533+0000] {processor.py:179} INFO - Processing /home/vscode/.local/lib/python3.10/site-packages/airflow/example_dags/example_datasets.py took 0.074 seconds
[2024-12-25T15:25:37.602+0000] {processor.py:157} INFO - Started process (PID=15544) to work on /home/vscode/.local/lib/python3.10/site-packages/airflow/example_dags/example_datasets.py
[2024-12-25T15:25:37.603+0000] {processor.py:826} INFO - Processing file /home/vscode/.local/lib/python3.10/site-packages/airflow/example_dags/example_datasets.py for tasks to queue
[2024-12-25T15:25:37.604+0000] {logging_mixin.py:150} INFO - [2024-12-25T15:25:37.604+0000] {dagbag.py:541} INFO - Filling up the DagBag from /home/vscode/.local/lib/python3.10/site-packages/airflow/example_dags/example_datasets.py
[2024-12-25T15:25:37.611+0000] {processor.py:836} INFO - DAG(s) dict_keys(['dataset_produces_1', 'dataset_consumes_1_never_scheduled', 'dataset_consumes_1_and_2', 'dataset_consumes_1', 'dataset_produces_2', 'dataset_consumes_unknown_never_scheduled']) retrieved from /home/vscode/.local/lib/python3.10/site-packages/airflow/example_dags/example_datasets.py
[2024-12-25T15:25:37.634+0000] {logging_mixin.py:150} INFO - [2024-12-25T15:25:37.634+0000] {dag.py:2742} INFO - Sync 6 DAGs
[2024-12-25T15:25:37.649+0000] {logging_mixin.py:150} INFO - [2024-12-25T15:25:37.649+0000] {dag.py:3504} INFO - Setting next_dagrun for dataset_consumes_1 to None, run_after=None
[2024-12-25T15:25:37.652+0000] {logging_mixin.py:150} INFO - [2024-12-25T15:25:37.652+0000] {dag.py:3504} INFO - Setting next_dagrun for dataset_consumes_1_and_2 to None, run_after=None
[2024-12-25T15:25:37.653+0000] {logging_mixin.py:150} INFO - [2024-12-25T15:25:37.653+0000] {dag.py:3504} INFO - Setting next_dagrun for dataset_consumes_1_never_scheduled to None, run_after=None
[2024-12-25T15:25:37.653+0000] {logging_mixin.py:150} INFO - [2024-12-25T15:25:37.653+0000] {dag.py:3504} INFO - Setting next_dagrun for dataset_consumes_unknown_never_scheduled to None, run_after=None
[2024-12-25T15:25:37.655+0000] {logging_mixin.py:150} INFO - [2024-12-25T15:25:37.655+0000] {dag.py:3504} INFO - Setting next_dagrun for dataset_produces_1 to 2024-12-24T00:00:00+00:00, run_after=2024-12-25T00:00:00+00:00
[2024-12-25T15:25:37.656+0000] {logging_mixin.py:150} INFO - [2024-12-25T15:25:37.656+0000] {dag.py:3504} INFO - Setting next_dagrun for dataset_produces_2 to None, run_after=None
[2024-12-25T15:25:37.678+0000] {processor.py:179} INFO - Processing /home/vscode/.local/lib/python3.10/site-packages/airflow/example_dags/example_datasets.py took 0.079 seconds
[2024-12-25T15:26:23.153+0000] {processor.py:157} INFO - Started process (PID=16010) to work on /home/vscode/.local/lib/python3.10/site-packages/airflow/example_dags/example_datasets.py
[2024-12-25T15:26:23.154+0000] {processor.py:826} INFO - Processing file /home/vscode/.local/lib/python3.10/site-packages/airflow/example_dags/example_datasets.py for tasks to queue
[2024-12-25T15:26:23.154+0000] {logging_mixin.py:150} INFO - [2024-12-25T15:26:23.154+0000] {dagbag.py:541} INFO - Filling up the DagBag from /home/vscode/.local/lib/python3.10/site-packages/airflow/example_dags/example_datasets.py
[2024-12-25T15:26:23.161+0000] {processor.py:836} INFO - DAG(s) dict_keys(['dataset_consumes_1_never_scheduled', 'dataset_consumes_1', 'dataset_consumes_unknown_never_scheduled', 'dataset_consumes_1_and_2', 'dataset_produces_1', 'dataset_produces_2']) retrieved from /home/vscode/.local/lib/python3.10/site-packages/airflow/example_dags/example_datasets.py
[2024-12-25T15:26:23.181+0000] {logging_mixin.py:150} INFO - [2024-12-25T15:26:23.181+0000] {dag.py:2742} INFO - Sync 6 DAGs
[2024-12-25T15:26:23.195+0000] {logging_mixin.py:150} INFO - [2024-12-25T15:26:23.195+0000] {dag.py:3504} INFO - Setting next_dagrun for dataset_consumes_1 to None, run_after=None
[2024-12-25T15:26:23.197+0000] {logging_mixin.py:150} INFO - [2024-12-25T15:26:23.197+0000] {dag.py:3504} INFO - Setting next_dagrun for dataset_consumes_1_and_2 to None, run_after=None
[2024-12-25T15:26:23.198+0000] {logging_mixin.py:150} INFO - [2024-12-25T15:26:23.198+0000] {dag.py:3504} INFO - Setting next_dagrun for dataset_consumes_1_never_scheduled to None, run_after=None
[2024-12-25T15:26:23.199+0000] {logging_mixin.py:150} INFO - [2024-12-25T15:26:23.199+0000] {dag.py:3504} INFO - Setting next_dagrun for dataset_consumes_unknown_never_scheduled to None, run_after=None
[2024-12-25T15:26:23.200+0000] {logging_mixin.py:150} INFO - [2024-12-25T15:26:23.200+0000] {dag.py:3504} INFO - Setting next_dagrun for dataset_produces_1 to 2024-12-24T00:00:00+00:00, run_after=2024-12-25T00:00:00+00:00
[2024-12-25T15:26:23.201+0000] {logging_mixin.py:150} INFO - [2024-12-25T15:26:23.201+0000] {dag.py:3504} INFO - Setting next_dagrun for dataset_produces_2 to None, run_after=None
[2024-12-25T15:26:23.223+0000] {processor.py:179} INFO - Processing /home/vscode/.local/lib/python3.10/site-packages/airflow/example_dags/example_datasets.py took 0.072 seconds
