[2024-12-25T15:13:18.761+0000] {processor.py:157} INFO - Started process (PID=8099) to work on /home/vscode/.local/lib/python3.10/site-packages/airflow/example_dags/example_trigger_target_dag.py
[2024-12-25T15:13:18.761+0000] {processor.py:826} INFO - Processing file /home/vscode/.local/lib/python3.10/site-packages/airflow/example_dags/example_trigger_target_dag.py for tasks to queue
[2024-12-25T15:13:18.762+0000] {logging_mixin.py:150} INFO - [2024-12-25T15:13:18.762+0000] {dagbag.py:541} INFO - Filling up the DagBag from /home/vscode/.local/lib/python3.10/site-packages/airflow/example_dags/example_trigger_target_dag.py
[2024-12-25T15:13:18.771+0000] {processor.py:836} INFO - DAG(s) dict_keys(['example_trigger_target_dag']) retrieved from /home/vscode/.local/lib/python3.10/site-packages/airflow/example_dags/example_trigger_target_dag.py
[2024-12-25T15:13:18.941+0000] {logging_mixin.py:150} INFO - [2024-12-25T15:13:18.940+0000] {manager.py:504} INFO - Created Permission View: can edit on DAG:example_trigger_target_dag
[2024-12-25T15:13:18.948+0000] {logging_mixin.py:150} INFO - [2024-12-25T15:13:18.948+0000] {manager.py:504} INFO - Created Permission View: can read on DAG:example_trigger_target_dag
[2024-12-25T15:13:18.954+0000] {logging_mixin.py:150} INFO - [2024-12-25T15:13:18.954+0000] {manager.py:504} INFO - Created Permission View: can delete on DAG:example_trigger_target_dag
[2024-12-25T15:13:18.962+0000] {logging_mixin.py:150} INFO - [2024-12-25T15:13:18.961+0000] {dag.py:2742} INFO - Sync 1 DAGs
[2024-12-25T15:13:18.969+0000] {logging_mixin.py:150} INFO - [2024-12-25T15:13:18.969+0000] {dag.py:2763} INFO - Creating ORM DAG for example_trigger_target_dag
[2024-12-25T15:13:18.976+0000] {logging_mixin.py:150} INFO - [2024-12-25T15:13:18.975+0000] {dag.py:3504} INFO - Setting next_dagrun for example_trigger_target_dag to None, run_after=None
[2024-12-25T15:13:18.994+0000] {processor.py:179} INFO - Processing /home/vscode/.local/lib/python3.10/site-packages/airflow/example_dags/example_trigger_target_dag.py took 0.237 seconds
[2024-12-25T15:14:11.786+0000] {processor.py:157} INFO - Started process (PID=8462) to work on /home/vscode/.local/lib/python3.10/site-packages/airflow/example_dags/example_trigger_target_dag.py
[2024-12-25T15:14:11.787+0000] {processor.py:826} INFO - Processing file /home/vscode/.local/lib/python3.10/site-packages/airflow/example_dags/example_trigger_target_dag.py for tasks to queue
[2024-12-25T15:14:11.788+0000] {logging_mixin.py:150} INFO - [2024-12-25T15:14:11.788+0000] {dagbag.py:541} INFO - Filling up the DagBag from /home/vscode/.local/lib/python3.10/site-packages/airflow/example_dags/example_trigger_target_dag.py
[2024-12-25T15:14:11.792+0000] {processor.py:836} INFO - DAG(s) dict_keys(['example_trigger_target_dag']) retrieved from /home/vscode/.local/lib/python3.10/site-packages/airflow/example_dags/example_trigger_target_dag.py
[2024-12-25T15:14:11.803+0000] {logging_mixin.py:150} INFO - [2024-12-25T15:14:11.803+0000] {dag.py:2742} INFO - Sync 1 DAGs
[2024-12-25T15:14:11.817+0000] {logging_mixin.py:150} INFO - [2024-12-25T15:14:11.816+0000] {dag.py:3504} INFO - Setting next_dagrun for example_trigger_target_dag to None, run_after=None
[2024-12-25T15:14:11.831+0000] {processor.py:179} INFO - Processing /home/vscode/.local/lib/python3.10/site-packages/airflow/example_dags/example_trigger_target_dag.py took 0.047 seconds
[2024-12-25T15:14:46.808+0000] {processor.py:157} INFO - Started process (PID=8713) to work on /home/vscode/.local/lib/python3.10/site-packages/airflow/example_dags/example_trigger_target_dag.py
[2024-12-25T15:14:46.808+0000] {processor.py:826} INFO - Processing file /home/vscode/.local/lib/python3.10/site-packages/airflow/example_dags/example_trigger_target_dag.py for tasks to queue
[2024-12-25T15:14:46.809+0000] {logging_mixin.py:150} INFO - [2024-12-25T15:14:46.809+0000] {dagbag.py:541} INFO - Filling up the DagBag from /home/vscode/.local/lib/python3.10/site-packages/airflow/example_dags/example_trigger_target_dag.py
[2024-12-25T15:14:46.813+0000] {processor.py:836} INFO - DAG(s) dict_keys(['example_trigger_target_dag']) retrieved from /home/vscode/.local/lib/python3.10/site-packages/airflow/example_dags/example_trigger_target_dag.py
[2024-12-25T15:14:46.824+0000] {logging_mixin.py:150} INFO - [2024-12-25T15:14:46.824+0000] {dag.py:2742} INFO - Sync 1 DAGs
[2024-12-25T15:14:46.838+0000] {logging_mixin.py:150} INFO - [2024-12-25T15:14:46.838+0000] {dag.py:3504} INFO - Setting next_dagrun for example_trigger_target_dag to None, run_after=None
[2024-12-25T15:14:46.855+0000] {processor.py:179} INFO - Processing /home/vscode/.local/lib/python3.10/site-packages/airflow/example_dags/example_trigger_target_dag.py took 0.049 seconds
[2024-12-25T15:15:30.087+0000] {processor.py:157} INFO - Started process (PID=9015) to work on /home/vscode/.local/lib/python3.10/site-packages/airflow/example_dags/example_trigger_target_dag.py
[2024-12-25T15:15:30.087+0000] {processor.py:826} INFO - Processing file /home/vscode/.local/lib/python3.10/site-packages/airflow/example_dags/example_trigger_target_dag.py for tasks to queue
[2024-12-25T15:15:30.088+0000] {logging_mixin.py:150} INFO - [2024-12-25T15:15:30.088+0000] {dagbag.py:541} INFO - Filling up the DagBag from /home/vscode/.local/lib/python3.10/site-packages/airflow/example_dags/example_trigger_target_dag.py
[2024-12-25T15:15:30.092+0000] {processor.py:836} INFO - DAG(s) dict_keys(['example_trigger_target_dag']) retrieved from /home/vscode/.local/lib/python3.10/site-packages/airflow/example_dags/example_trigger_target_dag.py
[2024-12-25T15:15:30.103+0000] {logging_mixin.py:150} INFO - [2024-12-25T15:15:30.103+0000] {dag.py:2742} INFO - Sync 1 DAGs
[2024-12-25T15:15:30.116+0000] {logging_mixin.py:150} INFO - [2024-12-25T15:15:30.116+0000] {dag.py:3504} INFO - Setting next_dagrun for example_trigger_target_dag to None, run_after=None
[2024-12-25T15:15:30.131+0000] {processor.py:179} INFO - Processing /home/vscode/.local/lib/python3.10/site-packages/airflow/example_dags/example_trigger_target_dag.py took 0.046 seconds
[2024-12-25T15:16:14.340+0000] {processor.py:157} INFO - Started process (PID=9437) to work on /home/vscode/.local/lib/python3.10/site-packages/airflow/example_dags/example_trigger_target_dag.py
[2024-12-25T15:16:14.341+0000] {processor.py:826} INFO - Processing file /home/vscode/.local/lib/python3.10/site-packages/airflow/example_dags/example_trigger_target_dag.py for tasks to queue
[2024-12-25T15:16:14.342+0000] {logging_mixin.py:150} INFO - [2024-12-25T15:16:14.341+0000] {dagbag.py:541} INFO - Filling up the DagBag from /home/vscode/.local/lib/python3.10/site-packages/airflow/example_dags/example_trigger_target_dag.py
[2024-12-25T15:16:14.346+0000] {processor.py:836} INFO - DAG(s) dict_keys(['example_trigger_target_dag']) retrieved from /home/vscode/.local/lib/python3.10/site-packages/airflow/example_dags/example_trigger_target_dag.py
[2024-12-25T15:16:14.357+0000] {logging_mixin.py:150} INFO - [2024-12-25T15:16:14.357+0000] {dag.py:2742} INFO - Sync 1 DAGs
[2024-12-25T15:16:14.371+0000] {logging_mixin.py:150} INFO - [2024-12-25T15:16:14.371+0000] {dag.py:3504} INFO - Setting next_dagrun for example_trigger_target_dag to None, run_after=None
[2024-12-25T15:16:14.387+0000] {processor.py:179} INFO - Processing /home/vscode/.local/lib/python3.10/site-packages/airflow/example_dags/example_trigger_target_dag.py took 0.048 seconds
[2024-12-25T15:17:00.822+0000] {processor.py:157} INFO - Started process (PID=9887) to work on /home/vscode/.local/lib/python3.10/site-packages/airflow/example_dags/example_trigger_target_dag.py
[2024-12-25T15:17:00.823+0000] {processor.py:826} INFO - Processing file /home/vscode/.local/lib/python3.10/site-packages/airflow/example_dags/example_trigger_target_dag.py for tasks to queue
[2024-12-25T15:17:00.823+0000] {logging_mixin.py:150} INFO - [2024-12-25T15:17:00.823+0000] {dagbag.py:541} INFO - Filling up the DagBag from /home/vscode/.local/lib/python3.10/site-packages/airflow/example_dags/example_trigger_target_dag.py
[2024-12-25T15:17:00.828+0000] {processor.py:836} INFO - DAG(s) dict_keys(['example_trigger_target_dag']) retrieved from /home/vscode/.local/lib/python3.10/site-packages/airflow/example_dags/example_trigger_target_dag.py
[2024-12-25T15:17:00.839+0000] {logging_mixin.py:150} INFO - [2024-12-25T15:17:00.839+0000] {dag.py:2742} INFO - Sync 1 DAGs
[2024-12-25T15:17:00.854+0000] {logging_mixin.py:150} INFO - [2024-12-25T15:17:00.853+0000] {dag.py:3504} INFO - Setting next_dagrun for example_trigger_target_dag to None, run_after=None
[2024-12-25T15:17:00.869+0000] {processor.py:179} INFO - Processing /home/vscode/.local/lib/python3.10/site-packages/airflow/example_dags/example_trigger_target_dag.py took 0.049 seconds
