[2024-12-25T15:13:26.770+0000] {processor.py:157} INFO - Started process (PID=8152) to work on /home/vscode/.local/lib/python3.10/site-packages/airflow/example_dags/example_trigger_controller_dag.py
[2024-12-25T15:13:26.770+0000] {processor.py:826} INFO - Processing file /home/vscode/.local/lib/python3.10/site-packages/airflow/example_dags/example_trigger_controller_dag.py for tasks to queue
[2024-12-25T15:13:26.771+0000] {logging_mixin.py:150} INFO - [2024-12-25T15:13:26.771+0000] {dagbag.py:541} INFO - Filling up the DagBag from /home/vscode/.local/lib/python3.10/site-packages/airflow/example_dags/example_trigger_controller_dag.py
[2024-12-25T15:13:26.775+0000] {processor.py:836} INFO - DAG(s) dict_keys(['example_trigger_controller_dag']) retrieved from /home/vscode/.local/lib/python3.10/site-packages/airflow/example_dags/example_trigger_controller_dag.py
[2024-12-25T15:13:26.930+0000] {logging_mixin.py:150} INFO - [2024-12-25T15:13:26.930+0000] {manager.py:504} INFO - Created Permission View: can edit on DAG:example_trigger_controller_dag
[2024-12-25T15:13:26.938+0000] {logging_mixin.py:150} INFO - [2024-12-25T15:13:26.938+0000] {manager.py:504} INFO - Created Permission View: can read on DAG:example_trigger_controller_dag
[2024-12-25T15:13:26.944+0000] {logging_mixin.py:150} INFO - [2024-12-25T15:13:26.944+0000] {manager.py:504} INFO - Created Permission View: can delete on DAG:example_trigger_controller_dag
[2024-12-25T15:13:26.952+0000] {logging_mixin.py:150} INFO - [2024-12-25T15:13:26.952+0000] {dag.py:2742} INFO - Sync 1 DAGs
[2024-12-25T15:13:26.958+0000] {logging_mixin.py:150} INFO - [2024-12-25T15:13:26.958+0000] {dag.py:2763} INFO - Creating ORM DAG for example_trigger_controller_dag
[2024-12-25T15:13:26.964+0000] {logging_mixin.py:150} INFO - [2024-12-25T15:13:26.964+0000] {dag.py:3504} INFO - Setting next_dagrun for example_trigger_controller_dag to 2021-01-01T00:00:00+00:00, run_after=2021-01-01T00:00:00+00:00
[2024-12-25T15:13:26.981+0000] {processor.py:179} INFO - Processing /home/vscode/.local/lib/python3.10/site-packages/airflow/example_dags/example_trigger_controller_dag.py took 0.213 seconds
[2024-12-25T15:14:16.932+0000] {processor.py:157} INFO - Started process (PID=8505) to work on /home/vscode/.local/lib/python3.10/site-packages/airflow/example_dags/example_trigger_controller_dag.py
[2024-12-25T15:14:16.933+0000] {processor.py:826} INFO - Processing file /home/vscode/.local/lib/python3.10/site-packages/airflow/example_dags/example_trigger_controller_dag.py for tasks to queue
[2024-12-25T15:14:16.933+0000] {logging_mixin.py:150} INFO - [2024-12-25T15:14:16.933+0000] {dagbag.py:541} INFO - Filling up the DagBag from /home/vscode/.local/lib/python3.10/site-packages/airflow/example_dags/example_trigger_controller_dag.py
[2024-12-25T15:14:16.936+0000] {processor.py:836} INFO - DAG(s) dict_keys(['example_trigger_controller_dag']) retrieved from /home/vscode/.local/lib/python3.10/site-packages/airflow/example_dags/example_trigger_controller_dag.py
[2024-12-25T15:14:16.949+0000] {logging_mixin.py:150} INFO - [2024-12-25T15:14:16.949+0000] {dag.py:2742} INFO - Sync 1 DAGs
[2024-12-25T15:14:16.963+0000] {logging_mixin.py:150} INFO - [2024-12-25T15:14:16.963+0000] {dag.py:3504} INFO - Setting next_dagrun for example_trigger_controller_dag to 2021-01-01T00:00:00+00:00, run_after=2021-01-01T00:00:00+00:00
[2024-12-25T15:14:16.978+0000] {processor.py:179} INFO - Processing /home/vscode/.local/lib/python3.10/site-packages/airflow/example_dags/example_trigger_controller_dag.py took 0.049 seconds
[2024-12-25T15:15:03.235+0000] {processor.py:157} INFO - Started process (PID=8824) to work on /home/vscode/.local/lib/python3.10/site-packages/airflow/example_dags/example_trigger_controller_dag.py
[2024-12-25T15:15:03.235+0000] {processor.py:826} INFO - Processing file /home/vscode/.local/lib/python3.10/site-packages/airflow/example_dags/example_trigger_controller_dag.py for tasks to queue
[2024-12-25T15:15:03.236+0000] {logging_mixin.py:150} INFO - [2024-12-25T15:15:03.236+0000] {dagbag.py:541} INFO - Filling up the DagBag from /home/vscode/.local/lib/python3.10/site-packages/airflow/example_dags/example_trigger_controller_dag.py
[2024-12-25T15:15:03.239+0000] {processor.py:836} INFO - DAG(s) dict_keys(['example_trigger_controller_dag']) retrieved from /home/vscode/.local/lib/python3.10/site-packages/airflow/example_dags/example_trigger_controller_dag.py
[2024-12-25T15:15:03.250+0000] {logging_mixin.py:150} INFO - [2024-12-25T15:15:03.250+0000] {dag.py:2742} INFO - Sync 1 DAGs
[2024-12-25T15:15:03.264+0000] {logging_mixin.py:150} INFO - [2024-12-25T15:15:03.264+0000] {dag.py:3504} INFO - Setting next_dagrun for example_trigger_controller_dag to 2021-01-01T00:00:00+00:00, run_after=2021-01-01T00:00:00+00:00
[2024-12-25T15:15:03.283+0000] {processor.py:179} INFO - Processing /home/vscode/.local/lib/python3.10/site-packages/airflow/example_dags/example_trigger_controller_dag.py took 0.050 seconds
[2024-12-25T15:15:45.744+0000] {processor.py:157} INFO - Started process (PID=9161) to work on /home/vscode/.local/lib/python3.10/site-packages/airflow/example_dags/example_trigger_controller_dag.py
[2024-12-25T15:15:45.745+0000] {processor.py:826} INFO - Processing file /home/vscode/.local/lib/python3.10/site-packages/airflow/example_dags/example_trigger_controller_dag.py for tasks to queue
[2024-12-25T15:15:45.745+0000] {logging_mixin.py:150} INFO - [2024-12-25T15:15:45.745+0000] {dagbag.py:541} INFO - Filling up the DagBag from /home/vscode/.local/lib/python3.10/site-packages/airflow/example_dags/example_trigger_controller_dag.py
[2024-12-25T15:15:45.748+0000] {processor.py:836} INFO - DAG(s) dict_keys(['example_trigger_controller_dag']) retrieved from /home/vscode/.local/lib/python3.10/site-packages/airflow/example_dags/example_trigger_controller_dag.py
[2024-12-25T15:15:45.760+0000] {logging_mixin.py:150} INFO - [2024-12-25T15:15:45.760+0000] {dag.py:2742} INFO - Sync 1 DAGs
[2024-12-25T15:15:45.774+0000] {logging_mixin.py:150} INFO - [2024-12-25T15:15:45.774+0000] {dag.py:3504} INFO - Setting next_dagrun for example_trigger_controller_dag to 2021-01-01T00:00:00+00:00, run_after=2021-01-01T00:00:00+00:00
[2024-12-25T15:15:45.788+0000] {processor.py:179} INFO - Processing /home/vscode/.local/lib/python3.10/site-packages/airflow/example_dags/example_trigger_controller_dag.py took 0.046 seconds
[2024-12-25T15:16:32.725+0000] {processor.py:157} INFO - Started process (PID=9605) to work on /home/vscode/.local/lib/python3.10/site-packages/airflow/example_dags/example_trigger_controller_dag.py
[2024-12-25T15:16:32.726+0000] {processor.py:826} INFO - Processing file /home/vscode/.local/lib/python3.10/site-packages/airflow/example_dags/example_trigger_controller_dag.py for tasks to queue
[2024-12-25T15:16:32.726+0000] {logging_mixin.py:150} INFO - [2024-12-25T15:16:32.726+0000] {dagbag.py:541} INFO - Filling up the DagBag from /home/vscode/.local/lib/python3.10/site-packages/airflow/example_dags/example_trigger_controller_dag.py
[2024-12-25T15:16:32.730+0000] {processor.py:836} INFO - DAG(s) dict_keys(['example_trigger_controller_dag']) retrieved from /home/vscode/.local/lib/python3.10/site-packages/airflow/example_dags/example_trigger_controller_dag.py
[2024-12-25T15:16:32.747+0000] {logging_mixin.py:150} INFO - [2024-12-25T15:16:32.747+0000] {dag.py:2742} INFO - Sync 1 DAGs
[2024-12-25T15:16:32.767+0000] {logging_mixin.py:150} INFO - [2024-12-25T15:16:32.767+0000] {dag.py:3504} INFO - Setting next_dagrun for example_trigger_controller_dag to 2021-01-01T00:00:00+00:00, run_after=2021-01-01T00:00:00+00:00
[2024-12-25T15:16:32.789+0000] {processor.py:179} INFO - Processing /home/vscode/.local/lib/python3.10/site-packages/airflow/example_dags/example_trigger_controller_dag.py took 0.067 seconds
[2024-12-25T15:17:17.055+0000] {processor.py:157} INFO - Started process (PID=10080) to work on /home/vscode/.local/lib/python3.10/site-packages/airflow/example_dags/example_trigger_controller_dag.py
[2024-12-25T15:17:17.056+0000] {processor.py:826} INFO - Processing file /home/vscode/.local/lib/python3.10/site-packages/airflow/example_dags/example_trigger_controller_dag.py for tasks to queue
[2024-12-25T15:17:17.057+0000] {logging_mixin.py:150} INFO - [2024-12-25T15:17:17.056+0000] {dagbag.py:541} INFO - Filling up the DagBag from /home/vscode/.local/lib/python3.10/site-packages/airflow/example_dags/example_trigger_controller_dag.py
[2024-12-25T15:17:17.060+0000] {processor.py:836} INFO - DAG(s) dict_keys(['example_trigger_controller_dag']) retrieved from /home/vscode/.local/lib/python3.10/site-packages/airflow/example_dags/example_trigger_controller_dag.py
[2024-12-25T15:17:17.071+0000] {logging_mixin.py:150} INFO - [2024-12-25T15:17:17.071+0000] {dag.py:2742} INFO - Sync 1 DAGs
[2024-12-25T15:17:17.085+0000] {logging_mixin.py:150} INFO - [2024-12-25T15:17:17.085+0000] {dag.py:3504} INFO - Setting next_dagrun for example_trigger_controller_dag to 2021-01-01T00:00:00+00:00, run_after=2021-01-01T00:00:00+00:00
[2024-12-25T15:17:17.100+0000] {processor.py:179} INFO - Processing /home/vscode/.local/lib/python3.10/site-packages/airflow/example_dags/example_trigger_controller_dag.py took 0.046 seconds
[2024-12-25T15:18:04.221+0000] {processor.py:157} INFO - Started process (PID=10613) to work on /home/vscode/.local/lib/python3.10/site-packages/airflow/example_dags/example_trigger_controller_dag.py
[2024-12-25T15:18:04.222+0000] {processor.py:826} INFO - Processing file /home/vscode/.local/lib/python3.10/site-packages/airflow/example_dags/example_trigger_controller_dag.py for tasks to queue
[2024-12-25T15:18:04.222+0000] {logging_mixin.py:150} INFO - [2024-12-25T15:18:04.222+0000] {dagbag.py:541} INFO - Filling up the DagBag from /home/vscode/.local/lib/python3.10/site-packages/airflow/example_dags/example_trigger_controller_dag.py
[2024-12-25T15:18:04.225+0000] {processor.py:836} INFO - DAG(s) dict_keys(['example_trigger_controller_dag']) retrieved from /home/vscode/.local/lib/python3.10/site-packages/airflow/example_dags/example_trigger_controller_dag.py
[2024-12-25T15:18:04.237+0000] {logging_mixin.py:150} INFO - [2024-12-25T15:18:04.237+0000] {dag.py:2742} INFO - Sync 1 DAGs
[2024-12-25T15:18:04.251+0000] {logging_mixin.py:150} INFO - [2024-12-25T15:18:04.251+0000] {dag.py:3504} INFO - Setting next_dagrun for example_trigger_controller_dag to 2021-01-01T00:00:00+00:00, run_after=2021-01-01T00:00:00+00:00
[2024-12-25T15:18:04.267+0000] {processor.py:179} INFO - Processing /home/vscode/.local/lib/python3.10/site-packages/airflow/example_dags/example_trigger_controller_dag.py took 0.048 seconds
[2024-12-25T15:18:45.519+0000] {processor.py:157} INFO - Started process (PID=11090) to work on /home/vscode/.local/lib/python3.10/site-packages/airflow/example_dags/example_trigger_controller_dag.py
[2024-12-25T15:18:45.520+0000] {processor.py:826} INFO - Processing file /home/vscode/.local/lib/python3.10/site-packages/airflow/example_dags/example_trigger_controller_dag.py for tasks to queue
[2024-12-25T15:18:45.520+0000] {logging_mixin.py:150} INFO - [2024-12-25T15:18:45.520+0000] {dagbag.py:541} INFO - Filling up the DagBag from /home/vscode/.local/lib/python3.10/site-packages/airflow/example_dags/example_trigger_controller_dag.py
[2024-12-25T15:18:45.523+0000] {processor.py:836} INFO - DAG(s) dict_keys(['example_trigger_controller_dag']) retrieved from /home/vscode/.local/lib/python3.10/site-packages/airflow/example_dags/example_trigger_controller_dag.py
[2024-12-25T15:18:45.535+0000] {logging_mixin.py:150} INFO - [2024-12-25T15:18:45.535+0000] {dag.py:2742} INFO - Sync 1 DAGs
[2024-12-25T15:18:45.551+0000] {logging_mixin.py:150} INFO - [2024-12-25T15:18:45.551+0000] {dag.py:3504} INFO - Setting next_dagrun for example_trigger_controller_dag to 2021-01-01T00:00:00+00:00, run_after=2021-01-01T00:00:00+00:00
[2024-12-25T15:18:45.565+0000] {processor.py:179} INFO - Processing /home/vscode/.local/lib/python3.10/site-packages/airflow/example_dags/example_trigger_controller_dag.py took 0.049 seconds
