[2024-12-25T15:13:57.085+0000] {processor.py:157} INFO - Started process (PID=8373) to work on /home/vscode/.local/lib/python3.10/site-packages/airflow/example_dags/example_branch_labels.py
[2024-12-25T15:13:57.086+0000] {processor.py:826} INFO - Processing file /home/vscode/.local/lib/python3.10/site-packages/airflow/example_dags/example_branch_labels.py for tasks to queue
[2024-12-25T15:13:57.086+0000] {logging_mixin.py:150} INFO - [2024-12-25T15:13:57.086+0000] {dagbag.py:541} INFO - Filling up the DagBag from /home/vscode/.local/lib/python3.10/site-packages/airflow/example_dags/example_branch_labels.py
[2024-12-25T15:13:57.092+0000] {processor.py:836} INFO - DAG(s) dict_keys(['example_branch_labels']) retrieved from /home/vscode/.local/lib/python3.10/site-packages/airflow/example_dags/example_branch_labels.py
[2024-12-25T15:13:57.165+0000] {logging_mixin.py:150} INFO - [2024-12-25T15:13:57.165+0000] {manager.py:504} INFO - Created Permission View: can edit on DAG:example_branch_labels
[2024-12-25T15:13:57.173+0000] {logging_mixin.py:150} INFO - [2024-12-25T15:13:57.173+0000] {manager.py:504} INFO - Created Permission View: can read on DAG:example_branch_labels
[2024-12-25T15:13:57.179+0000] {logging_mixin.py:150} INFO - [2024-12-25T15:13:57.179+0000] {manager.py:504} INFO - Created Permission View: can delete on DAG:example_branch_labels
[2024-12-25T15:13:57.186+0000] {logging_mixin.py:150} INFO - [2024-12-25T15:13:57.186+0000] {dag.py:2742} INFO - Sync 1 DAGs
[2024-12-25T15:13:57.194+0000] {logging_mixin.py:150} INFO - [2024-12-25T15:13:57.194+0000] {dag.py:2763} INFO - Creating ORM DAG for example_branch_labels
[2024-12-25T15:13:57.201+0000] {logging_mixin.py:150} INFO - [2024-12-25T15:13:57.201+0000] {dag.py:3504} INFO - Setting next_dagrun for example_branch_labels to 2024-12-24T00:00:00+00:00, run_after=2024-12-25T00:00:00+00:00
[2024-12-25T15:13:57.215+0000] {processor.py:179} INFO - Processing /home/vscode/.local/lib/python3.10/site-packages/airflow/example_dags/example_branch_labels.py took 0.132 seconds
[2024-12-25T15:14:49.070+0000] {processor.py:157} INFO - Started process (PID=8730) to work on /home/vscode/.local/lib/python3.10/site-packages/airflow/example_dags/example_branch_labels.py
[2024-12-25T15:14:49.071+0000] {processor.py:826} INFO - Processing file /home/vscode/.local/lib/python3.10/site-packages/airflow/example_dags/example_branch_labels.py for tasks to queue
[2024-12-25T15:14:49.072+0000] {logging_mixin.py:150} INFO - [2024-12-25T15:14:49.071+0000] {dagbag.py:541} INFO - Filling up the DagBag from /home/vscode/.local/lib/python3.10/site-packages/airflow/example_dags/example_branch_labels.py
[2024-12-25T15:14:49.077+0000] {processor.py:836} INFO - DAG(s) dict_keys(['example_branch_labels']) retrieved from /home/vscode/.local/lib/python3.10/site-packages/airflow/example_dags/example_branch_labels.py
[2024-12-25T15:14:49.090+0000] {logging_mixin.py:150} INFO - [2024-12-25T15:14:49.090+0000] {dag.py:2742} INFO - Sync 1 DAGs
[2024-12-25T15:14:49.106+0000] {logging_mixin.py:150} INFO - [2024-12-25T15:14:49.106+0000] {dag.py:3504} INFO - Setting next_dagrun for example_branch_labels to 2024-12-24T00:00:00+00:00, run_after=2024-12-25T00:00:00+00:00
[2024-12-25T15:14:49.121+0000] {processor.py:179} INFO - Processing /home/vscode/.local/lib/python3.10/site-packages/airflow/example_dags/example_branch_labels.py took 0.053 seconds
[2024-12-25T15:15:32.023+0000] {processor.py:157} INFO - Started process (PID=9025) to work on /home/vscode/.local/lib/python3.10/site-packages/airflow/example_dags/example_branch_labels.py
[2024-12-25T15:15:32.024+0000] {processor.py:826} INFO - Processing file /home/vscode/.local/lib/python3.10/site-packages/airflow/example_dags/example_branch_labels.py for tasks to queue
[2024-12-25T15:15:32.024+0000] {logging_mixin.py:150} INFO - [2024-12-25T15:15:32.024+0000] {dagbag.py:541} INFO - Filling up the DagBag from /home/vscode/.local/lib/python3.10/site-packages/airflow/example_dags/example_branch_labels.py
[2024-12-25T15:15:32.030+0000] {processor.py:836} INFO - DAG(s) dict_keys(['example_branch_labels']) retrieved from /home/vscode/.local/lib/python3.10/site-packages/airflow/example_dags/example_branch_labels.py
[2024-12-25T15:15:32.042+0000] {logging_mixin.py:150} INFO - [2024-12-25T15:15:32.042+0000] {dag.py:2742} INFO - Sync 1 DAGs
[2024-12-25T15:15:32.057+0000] {logging_mixin.py:150} INFO - [2024-12-25T15:15:32.057+0000] {dag.py:3504} INFO - Setting next_dagrun for example_branch_labels to 2024-12-24T00:00:00+00:00, run_after=2024-12-25T00:00:00+00:00
[2024-12-25T15:15:32.072+0000] {processor.py:179} INFO - Processing /home/vscode/.local/lib/python3.10/site-packages/airflow/example_dags/example_branch_labels.py took 0.052 seconds
[2024-12-25T15:16:18.108+0000] {processor.py:157} INFO - Started process (PID=9475) to work on /home/vscode/.local/lib/python3.10/site-packages/airflow/example_dags/example_branch_labels.py
[2024-12-25T15:16:18.109+0000] {processor.py:826} INFO - Processing file /home/vscode/.local/lib/python3.10/site-packages/airflow/example_dags/example_branch_labels.py for tasks to queue
[2024-12-25T15:16:18.109+0000] {logging_mixin.py:150} INFO - [2024-12-25T15:16:18.109+0000] {dagbag.py:541} INFO - Filling up the DagBag from /home/vscode/.local/lib/python3.10/site-packages/airflow/example_dags/example_branch_labels.py
[2024-12-25T15:16:18.117+0000] {processor.py:836} INFO - DAG(s) dict_keys(['example_branch_labels']) retrieved from /home/vscode/.local/lib/python3.10/site-packages/airflow/example_dags/example_branch_labels.py
[2024-12-25T15:16:18.136+0000] {logging_mixin.py:150} INFO - [2024-12-25T15:16:18.135+0000] {dag.py:2742} INFO - Sync 1 DAGs
[2024-12-25T15:16:18.157+0000] {logging_mixin.py:150} INFO - [2024-12-25T15:16:18.157+0000] {dag.py:3504} INFO - Setting next_dagrun for example_branch_labels to 2024-12-24T00:00:00+00:00, run_after=2024-12-25T00:00:00+00:00
[2024-12-25T15:16:18.175+0000] {processor.py:179} INFO - Processing /home/vscode/.local/lib/python3.10/site-packages/airflow/example_dags/example_branch_labels.py took 0.069 seconds
[2024-12-25T15:17:06.546+0000] {processor.py:157} INFO - Started process (PID=9953) to work on /home/vscode/.local/lib/python3.10/site-packages/airflow/example_dags/example_branch_labels.py
[2024-12-25T15:17:06.546+0000] {processor.py:826} INFO - Processing file /home/vscode/.local/lib/python3.10/site-packages/airflow/example_dags/example_branch_labels.py for tasks to queue
[2024-12-25T15:17:06.547+0000] {logging_mixin.py:150} INFO - [2024-12-25T15:17:06.547+0000] {dagbag.py:541} INFO - Filling up the DagBag from /home/vscode/.local/lib/python3.10/site-packages/airflow/example_dags/example_branch_labels.py
[2024-12-25T15:17:06.552+0000] {processor.py:836} INFO - DAG(s) dict_keys(['example_branch_labels']) retrieved from /home/vscode/.local/lib/python3.10/site-packages/airflow/example_dags/example_branch_labels.py
[2024-12-25T15:17:06.570+0000] {logging_mixin.py:150} INFO - [2024-12-25T15:17:06.569+0000] {dag.py:2742} INFO - Sync 1 DAGs
[2024-12-25T15:17:06.585+0000] {logging_mixin.py:150} INFO - [2024-12-25T15:17:06.585+0000] {dag.py:3504} INFO - Setting next_dagrun for example_branch_labels to 2024-12-24T00:00:00+00:00, run_after=2024-12-25T00:00:00+00:00
[2024-12-25T15:17:06.600+0000] {processor.py:179} INFO - Processing /home/vscode/.local/lib/python3.10/site-packages/airflow/example_dags/example_branch_labels.py took 0.056 seconds
[2024-12-25T15:17:51.642+0000] {processor.py:157} INFO - Started process (PID=10490) to work on /home/vscode/.local/lib/python3.10/site-packages/airflow/example_dags/example_branch_labels.py
[2024-12-25T15:17:51.642+0000] {processor.py:826} INFO - Processing file /home/vscode/.local/lib/python3.10/site-packages/airflow/example_dags/example_branch_labels.py for tasks to queue
[2024-12-25T15:17:51.643+0000] {logging_mixin.py:150} INFO - [2024-12-25T15:17:51.643+0000] {dagbag.py:541} INFO - Filling up the DagBag from /home/vscode/.local/lib/python3.10/site-packages/airflow/example_dags/example_branch_labels.py
[2024-12-25T15:17:51.650+0000] {processor.py:836} INFO - DAG(s) dict_keys(['example_branch_labels']) retrieved from /home/vscode/.local/lib/python3.10/site-packages/airflow/example_dags/example_branch_labels.py
[2024-12-25T15:17:51.664+0000] {logging_mixin.py:150} INFO - [2024-12-25T15:17:51.664+0000] {dag.py:2742} INFO - Sync 1 DAGs
[2024-12-25T15:17:51.679+0000] {logging_mixin.py:150} INFO - [2024-12-25T15:17:51.679+0000] {dag.py:3504} INFO - Setting next_dagrun for example_branch_labels to 2024-12-24T00:00:00+00:00, run_after=2024-12-25T00:00:00+00:00
[2024-12-25T15:17:51.698+0000] {processor.py:179} INFO - Processing /home/vscode/.local/lib/python3.10/site-packages/airflow/example_dags/example_branch_labels.py took 0.058 seconds
[2024-12-25T15:18:35.136+0000] {processor.py:157} INFO - Started process (PID=10989) to work on /home/vscode/.local/lib/python3.10/site-packages/airflow/example_dags/example_branch_labels.py
[2024-12-25T15:18:35.136+0000] {processor.py:826} INFO - Processing file /home/vscode/.local/lib/python3.10/site-packages/airflow/example_dags/example_branch_labels.py for tasks to queue
[2024-12-25T15:18:35.137+0000] {logging_mixin.py:150} INFO - [2024-12-25T15:18:35.137+0000] {dagbag.py:541} INFO - Filling up the DagBag from /home/vscode/.local/lib/python3.10/site-packages/airflow/example_dags/example_branch_labels.py
[2024-12-25T15:18:35.142+0000] {processor.py:836} INFO - DAG(s) dict_keys(['example_branch_labels']) retrieved from /home/vscode/.local/lib/python3.10/site-packages/airflow/example_dags/example_branch_labels.py
[2024-12-25T15:18:35.155+0000] {logging_mixin.py:150} INFO - [2024-12-25T15:18:35.155+0000] {dag.py:2742} INFO - Sync 1 DAGs
[2024-12-25T15:18:35.169+0000] {logging_mixin.py:150} INFO - [2024-12-25T15:18:35.169+0000] {dag.py:3504} INFO - Setting next_dagrun for example_branch_labels to 2024-12-24T00:00:00+00:00, run_after=2024-12-25T00:00:00+00:00
[2024-12-25T15:18:35.184+0000] {processor.py:179} INFO - Processing /home/vscode/.local/lib/python3.10/site-packages/airflow/example_dags/example_branch_labels.py took 0.050 seconds
[2024-12-25T15:19:20.364+0000] {processor.py:157} INFO - Started process (PID=11477) to work on /home/vscode/.local/lib/python3.10/site-packages/airflow/example_dags/example_branch_labels.py
[2024-12-25T15:19:20.364+0000] {processor.py:826} INFO - Processing file /home/vscode/.local/lib/python3.10/site-packages/airflow/example_dags/example_branch_labels.py for tasks to queue
[2024-12-25T15:19:20.365+0000] {logging_mixin.py:150} INFO - [2024-12-25T15:19:20.365+0000] {dagbag.py:541} INFO - Filling up the DagBag from /home/vscode/.local/lib/python3.10/site-packages/airflow/example_dags/example_branch_labels.py
[2024-12-25T15:19:20.371+0000] {processor.py:836} INFO - DAG(s) dict_keys(['example_branch_labels']) retrieved from /home/vscode/.local/lib/python3.10/site-packages/airflow/example_dags/example_branch_labels.py
[2024-12-25T15:19:20.384+0000] {logging_mixin.py:150} INFO - [2024-12-25T15:19:20.383+0000] {dag.py:2742} INFO - Sync 1 DAGs
[2024-12-25T15:19:20.399+0000] {logging_mixin.py:150} INFO - [2024-12-25T15:19:20.398+0000] {dag.py:3504} INFO - Setting next_dagrun for example_branch_labels to 2024-12-24T00:00:00+00:00, run_after=2024-12-25T00:00:00+00:00
[2024-12-25T15:19:20.413+0000] {processor.py:179} INFO - Processing /home/vscode/.local/lib/python3.10/site-packages/airflow/example_dags/example_branch_labels.py took 0.052 seconds
[2024-12-25T15:20:04.729+0000] {processor.py:157} INFO - Started process (PID=11914) to work on /home/vscode/.local/lib/python3.10/site-packages/airflow/example_dags/example_branch_labels.py
[2024-12-25T15:20:04.730+0000] {processor.py:826} INFO - Processing file /home/vscode/.local/lib/python3.10/site-packages/airflow/example_dags/example_branch_labels.py for tasks to queue
[2024-12-25T15:20:04.731+0000] {logging_mixin.py:150} INFO - [2024-12-25T15:20:04.730+0000] {dagbag.py:541} INFO - Filling up the DagBag from /home/vscode/.local/lib/python3.10/site-packages/airflow/example_dags/example_branch_labels.py
[2024-12-25T15:20:04.736+0000] {processor.py:836} INFO - DAG(s) dict_keys(['example_branch_labels']) retrieved from /home/vscode/.local/lib/python3.10/site-packages/airflow/example_dags/example_branch_labels.py
[2024-12-25T15:20:04.748+0000] {logging_mixin.py:150} INFO - [2024-12-25T15:20:04.748+0000] {dag.py:2742} INFO - Sync 1 DAGs
[2024-12-25T15:20:04.763+0000] {logging_mixin.py:150} INFO - [2024-12-25T15:20:04.763+0000] {dag.py:3504} INFO - Setting next_dagrun for example_branch_labels to 2024-12-24T00:00:00+00:00, run_after=2024-12-25T00:00:00+00:00
[2024-12-25T15:20:04.780+0000] {processor.py:179} INFO - Processing /home/vscode/.local/lib/python3.10/site-packages/airflow/example_dags/example_branch_labels.py took 0.052 seconds
[2024-12-25T15:20:52.750+0000] {processor.py:157} INFO - Started process (PID=12454) to work on /home/vscode/.local/lib/python3.10/site-packages/airflow/example_dags/example_branch_labels.py
[2024-12-25T15:20:52.750+0000] {processor.py:826} INFO - Processing file /home/vscode/.local/lib/python3.10/site-packages/airflow/example_dags/example_branch_labels.py for tasks to queue
[2024-12-25T15:20:52.751+0000] {logging_mixin.py:150} INFO - [2024-12-25T15:20:52.751+0000] {dagbag.py:541} INFO - Filling up the DagBag from /home/vscode/.local/lib/python3.10/site-packages/airflow/example_dags/example_branch_labels.py
[2024-12-25T15:20:52.757+0000] {processor.py:836} INFO - DAG(s) dict_keys(['example_branch_labels']) retrieved from /home/vscode/.local/lib/python3.10/site-packages/airflow/example_dags/example_branch_labels.py
[2024-12-25T15:20:52.769+0000] {logging_mixin.py:150} INFO - [2024-12-25T15:20:52.769+0000] {dag.py:2742} INFO - Sync 1 DAGs
[2024-12-25T15:20:52.786+0000] {logging_mixin.py:150} INFO - [2024-12-25T15:20:52.786+0000] {dag.py:3504} INFO - Setting next_dagrun for example_branch_labels to 2024-12-24T00:00:00+00:00, run_after=2024-12-25T00:00:00+00:00
[2024-12-25T15:20:52.801+0000] {processor.py:179} INFO - Processing /home/vscode/.local/lib/python3.10/site-packages/airflow/example_dags/example_branch_labels.py took 0.053 seconds
[2024-12-25T15:21:39.031+0000] {processor.py:157} INFO - Started process (PID=12972) to work on /home/vscode/.local/lib/python3.10/site-packages/airflow/example_dags/example_branch_labels.py
[2024-12-25T15:21:39.032+0000] {processor.py:826} INFO - Processing file /home/vscode/.local/lib/python3.10/site-packages/airflow/example_dags/example_branch_labels.py for tasks to queue
[2024-12-25T15:21:39.033+0000] {logging_mixin.py:150} INFO - [2024-12-25T15:21:39.032+0000] {dagbag.py:541} INFO - Filling up the DagBag from /home/vscode/.local/lib/python3.10/site-packages/airflow/example_dags/example_branch_labels.py
[2024-12-25T15:21:39.041+0000] {processor.py:836} INFO - DAG(s) dict_keys(['example_branch_labels']) retrieved from /home/vscode/.local/lib/python3.10/site-packages/airflow/example_dags/example_branch_labels.py
[2024-12-25T15:21:39.060+0000] {logging_mixin.py:150} INFO - [2024-12-25T15:21:39.059+0000] {dag.py:2742} INFO - Sync 1 DAGs
[2024-12-25T15:21:39.081+0000] {logging_mixin.py:150} INFO - [2024-12-25T15:21:39.081+0000] {dag.py:3504} INFO - Setting next_dagrun for example_branch_labels to 2024-12-24T00:00:00+00:00, run_after=2024-12-25T00:00:00+00:00
[2024-12-25T15:21:39.102+0000] {processor.py:179} INFO - Processing /home/vscode/.local/lib/python3.10/site-packages/airflow/example_dags/example_branch_labels.py took 0.074 seconds
[2024-12-25T15:22:25.143+0000] {processor.py:157} INFO - Started process (PID=13484) to work on /home/vscode/.local/lib/python3.10/site-packages/airflow/example_dags/example_branch_labels.py
[2024-12-25T15:22:25.143+0000] {processor.py:826} INFO - Processing file /home/vscode/.local/lib/python3.10/site-packages/airflow/example_dags/example_branch_labels.py for tasks to queue
[2024-12-25T15:22:25.144+0000] {logging_mixin.py:150} INFO - [2024-12-25T15:22:25.144+0000] {dagbag.py:541} INFO - Filling up the DagBag from /home/vscode/.local/lib/python3.10/site-packages/airflow/example_dags/example_branch_labels.py
[2024-12-25T15:22:25.150+0000] {processor.py:836} INFO - DAG(s) dict_keys(['example_branch_labels']) retrieved from /home/vscode/.local/lib/python3.10/site-packages/airflow/example_dags/example_branch_labels.py
[2024-12-25T15:22:25.163+0000] {logging_mixin.py:150} INFO - [2024-12-25T15:22:25.163+0000] {dag.py:2742} INFO - Sync 1 DAGs
[2024-12-25T15:22:25.178+0000] {logging_mixin.py:150} INFO - [2024-12-25T15:22:25.177+0000] {dag.py:3504} INFO - Setting next_dagrun for example_branch_labels to 2024-12-24T00:00:00+00:00, run_after=2024-12-25T00:00:00+00:00
[2024-12-25T15:22:25.192+0000] {processor.py:179} INFO - Processing /home/vscode/.local/lib/python3.10/site-packages/airflow/example_dags/example_branch_labels.py took 0.052 seconds
[2024-12-25T15:23:10.021+0000] {processor.py:157} INFO - Started process (PID=13986) to work on /home/vscode/.local/lib/python3.10/site-packages/airflow/example_dags/example_branch_labels.py
[2024-12-25T15:23:10.022+0000] {processor.py:826} INFO - Processing file /home/vscode/.local/lib/python3.10/site-packages/airflow/example_dags/example_branch_labels.py for tasks to queue
[2024-12-25T15:23:10.022+0000] {logging_mixin.py:150} INFO - [2024-12-25T15:23:10.022+0000] {dagbag.py:541} INFO - Filling up the DagBag from /home/vscode/.local/lib/python3.10/site-packages/airflow/example_dags/example_branch_labels.py
[2024-12-25T15:23:10.028+0000] {processor.py:836} INFO - DAG(s) dict_keys(['example_branch_labels']) retrieved from /home/vscode/.local/lib/python3.10/site-packages/airflow/example_dags/example_branch_labels.py
[2024-12-25T15:23:10.041+0000] {logging_mixin.py:150} INFO - [2024-12-25T15:23:10.040+0000] {dag.py:2742} INFO - Sync 1 DAGs
[2024-12-25T15:23:10.055+0000] {logging_mixin.py:150} INFO - [2024-12-25T15:23:10.055+0000] {dag.py:3504} INFO - Setting next_dagrun for example_branch_labels to 2024-12-24T00:00:00+00:00, run_after=2024-12-25T00:00:00+00:00
[2024-12-25T15:23:10.070+0000] {processor.py:179} INFO - Processing /home/vscode/.local/lib/python3.10/site-packages/airflow/example_dags/example_branch_labels.py took 0.052 seconds
[2024-12-25T15:23:52.743+0000] {processor.py:157} INFO - Started process (PID=14470) to work on /home/vscode/.local/lib/python3.10/site-packages/airflow/example_dags/example_branch_labels.py
[2024-12-25T15:23:52.743+0000] {processor.py:826} INFO - Processing file /home/vscode/.local/lib/python3.10/site-packages/airflow/example_dags/example_branch_labels.py for tasks to queue
[2024-12-25T15:23:52.744+0000] {logging_mixin.py:150} INFO - [2024-12-25T15:23:52.744+0000] {dagbag.py:541} INFO - Filling up the DagBag from /home/vscode/.local/lib/python3.10/site-packages/airflow/example_dags/example_branch_labels.py
[2024-12-25T15:23:52.749+0000] {processor.py:836} INFO - DAG(s) dict_keys(['example_branch_labels']) retrieved from /home/vscode/.local/lib/python3.10/site-packages/airflow/example_dags/example_branch_labels.py
[2024-12-25T15:23:52.762+0000] {logging_mixin.py:150} INFO - [2024-12-25T15:23:52.761+0000] {dag.py:2742} INFO - Sync 1 DAGs
[2024-12-25T15:23:52.776+0000] {logging_mixin.py:150} INFO - [2024-12-25T15:23:52.776+0000] {dag.py:3504} INFO - Setting next_dagrun for example_branch_labels to 2024-12-24T00:00:00+00:00, run_after=2024-12-25T00:00:00+00:00
[2024-12-25T15:23:52.792+0000] {processor.py:179} INFO - Processing /home/vscode/.local/lib/python3.10/site-packages/airflow/example_dags/example_branch_labels.py took 0.051 seconds
[2024-12-25T15:24:35.899+0000] {processor.py:157} INFO - Started process (PID=14945) to work on /home/vscode/.local/lib/python3.10/site-packages/airflow/example_dags/example_branch_labels.py
[2024-12-25T15:24:35.900+0000] {processor.py:826} INFO - Processing file /home/vscode/.local/lib/python3.10/site-packages/airflow/example_dags/example_branch_labels.py for tasks to queue
[2024-12-25T15:24:35.901+0000] {logging_mixin.py:150} INFO - [2024-12-25T15:24:35.900+0000] {dagbag.py:541} INFO - Filling up the DagBag from /home/vscode/.local/lib/python3.10/site-packages/airflow/example_dags/example_branch_labels.py
[2024-12-25T15:24:35.906+0000] {processor.py:836} INFO - DAG(s) dict_keys(['example_branch_labels']) retrieved from /home/vscode/.local/lib/python3.10/site-packages/airflow/example_dags/example_branch_labels.py
[2024-12-25T15:24:35.918+0000] {logging_mixin.py:150} INFO - [2024-12-25T15:24:35.918+0000] {dag.py:2742} INFO - Sync 1 DAGs
[2024-12-25T15:24:35.933+0000] {logging_mixin.py:150} INFO - [2024-12-25T15:24:35.933+0000] {dag.py:3504} INFO - Setting next_dagrun for example_branch_labels to 2024-12-24T00:00:00+00:00, run_after=2024-12-25T00:00:00+00:00
[2024-12-25T15:24:35.948+0000] {processor.py:179} INFO - Processing /home/vscode/.local/lib/python3.10/site-packages/airflow/example_dags/example_branch_labels.py took 0.051 seconds
[2024-12-25T15:25:21.306+0000] {processor.py:157} INFO - Started process (PID=15391) to work on /home/vscode/.local/lib/python3.10/site-packages/airflow/example_dags/example_branch_labels.py
[2024-12-25T15:25:21.307+0000] {processor.py:826} INFO - Processing file /home/vscode/.local/lib/python3.10/site-packages/airflow/example_dags/example_branch_labels.py for tasks to queue
[2024-12-25T15:25:21.308+0000] {logging_mixin.py:150} INFO - [2024-12-25T15:25:21.307+0000] {dagbag.py:541} INFO - Filling up the DagBag from /home/vscode/.local/lib/python3.10/site-packages/airflow/example_dags/example_branch_labels.py
[2024-12-25T15:25:21.313+0000] {processor.py:836} INFO - DAG(s) dict_keys(['example_branch_labels']) retrieved from /home/vscode/.local/lib/python3.10/site-packages/airflow/example_dags/example_branch_labels.py
[2024-12-25T15:25:21.325+0000] {logging_mixin.py:150} INFO - [2024-12-25T15:25:21.325+0000] {dag.py:2742} INFO - Sync 1 DAGs
[2024-12-25T15:25:21.340+0000] {logging_mixin.py:150} INFO - [2024-12-25T15:25:21.340+0000] {dag.py:3504} INFO - Setting next_dagrun for example_branch_labels to 2024-12-24T00:00:00+00:00, run_after=2024-12-25T00:00:00+00:00
[2024-12-25T15:25:21.354+0000] {processor.py:179} INFO - Processing /home/vscode/.local/lib/python3.10/site-packages/airflow/example_dags/example_branch_labels.py took 0.050 seconds
[2024-12-25T15:26:05.672+0000] {processor.py:157} INFO - Started process (PID=15833) to work on /home/vscode/.local/lib/python3.10/site-packages/airflow/example_dags/example_branch_labels.py
[2024-12-25T15:26:05.673+0000] {processor.py:826} INFO - Processing file /home/vscode/.local/lib/python3.10/site-packages/airflow/example_dags/example_branch_labels.py for tasks to queue
[2024-12-25T15:26:05.673+0000] {logging_mixin.py:150} INFO - [2024-12-25T15:26:05.673+0000] {dagbag.py:541} INFO - Filling up the DagBag from /home/vscode/.local/lib/python3.10/site-packages/airflow/example_dags/example_branch_labels.py
[2024-12-25T15:26:05.679+0000] {processor.py:836} INFO - DAG(s) dict_keys(['example_branch_labels']) retrieved from /home/vscode/.local/lib/python3.10/site-packages/airflow/example_dags/example_branch_labels.py
[2024-12-25T15:26:05.691+0000] {logging_mixin.py:150} INFO - [2024-12-25T15:26:05.691+0000] {dag.py:2742} INFO - Sync 1 DAGs
[2024-12-25T15:26:05.706+0000] {logging_mixin.py:150} INFO - [2024-12-25T15:26:05.706+0000] {dag.py:3504} INFO - Setting next_dagrun for example_branch_labels to 2024-12-24T00:00:00+00:00, run_after=2024-12-25T00:00:00+00:00
[2024-12-25T15:26:05.721+0000] {processor.py:179} INFO - Processing /home/vscode/.local/lib/python3.10/site-packages/airflow/example_dags/example_branch_labels.py took 0.051 seconds
[2024-12-25T15:26:48.916+0000] {processor.py:157} INFO - Started process (PID=16410) to work on /home/vscode/.local/lib/python3.10/site-packages/airflow/example_dags/example_branch_labels.py
[2024-12-25T15:26:48.917+0000] {processor.py:826} INFO - Processing file /home/vscode/.local/lib/python3.10/site-packages/airflow/example_dags/example_branch_labels.py for tasks to queue
[2024-12-25T15:26:48.918+0000] {logging_mixin.py:150} INFO - [2024-12-25T15:26:48.918+0000] {dagbag.py:541} INFO - Filling up the DagBag from /home/vscode/.local/lib/python3.10/site-packages/airflow/example_dags/example_branch_labels.py
[2024-12-25T15:26:48.924+0000] {processor.py:836} INFO - DAG(s) dict_keys(['example_branch_labels']) retrieved from /home/vscode/.local/lib/python3.10/site-packages/airflow/example_dags/example_branch_labels.py
[2024-12-25T15:26:48.937+0000] {logging_mixin.py:150} INFO - [2024-12-25T15:26:48.937+0000] {dag.py:2742} INFO - Sync 1 DAGs
[2024-12-25T15:26:48.952+0000] {logging_mixin.py:150} INFO - [2024-12-25T15:26:48.952+0000] {dag.py:3504} INFO - Setting next_dagrun for example_branch_labels to 2024-12-24T00:00:00+00:00, run_after=2024-12-25T00:00:00+00:00
[2024-12-25T15:26:48.967+0000] {processor.py:179} INFO - Processing /home/vscode/.local/lib/python3.10/site-packages/airflow/example_dags/example_branch_labels.py took 0.054 seconds
[2024-12-25T15:27:33.942+0000] {processor.py:157} INFO - Started process (PID=17492) to work on /home/vscode/.local/lib/python3.10/site-packages/airflow/example_dags/example_branch_labels.py
[2024-12-25T15:27:33.943+0000] {processor.py:826} INFO - Processing file /home/vscode/.local/lib/python3.10/site-packages/airflow/example_dags/example_branch_labels.py for tasks to queue
[2024-12-25T15:27:33.943+0000] {logging_mixin.py:150} INFO - [2024-12-25T15:27:33.943+0000] {dagbag.py:541} INFO - Filling up the DagBag from /home/vscode/.local/lib/python3.10/site-packages/airflow/example_dags/example_branch_labels.py
[2024-12-25T15:27:33.949+0000] {processor.py:836} INFO - DAG(s) dict_keys(['example_branch_labels']) retrieved from /home/vscode/.local/lib/python3.10/site-packages/airflow/example_dags/example_branch_labels.py
[2024-12-25T15:27:33.961+0000] {logging_mixin.py:150} INFO - [2024-12-25T15:27:33.961+0000] {dag.py:2742} INFO - Sync 1 DAGs
[2024-12-25T15:27:33.976+0000] {logging_mixin.py:150} INFO - [2024-12-25T15:27:33.975+0000] {dag.py:3504} INFO - Setting next_dagrun for example_branch_labels to 2024-12-24T00:00:00+00:00, run_after=2024-12-25T00:00:00+00:00
[2024-12-25T15:27:33.990+0000] {processor.py:179} INFO - Processing /home/vscode/.local/lib/python3.10/site-packages/airflow/example_dags/example_branch_labels.py took 0.050 seconds
