[2024-12-25T15:13:44.516+0000] {processor.py:157} INFO - Started process (PID=8287) to work on /home/vscode/.local/lib/python3.10/site-packages/airflow/example_dags/example_external_task_marker_dag.py
[2024-12-25T15:13:44.517+0000] {processor.py:826} INFO - Processing file /home/vscode/.local/lib/python3.10/site-packages/airflow/example_dags/example_external_task_marker_dag.py for tasks to queue
[2024-12-25T15:13:44.517+0000] {logging_mixin.py:150} INFO - [2024-12-25T15:13:44.517+0000] {dagbag.py:541} INFO - Filling up the DagBag from /home/vscode/.local/lib/python3.10/site-packages/airflow/example_dags/example_external_task_marker_dag.py
[2024-12-25T15:13:44.522+0000] {processor.py:836} INFO - DAG(s) dict_keys(['example_external_task_marker_child', 'example_external_task_marker_parent']) retrieved from /home/vscode/.local/lib/python3.10/site-packages/airflow/example_dags/example_external_task_marker_dag.py
[2024-12-25T15:13:44.695+0000] {logging_mixin.py:150} INFO - [2024-12-25T15:13:44.694+0000] {manager.py:504} INFO - Created Permission View: can edit on DAG:example_external_task_marker_child
[2024-12-25T15:13:44.703+0000] {logging_mixin.py:150} INFO - [2024-12-25T15:13:44.703+0000] {manager.py:504} INFO - Created Permission View: can read on DAG:example_external_task_marker_child
[2024-12-25T15:13:44.709+0000] {logging_mixin.py:150} INFO - [2024-12-25T15:13:44.709+0000] {manager.py:504} INFO - Created Permission View: can delete on DAG:example_external_task_marker_child
[2024-12-25T15:13:44.734+0000] {logging_mixin.py:150} INFO - [2024-12-25T15:13:44.734+0000] {manager.py:504} INFO - Created Permission View: can edit on DAG:example_external_task_marker_parent
[2024-12-25T15:13:44.741+0000] {logging_mixin.py:150} INFO - [2024-12-25T15:13:44.741+0000] {manager.py:504} INFO - Created Permission View: can read on DAG:example_external_task_marker_parent
[2024-12-25T15:13:44.747+0000] {logging_mixin.py:150} INFO - [2024-12-25T15:13:44.746+0000] {manager.py:504} INFO - Created Permission View: can delete on DAG:example_external_task_marker_parent
[2024-12-25T15:13:44.750+0000] {logging_mixin.py:150} INFO - [2024-12-25T15:13:44.750+0000] {dag.py:2742} INFO - Sync 2 DAGs
[2024-12-25T15:13:44.756+0000] {logging_mixin.py:150} INFO - [2024-12-25T15:13:44.756+0000] {dag.py:2763} INFO - Creating ORM DAG for example_external_task_marker_child
[2024-12-25T15:13:44.757+0000] {logging_mixin.py:150} INFO - [2024-12-25T15:13:44.757+0000] {dag.py:2763} INFO - Creating ORM DAG for example_external_task_marker_parent
[2024-12-25T15:13:44.763+0000] {logging_mixin.py:150} INFO - [2024-12-25T15:13:44.762+0000] {dag.py:3504} INFO - Setting next_dagrun for example_external_task_marker_child to None, run_after=None
[2024-12-25T15:13:44.763+0000] {logging_mixin.py:150} INFO - [2024-12-25T15:13:44.763+0000] {dag.py:3504} INFO - Setting next_dagrun for example_external_task_marker_parent to None, run_after=None
[2024-12-25T15:13:44.780+0000] {processor.py:179} INFO - Processing /home/vscode/.local/lib/python3.10/site-packages/airflow/example_dags/example_external_task_marker_dag.py took 0.266 seconds
[2024-12-25T15:14:31.361+0000] {processor.py:157} INFO - Started process (PID=8600) to work on /home/vscode/.local/lib/python3.10/site-packages/airflow/example_dags/example_external_task_marker_dag.py
[2024-12-25T15:14:31.362+0000] {processor.py:826} INFO - Processing file /home/vscode/.local/lib/python3.10/site-packages/airflow/example_dags/example_external_task_marker_dag.py for tasks to queue
[2024-12-25T15:14:31.363+0000] {logging_mixin.py:150} INFO - [2024-12-25T15:14:31.362+0000] {dagbag.py:541} INFO - Filling up the DagBag from /home/vscode/.local/lib/python3.10/site-packages/airflow/example_dags/example_external_task_marker_dag.py
[2024-12-25T15:14:31.367+0000] {processor.py:836} INFO - DAG(s) dict_keys(['example_external_task_marker_child', 'example_external_task_marker_parent']) retrieved from /home/vscode/.local/lib/python3.10/site-packages/airflow/example_dags/example_external_task_marker_dag.py
[2024-12-25T15:14:31.380+0000] {logging_mixin.py:150} INFO - [2024-12-25T15:14:31.380+0000] {dag.py:2742} INFO - Sync 2 DAGs
[2024-12-25T15:14:31.394+0000] {logging_mixin.py:150} INFO - [2024-12-25T15:14:31.394+0000] {dag.py:3504} INFO - Setting next_dagrun for example_external_task_marker_child to None, run_after=None
[2024-12-25T15:14:31.396+0000] {logging_mixin.py:150} INFO - [2024-12-25T15:14:31.396+0000] {dag.py:3504} INFO - Setting next_dagrun for example_external_task_marker_parent to None, run_after=None
[2024-12-25T15:14:31.410+0000] {processor.py:179} INFO - Processing /home/vscode/.local/lib/python3.10/site-packages/airflow/example_dags/example_external_task_marker_dag.py took 0.051 seconds
[2024-12-25T15:15:15.529+0000] {processor.py:157} INFO - Started process (PID=8911) to work on /home/vscode/.local/lib/python3.10/site-packages/airflow/example_dags/example_external_task_marker_dag.py
[2024-12-25T15:15:15.530+0000] {processor.py:826} INFO - Processing file /home/vscode/.local/lib/python3.10/site-packages/airflow/example_dags/example_external_task_marker_dag.py for tasks to queue
[2024-12-25T15:15:15.530+0000] {logging_mixin.py:150} INFO - [2024-12-25T15:15:15.530+0000] {dagbag.py:541} INFO - Filling up the DagBag from /home/vscode/.local/lib/python3.10/site-packages/airflow/example_dags/example_external_task_marker_dag.py
[2024-12-25T15:15:15.535+0000] {processor.py:836} INFO - DAG(s) dict_keys(['example_external_task_marker_parent', 'example_external_task_marker_child']) retrieved from /home/vscode/.local/lib/python3.10/site-packages/airflow/example_dags/example_external_task_marker_dag.py
[2024-12-25T15:15:15.550+0000] {logging_mixin.py:150} INFO - [2024-12-25T15:15:15.550+0000] {dag.py:2742} INFO - Sync 2 DAGs
[2024-12-25T15:15:15.567+0000] {logging_mixin.py:150} INFO - [2024-12-25T15:15:15.567+0000] {dag.py:3504} INFO - Setting next_dagrun for example_external_task_marker_child to None, run_after=None
[2024-12-25T15:15:15.569+0000] {logging_mixin.py:150} INFO - [2024-12-25T15:15:15.569+0000] {dag.py:3504} INFO - Setting next_dagrun for example_external_task_marker_parent to None, run_after=None
[2024-12-25T15:15:15.583+0000] {processor.py:179} INFO - Processing /home/vscode/.local/lib/python3.10/site-packages/airflow/example_dags/example_external_task_marker_dag.py took 0.056 seconds
[2024-12-25T15:16:01.170+0000] {processor.py:157} INFO - Started process (PID=9311) to work on /home/vscode/.local/lib/python3.10/site-packages/airflow/example_dags/example_external_task_marker_dag.py
[2024-12-25T15:16:01.171+0000] {processor.py:826} INFO - Processing file /home/vscode/.local/lib/python3.10/site-packages/airflow/example_dags/example_external_task_marker_dag.py for tasks to queue
[2024-12-25T15:16:01.172+0000] {logging_mixin.py:150} INFO - [2024-12-25T15:16:01.171+0000] {dagbag.py:541} INFO - Filling up the DagBag from /home/vscode/.local/lib/python3.10/site-packages/airflow/example_dags/example_external_task_marker_dag.py
[2024-12-25T15:16:01.177+0000] {processor.py:836} INFO - DAG(s) dict_keys(['example_external_task_marker_child', 'example_external_task_marker_parent']) retrieved from /home/vscode/.local/lib/python3.10/site-packages/airflow/example_dags/example_external_task_marker_dag.py
[2024-12-25T15:16:01.223+0000] {logging_mixin.py:150} INFO - [2024-12-25T15:16:01.223+0000] {dag.py:2742} INFO - Sync 2 DAGs
[2024-12-25T15:16:01.244+0000] {logging_mixin.py:150} INFO - [2024-12-25T15:16:01.244+0000] {dag.py:3504} INFO - Setting next_dagrun for example_external_task_marker_child to None, run_after=None
[2024-12-25T15:16:01.247+0000] {logging_mixin.py:150} INFO - [2024-12-25T15:16:01.247+0000] {dag.py:3504} INFO - Setting next_dagrun for example_external_task_marker_parent to None, run_after=None
[2024-12-25T15:16:01.269+0000] {processor.py:179} INFO - Processing /home/vscode/.local/lib/python3.10/site-packages/airflow/example_dags/example_external_task_marker_dag.py took 0.102 seconds
[2024-12-25T15:16:49.684+0000] {processor.py:157} INFO - Started process (PID=9775) to work on /home/vscode/.local/lib/python3.10/site-packages/airflow/example_dags/example_external_task_marker_dag.py
[2024-12-25T15:16:49.685+0000] {processor.py:826} INFO - Processing file /home/vscode/.local/lib/python3.10/site-packages/airflow/example_dags/example_external_task_marker_dag.py for tasks to queue
[2024-12-25T15:16:49.686+0000] {logging_mixin.py:150} INFO - [2024-12-25T15:16:49.685+0000] {dagbag.py:541} INFO - Filling up the DagBag from /home/vscode/.local/lib/python3.10/site-packages/airflow/example_dags/example_external_task_marker_dag.py
[2024-12-25T15:16:49.690+0000] {processor.py:836} INFO - DAG(s) dict_keys(['example_external_task_marker_child', 'example_external_task_marker_parent']) retrieved from /home/vscode/.local/lib/python3.10/site-packages/airflow/example_dags/example_external_task_marker_dag.py
[2024-12-25T15:16:49.704+0000] {logging_mixin.py:150} INFO - [2024-12-25T15:16:49.704+0000] {dag.py:2742} INFO - Sync 2 DAGs
[2024-12-25T15:16:49.717+0000] {logging_mixin.py:150} INFO - [2024-12-25T15:16:49.717+0000] {dag.py:3504} INFO - Setting next_dagrun for example_external_task_marker_child to None, run_after=None
[2024-12-25T15:16:49.720+0000] {logging_mixin.py:150} INFO - [2024-12-25T15:16:49.720+0000] {dag.py:3504} INFO - Setting next_dagrun for example_external_task_marker_parent to None, run_after=None
[2024-12-25T15:16:49.734+0000] {processor.py:179} INFO - Processing /home/vscode/.local/lib/python3.10/site-packages/airflow/example_dags/example_external_task_marker_dag.py took 0.052 seconds
[2024-12-25T15:17:34.515+0000] {processor.py:157} INFO - Started process (PID=10305) to work on /home/vscode/.local/lib/python3.10/site-packages/airflow/example_dags/example_external_task_marker_dag.py
[2024-12-25T15:17:34.515+0000] {processor.py:826} INFO - Processing file /home/vscode/.local/lib/python3.10/site-packages/airflow/example_dags/example_external_task_marker_dag.py for tasks to queue
[2024-12-25T15:17:34.516+0000] {logging_mixin.py:150} INFO - [2024-12-25T15:17:34.516+0000] {dagbag.py:541} INFO - Filling up the DagBag from /home/vscode/.local/lib/python3.10/site-packages/airflow/example_dags/example_external_task_marker_dag.py
[2024-12-25T15:17:34.523+0000] {processor.py:836} INFO - DAG(s) dict_keys(['example_external_task_marker_parent', 'example_external_task_marker_child']) retrieved from /home/vscode/.local/lib/python3.10/site-packages/airflow/example_dags/example_external_task_marker_dag.py
[2024-12-25T15:17:34.540+0000] {logging_mixin.py:150} INFO - [2024-12-25T15:17:34.540+0000] {dag.py:2742} INFO - Sync 2 DAGs
[2024-12-25T15:17:34.554+0000] {logging_mixin.py:150} INFO - [2024-12-25T15:17:34.554+0000] {dag.py:3504} INFO - Setting next_dagrun for example_external_task_marker_child to None, run_after=None
[2024-12-25T15:17:34.556+0000] {logging_mixin.py:150} INFO - [2024-12-25T15:17:34.556+0000] {dag.py:3504} INFO - Setting next_dagrun for example_external_task_marker_parent to None, run_after=None
[2024-12-25T15:17:34.570+0000] {processor.py:179} INFO - Processing /home/vscode/.local/lib/python3.10/site-packages/airflow/example_dags/example_external_task_marker_dag.py took 0.058 seconds
[2024-12-25T15:18:17.598+0000] {processor.py:157} INFO - Started process (PID=10775) to work on /home/vscode/.local/lib/python3.10/site-packages/airflow/example_dags/example_external_task_marker_dag.py
[2024-12-25T15:18:17.599+0000] {processor.py:826} INFO - Processing file /home/vscode/.local/lib/python3.10/site-packages/airflow/example_dags/example_external_task_marker_dag.py for tasks to queue
[2024-12-25T15:18:17.600+0000] {logging_mixin.py:150} INFO - [2024-12-25T15:18:17.599+0000] {dagbag.py:541} INFO - Filling up the DagBag from /home/vscode/.local/lib/python3.10/site-packages/airflow/example_dags/example_external_task_marker_dag.py
[2024-12-25T15:18:17.604+0000] {processor.py:836} INFO - DAG(s) dict_keys(['example_external_task_marker_parent', 'example_external_task_marker_child']) retrieved from /home/vscode/.local/lib/python3.10/site-packages/airflow/example_dags/example_external_task_marker_dag.py
[2024-12-25T15:18:17.618+0000] {logging_mixin.py:150} INFO - [2024-12-25T15:18:17.618+0000] {dag.py:2742} INFO - Sync 2 DAGs
[2024-12-25T15:18:17.632+0000] {logging_mixin.py:150} INFO - [2024-12-25T15:18:17.632+0000] {dag.py:3504} INFO - Setting next_dagrun for example_external_task_marker_child to None, run_after=None
[2024-12-25T15:18:17.634+0000] {logging_mixin.py:150} INFO - [2024-12-25T15:18:17.634+0000] {dag.py:3504} INFO - Setting next_dagrun for example_external_task_marker_parent to None, run_after=None
[2024-12-25T15:18:17.648+0000] {processor.py:179} INFO - Processing /home/vscode/.local/lib/python3.10/site-packages/airflow/example_dags/example_external_task_marker_dag.py took 0.052 seconds
[2024-12-25T15:19:02.098+0000] {processor.py:157} INFO - Started process (PID=11272) to work on /home/vscode/.local/lib/python3.10/site-packages/airflow/example_dags/example_external_task_marker_dag.py
[2024-12-25T15:19:02.099+0000] {processor.py:826} INFO - Processing file /home/vscode/.local/lib/python3.10/site-packages/airflow/example_dags/example_external_task_marker_dag.py for tasks to queue
[2024-12-25T15:19:02.099+0000] {logging_mixin.py:150} INFO - [2024-12-25T15:19:02.099+0000] {dagbag.py:541} INFO - Filling up the DagBag from /home/vscode/.local/lib/python3.10/site-packages/airflow/example_dags/example_external_task_marker_dag.py
[2024-12-25T15:19:02.104+0000] {processor.py:836} INFO - DAG(s) dict_keys(['example_external_task_marker_parent', 'example_external_task_marker_child']) retrieved from /home/vscode/.local/lib/python3.10/site-packages/airflow/example_dags/example_external_task_marker_dag.py
[2024-12-25T15:19:02.118+0000] {logging_mixin.py:150} INFO - [2024-12-25T15:19:02.118+0000] {dag.py:2742} INFO - Sync 2 DAGs
[2024-12-25T15:19:02.132+0000] {logging_mixin.py:150} INFO - [2024-12-25T15:19:02.131+0000] {dag.py:3504} INFO - Setting next_dagrun for example_external_task_marker_child to None, run_after=None
[2024-12-25T15:19:02.134+0000] {logging_mixin.py:150} INFO - [2024-12-25T15:19:02.134+0000] {dag.py:3504} INFO - Setting next_dagrun for example_external_task_marker_parent to None, run_after=None
[2024-12-25T15:19:02.148+0000] {processor.py:179} INFO - Processing /home/vscode/.local/lib/python3.10/site-packages/airflow/example_dags/example_external_task_marker_dag.py took 0.052 seconds
[2024-12-25T15:19:47.202+0000] {processor.py:157} INFO - Started process (PID=11750) to work on /home/vscode/.local/lib/python3.10/site-packages/airflow/example_dags/example_external_task_marker_dag.py
[2024-12-25T15:19:47.203+0000] {processor.py:826} INFO - Processing file /home/vscode/.local/lib/python3.10/site-packages/airflow/example_dags/example_external_task_marker_dag.py for tasks to queue
[2024-12-25T15:19:47.203+0000] {logging_mixin.py:150} INFO - [2024-12-25T15:19:47.203+0000] {dagbag.py:541} INFO - Filling up the DagBag from /home/vscode/.local/lib/python3.10/site-packages/airflow/example_dags/example_external_task_marker_dag.py
[2024-12-25T15:19:47.208+0000] {processor.py:836} INFO - DAG(s) dict_keys(['example_external_task_marker_child', 'example_external_task_marker_parent']) retrieved from /home/vscode/.local/lib/python3.10/site-packages/airflow/example_dags/example_external_task_marker_dag.py
[2024-12-25T15:19:47.221+0000] {logging_mixin.py:150} INFO - [2024-12-25T15:19:47.221+0000] {dag.py:2742} INFO - Sync 2 DAGs
[2024-12-25T15:19:47.235+0000] {logging_mixin.py:150} INFO - [2024-12-25T15:19:47.235+0000] {dag.py:3504} INFO - Setting next_dagrun for example_external_task_marker_child to None, run_after=None
[2024-12-25T15:19:47.237+0000] {logging_mixin.py:150} INFO - [2024-12-25T15:19:47.237+0000] {dag.py:3504} INFO - Setting next_dagrun for example_external_task_marker_parent to None, run_after=None
[2024-12-25T15:19:47.252+0000] {processor.py:179} INFO - Processing /home/vscode/.local/lib/python3.10/site-packages/airflow/example_dags/example_external_task_marker_dag.py took 0.052 seconds
[2024-12-25T15:20:36.134+0000] {processor.py:157} INFO - Started process (PID=12275) to work on /home/vscode/.local/lib/python3.10/site-packages/airflow/example_dags/example_external_task_marker_dag.py
[2024-12-25T15:20:36.135+0000] {processor.py:826} INFO - Processing file /home/vscode/.local/lib/python3.10/site-packages/airflow/example_dags/example_external_task_marker_dag.py for tasks to queue
[2024-12-25T15:20:36.135+0000] {logging_mixin.py:150} INFO - [2024-12-25T15:20:36.135+0000] {dagbag.py:541} INFO - Filling up the DagBag from /home/vscode/.local/lib/python3.10/site-packages/airflow/example_dags/example_external_task_marker_dag.py
[2024-12-25T15:20:36.140+0000] {processor.py:836} INFO - DAG(s) dict_keys(['example_external_task_marker_parent', 'example_external_task_marker_child']) retrieved from /home/vscode/.local/lib/python3.10/site-packages/airflow/example_dags/example_external_task_marker_dag.py
[2024-12-25T15:20:36.154+0000] {logging_mixin.py:150} INFO - [2024-12-25T15:20:36.154+0000] {dag.py:2742} INFO - Sync 2 DAGs
[2024-12-25T15:20:36.168+0000] {logging_mixin.py:150} INFO - [2024-12-25T15:20:36.168+0000] {dag.py:3504} INFO - Setting next_dagrun for example_external_task_marker_child to None, run_after=None
[2024-12-25T15:20:36.170+0000] {logging_mixin.py:150} INFO - [2024-12-25T15:20:36.170+0000] {dag.py:3504} INFO - Setting next_dagrun for example_external_task_marker_parent to None, run_after=None
[2024-12-25T15:20:36.189+0000] {processor.py:179} INFO - Processing /home/vscode/.local/lib/python3.10/site-packages/airflow/example_dags/example_external_task_marker_dag.py took 0.057 seconds
