[2024-12-25T15:13:59.853+0000] {processor.py:157} INFO - Started process (PID=8385) to work on /home/vscode/.local/lib/python3.10/site-packages/airflow/example_dags/example_branch_operator_decorator.py
[2024-12-25T15:13:59.854+0000] {processor.py:826} INFO - Processing file /home/vscode/.local/lib/python3.10/site-packages/airflow/example_dags/example_branch_operator_decorator.py for tasks to queue
[2024-12-25T15:13:59.854+0000] {logging_mixin.py:150} INFO - [2024-12-25T15:13:59.854+0000] {dagbag.py:541} INFO - Filling up the DagBag from /home/vscode/.local/lib/python3.10/site-packages/airflow/example_dags/example_branch_operator_decorator.py
[2024-12-25T15:13:59.862+0000] {processor.py:836} INFO - DAG(s) dict_keys(['example_branch_python_operator_decorator']) retrieved from /home/vscode/.local/lib/python3.10/site-packages/airflow/example_dags/example_branch_operator_decorator.py
[2024-12-25T15:13:59.942+0000] {logging_mixin.py:150} INFO - [2024-12-25T15:13:59.942+0000] {manager.py:504} INFO - Created Permission View: can edit on DAG:example_branch_python_operator_decorator
[2024-12-25T15:13:59.951+0000] {logging_mixin.py:150} INFO - [2024-12-25T15:13:59.951+0000] {manager.py:504} INFO - Created Permission View: can read on DAG:example_branch_python_operator_decorator
[2024-12-25T15:13:59.957+0000] {logging_mixin.py:150} INFO - [2024-12-25T15:13:59.957+0000] {manager.py:504} INFO - Created Permission View: can delete on DAG:example_branch_python_operator_decorator
[2024-12-25T15:13:59.965+0000] {logging_mixin.py:150} INFO - [2024-12-25T15:13:59.965+0000] {dag.py:2742} INFO - Sync 1 DAGs
[2024-12-25T15:13:59.972+0000] {logging_mixin.py:150} INFO - [2024-12-25T15:13:59.972+0000] {dag.py:2763} INFO - Creating ORM DAG for example_branch_python_operator_decorator
[2024-12-25T15:13:59.980+0000] {logging_mixin.py:150} INFO - [2024-12-25T15:13:59.979+0000] {dag.py:3504} INFO - Setting next_dagrun for example_branch_python_operator_decorator to 2024-12-24T00:00:00+00:00, run_after=2024-12-25T00:00:00+00:00
[2024-12-25T15:13:59.996+0000] {processor.py:179} INFO - Processing /home/vscode/.local/lib/python3.10/site-packages/airflow/example_dags/example_branch_operator_decorator.py took 0.145 seconds
[2024-12-25T15:14:52.527+0000] {processor.py:157} INFO - Started process (PID=8754) to work on /home/vscode/.local/lib/python3.10/site-packages/airflow/example_dags/example_branch_operator_decorator.py
[2024-12-25T15:14:52.527+0000] {processor.py:826} INFO - Processing file /home/vscode/.local/lib/python3.10/site-packages/airflow/example_dags/example_branch_operator_decorator.py for tasks to queue
[2024-12-25T15:14:52.528+0000] {logging_mixin.py:150} INFO - [2024-12-25T15:14:52.528+0000] {dagbag.py:541} INFO - Filling up the DagBag from /home/vscode/.local/lib/python3.10/site-packages/airflow/example_dags/example_branch_operator_decorator.py
[2024-12-25T15:14:52.535+0000] {processor.py:836} INFO - DAG(s) dict_keys(['example_branch_python_operator_decorator']) retrieved from /home/vscode/.local/lib/python3.10/site-packages/airflow/example_dags/example_branch_operator_decorator.py
[2024-12-25T15:14:52.548+0000] {logging_mixin.py:150} INFO - [2024-12-25T15:14:52.548+0000] {dag.py:2742} INFO - Sync 1 DAGs
[2024-12-25T15:14:52.563+0000] {logging_mixin.py:150} INFO - [2024-12-25T15:14:52.563+0000] {dag.py:3504} INFO - Setting next_dagrun for example_branch_python_operator_decorator to 2024-12-24T00:00:00+00:00, run_after=2024-12-25T00:00:00+00:00
[2024-12-25T15:14:52.579+0000] {processor.py:179} INFO - Processing /home/vscode/.local/lib/python3.10/site-packages/airflow/example_dags/example_branch_operator_decorator.py took 0.054 seconds
[2024-12-25T15:15:35.249+0000] {processor.py:157} INFO - Started process (PID=9061) to work on /home/vscode/.local/lib/python3.10/site-packages/airflow/example_dags/example_branch_operator_decorator.py
[2024-12-25T15:15:35.250+0000] {processor.py:826} INFO - Processing file /home/vscode/.local/lib/python3.10/site-packages/airflow/example_dags/example_branch_operator_decorator.py for tasks to queue
[2024-12-25T15:15:35.250+0000] {logging_mixin.py:150} INFO - [2024-12-25T15:15:35.250+0000] {dagbag.py:541} INFO - Filling up the DagBag from /home/vscode/.local/lib/python3.10/site-packages/airflow/example_dags/example_branch_operator_decorator.py
[2024-12-25T15:15:35.258+0000] {processor.py:836} INFO - DAG(s) dict_keys(['example_branch_python_operator_decorator']) retrieved from /home/vscode/.local/lib/python3.10/site-packages/airflow/example_dags/example_branch_operator_decorator.py
[2024-12-25T15:15:35.270+0000] {logging_mixin.py:150} INFO - [2024-12-25T15:15:35.270+0000] {dag.py:2742} INFO - Sync 1 DAGs
[2024-12-25T15:15:35.285+0000] {logging_mixin.py:150} INFO - [2024-12-25T15:15:35.285+0000] {dag.py:3504} INFO - Setting next_dagrun for example_branch_python_operator_decorator to 2024-12-24T00:00:00+00:00, run_after=2024-12-25T00:00:00+00:00
[2024-12-25T15:15:35.300+0000] {processor.py:179} INFO - Processing /home/vscode/.local/lib/python3.10/site-packages/airflow/example_dags/example_branch_operator_decorator.py took 0.053 seconds
[2024-12-25T15:16:21.560+0000] {processor.py:157} INFO - Started process (PID=9499) to work on /home/vscode/.local/lib/python3.10/site-packages/airflow/example_dags/example_branch_operator_decorator.py
[2024-12-25T15:16:21.561+0000] {processor.py:826} INFO - Processing file /home/vscode/.local/lib/python3.10/site-packages/airflow/example_dags/example_branch_operator_decorator.py for tasks to queue
[2024-12-25T15:16:21.561+0000] {logging_mixin.py:150} INFO - [2024-12-25T15:16:21.561+0000] {dagbag.py:541} INFO - Filling up the DagBag from /home/vscode/.local/lib/python3.10/site-packages/airflow/example_dags/example_branch_operator_decorator.py
[2024-12-25T15:16:21.569+0000] {processor.py:836} INFO - DAG(s) dict_keys(['example_branch_python_operator_decorator']) retrieved from /home/vscode/.local/lib/python3.10/site-packages/airflow/example_dags/example_branch_operator_decorator.py
[2024-12-25T15:16:21.581+0000] {logging_mixin.py:150} INFO - [2024-12-25T15:16:21.581+0000] {dag.py:2742} INFO - Sync 1 DAGs
[2024-12-25T15:16:21.596+0000] {logging_mixin.py:150} INFO - [2024-12-25T15:16:21.596+0000] {dag.py:3504} INFO - Setting next_dagrun for example_branch_python_operator_decorator to 2024-12-24T00:00:00+00:00, run_after=2024-12-25T00:00:00+00:00
[2024-12-25T15:16:21.611+0000] {processor.py:179} INFO - Processing /home/vscode/.local/lib/python3.10/site-packages/airflow/example_dags/example_branch_operator_decorator.py took 0.053 seconds
[2024-12-25T15:17:09.822+0000] {processor.py:157} INFO - Started process (PID=9982) to work on /home/vscode/.local/lib/python3.10/site-packages/airflow/example_dags/example_branch_operator_decorator.py
[2024-12-25T15:17:09.823+0000] {processor.py:826} INFO - Processing file /home/vscode/.local/lib/python3.10/site-packages/airflow/example_dags/example_branch_operator_decorator.py for tasks to queue
[2024-12-25T15:17:09.823+0000] {logging_mixin.py:150} INFO - [2024-12-25T15:17:09.823+0000] {dagbag.py:541} INFO - Filling up the DagBag from /home/vscode/.local/lib/python3.10/site-packages/airflow/example_dags/example_branch_operator_decorator.py
[2024-12-25T15:17:09.831+0000] {processor.py:836} INFO - DAG(s) dict_keys(['example_branch_python_operator_decorator']) retrieved from /home/vscode/.local/lib/python3.10/site-packages/airflow/example_dags/example_branch_operator_decorator.py
[2024-12-25T15:17:09.844+0000] {logging_mixin.py:150} INFO - [2024-12-25T15:17:09.843+0000] {dag.py:2742} INFO - Sync 1 DAGs
[2024-12-25T15:17:09.859+0000] {logging_mixin.py:150} INFO - [2024-12-25T15:17:09.859+0000] {dag.py:3504} INFO - Setting next_dagrun for example_branch_python_operator_decorator to 2024-12-24T00:00:00+00:00, run_after=2024-12-25T00:00:00+00:00
[2024-12-25T15:17:09.873+0000] {processor.py:179} INFO - Processing /home/vscode/.local/lib/python3.10/site-packages/airflow/example_dags/example_branch_operator_decorator.py took 0.053 seconds
[2024-12-25T15:17:55.081+0000] {processor.py:157} INFO - Started process (PID=10527) to work on /home/vscode/.local/lib/python3.10/site-packages/airflow/example_dags/example_branch_operator_decorator.py
[2024-12-25T15:17:55.085+0000] {processor.py:826} INFO - Processing file /home/vscode/.local/lib/python3.10/site-packages/airflow/example_dags/example_branch_operator_decorator.py for tasks to queue
[2024-12-25T15:17:55.094+0000] {logging_mixin.py:150} INFO - [2024-12-25T15:17:55.093+0000] {dagbag.py:541} INFO - Filling up the DagBag from /home/vscode/.local/lib/python3.10/site-packages/airflow/example_dags/example_branch_operator_decorator.py
[2024-12-25T15:17:55.105+0000] {processor.py:836} INFO - DAG(s) dict_keys(['example_branch_python_operator_decorator']) retrieved from /home/vscode/.local/lib/python3.10/site-packages/airflow/example_dags/example_branch_operator_decorator.py
[2024-12-25T15:17:55.124+0000] {logging_mixin.py:150} INFO - [2024-12-25T15:17:55.124+0000] {dag.py:2742} INFO - Sync 1 DAGs
[2024-12-25T15:17:55.142+0000] {logging_mixin.py:150} INFO - [2024-12-25T15:17:55.142+0000] {dag.py:3504} INFO - Setting next_dagrun for example_branch_python_operator_decorator to 2024-12-24T00:00:00+00:00, run_after=2024-12-25T00:00:00+00:00
[2024-12-25T15:17:55.157+0000] {processor.py:179} INFO - Processing /home/vscode/.local/lib/python3.10/site-packages/airflow/example_dags/example_branch_operator_decorator.py took 0.079 seconds
[2024-12-25T15:18:38.588+0000] {processor.py:157} INFO - Started process (PID=11014) to work on /home/vscode/.local/lib/python3.10/site-packages/airflow/example_dags/example_branch_operator_decorator.py
[2024-12-25T15:18:38.589+0000] {processor.py:826} INFO - Processing file /home/vscode/.local/lib/python3.10/site-packages/airflow/example_dags/example_branch_operator_decorator.py for tasks to queue
[2024-12-25T15:18:38.590+0000] {logging_mixin.py:150} INFO - [2024-12-25T15:18:38.590+0000] {dagbag.py:541} INFO - Filling up the DagBag from /home/vscode/.local/lib/python3.10/site-packages/airflow/example_dags/example_branch_operator_decorator.py
[2024-12-25T15:18:38.602+0000] {processor.py:836} INFO - DAG(s) dict_keys(['example_branch_python_operator_decorator']) retrieved from /home/vscode/.local/lib/python3.10/site-packages/airflow/example_dags/example_branch_operator_decorator.py
[2024-12-25T15:18:38.618+0000] {logging_mixin.py:150} INFO - [2024-12-25T15:18:38.618+0000] {dag.py:2742} INFO - Sync 1 DAGs
[2024-12-25T15:18:38.637+0000] {logging_mixin.py:150} INFO - [2024-12-25T15:18:38.637+0000] {dag.py:3504} INFO - Setting next_dagrun for example_branch_python_operator_decorator to 2024-12-24T00:00:00+00:00, run_after=2024-12-25T00:00:00+00:00
[2024-12-25T15:18:38.659+0000] {processor.py:179} INFO - Processing /home/vscode/.local/lib/python3.10/site-packages/airflow/example_dags/example_branch_operator_decorator.py took 0.075 seconds
[2024-12-25T15:19:23.819+0000] {processor.py:157} INFO - Started process (PID=11522) to work on /home/vscode/.local/lib/python3.10/site-packages/airflow/example_dags/example_branch_operator_decorator.py
[2024-12-25T15:19:23.820+0000] {processor.py:826} INFO - Processing file /home/vscode/.local/lib/python3.10/site-packages/airflow/example_dags/example_branch_operator_decorator.py for tasks to queue
[2024-12-25T15:19:23.820+0000] {logging_mixin.py:150} INFO - [2024-12-25T15:19:23.820+0000] {dagbag.py:541} INFO - Filling up the DagBag from /home/vscode/.local/lib/python3.10/site-packages/airflow/example_dags/example_branch_operator_decorator.py
[2024-12-25T15:19:23.828+0000] {processor.py:836} INFO - DAG(s) dict_keys(['example_branch_python_operator_decorator']) retrieved from /home/vscode/.local/lib/python3.10/site-packages/airflow/example_dags/example_branch_operator_decorator.py
[2024-12-25T15:19:23.843+0000] {logging_mixin.py:150} INFO - [2024-12-25T15:19:23.842+0000] {dag.py:2742} INFO - Sync 1 DAGs
[2024-12-25T15:19:23.864+0000] {logging_mixin.py:150} INFO - [2024-12-25T15:19:23.864+0000] {dag.py:3504} INFO - Setting next_dagrun for example_branch_python_operator_decorator to 2024-12-24T00:00:00+00:00, run_after=2024-12-25T00:00:00+00:00
[2024-12-25T15:19:23.882+0000] {processor.py:179} INFO - Processing /home/vscode/.local/lib/python3.10/site-packages/airflow/example_dags/example_branch_operator_decorator.py took 0.065 seconds
[2024-12-25T15:20:07.765+0000] {processor.py:157} INFO - Started process (PID=11951) to work on /home/vscode/.local/lib/python3.10/site-packages/airflow/example_dags/example_branch_operator_decorator.py
[2024-12-25T15:20:07.766+0000] {processor.py:826} INFO - Processing file /home/vscode/.local/lib/python3.10/site-packages/airflow/example_dags/example_branch_operator_decorator.py for tasks to queue
[2024-12-25T15:20:07.766+0000] {logging_mixin.py:150} INFO - [2024-12-25T15:20:07.766+0000] {dagbag.py:541} INFO - Filling up the DagBag from /home/vscode/.local/lib/python3.10/site-packages/airflow/example_dags/example_branch_operator_decorator.py
[2024-12-25T15:20:07.773+0000] {processor.py:836} INFO - DAG(s) dict_keys(['example_branch_python_operator_decorator']) retrieved from /home/vscode/.local/lib/python3.10/site-packages/airflow/example_dags/example_branch_operator_decorator.py
[2024-12-25T15:20:07.787+0000] {logging_mixin.py:150} INFO - [2024-12-25T15:20:07.787+0000] {dag.py:2742} INFO - Sync 1 DAGs
[2024-12-25T15:20:07.802+0000] {logging_mixin.py:150} INFO - [2024-12-25T15:20:07.802+0000] {dag.py:3504} INFO - Setting next_dagrun for example_branch_python_operator_decorator to 2024-12-24T00:00:00+00:00, run_after=2024-12-25T00:00:00+00:00
[2024-12-25T15:20:07.817+0000] {processor.py:179} INFO - Processing /home/vscode/.local/lib/python3.10/site-packages/airflow/example_dags/example_branch_operator_decorator.py took 0.054 seconds
