[2024-12-25T15:14:02.549+0000] {processor.py:157} INFO - Started process (PID=8407) to work on /home/vscode/.local/lib/python3.10/site-packages/airflow/example_dags/example_branch_day_of_week_operator.py
[2024-12-25T15:14:02.549+0000] {processor.py:826} INFO - Processing file /home/vscode/.local/lib/python3.10/site-packages/airflow/example_dags/example_branch_day_of_week_operator.py for tasks to queue
[2024-12-25T15:14:02.550+0000] {logging_mixin.py:150} INFO - [2024-12-25T15:14:02.549+0000] {dagbag.py:541} INFO - Filling up the DagBag from /home/vscode/.local/lib/python3.10/site-packages/airflow/example_dags/example_branch_day_of_week_operator.py
[2024-12-25T15:14:02.555+0000] {processor.py:836} INFO - DAG(s) dict_keys(['example_weekday_branch_operator']) retrieved from /home/vscode/.local/lib/python3.10/site-packages/airflow/example_dags/example_branch_day_of_week_operator.py
[2024-12-25T15:14:02.629+0000] {logging_mixin.py:150} INFO - [2024-12-25T15:14:02.628+0000] {manager.py:504} INFO - Created Permission View: can edit on DAG:example_weekday_branch_operator
[2024-12-25T15:14:02.637+0000] {logging_mixin.py:150} INFO - [2024-12-25T15:14:02.637+0000] {manager.py:504} INFO - Created Permission View: can read on DAG:example_weekday_branch_operator
[2024-12-25T15:14:02.643+0000] {logging_mixin.py:150} INFO - [2024-12-25T15:14:02.643+0000] {manager.py:504} INFO - Created Permission View: can delete on DAG:example_weekday_branch_operator
[2024-12-25T15:14:02.651+0000] {logging_mixin.py:150} INFO - [2024-12-25T15:14:02.651+0000] {dag.py:2742} INFO - Sync 1 DAGs
[2024-12-25T15:14:02.658+0000] {logging_mixin.py:150} INFO - [2024-12-25T15:14:02.658+0000] {dag.py:2763} INFO - Creating ORM DAG for example_weekday_branch_operator
[2024-12-25T15:14:02.667+0000] {logging_mixin.py:150} INFO - [2024-12-25T15:14:02.666+0000] {dag.py:3504} INFO - Setting next_dagrun for example_weekday_branch_operator to 2024-12-24T00:00:00+00:00, run_after=2024-12-25T00:00:00+00:00
[2024-12-25T15:14:02.681+0000] {processor.py:179} INFO - Processing /home/vscode/.local/lib/python3.10/site-packages/airflow/example_dags/example_branch_day_of_week_operator.py took 0.135 seconds
[2024-12-25T15:14:54.206+0000] {processor.py:157} INFO - Started process (PID=8770) to work on /home/vscode/.local/lib/python3.10/site-packages/airflow/example_dags/example_branch_day_of_week_operator.py
[2024-12-25T15:14:54.207+0000] {processor.py:826} INFO - Processing file /home/vscode/.local/lib/python3.10/site-packages/airflow/example_dags/example_branch_day_of_week_operator.py for tasks to queue
[2024-12-25T15:14:54.207+0000] {logging_mixin.py:150} INFO - [2024-12-25T15:14:54.207+0000] {dagbag.py:541} INFO - Filling up the DagBag from /home/vscode/.local/lib/python3.10/site-packages/airflow/example_dags/example_branch_day_of_week_operator.py
[2024-12-25T15:14:54.213+0000] {processor.py:836} INFO - DAG(s) dict_keys(['example_weekday_branch_operator']) retrieved from /home/vscode/.local/lib/python3.10/site-packages/airflow/example_dags/example_branch_day_of_week_operator.py
[2024-12-25T15:14:54.225+0000] {logging_mixin.py:150} INFO - [2024-12-25T15:14:54.225+0000] {dag.py:2742} INFO - Sync 1 DAGs
[2024-12-25T15:14:54.240+0000] {logging_mixin.py:150} INFO - [2024-12-25T15:14:54.240+0000] {dag.py:3504} INFO - Setting next_dagrun for example_weekday_branch_operator to 2024-12-24T00:00:00+00:00, run_after=2024-12-25T00:00:00+00:00
[2024-12-25T15:14:54.255+0000] {processor.py:179} INFO - Processing /home/vscode/.local/lib/python3.10/site-packages/airflow/example_dags/example_branch_day_of_week_operator.py took 0.051 seconds
[2024-12-25T15:15:37.493+0000] {processor.py:157} INFO - Started process (PID=9077) to work on /home/vscode/.local/lib/python3.10/site-packages/airflow/example_dags/example_branch_day_of_week_operator.py
[2024-12-25T15:15:37.494+0000] {processor.py:826} INFO - Processing file /home/vscode/.local/lib/python3.10/site-packages/airflow/example_dags/example_branch_day_of_week_operator.py for tasks to queue
[2024-12-25T15:15:37.494+0000] {logging_mixin.py:150} INFO - [2024-12-25T15:15:37.494+0000] {dagbag.py:541} INFO - Filling up the DagBag from /home/vscode/.local/lib/python3.10/site-packages/airflow/example_dags/example_branch_day_of_week_operator.py
[2024-12-25T15:15:37.500+0000] {processor.py:836} INFO - DAG(s) dict_keys(['example_weekday_branch_operator']) retrieved from /home/vscode/.local/lib/python3.10/site-packages/airflow/example_dags/example_branch_day_of_week_operator.py
[2024-12-25T15:15:37.512+0000] {logging_mixin.py:150} INFO - [2024-12-25T15:15:37.512+0000] {dag.py:2742} INFO - Sync 1 DAGs
[2024-12-25T15:15:37.526+0000] {logging_mixin.py:150} INFO - [2024-12-25T15:15:37.526+0000] {dag.py:3504} INFO - Setting next_dagrun for example_weekday_branch_operator to 2024-12-24T00:00:00+00:00, run_after=2024-12-25T00:00:00+00:00
[2024-12-25T15:15:37.542+0000] {processor.py:179} INFO - Processing /home/vscode/.local/lib/python3.10/site-packages/airflow/example_dags/example_branch_day_of_week_operator.py took 0.051 seconds
[2024-12-25T15:16:23.855+0000] {processor.py:157} INFO - Started process (PID=9527) to work on /home/vscode/.local/lib/python3.10/site-packages/airflow/example_dags/example_branch_day_of_week_operator.py
[2024-12-25T15:16:23.856+0000] {processor.py:826} INFO - Processing file /home/vscode/.local/lib/python3.10/site-packages/airflow/example_dags/example_branch_day_of_week_operator.py for tasks to queue
[2024-12-25T15:16:23.856+0000] {logging_mixin.py:150} INFO - [2024-12-25T15:16:23.856+0000] {dagbag.py:541} INFO - Filling up the DagBag from /home/vscode/.local/lib/python3.10/site-packages/airflow/example_dags/example_branch_day_of_week_operator.py
[2024-12-25T15:16:23.862+0000] {processor.py:836} INFO - DAG(s) dict_keys(['example_weekday_branch_operator']) retrieved from /home/vscode/.local/lib/python3.10/site-packages/airflow/example_dags/example_branch_day_of_week_operator.py
[2024-12-25T15:16:23.879+0000] {logging_mixin.py:150} INFO - [2024-12-25T15:16:23.879+0000] {dag.py:2742} INFO - Sync 1 DAGs
[2024-12-25T15:16:23.903+0000] {logging_mixin.py:150} INFO - [2024-12-25T15:16:23.903+0000] {dag.py:3504} INFO - Setting next_dagrun for example_weekday_branch_operator to 2024-12-24T00:00:00+00:00, run_after=2024-12-25T00:00:00+00:00
[2024-12-25T15:16:23.922+0000] {processor.py:179} INFO - Processing /home/vscode/.local/lib/python3.10/site-packages/airflow/example_dags/example_branch_day_of_week_operator.py took 0.069 seconds
[2024-12-25T15:17:11.690+0000] {processor.py:157} INFO - Started process (PID=10004) to work on /home/vscode/.local/lib/python3.10/site-packages/airflow/example_dags/example_branch_day_of_week_operator.py
[2024-12-25T15:17:11.691+0000] {processor.py:826} INFO - Processing file /home/vscode/.local/lib/python3.10/site-packages/airflow/example_dags/example_branch_day_of_week_operator.py for tasks to queue
[2024-12-25T15:17:11.691+0000] {logging_mixin.py:150} INFO - [2024-12-25T15:17:11.691+0000] {dagbag.py:541} INFO - Filling up the DagBag from /home/vscode/.local/lib/python3.10/site-packages/airflow/example_dags/example_branch_day_of_week_operator.py
[2024-12-25T15:17:11.697+0000] {processor.py:836} INFO - DAG(s) dict_keys(['example_weekday_branch_operator']) retrieved from /home/vscode/.local/lib/python3.10/site-packages/airflow/example_dags/example_branch_day_of_week_operator.py
[2024-12-25T15:17:11.709+0000] {logging_mixin.py:150} INFO - [2024-12-25T15:17:11.709+0000] {dag.py:2742} INFO - Sync 1 DAGs
[2024-12-25T15:17:11.724+0000] {logging_mixin.py:150} INFO - [2024-12-25T15:17:11.724+0000] {dag.py:3504} INFO - Setting next_dagrun for example_weekday_branch_operator to 2024-12-24T00:00:00+00:00, run_after=2024-12-25T00:00:00+00:00
[2024-12-25T15:17:11.739+0000] {processor.py:179} INFO - Processing /home/vscode/.local/lib/python3.10/site-packages/airflow/example_dags/example_branch_day_of_week_operator.py took 0.051 seconds
[2024-12-25T15:17:57.366+0000] {processor.py:157} INFO - Started process (PID=10550) to work on /home/vscode/.local/lib/python3.10/site-packages/airflow/example_dags/example_branch_day_of_week_operator.py
[2024-12-25T15:17:57.367+0000] {processor.py:826} INFO - Processing file /home/vscode/.local/lib/python3.10/site-packages/airflow/example_dags/example_branch_day_of_week_operator.py for tasks to queue
[2024-12-25T15:17:57.367+0000] {logging_mixin.py:150} INFO - [2024-12-25T15:17:57.367+0000] {dagbag.py:541} INFO - Filling up the DagBag from /home/vscode/.local/lib/python3.10/site-packages/airflow/example_dags/example_branch_day_of_week_operator.py
[2024-12-25T15:17:57.373+0000] {processor.py:836} INFO - DAG(s) dict_keys(['example_weekday_branch_operator']) retrieved from /home/vscode/.local/lib/python3.10/site-packages/airflow/example_dags/example_branch_day_of_week_operator.py
[2024-12-25T15:17:57.385+0000] {logging_mixin.py:150} INFO - [2024-12-25T15:17:57.385+0000] {dag.py:2742} INFO - Sync 1 DAGs
[2024-12-25T15:17:57.400+0000] {logging_mixin.py:150} INFO - [2024-12-25T15:17:57.400+0000] {dag.py:3504} INFO - Setting next_dagrun for example_weekday_branch_operator to 2024-12-24T00:00:00+00:00, run_after=2024-12-25T00:00:00+00:00
[2024-12-25T15:17:57.417+0000] {processor.py:179} INFO - Processing /home/vscode/.local/lib/python3.10/site-packages/airflow/example_dags/example_branch_day_of_week_operator.py took 0.053 seconds
[2024-12-25T15:18:39.135+0000] {processor.py:157} INFO - Started process (PID=11028) to work on /home/vscode/.local/lib/python3.10/site-packages/airflow/example_dags/example_branch_day_of_week_operator.py
[2024-12-25T15:18:39.136+0000] {processor.py:826} INFO - Processing file /home/vscode/.local/lib/python3.10/site-packages/airflow/example_dags/example_branch_day_of_week_operator.py for tasks to queue
[2024-12-25T15:18:39.136+0000] {logging_mixin.py:150} INFO - [2024-12-25T15:18:39.136+0000] {dagbag.py:541} INFO - Filling up the DagBag from /home/vscode/.local/lib/python3.10/site-packages/airflow/example_dags/example_branch_day_of_week_operator.py
[2024-12-25T15:18:39.142+0000] {processor.py:836} INFO - DAG(s) dict_keys(['example_weekday_branch_operator']) retrieved from /home/vscode/.local/lib/python3.10/site-packages/airflow/example_dags/example_branch_day_of_week_operator.py
[2024-12-25T15:18:39.154+0000] {logging_mixin.py:150} INFO - [2024-12-25T15:18:39.154+0000] {dag.py:2742} INFO - Sync 1 DAGs
[2024-12-25T15:18:39.169+0000] {logging_mixin.py:150} INFO - [2024-12-25T15:18:39.169+0000] {dag.py:3504} INFO - Setting next_dagrun for example_weekday_branch_operator to 2024-12-24T00:00:00+00:00, run_after=2024-12-25T00:00:00+00:00
[2024-12-25T15:18:39.184+0000] {processor.py:179} INFO - Processing /home/vscode/.local/lib/python3.10/site-packages/airflow/example_dags/example_branch_day_of_week_operator.py took 0.051 seconds
[2024-12-25T15:19:25.508+0000] {processor.py:157} INFO - Started process (PID=11544) to work on /home/vscode/.local/lib/python3.10/site-packages/airflow/example_dags/example_branch_day_of_week_operator.py
[2024-12-25T15:19:25.509+0000] {processor.py:826} INFO - Processing file /home/vscode/.local/lib/python3.10/site-packages/airflow/example_dags/example_branch_day_of_week_operator.py for tasks to queue
[2024-12-25T15:19:25.509+0000] {logging_mixin.py:150} INFO - [2024-12-25T15:19:25.509+0000] {dagbag.py:541} INFO - Filling up the DagBag from /home/vscode/.local/lib/python3.10/site-packages/airflow/example_dags/example_branch_day_of_week_operator.py
[2024-12-25T15:19:25.515+0000] {processor.py:836} INFO - DAG(s) dict_keys(['example_weekday_branch_operator']) retrieved from /home/vscode/.local/lib/python3.10/site-packages/airflow/example_dags/example_branch_day_of_week_operator.py
[2024-12-25T15:19:25.529+0000] {logging_mixin.py:150} INFO - [2024-12-25T15:19:25.528+0000] {dag.py:2742} INFO - Sync 1 DAGs
[2024-12-25T15:19:25.544+0000] {logging_mixin.py:150} INFO - [2024-12-25T15:19:25.544+0000] {dag.py:3504} INFO - Setting next_dagrun for example_weekday_branch_operator to 2024-12-24T00:00:00+00:00, run_after=2024-12-25T00:00:00+00:00
[2024-12-25T15:19:25.560+0000] {processor.py:179} INFO - Processing /home/vscode/.local/lib/python3.10/site-packages/airflow/example_dags/example_branch_day_of_week_operator.py took 0.054 seconds
[2024-12-25T15:20:09.937+0000] {processor.py:157} INFO - Started process (PID=11967) to work on /home/vscode/.local/lib/python3.10/site-packages/airflow/example_dags/example_branch_day_of_week_operator.py
[2024-12-25T15:20:09.938+0000] {processor.py:826} INFO - Processing file /home/vscode/.local/lib/python3.10/site-packages/airflow/example_dags/example_branch_day_of_week_operator.py for tasks to queue
[2024-12-25T15:20:09.939+0000] {logging_mixin.py:150} INFO - [2024-12-25T15:20:09.938+0000] {dagbag.py:541} INFO - Filling up the DagBag from /home/vscode/.local/lib/python3.10/site-packages/airflow/example_dags/example_branch_day_of_week_operator.py
[2024-12-25T15:20:09.944+0000] {processor.py:836} INFO - DAG(s) dict_keys(['example_weekday_branch_operator']) retrieved from /home/vscode/.local/lib/python3.10/site-packages/airflow/example_dags/example_branch_day_of_week_operator.py
[2024-12-25T15:20:09.957+0000] {logging_mixin.py:150} INFO - [2024-12-25T15:20:09.957+0000] {dag.py:2742} INFO - Sync 1 DAGs
[2024-12-25T15:20:09.973+0000] {logging_mixin.py:150} INFO - [2024-12-25T15:20:09.973+0000] {dag.py:3504} INFO - Setting next_dagrun for example_weekday_branch_operator to 2024-12-24T00:00:00+00:00, run_after=2024-12-25T00:00:00+00:00
[2024-12-25T15:20:09.989+0000] {processor.py:179} INFO - Processing /home/vscode/.local/lib/python3.10/site-packages/airflow/example_dags/example_branch_day_of_week_operator.py took 0.055 seconds
[2024-12-25T15:20:57.533+0000] {processor.py:157} INFO - Started process (PID=12506) to work on /home/vscode/.local/lib/python3.10/site-packages/airflow/example_dags/example_branch_day_of_week_operator.py
[2024-12-25T15:20:57.534+0000] {processor.py:826} INFO - Processing file /home/vscode/.local/lib/python3.10/site-packages/airflow/example_dags/example_branch_day_of_week_operator.py for tasks to queue
[2024-12-25T15:20:57.534+0000] {logging_mixin.py:150} INFO - [2024-12-25T15:20:57.534+0000] {dagbag.py:541} INFO - Filling up the DagBag from /home/vscode/.local/lib/python3.10/site-packages/airflow/example_dags/example_branch_day_of_week_operator.py
[2024-12-25T15:20:57.540+0000] {processor.py:836} INFO - DAG(s) dict_keys(['example_weekday_branch_operator']) retrieved from /home/vscode/.local/lib/python3.10/site-packages/airflow/example_dags/example_branch_day_of_week_operator.py
[2024-12-25T15:20:57.553+0000] {logging_mixin.py:150} INFO - [2024-12-25T15:20:57.553+0000] {dag.py:2742} INFO - Sync 1 DAGs
[2024-12-25T15:20:57.569+0000] {logging_mixin.py:150} INFO - [2024-12-25T15:20:57.569+0000] {dag.py:3504} INFO - Setting next_dagrun for example_weekday_branch_operator to 2024-12-24T00:00:00+00:00, run_after=2024-12-25T00:00:00+00:00
[2024-12-25T15:20:57.584+0000] {processor.py:179} INFO - Processing /home/vscode/.local/lib/python3.10/site-packages/airflow/example_dags/example_branch_day_of_week_operator.py took 0.053 seconds
