[2024-12-25T15:13:24.060+0000] {processor.py:157} INFO - Started process (PID=8141) to work on /home/vscode/.local/lib/python3.10/site-packages/airflow/example_dags/example_skip_dag.py
[2024-12-25T15:13:24.061+0000] {processor.py:826} INFO - Processing file /home/vscode/.local/lib/python3.10/site-packages/airflow/example_dags/example_skip_dag.py for tasks to queue
[2024-12-25T15:13:24.062+0000] {logging_mixin.py:150} INFO - [2024-12-25T15:13:24.061+0000] {dagbag.py:541} INFO - Filling up the DagBag from /home/vscode/.local/lib/python3.10/site-packages/airflow/example_dags/example_skip_dag.py
[2024-12-25T15:13:24.069+0000] {processor.py:836} INFO - DAG(s) dict_keys(['example_skip_dag']) retrieved from /home/vscode/.local/lib/python3.10/site-packages/airflow/example_dags/example_skip_dag.py
[2024-12-25T15:13:24.233+0000] {logging_mixin.py:150} INFO - [2024-12-25T15:13:24.233+0000] {manager.py:504} INFO - Created Permission View: can edit on DAG:example_skip_dag
[2024-12-25T15:13:24.241+0000] {logging_mixin.py:150} INFO - [2024-12-25T15:13:24.241+0000] {manager.py:504} INFO - Created Permission View: can read on DAG:example_skip_dag
[2024-12-25T15:13:24.247+0000] {logging_mixin.py:150} INFO - [2024-12-25T15:13:24.247+0000] {manager.py:504} INFO - Created Permission View: can delete on DAG:example_skip_dag
[2024-12-25T15:13:24.255+0000] {logging_mixin.py:150} INFO - [2024-12-25T15:13:24.255+0000] {dag.py:2742} INFO - Sync 1 DAGs
[2024-12-25T15:13:24.261+0000] {logging_mixin.py:150} INFO - [2024-12-25T15:13:24.261+0000] {dag.py:2763} INFO - Creating ORM DAG for example_skip_dag
[2024-12-25T15:13:24.267+0000] {logging_mixin.py:150} INFO - [2024-12-25T15:13:24.267+0000] {dag.py:3504} INFO - Setting next_dagrun for example_skip_dag to 2024-12-24T15:13:24.267432+00:00, run_after=2024-12-25T15:13:24.267432+00:00
[2024-12-25T15:13:24.283+0000] {processor.py:179} INFO - Processing /home/vscode/.local/lib/python3.10/site-packages/airflow/example_dags/example_skip_dag.py took 0.225 seconds
[2024-12-25T15:14:15.270+0000] {processor.py:157} INFO - Started process (PID=8495) to work on /home/vscode/.local/lib/python3.10/site-packages/airflow/example_dags/example_skip_dag.py
[2024-12-25T15:14:15.271+0000] {processor.py:826} INFO - Processing file /home/vscode/.local/lib/python3.10/site-packages/airflow/example_dags/example_skip_dag.py for tasks to queue
[2024-12-25T15:14:15.271+0000] {logging_mixin.py:150} INFO - [2024-12-25T15:14:15.271+0000] {dagbag.py:541} INFO - Filling up the DagBag from /home/vscode/.local/lib/python3.10/site-packages/airflow/example_dags/example_skip_dag.py
[2024-12-25T15:14:15.277+0000] {processor.py:836} INFO - DAG(s) dict_keys(['example_skip_dag']) retrieved from /home/vscode/.local/lib/python3.10/site-packages/airflow/example_dags/example_skip_dag.py
[2024-12-25T15:14:15.288+0000] {logging_mixin.py:150} INFO - [2024-12-25T15:14:15.288+0000] {dag.py:2742} INFO - Sync 1 DAGs
[2024-12-25T15:14:15.302+0000] {logging_mixin.py:150} INFO - [2024-12-25T15:14:15.302+0000] {dag.py:3504} INFO - Setting next_dagrun for example_skip_dag to 2024-12-24T15:14:15.301861+00:00, run_after=2024-12-25T15:14:15.301861+00:00
[2024-12-25T15:14:15.317+0000] {processor.py:179} INFO - Processing /home/vscode/.local/lib/python3.10/site-packages/airflow/example_dags/example_skip_dag.py took 0.049 seconds
[2024-12-25T15:15:01.532+0000] {processor.py:157} INFO - Started process (PID=8820) to work on /home/vscode/.local/lib/python3.10/site-packages/airflow/example_dags/example_skip_dag.py
[2024-12-25T15:15:01.532+0000] {processor.py:826} INFO - Processing file /home/vscode/.local/lib/python3.10/site-packages/airflow/example_dags/example_skip_dag.py for tasks to queue
[2024-12-25T15:15:01.533+0000] {logging_mixin.py:150} INFO - [2024-12-25T15:15:01.533+0000] {dagbag.py:541} INFO - Filling up the DagBag from /home/vscode/.local/lib/python3.10/site-packages/airflow/example_dags/example_skip_dag.py
[2024-12-25T15:15:01.538+0000] {processor.py:836} INFO - DAG(s) dict_keys(['example_skip_dag']) retrieved from /home/vscode/.local/lib/python3.10/site-packages/airflow/example_dags/example_skip_dag.py
[2024-12-25T15:15:01.551+0000] {logging_mixin.py:150} INFO - [2024-12-25T15:15:01.551+0000] {dag.py:2742} INFO - Sync 1 DAGs
[2024-12-25T15:15:01.565+0000] {logging_mixin.py:150} INFO - [2024-12-25T15:15:01.565+0000] {dag.py:3504} INFO - Setting next_dagrun for example_skip_dag to 2024-12-24T15:15:01.565569+00:00, run_after=2024-12-25T15:15:01.565569+00:00
[2024-12-25T15:15:01.585+0000] {processor.py:179} INFO - Processing /home/vscode/.local/lib/python3.10/site-packages/airflow/example_dags/example_skip_dag.py took 0.056 seconds
[2024-12-25T15:15:43.822+0000] {processor.py:157} INFO - Started process (PID=9139) to work on /home/vscode/.local/lib/python3.10/site-packages/airflow/example_dags/example_skip_dag.py
[2024-12-25T15:15:43.822+0000] {processor.py:826} INFO - Processing file /home/vscode/.local/lib/python3.10/site-packages/airflow/example_dags/example_skip_dag.py for tasks to queue
[2024-12-25T15:15:43.823+0000] {logging_mixin.py:150} INFO - [2024-12-25T15:15:43.823+0000] {dagbag.py:541} INFO - Filling up the DagBag from /home/vscode/.local/lib/python3.10/site-packages/airflow/example_dags/example_skip_dag.py
[2024-12-25T15:15:43.829+0000] {processor.py:836} INFO - DAG(s) dict_keys(['example_skip_dag']) retrieved from /home/vscode/.local/lib/python3.10/site-packages/airflow/example_dags/example_skip_dag.py
[2024-12-25T15:15:43.841+0000] {logging_mixin.py:150} INFO - [2024-12-25T15:15:43.841+0000] {dag.py:2742} INFO - Sync 1 DAGs
[2024-12-25T15:15:43.855+0000] {logging_mixin.py:150} INFO - [2024-12-25T15:15:43.855+0000] {dag.py:3504} INFO - Setting next_dagrun for example_skip_dag to 2024-12-24T15:15:43.855588+00:00, run_after=2024-12-25T15:15:43.855588+00:00
[2024-12-25T15:15:43.871+0000] {processor.py:179} INFO - Processing /home/vscode/.local/lib/python3.10/site-packages/airflow/example_dags/example_skip_dag.py took 0.051 seconds
[2024-12-25T15:16:30.541+0000] {processor.py:157} INFO - Started process (PID=9589) to work on /home/vscode/.local/lib/python3.10/site-packages/airflow/example_dags/example_skip_dag.py
[2024-12-25T15:16:30.541+0000] {processor.py:826} INFO - Processing file /home/vscode/.local/lib/python3.10/site-packages/airflow/example_dags/example_skip_dag.py for tasks to queue
[2024-12-25T15:16:30.542+0000] {logging_mixin.py:150} INFO - [2024-12-25T15:16:30.541+0000] {dagbag.py:541} INFO - Filling up the DagBag from /home/vscode/.local/lib/python3.10/site-packages/airflow/example_dags/example_skip_dag.py
[2024-12-25T15:16:30.547+0000] {processor.py:836} INFO - DAG(s) dict_keys(['example_skip_dag']) retrieved from /home/vscode/.local/lib/python3.10/site-packages/airflow/example_dags/example_skip_dag.py
[2024-12-25T15:16:30.559+0000] {logging_mixin.py:150} INFO - [2024-12-25T15:16:30.558+0000] {dag.py:2742} INFO - Sync 1 DAGs
[2024-12-25T15:16:30.573+0000] {logging_mixin.py:150} INFO - [2024-12-25T15:16:30.572+0000] {dag.py:3504} INFO - Setting next_dagrun for example_skip_dag to 2024-12-24T15:16:30.572830+00:00, run_after=2024-12-25T15:16:30.572830+00:00
[2024-12-25T15:16:30.589+0000] {processor.py:179} INFO - Processing /home/vscode/.local/lib/python3.10/site-packages/airflow/example_dags/example_skip_dag.py took 0.051 seconds
[2024-12-25T15:17:15.610+0000] {processor.py:157} INFO - Started process (PID=10059) to work on /home/vscode/.local/lib/python3.10/site-packages/airflow/example_dags/example_skip_dag.py
[2024-12-25T15:17:15.611+0000] {processor.py:826} INFO - Processing file /home/vscode/.local/lib/python3.10/site-packages/airflow/example_dags/example_skip_dag.py for tasks to queue
[2024-12-25T15:17:15.611+0000] {logging_mixin.py:150} INFO - [2024-12-25T15:17:15.611+0000] {dagbag.py:541} INFO - Filling up the DagBag from /home/vscode/.local/lib/python3.10/site-packages/airflow/example_dags/example_skip_dag.py
[2024-12-25T15:17:15.617+0000] {processor.py:836} INFO - DAG(s) dict_keys(['example_skip_dag']) retrieved from /home/vscode/.local/lib/python3.10/site-packages/airflow/example_dags/example_skip_dag.py
[2024-12-25T15:17:15.628+0000] {logging_mixin.py:150} INFO - [2024-12-25T15:17:15.628+0000] {dag.py:2742} INFO - Sync 1 DAGs
[2024-12-25T15:17:15.645+0000] {logging_mixin.py:150} INFO - [2024-12-25T15:17:15.645+0000] {dag.py:3504} INFO - Setting next_dagrun for example_skip_dag to 2024-12-24T15:17:15.645476+00:00, run_after=2024-12-25T15:17:15.645476+00:00
[2024-12-25T15:17:15.663+0000] {processor.py:179} INFO - Processing /home/vscode/.local/lib/python3.10/site-packages/airflow/example_dags/example_skip_dag.py took 0.055 seconds
