[2024-12-25T15:13:43.839+0000] {processor.py:157} INFO - Started process (PID=8286) to work on /home/vscode/.local/lib/python3.10/site-packages/airflow/example_dags/example_params_ui_tutorial.py
[2024-12-25T15:13:43.840+0000] {processor.py:826} INFO - Processing file /home/vscode/.local/lib/python3.10/site-packages/airflow/example_dags/example_params_ui_tutorial.py for tasks to queue
[2024-12-25T15:13:43.841+0000] {logging_mixin.py:150} INFO - [2024-12-25T15:13:43.841+0000] {dagbag.py:541} INFO - Filling up the DagBag from /home/vscode/.local/lib/python3.10/site-packages/airflow/example_dags/example_params_ui_tutorial.py
[2024-12-25T15:13:43.897+0000] {processor.py:836} INFO - DAG(s) dict_keys(['example_params_ui_tutorial']) retrieved from /home/vscode/.local/lib/python3.10/site-packages/airflow/example_dags/example_params_ui_tutorial.py
[2024-12-25T15:13:44.064+0000] {logging_mixin.py:150} INFO - [2024-12-25T15:13:44.064+0000] {manager.py:504} INFO - Created Permission View: can edit on DAG:example_params_ui_tutorial
[2024-12-25T15:13:44.072+0000] {logging_mixin.py:150} INFO - [2024-12-25T15:13:44.072+0000] {manager.py:504} INFO - Created Permission View: can read on DAG:example_params_ui_tutorial
[2024-12-25T15:13:44.078+0000] {logging_mixin.py:150} INFO - [2024-12-25T15:13:44.077+0000] {manager.py:504} INFO - Created Permission View: can delete on DAG:example_params_ui_tutorial
[2024-12-25T15:13:44.085+0000] {logging_mixin.py:150} INFO - [2024-12-25T15:13:44.085+0000] {dag.py:2742} INFO - Sync 1 DAGs
[2024-12-25T15:13:44.091+0000] {logging_mixin.py:150} INFO - [2024-12-25T15:13:44.091+0000] {dag.py:2763} INFO - Creating ORM DAG for example_params_ui_tutorial
[2024-12-25T15:13:44.097+0000] {logging_mixin.py:150} INFO - [2024-12-25T15:13:44.097+0000] {dag.py:3504} INFO - Setting next_dagrun for example_params_ui_tutorial to None, run_after=None
[2024-12-25T15:13:44.111+0000] {processor.py:179} INFO - Processing /home/vscode/.local/lib/python3.10/site-packages/airflow/example_dags/example_params_ui_tutorial.py took 0.276 seconds
[2024-12-25T15:14:30.227+0000] {processor.py:157} INFO - Started process (PID=8592) to work on /home/vscode/.local/lib/python3.10/site-packages/airflow/example_dags/example_params_ui_tutorial.py
[2024-12-25T15:14:30.228+0000] {processor.py:826} INFO - Processing file /home/vscode/.local/lib/python3.10/site-packages/airflow/example_dags/example_params_ui_tutorial.py for tasks to queue
[2024-12-25T15:14:30.228+0000] {logging_mixin.py:150} INFO - [2024-12-25T15:14:30.228+0000] {dagbag.py:541} INFO - Filling up the DagBag from /home/vscode/.local/lib/python3.10/site-packages/airflow/example_dags/example_params_ui_tutorial.py
[2024-12-25T15:14:30.245+0000] {processor.py:836} INFO - DAG(s) dict_keys(['example_params_ui_tutorial']) retrieved from /home/vscode/.local/lib/python3.10/site-packages/airflow/example_dags/example_params_ui_tutorial.py
[2024-12-25T15:14:30.270+0000] {logging_mixin.py:150} INFO - [2024-12-25T15:14:30.269+0000] {dag.py:2742} INFO - Sync 1 DAGs
[2024-12-25T15:14:30.284+0000] {logging_mixin.py:150} INFO - [2024-12-25T15:14:30.283+0000] {dag.py:3504} INFO - Setting next_dagrun for example_params_ui_tutorial to None, run_after=None
[2024-12-25T15:14:30.299+0000] {processor.py:179} INFO - Processing /home/vscode/.local/lib/python3.10/site-packages/airflow/example_dags/example_params_ui_tutorial.py took 0.074 seconds
[2024-12-25T15:15:15.366+0000] {processor.py:157} INFO - Started process (PID=8910) to work on /home/vscode/.local/lib/python3.10/site-packages/airflow/example_dags/example_params_ui_tutorial.py
[2024-12-25T15:15:15.367+0000] {processor.py:826} INFO - Processing file /home/vscode/.local/lib/python3.10/site-packages/airflow/example_dags/example_params_ui_tutorial.py for tasks to queue
[2024-12-25T15:15:15.368+0000] {logging_mixin.py:150} INFO - [2024-12-25T15:15:15.367+0000] {dagbag.py:541} INFO - Filling up the DagBag from /home/vscode/.local/lib/python3.10/site-packages/airflow/example_dags/example_params_ui_tutorial.py
[2024-12-25T15:15:15.385+0000] {processor.py:836} INFO - DAG(s) dict_keys(['example_params_ui_tutorial']) retrieved from /home/vscode/.local/lib/python3.10/site-packages/airflow/example_dags/example_params_ui_tutorial.py
[2024-12-25T15:15:15.409+0000] {logging_mixin.py:150} INFO - [2024-12-25T15:15:15.409+0000] {dag.py:2742} INFO - Sync 1 DAGs
[2024-12-25T15:15:15.424+0000] {logging_mixin.py:150} INFO - [2024-12-25T15:15:15.423+0000] {dag.py:3504} INFO - Setting next_dagrun for example_params_ui_tutorial to None, run_after=None
[2024-12-25T15:15:15.438+0000] {processor.py:179} INFO - Processing /home/vscode/.local/lib/python3.10/site-packages/airflow/example_dags/example_params_ui_tutorial.py took 0.074 seconds
[2024-12-25T15:16:00.000+0000] {processor.py:157} INFO - Started process (PID=9294) to work on /home/vscode/.local/lib/python3.10/site-packages/airflow/example_dags/example_params_ui_tutorial.py
[2024-12-25T15:16:00.001+0000] {processor.py:826} INFO - Processing file /home/vscode/.local/lib/python3.10/site-packages/airflow/example_dags/example_params_ui_tutorial.py for tasks to queue
[2024-12-25T15:16:00.001+0000] {logging_mixin.py:150} INFO - [2024-12-25T15:16:00.001+0000] {dagbag.py:541} INFO - Filling up the DagBag from /home/vscode/.local/lib/python3.10/site-packages/airflow/example_dags/example_params_ui_tutorial.py
[2024-12-25T15:16:00.019+0000] {processor.py:836} INFO - DAG(s) dict_keys(['example_params_ui_tutorial']) retrieved from /home/vscode/.local/lib/python3.10/site-packages/airflow/example_dags/example_params_ui_tutorial.py
[2024-12-25T15:16:00.043+0000] {logging_mixin.py:150} INFO - [2024-12-25T15:16:00.043+0000] {dag.py:2742} INFO - Sync 1 DAGs
[2024-12-25T15:16:00.057+0000] {logging_mixin.py:150} INFO - [2024-12-25T15:16:00.057+0000] {dag.py:3504} INFO - Setting next_dagrun for example_params_ui_tutorial to None, run_after=None
[2024-12-25T15:16:00.072+0000] {processor.py:179} INFO - Processing /home/vscode/.local/lib/python3.10/site-packages/airflow/example_dags/example_params_ui_tutorial.py took 0.075 seconds
[2024-12-25T15:16:48.522+0000] {processor.py:157} INFO - Started process (PID=9767) to work on /home/vscode/.local/lib/python3.10/site-packages/airflow/example_dags/example_params_ui_tutorial.py
[2024-12-25T15:16:48.523+0000] {processor.py:826} INFO - Processing file /home/vscode/.local/lib/python3.10/site-packages/airflow/example_dags/example_params_ui_tutorial.py for tasks to queue
[2024-12-25T15:16:48.523+0000] {logging_mixin.py:150} INFO - [2024-12-25T15:16:48.523+0000] {dagbag.py:541} INFO - Filling up the DagBag from /home/vscode/.local/lib/python3.10/site-packages/airflow/example_dags/example_params_ui_tutorial.py
[2024-12-25T15:16:48.541+0000] {processor.py:836} INFO - DAG(s) dict_keys(['example_params_ui_tutorial']) retrieved from /home/vscode/.local/lib/python3.10/site-packages/airflow/example_dags/example_params_ui_tutorial.py
[2024-12-25T15:16:48.566+0000] {logging_mixin.py:150} INFO - [2024-12-25T15:16:48.566+0000] {dag.py:2742} INFO - Sync 1 DAGs
[2024-12-25T15:16:48.579+0000] {logging_mixin.py:150} INFO - [2024-12-25T15:16:48.579+0000] {dag.py:3504} INFO - Setting next_dagrun for example_params_ui_tutorial to None, run_after=None
[2024-12-25T15:16:48.594+0000] {processor.py:179} INFO - Processing /home/vscode/.local/lib/python3.10/site-packages/airflow/example_dags/example_params_ui_tutorial.py took 0.074 seconds
[2024-12-25T15:17:33.377+0000] {processor.py:157} INFO - Started process (PID=10293) to work on /home/vscode/.local/lib/python3.10/site-packages/airflow/example_dags/example_params_ui_tutorial.py
[2024-12-25T15:17:33.378+0000] {processor.py:826} INFO - Processing file /home/vscode/.local/lib/python3.10/site-packages/airflow/example_dags/example_params_ui_tutorial.py for tasks to queue
[2024-12-25T15:17:33.379+0000] {logging_mixin.py:150} INFO - [2024-12-25T15:17:33.378+0000] {dagbag.py:541} INFO - Filling up the DagBag from /home/vscode/.local/lib/python3.10/site-packages/airflow/example_dags/example_params_ui_tutorial.py
[2024-12-25T15:17:33.406+0000] {processor.py:836} INFO - DAG(s) dict_keys(['example_params_ui_tutorial']) retrieved from /home/vscode/.local/lib/python3.10/site-packages/airflow/example_dags/example_params_ui_tutorial.py
[2024-12-25T15:17:33.434+0000] {logging_mixin.py:150} INFO - [2024-12-25T15:17:33.434+0000] {dag.py:2742} INFO - Sync 1 DAGs
[2024-12-25T15:17:33.448+0000] {logging_mixin.py:150} INFO - [2024-12-25T15:17:33.448+0000] {dag.py:3504} INFO - Setting next_dagrun for example_params_ui_tutorial to None, run_after=None
[2024-12-25T15:17:33.463+0000] {processor.py:179} INFO - Processing /home/vscode/.local/lib/python3.10/site-packages/airflow/example_dags/example_params_ui_tutorial.py took 0.089 seconds
[2024-12-25T15:18:16.912+0000] {processor.py:157} INFO - Started process (PID=10767) to work on /home/vscode/.local/lib/python3.10/site-packages/airflow/example_dags/example_params_ui_tutorial.py
[2024-12-25T15:18:16.913+0000] {processor.py:826} INFO - Processing file /home/vscode/.local/lib/python3.10/site-packages/airflow/example_dags/example_params_ui_tutorial.py for tasks to queue
[2024-12-25T15:18:16.913+0000] {logging_mixin.py:150} INFO - [2024-12-25T15:18:16.913+0000] {dagbag.py:541} INFO - Filling up the DagBag from /home/vscode/.local/lib/python3.10/site-packages/airflow/example_dags/example_params_ui_tutorial.py
[2024-12-25T15:18:16.932+0000] {processor.py:836} INFO - DAG(s) dict_keys(['example_params_ui_tutorial']) retrieved from /home/vscode/.local/lib/python3.10/site-packages/airflow/example_dags/example_params_ui_tutorial.py
[2024-12-25T15:18:16.957+0000] {logging_mixin.py:150} INFO - [2024-12-25T15:18:16.957+0000] {dag.py:2742} INFO - Sync 1 DAGs
[2024-12-25T15:18:16.971+0000] {logging_mixin.py:150} INFO - [2024-12-25T15:18:16.971+0000] {dag.py:3504} INFO - Setting next_dagrun for example_params_ui_tutorial to None, run_after=None
[2024-12-25T15:18:16.986+0000] {processor.py:179} INFO - Processing /home/vscode/.local/lib/python3.10/site-packages/airflow/example_dags/example_params_ui_tutorial.py took 0.076 seconds
[2024-12-25T15:19:00.944+0000] {processor.py:157} INFO - Started process (PID=11260) to work on /home/vscode/.local/lib/python3.10/site-packages/airflow/example_dags/example_params_ui_tutorial.py
[2024-12-25T15:19:00.944+0000] {processor.py:826} INFO - Processing file /home/vscode/.local/lib/python3.10/site-packages/airflow/example_dags/example_params_ui_tutorial.py for tasks to queue
[2024-12-25T15:19:00.945+0000] {logging_mixin.py:150} INFO - [2024-12-25T15:19:00.945+0000] {dagbag.py:541} INFO - Filling up the DagBag from /home/vscode/.local/lib/python3.10/site-packages/airflow/example_dags/example_params_ui_tutorial.py
[2024-12-25T15:19:00.962+0000] {processor.py:836} INFO - DAG(s) dict_keys(['example_params_ui_tutorial']) retrieved from /home/vscode/.local/lib/python3.10/site-packages/airflow/example_dags/example_params_ui_tutorial.py
[2024-12-25T15:19:00.987+0000] {logging_mixin.py:150} INFO - [2024-12-25T15:19:00.987+0000] {dag.py:2742} INFO - Sync 1 DAGs
[2024-12-25T15:19:01.000+0000] {logging_mixin.py:150} INFO - [2024-12-25T15:19:01.000+0000] {dag.py:3504} INFO - Setting next_dagrun for example_params_ui_tutorial to None, run_after=None
[2024-12-25T15:19:01.015+0000] {processor.py:179} INFO - Processing /home/vscode/.local/lib/python3.10/site-packages/airflow/example_dags/example_params_ui_tutorial.py took 0.074 seconds
[2024-12-25T15:19:46.042+0000] {processor.py:157} INFO - Started process (PID=11742) to work on /home/vscode/.local/lib/python3.10/site-packages/airflow/example_dags/example_params_ui_tutorial.py
[2024-12-25T15:19:46.043+0000] {processor.py:826} INFO - Processing file /home/vscode/.local/lib/python3.10/site-packages/airflow/example_dags/example_params_ui_tutorial.py for tasks to queue
[2024-12-25T15:19:46.043+0000] {logging_mixin.py:150} INFO - [2024-12-25T15:19:46.043+0000] {dagbag.py:541} INFO - Filling up the DagBag from /home/vscode/.local/lib/python3.10/site-packages/airflow/example_dags/example_params_ui_tutorial.py
[2024-12-25T15:19:46.063+0000] {processor.py:836} INFO - DAG(s) dict_keys(['example_params_ui_tutorial']) retrieved from /home/vscode/.local/lib/python3.10/site-packages/airflow/example_dags/example_params_ui_tutorial.py
[2024-12-25T15:19:46.087+0000] {logging_mixin.py:150} INFO - [2024-12-25T15:19:46.087+0000] {dag.py:2742} INFO - Sync 1 DAGs
[2024-12-25T15:19:46.101+0000] {logging_mixin.py:150} INFO - [2024-12-25T15:19:46.101+0000] {dag.py:3504} INFO - Setting next_dagrun for example_params_ui_tutorial to None, run_after=None
[2024-12-25T15:19:46.116+0000] {processor.py:179} INFO - Processing /home/vscode/.local/lib/python3.10/site-packages/airflow/example_dags/example_params_ui_tutorial.py took 0.076 seconds
[2024-12-25T15:20:35.002+0000] {processor.py:157} INFO - Started process (PID=12261) to work on /home/vscode/.local/lib/python3.10/site-packages/airflow/example_dags/example_params_ui_tutorial.py
[2024-12-25T15:20:35.002+0000] {processor.py:826} INFO - Processing file /home/vscode/.local/lib/python3.10/site-packages/airflow/example_dags/example_params_ui_tutorial.py for tasks to queue
[2024-12-25T15:20:35.003+0000] {logging_mixin.py:150} INFO - [2024-12-25T15:20:35.003+0000] {dagbag.py:541} INFO - Filling up the DagBag from /home/vscode/.local/lib/python3.10/site-packages/airflow/example_dags/example_params_ui_tutorial.py
[2024-12-25T15:20:35.021+0000] {processor.py:836} INFO - DAG(s) dict_keys(['example_params_ui_tutorial']) retrieved from /home/vscode/.local/lib/python3.10/site-packages/airflow/example_dags/example_params_ui_tutorial.py
[2024-12-25T15:20:35.045+0000] {logging_mixin.py:150} INFO - [2024-12-25T15:20:35.045+0000] {dag.py:2742} INFO - Sync 1 DAGs
[2024-12-25T15:20:35.060+0000] {logging_mixin.py:150} INFO - [2024-12-25T15:20:35.060+0000] {dag.py:3504} INFO - Setting next_dagrun for example_params_ui_tutorial to None, run_after=None
[2024-12-25T15:20:35.074+0000] {processor.py:179} INFO - Processing /home/vscode/.local/lib/python3.10/site-packages/airflow/example_dags/example_params_ui_tutorial.py took 0.075 seconds
[2024-12-25T15:21:19.215+0000] {processor.py:157} INFO - Started process (PID=12747) to work on /home/vscode/.local/lib/python3.10/site-packages/airflow/example_dags/example_params_ui_tutorial.py
[2024-12-25T15:21:19.216+0000] {processor.py:826} INFO - Processing file /home/vscode/.local/lib/python3.10/site-packages/airflow/example_dags/example_params_ui_tutorial.py for tasks to queue
[2024-12-25T15:21:19.216+0000] {logging_mixin.py:150} INFO - [2024-12-25T15:21:19.216+0000] {dagbag.py:541} INFO - Filling up the DagBag from /home/vscode/.local/lib/python3.10/site-packages/airflow/example_dags/example_params_ui_tutorial.py
[2024-12-25T15:21:19.233+0000] {processor.py:836} INFO - DAG(s) dict_keys(['example_params_ui_tutorial']) retrieved from /home/vscode/.local/lib/python3.10/site-packages/airflow/example_dags/example_params_ui_tutorial.py
[2024-12-25T15:21:19.257+0000] {logging_mixin.py:150} INFO - [2024-12-25T15:21:19.257+0000] {dag.py:2742} INFO - Sync 1 DAGs
[2024-12-25T15:21:19.271+0000] {logging_mixin.py:150} INFO - [2024-12-25T15:21:19.271+0000] {dag.py:3504} INFO - Setting next_dagrun for example_params_ui_tutorial to None, run_after=None
[2024-12-25T15:21:19.286+0000] {processor.py:179} INFO - Processing /home/vscode/.local/lib/python3.10/site-packages/airflow/example_dags/example_params_ui_tutorial.py took 0.073 seconds
[2024-12-25T15:22:09.355+0000] {processor.py:157} INFO - Started process (PID=13334) to work on /home/vscode/.local/lib/python3.10/site-packages/airflow/example_dags/example_params_ui_tutorial.py
[2024-12-25T15:22:09.356+0000] {processor.py:826} INFO - Processing file /home/vscode/.local/lib/python3.10/site-packages/airflow/example_dags/example_params_ui_tutorial.py for tasks to queue
[2024-12-25T15:22:09.357+0000] {logging_mixin.py:150} INFO - [2024-12-25T15:22:09.356+0000] {dagbag.py:541} INFO - Filling up the DagBag from /home/vscode/.local/lib/python3.10/site-packages/airflow/example_dags/example_params_ui_tutorial.py
[2024-12-25T15:22:09.374+0000] {processor.py:836} INFO - DAG(s) dict_keys(['example_params_ui_tutorial']) retrieved from /home/vscode/.local/lib/python3.10/site-packages/airflow/example_dags/example_params_ui_tutorial.py
[2024-12-25T15:22:09.398+0000] {logging_mixin.py:150} INFO - [2024-12-25T15:22:09.398+0000] {dag.py:2742} INFO - Sync 1 DAGs
[2024-12-25T15:22:09.412+0000] {logging_mixin.py:150} INFO - [2024-12-25T15:22:09.412+0000] {dag.py:3504} INFO - Setting next_dagrun for example_params_ui_tutorial to None, run_after=None
[2024-12-25T15:22:09.427+0000] {processor.py:179} INFO - Processing /home/vscode/.local/lib/python3.10/site-packages/airflow/example_dags/example_params_ui_tutorial.py took 0.074 seconds
[2024-12-25T15:22:51.038+0000] {processor.py:157} INFO - Started process (PID=13767) to work on /home/vscode/.local/lib/python3.10/site-packages/airflow/example_dags/example_params_ui_tutorial.py
[2024-12-25T15:22:51.039+0000] {processor.py:826} INFO - Processing file /home/vscode/.local/lib/python3.10/site-packages/airflow/example_dags/example_params_ui_tutorial.py for tasks to queue
[2024-12-25T15:22:51.039+0000] {logging_mixin.py:150} INFO - [2024-12-25T15:22:51.039+0000] {dagbag.py:541} INFO - Filling up the DagBag from /home/vscode/.local/lib/python3.10/site-packages/airflow/example_dags/example_params_ui_tutorial.py
[2024-12-25T15:22:51.057+0000] {processor.py:836} INFO - DAG(s) dict_keys(['example_params_ui_tutorial']) retrieved from /home/vscode/.local/lib/python3.10/site-packages/airflow/example_dags/example_params_ui_tutorial.py
[2024-12-25T15:22:51.082+0000] {logging_mixin.py:150} INFO - [2024-12-25T15:22:51.082+0000] {dag.py:2742} INFO - Sync 1 DAGs
[2024-12-25T15:22:51.095+0000] {logging_mixin.py:150} INFO - [2024-12-25T15:22:51.095+0000] {dag.py:3504} INFO - Setting next_dagrun for example_params_ui_tutorial to None, run_after=None
[2024-12-25T15:22:51.110+0000] {processor.py:179} INFO - Processing /home/vscode/.local/lib/python3.10/site-packages/airflow/example_dags/example_params_ui_tutorial.py took 0.075 seconds
[2024-12-25T15:23:34.851+0000] {processor.py:157} INFO - Started process (PID=14290) to work on /home/vscode/.local/lib/python3.10/site-packages/airflow/example_dags/example_params_ui_tutorial.py
[2024-12-25T15:23:34.852+0000] {processor.py:826} INFO - Processing file /home/vscode/.local/lib/python3.10/site-packages/airflow/example_dags/example_params_ui_tutorial.py for tasks to queue
[2024-12-25T15:23:34.852+0000] {logging_mixin.py:150} INFO - [2024-12-25T15:23:34.852+0000] {dagbag.py:541} INFO - Filling up the DagBag from /home/vscode/.local/lib/python3.10/site-packages/airflow/example_dags/example_params_ui_tutorial.py
[2024-12-25T15:23:34.870+0000] {processor.py:836} INFO - DAG(s) dict_keys(['example_params_ui_tutorial']) retrieved from /home/vscode/.local/lib/python3.10/site-packages/airflow/example_dags/example_params_ui_tutorial.py
[2024-12-25T15:23:34.895+0000] {logging_mixin.py:150} INFO - [2024-12-25T15:23:34.894+0000] {dag.py:2742} INFO - Sync 1 DAGs
[2024-12-25T15:23:34.909+0000] {logging_mixin.py:150} INFO - [2024-12-25T15:23:34.909+0000] {dag.py:3504} INFO - Setting next_dagrun for example_params_ui_tutorial to None, run_after=None
[2024-12-25T15:23:34.924+0000] {processor.py:179} INFO - Processing /home/vscode/.local/lib/python3.10/site-packages/airflow/example_dags/example_params_ui_tutorial.py took 0.076 seconds
[2024-12-25T15:24:16.630+0000] {processor.py:157} INFO - Started process (PID=14705) to work on /home/vscode/.local/lib/python3.10/site-packages/airflow/example_dags/example_params_ui_tutorial.py
[2024-12-25T15:24:16.630+0000] {processor.py:826} INFO - Processing file /home/vscode/.local/lib/python3.10/site-packages/airflow/example_dags/example_params_ui_tutorial.py for tasks to queue
[2024-12-25T15:24:16.631+0000] {logging_mixin.py:150} INFO - [2024-12-25T15:24:16.631+0000] {dagbag.py:541} INFO - Filling up the DagBag from /home/vscode/.local/lib/python3.10/site-packages/airflow/example_dags/example_params_ui_tutorial.py
[2024-12-25T15:24:16.648+0000] {processor.py:836} INFO - DAG(s) dict_keys(['example_params_ui_tutorial']) retrieved from /home/vscode/.local/lib/python3.10/site-packages/airflow/example_dags/example_params_ui_tutorial.py
[2024-12-25T15:24:16.673+0000] {logging_mixin.py:150} INFO - [2024-12-25T15:24:16.673+0000] {dag.py:2742} INFO - Sync 1 DAGs
[2024-12-25T15:24:16.687+0000] {logging_mixin.py:150} INFO - [2024-12-25T15:24:16.687+0000] {dag.py:3504} INFO - Setting next_dagrun for example_params_ui_tutorial to None, run_after=None
[2024-12-25T15:24:16.702+0000] {processor.py:179} INFO - Processing /home/vscode/.local/lib/python3.10/site-packages/airflow/example_dags/example_params_ui_tutorial.py took 0.074 seconds
[2024-12-25T15:25:00.863+0000] {processor.py:157} INFO - Started process (PID=15193) to work on /home/vscode/.local/lib/python3.10/site-packages/airflow/example_dags/example_params_ui_tutorial.py
[2024-12-25T15:25:00.864+0000] {processor.py:826} INFO - Processing file /home/vscode/.local/lib/python3.10/site-packages/airflow/example_dags/example_params_ui_tutorial.py for tasks to queue
[2024-12-25T15:25:00.864+0000] {logging_mixin.py:150} INFO - [2024-12-25T15:25:00.864+0000] {dagbag.py:541} INFO - Filling up the DagBag from /home/vscode/.local/lib/python3.10/site-packages/airflow/example_dags/example_params_ui_tutorial.py
[2024-12-25T15:25:00.882+0000] {processor.py:836} INFO - DAG(s) dict_keys(['example_params_ui_tutorial']) retrieved from /home/vscode/.local/lib/python3.10/site-packages/airflow/example_dags/example_params_ui_tutorial.py
[2024-12-25T15:25:00.906+0000] {logging_mixin.py:150} INFO - [2024-12-25T15:25:00.906+0000] {dag.py:2742} INFO - Sync 1 DAGs
[2024-12-25T15:25:00.920+0000] {logging_mixin.py:150} INFO - [2024-12-25T15:25:00.920+0000] {dag.py:3504} INFO - Setting next_dagrun for example_params_ui_tutorial to None, run_after=None
[2024-12-25T15:25:00.938+0000] {processor.py:179} INFO - Processing /home/vscode/.local/lib/python3.10/site-packages/airflow/example_dags/example_params_ui_tutorial.py took 0.076 seconds
[2024-12-25T15:25:45.292+0000] {processor.py:157} INFO - Started process (PID=15626) to work on /home/vscode/.local/lib/python3.10/site-packages/airflow/example_dags/example_params_ui_tutorial.py
[2024-12-25T15:25:45.293+0000] {processor.py:826} INFO - Processing file /home/vscode/.local/lib/python3.10/site-packages/airflow/example_dags/example_params_ui_tutorial.py for tasks to queue
[2024-12-25T15:25:45.293+0000] {logging_mixin.py:150} INFO - [2024-12-25T15:25:45.293+0000] {dagbag.py:541} INFO - Filling up the DagBag from /home/vscode/.local/lib/python3.10/site-packages/airflow/example_dags/example_params_ui_tutorial.py
[2024-12-25T15:25:45.316+0000] {processor.py:836} INFO - DAG(s) dict_keys(['example_params_ui_tutorial']) retrieved from /home/vscode/.local/lib/python3.10/site-packages/airflow/example_dags/example_params_ui_tutorial.py
[2024-12-25T15:25:45.340+0000] {logging_mixin.py:150} INFO - [2024-12-25T15:25:45.340+0000] {dag.py:2742} INFO - Sync 1 DAGs
[2024-12-25T15:25:45.353+0000] {logging_mixin.py:150} INFO - [2024-12-25T15:25:45.353+0000] {dag.py:3504} INFO - Setting next_dagrun for example_params_ui_tutorial to None, run_after=None
[2024-12-25T15:25:45.368+0000] {processor.py:179} INFO - Processing /home/vscode/.local/lib/python3.10/site-packages/airflow/example_dags/example_params_ui_tutorial.py took 0.078 seconds
[2024-12-25T15:26:30.529+0000] {processor.py:157} INFO - Started process (PID=16080) to work on /home/vscode/.local/lib/python3.10/site-packages/airflow/example_dags/example_params_ui_tutorial.py
[2024-12-25T15:26:30.530+0000] {processor.py:826} INFO - Processing file /home/vscode/.local/lib/python3.10/site-packages/airflow/example_dags/example_params_ui_tutorial.py for tasks to queue
[2024-12-25T15:26:30.531+0000] {logging_mixin.py:150} INFO - [2024-12-25T15:26:30.530+0000] {dagbag.py:541} INFO - Filling up the DagBag from /home/vscode/.local/lib/python3.10/site-packages/airflow/example_dags/example_params_ui_tutorial.py
[2024-12-25T15:26:30.548+0000] {processor.py:836} INFO - DAG(s) dict_keys(['example_params_ui_tutorial']) retrieved from /home/vscode/.local/lib/python3.10/site-packages/airflow/example_dags/example_params_ui_tutorial.py
[2024-12-25T15:26:30.572+0000] {logging_mixin.py:150} INFO - [2024-12-25T15:26:30.572+0000] {dag.py:2742} INFO - Sync 1 DAGs
[2024-12-25T15:26:30.586+0000] {logging_mixin.py:150} INFO - [2024-12-25T15:26:30.586+0000] {dag.py:3504} INFO - Setting next_dagrun for example_params_ui_tutorial to None, run_after=None
[2024-12-25T15:26:30.600+0000] {processor.py:179} INFO - Processing /home/vscode/.local/lib/python3.10/site-packages/airflow/example_dags/example_params_ui_tutorial.py took 0.073 seconds
[2024-12-25T15:27:14.641+0000] {processor.py:157} INFO - Started process (PID=16969) to work on /home/vscode/.local/lib/python3.10/site-packages/airflow/example_dags/example_params_ui_tutorial.py
[2024-12-25T15:27:14.641+0000] {processor.py:826} INFO - Processing file /home/vscode/.local/lib/python3.10/site-packages/airflow/example_dags/example_params_ui_tutorial.py for tasks to queue
[2024-12-25T15:27:14.642+0000] {logging_mixin.py:150} INFO - [2024-12-25T15:27:14.642+0000] {dagbag.py:541} INFO - Filling up the DagBag from /home/vscode/.local/lib/python3.10/site-packages/airflow/example_dags/example_params_ui_tutorial.py
[2024-12-25T15:27:14.660+0000] {processor.py:836} INFO - DAG(s) dict_keys(['example_params_ui_tutorial']) retrieved from /home/vscode/.local/lib/python3.10/site-packages/airflow/example_dags/example_params_ui_tutorial.py
[2024-12-25T15:27:14.694+0000] {logging_mixin.py:150} INFO - [2024-12-25T15:27:14.694+0000] {dag.py:2742} INFO - Sync 1 DAGs
[2024-12-25T15:27:14.713+0000] {logging_mixin.py:150} INFO - [2024-12-25T15:27:14.712+0000] {dag.py:3504} INFO - Setting next_dagrun for example_params_ui_tutorial to None, run_after=None
[2024-12-25T15:27:14.729+0000] {processor.py:179} INFO - Processing /home/vscode/.local/lib/python3.10/site-packages/airflow/example_dags/example_params_ui_tutorial.py took 0.090 seconds
