[2024-12-25T15:14:06.294+0000] {processor.py:157} INFO - Started process (PID=8432) to work on /home/vscode/.local/lib/python3.10/site-packages/airflow/example_dags/example_bash_operator.py
[2024-12-25T15:14:06.295+0000] {processor.py:826} INFO - Processing file /home/vscode/.local/lib/python3.10/site-packages/airflow/example_dags/example_bash_operator.py for tasks to queue
[2024-12-25T15:14:06.295+0000] {logging_mixin.py:150} INFO - [2024-12-25T15:14:06.295+0000] {dagbag.py:541} INFO - Filling up the DagBag from /home/vscode/.local/lib/python3.10/site-packages/airflow/example_dags/example_bash_operator.py
[2024-12-25T15:14:06.304+0000] {processor.py:836} INFO - DAG(s) dict_keys(['example_bash_operator']) retrieved from /home/vscode/.local/lib/python3.10/site-packages/airflow/example_dags/example_bash_operator.py
[2024-12-25T15:14:06.385+0000] {logging_mixin.py:150} INFO - [2024-12-25T15:14:06.385+0000] {manager.py:504} INFO - Created Permission View: can edit on DAG:example_bash_operator
[2024-12-25T15:14:06.394+0000] {logging_mixin.py:150} INFO - [2024-12-25T15:14:06.394+0000] {manager.py:504} INFO - Created Permission View: can read on DAG:example_bash_operator
[2024-12-25T15:14:06.400+0000] {logging_mixin.py:150} INFO - [2024-12-25T15:14:06.400+0000] {manager.py:504} INFO - Created Permission View: can delete on DAG:example_bash_operator
[2024-12-25T15:14:06.407+0000] {logging_mixin.py:150} INFO - [2024-12-25T15:14:06.407+0000] {dag.py:2742} INFO - Sync 1 DAGs
[2024-12-25T15:14:06.414+0000] {logging_mixin.py:150} INFO - [2024-12-25T15:14:06.414+0000] {dag.py:2763} INFO - Creating ORM DAG for example_bash_operator
[2024-12-25T15:14:06.421+0000] {logging_mixin.py:150} INFO - [2024-12-25T15:14:06.421+0000] {dag.py:3504} INFO - Setting next_dagrun for example_bash_operator to 2024-12-24T00:00:00+00:00, run_after=2024-12-25T00:00:00+00:00
[2024-12-25T15:14:06.437+0000] {processor.py:179} INFO - Processing /home/vscode/.local/lib/python3.10/site-packages/airflow/example_dags/example_bash_operator.py took 0.145 seconds
[2024-12-25T15:14:56.941+0000] {processor.py:157} INFO - Started process (PID=8788) to work on /home/vscode/.local/lib/python3.10/site-packages/airflow/example_dags/example_bash_operator.py
[2024-12-25T15:14:56.942+0000] {processor.py:826} INFO - Processing file /home/vscode/.local/lib/python3.10/site-packages/airflow/example_dags/example_bash_operator.py for tasks to queue
[2024-12-25T15:14:56.942+0000] {logging_mixin.py:150} INFO - [2024-12-25T15:14:56.942+0000] {dagbag.py:541} INFO - Filling up the DagBag from /home/vscode/.local/lib/python3.10/site-packages/airflow/example_dags/example_bash_operator.py
[2024-12-25T15:14:56.950+0000] {processor.py:836} INFO - DAG(s) dict_keys(['example_bash_operator']) retrieved from /home/vscode/.local/lib/python3.10/site-packages/airflow/example_dags/example_bash_operator.py
[2024-12-25T15:14:56.967+0000] {logging_mixin.py:150} INFO - [2024-12-25T15:14:56.967+0000] {dag.py:2742} INFO - Sync 1 DAGs
[2024-12-25T15:14:56.982+0000] {logging_mixin.py:150} INFO - [2024-12-25T15:14:56.982+0000] {dag.py:3504} INFO - Setting next_dagrun for example_bash_operator to 2024-12-24T00:00:00+00:00, run_after=2024-12-25T00:00:00+00:00
[2024-12-25T15:14:56.998+0000] {processor.py:179} INFO - Processing /home/vscode/.local/lib/python3.10/site-packages/airflow/example_dags/example_bash_operator.py took 0.059 seconds
[2024-12-25T15:15:40.389+0000] {processor.py:157} INFO - Started process (PID=9109) to work on /home/vscode/.local/lib/python3.10/site-packages/airflow/example_dags/example_bash_operator.py
[2024-12-25T15:15:40.390+0000] {processor.py:826} INFO - Processing file /home/vscode/.local/lib/python3.10/site-packages/airflow/example_dags/example_bash_operator.py for tasks to queue
[2024-12-25T15:15:40.390+0000] {logging_mixin.py:150} INFO - [2024-12-25T15:15:40.390+0000] {dagbag.py:541} INFO - Filling up the DagBag from /home/vscode/.local/lib/python3.10/site-packages/airflow/example_dags/example_bash_operator.py
[2024-12-25T15:15:40.398+0000] {processor.py:836} INFO - DAG(s) dict_keys(['example_bash_operator']) retrieved from /home/vscode/.local/lib/python3.10/site-packages/airflow/example_dags/example_bash_operator.py
[2024-12-25T15:15:40.415+0000] {logging_mixin.py:150} INFO - [2024-12-25T15:15:40.415+0000] {dag.py:2742} INFO - Sync 1 DAGs
[2024-12-25T15:15:40.431+0000] {logging_mixin.py:150} INFO - [2024-12-25T15:15:40.431+0000] {dag.py:3504} INFO - Setting next_dagrun for example_bash_operator to 2024-12-24T00:00:00+00:00, run_after=2024-12-25T00:00:00+00:00
[2024-12-25T15:15:40.448+0000] {processor.py:179} INFO - Processing /home/vscode/.local/lib/python3.10/site-packages/airflow/example_dags/example_bash_operator.py took 0.061 seconds
[2024-12-25T15:16:26.699+0000] {processor.py:157} INFO - Started process (PID=9551) to work on /home/vscode/.local/lib/python3.10/site-packages/airflow/example_dags/example_bash_operator.py
[2024-12-25T15:16:26.699+0000] {processor.py:826} INFO - Processing file /home/vscode/.local/lib/python3.10/site-packages/airflow/example_dags/example_bash_operator.py for tasks to queue
[2024-12-25T15:16:26.700+0000] {logging_mixin.py:150} INFO - [2024-12-25T15:16:26.700+0000] {dagbag.py:541} INFO - Filling up the DagBag from /home/vscode/.local/lib/python3.10/site-packages/airflow/example_dags/example_bash_operator.py
[2024-12-25T15:16:26.708+0000] {processor.py:836} INFO - DAG(s) dict_keys(['example_bash_operator']) retrieved from /home/vscode/.local/lib/python3.10/site-packages/airflow/example_dags/example_bash_operator.py
[2024-12-25T15:16:26.725+0000] {logging_mixin.py:150} INFO - [2024-12-25T15:16:26.725+0000] {dag.py:2742} INFO - Sync 1 DAGs
[2024-12-25T15:16:26.740+0000] {logging_mixin.py:150} INFO - [2024-12-25T15:16:26.740+0000] {dag.py:3504} INFO - Setting next_dagrun for example_bash_operator to 2024-12-24T00:00:00+00:00, run_after=2024-12-25T00:00:00+00:00
[2024-12-25T15:16:26.756+0000] {processor.py:179} INFO - Processing /home/vscode/.local/lib/python3.10/site-packages/airflow/example_dags/example_bash_operator.py took 0.060 seconds
[2024-12-25T15:17:14.180+0000] {processor.py:157} INFO - Started process (PID=10044) to work on /home/vscode/.local/lib/python3.10/site-packages/airflow/example_dags/example_bash_operator.py
[2024-12-25T15:17:14.181+0000] {processor.py:826} INFO - Processing file /home/vscode/.local/lib/python3.10/site-packages/airflow/example_dags/example_bash_operator.py for tasks to queue
[2024-12-25T15:17:14.182+0000] {logging_mixin.py:150} INFO - [2024-12-25T15:17:14.181+0000] {dagbag.py:541} INFO - Filling up the DagBag from /home/vscode/.local/lib/python3.10/site-packages/airflow/example_dags/example_bash_operator.py
[2024-12-25T15:17:14.192+0000] {processor.py:836} INFO - DAG(s) dict_keys(['example_bash_operator']) retrieved from /home/vscode/.local/lib/python3.10/site-packages/airflow/example_dags/example_bash_operator.py
[2024-12-25T15:17:14.209+0000] {logging_mixin.py:150} INFO - [2024-12-25T15:17:14.209+0000] {dag.py:2742} INFO - Sync 1 DAGs
[2024-12-25T15:17:14.224+0000] {logging_mixin.py:150} INFO - [2024-12-25T15:17:14.224+0000] {dag.py:3504} INFO - Setting next_dagrun for example_bash_operator to 2024-12-24T00:00:00+00:00, run_after=2024-12-25T00:00:00+00:00
[2024-12-25T15:17:14.239+0000] {processor.py:179} INFO - Processing /home/vscode/.local/lib/python3.10/site-packages/airflow/example_dags/example_bash_operator.py took 0.062 seconds
[2024-12-25T15:17:59.389+0000] {processor.py:157} INFO - Started process (PID=10567) to work on /home/vscode/.local/lib/python3.10/site-packages/airflow/example_dags/example_bash_operator.py
[2024-12-25T15:17:59.389+0000] {processor.py:826} INFO - Processing file /home/vscode/.local/lib/python3.10/site-packages/airflow/example_dags/example_bash_operator.py for tasks to queue
[2024-12-25T15:17:59.390+0000] {logging_mixin.py:150} INFO - [2024-12-25T15:17:59.390+0000] {dagbag.py:541} INFO - Filling up the DagBag from /home/vscode/.local/lib/python3.10/site-packages/airflow/example_dags/example_bash_operator.py
[2024-12-25T15:17:59.398+0000] {processor.py:836} INFO - DAG(s) dict_keys(['example_bash_operator']) retrieved from /home/vscode/.local/lib/python3.10/site-packages/airflow/example_dags/example_bash_operator.py
[2024-12-25T15:17:59.414+0000] {logging_mixin.py:150} INFO - [2024-12-25T15:17:59.414+0000] {dag.py:2742} INFO - Sync 1 DAGs
[2024-12-25T15:17:59.429+0000] {logging_mixin.py:150} INFO - [2024-12-25T15:17:59.429+0000] {dag.py:3504} INFO - Setting next_dagrun for example_bash_operator to 2024-12-24T00:00:00+00:00, run_after=2024-12-25T00:00:00+00:00
[2024-12-25T15:17:59.443+0000] {processor.py:179} INFO - Processing /home/vscode/.local/lib/python3.10/site-packages/airflow/example_dags/example_bash_operator.py took 0.057 seconds
[2024-12-25T15:18:54.663+0000] {processor.py:157} INFO - Started process (PID=11169) to work on /home/vscode/.local/lib/python3.10/site-packages/airflow/example_dags/example_bash_operator.py
[2024-12-25T15:18:54.664+0000] {processor.py:826} INFO - Processing file /home/vscode/.local/lib/python3.10/site-packages/airflow/example_dags/example_bash_operator.py for tasks to queue
[2024-12-25T15:18:54.664+0000] {logging_mixin.py:150} INFO - [2024-12-25T15:18:54.664+0000] {dagbag.py:541} INFO - Filling up the DagBag from /home/vscode/.local/lib/python3.10/site-packages/airflow/example_dags/example_bash_operator.py
[2024-12-25T15:18:54.672+0000] {processor.py:836} INFO - DAG(s) dict_keys(['example_bash_operator']) retrieved from /home/vscode/.local/lib/python3.10/site-packages/airflow/example_dags/example_bash_operator.py
[2024-12-25T15:18:54.689+0000] {logging_mixin.py:150} INFO - [2024-12-25T15:18:54.689+0000] {dag.py:2742} INFO - Sync 1 DAGs
[2024-12-25T15:18:54.704+0000] {logging_mixin.py:150} INFO - [2024-12-25T15:18:54.704+0000] {dag.py:3504} INFO - Setting next_dagrun for example_bash_operator to 2024-12-24T00:00:00+00:00, run_after=2024-12-25T00:00:00+00:00
[2024-12-25T15:18:54.719+0000] {processor.py:179} INFO - Processing /home/vscode/.local/lib/python3.10/site-packages/airflow/example_dags/example_bash_operator.py took 0.058 seconds
[2024-12-25T15:19:40.898+0000] {processor.py:157} INFO - Started process (PID=11690) to work on /home/vscode/.local/lib/python3.10/site-packages/airflow/example_dags/example_bash_operator.py
[2024-12-25T15:19:40.898+0000] {processor.py:826} INFO - Processing file /home/vscode/.local/lib/python3.10/site-packages/airflow/example_dags/example_bash_operator.py for tasks to queue
[2024-12-25T15:19:40.899+0000] {logging_mixin.py:150} INFO - [2024-12-25T15:19:40.899+0000] {dagbag.py:541} INFO - Filling up the DagBag from /home/vscode/.local/lib/python3.10/site-packages/airflow/example_dags/example_bash_operator.py
[2024-12-25T15:19:40.908+0000] {processor.py:836} INFO - DAG(s) dict_keys(['example_bash_operator']) retrieved from /home/vscode/.local/lib/python3.10/site-packages/airflow/example_dags/example_bash_operator.py
[2024-12-25T15:19:40.925+0000] {logging_mixin.py:150} INFO - [2024-12-25T15:19:40.924+0000] {dag.py:2742} INFO - Sync 1 DAGs
[2024-12-25T15:19:40.940+0000] {logging_mixin.py:150} INFO - [2024-12-25T15:19:40.940+0000] {dag.py:3504} INFO - Setting next_dagrun for example_bash_operator to 2024-12-24T00:00:00+00:00, run_after=2024-12-25T00:00:00+00:00
[2024-12-25T15:19:40.954+0000] {processor.py:179} INFO - Processing /home/vscode/.local/lib/python3.10/site-packages/airflow/example_dags/example_bash_operator.py took 0.059 seconds
[2024-12-25T15:20:27.224+0000] {processor.py:157} INFO - Started process (PID=12183) to work on /home/vscode/.local/lib/python3.10/site-packages/airflow/example_dags/example_bash_operator.py
[2024-12-25T15:20:27.225+0000] {processor.py:826} INFO - Processing file /home/vscode/.local/lib/python3.10/site-packages/airflow/example_dags/example_bash_operator.py for tasks to queue
[2024-12-25T15:20:27.226+0000] {logging_mixin.py:150} INFO - [2024-12-25T15:20:27.226+0000] {dagbag.py:541} INFO - Filling up the DagBag from /home/vscode/.local/lib/python3.10/site-packages/airflow/example_dags/example_bash_operator.py
[2024-12-25T15:20:27.235+0000] {processor.py:836} INFO - DAG(s) dict_keys(['example_bash_operator']) retrieved from /home/vscode/.local/lib/python3.10/site-packages/airflow/example_dags/example_bash_operator.py
[2024-12-25T15:20:27.253+0000] {logging_mixin.py:150} INFO - [2024-12-25T15:20:27.253+0000] {dag.py:2742} INFO - Sync 1 DAGs
[2024-12-25T15:20:27.268+0000] {logging_mixin.py:150} INFO - [2024-12-25T15:20:27.268+0000] {dag.py:3504} INFO - Setting next_dagrun for example_bash_operator to 2024-12-24T00:00:00+00:00, run_after=2024-12-25T00:00:00+00:00
[2024-12-25T15:20:27.284+0000] {processor.py:179} INFO - Processing /home/vscode/.local/lib/python3.10/site-packages/airflow/example_dags/example_bash_operator.py took 0.061 seconds
[2024-12-25T15:21:11.672+0000] {processor.py:157} INFO - Started process (PID=12658) to work on /home/vscode/.local/lib/python3.10/site-packages/airflow/example_dags/example_bash_operator.py
[2024-12-25T15:21:11.673+0000] {processor.py:826} INFO - Processing file /home/vscode/.local/lib/python3.10/site-packages/airflow/example_dags/example_bash_operator.py for tasks to queue
[2024-12-25T15:21:11.673+0000] {logging_mixin.py:150} INFO - [2024-12-25T15:21:11.673+0000] {dagbag.py:541} INFO - Filling up the DagBag from /home/vscode/.local/lib/python3.10/site-packages/airflow/example_dags/example_bash_operator.py
[2024-12-25T15:21:11.685+0000] {processor.py:836} INFO - DAG(s) dict_keys(['example_bash_operator']) retrieved from /home/vscode/.local/lib/python3.10/site-packages/airflow/example_dags/example_bash_operator.py
[2024-12-25T15:21:11.718+0000] {logging_mixin.py:150} INFO - [2024-12-25T15:21:11.718+0000] {dag.py:2742} INFO - Sync 1 DAGs
[2024-12-25T15:21:11.739+0000] {logging_mixin.py:150} INFO - [2024-12-25T15:21:11.739+0000] {dag.py:3504} INFO - Setting next_dagrun for example_bash_operator to 2024-12-24T00:00:00+00:00, run_after=2024-12-25T00:00:00+00:00
[2024-12-25T15:21:11.755+0000] {processor.py:179} INFO - Processing /home/vscode/.local/lib/python3.10/site-packages/airflow/example_dags/example_bash_operator.py took 0.085 seconds
[2024-12-25T15:22:01.343+0000] {processor.py:157} INFO - Started process (PID=13239) to work on /home/vscode/.local/lib/python3.10/site-packages/airflow/example_dags/example_bash_operator.py
[2024-12-25T15:22:01.344+0000] {processor.py:826} INFO - Processing file /home/vscode/.local/lib/python3.10/site-packages/airflow/example_dags/example_bash_operator.py for tasks to queue
[2024-12-25T15:22:01.344+0000] {logging_mixin.py:150} INFO - [2024-12-25T15:22:01.344+0000] {dagbag.py:541} INFO - Filling up the DagBag from /home/vscode/.local/lib/python3.10/site-packages/airflow/example_dags/example_bash_operator.py
[2024-12-25T15:22:01.352+0000] {processor.py:836} INFO - DAG(s) dict_keys(['example_bash_operator']) retrieved from /home/vscode/.local/lib/python3.10/site-packages/airflow/example_dags/example_bash_operator.py
[2024-12-25T15:22:01.369+0000] {logging_mixin.py:150} INFO - [2024-12-25T15:22:01.369+0000] {dag.py:2742} INFO - Sync 1 DAGs
[2024-12-25T15:22:01.384+0000] {logging_mixin.py:150} INFO - [2024-12-25T15:22:01.384+0000] {dag.py:3504} INFO - Setting next_dagrun for example_bash_operator to 2024-12-24T00:00:00+00:00, run_after=2024-12-25T00:00:00+00:00
[2024-12-25T15:22:01.398+0000] {processor.py:179} INFO - Processing /home/vscode/.local/lib/python3.10/site-packages/airflow/example_dags/example_bash_operator.py took 0.057 seconds
[2024-12-25T15:22:58.485+0000] {processor.py:157} INFO - Started process (PID=13841) to work on /home/vscode/.local/lib/python3.10/site-packages/airflow/example_dags/example_bash_operator.py
[2024-12-25T15:22:58.485+0000] {processor.py:826} INFO - Processing file /home/vscode/.local/lib/python3.10/site-packages/airflow/example_dags/example_bash_operator.py for tasks to queue
[2024-12-25T15:22:58.486+0000] {logging_mixin.py:150} INFO - [2024-12-25T15:22:58.486+0000] {dagbag.py:541} INFO - Filling up the DagBag from /home/vscode/.local/lib/python3.10/site-packages/airflow/example_dags/example_bash_operator.py
[2024-12-25T15:22:58.494+0000] {processor.py:836} INFO - DAG(s) dict_keys(['example_bash_operator']) retrieved from /home/vscode/.local/lib/python3.10/site-packages/airflow/example_dags/example_bash_operator.py
[2024-12-25T15:22:58.510+0000] {logging_mixin.py:150} INFO - [2024-12-25T15:22:58.510+0000] {dag.py:2742} INFO - Sync 1 DAGs
[2024-12-25T15:22:58.525+0000] {logging_mixin.py:150} INFO - [2024-12-25T15:22:58.525+0000] {dag.py:3504} INFO - Setting next_dagrun for example_bash_operator to 2024-12-24T00:00:00+00:00, run_after=2024-12-25T00:00:00+00:00
[2024-12-25T15:22:58.539+0000] {processor.py:179} INFO - Processing /home/vscode/.local/lib/python3.10/site-packages/airflow/example_dags/example_bash_operator.py took 0.057 seconds
[2024-12-25T15:23:41.887+0000] {processor.py:157} INFO - Started process (PID=14360) to work on /home/vscode/.local/lib/python3.10/site-packages/airflow/example_dags/example_bash_operator.py
[2024-12-25T15:23:41.888+0000] {processor.py:826} INFO - Processing file /home/vscode/.local/lib/python3.10/site-packages/airflow/example_dags/example_bash_operator.py for tasks to queue
[2024-12-25T15:23:41.888+0000] {logging_mixin.py:150} INFO - [2024-12-25T15:23:41.888+0000] {dagbag.py:541} INFO - Filling up the DagBag from /home/vscode/.local/lib/python3.10/site-packages/airflow/example_dags/example_bash_operator.py
[2024-12-25T15:23:41.897+0000] {processor.py:836} INFO - DAG(s) dict_keys(['example_bash_operator']) retrieved from /home/vscode/.local/lib/python3.10/site-packages/airflow/example_dags/example_bash_operator.py
[2024-12-25T15:23:41.915+0000] {logging_mixin.py:150} INFO - [2024-12-25T15:23:41.915+0000] {dag.py:2742} INFO - Sync 1 DAGs
[2024-12-25T15:23:41.930+0000] {logging_mixin.py:150} INFO - [2024-12-25T15:23:41.930+0000] {dag.py:3504} INFO - Setting next_dagrun for example_bash_operator to 2024-12-24T00:00:00+00:00, run_after=2024-12-25T00:00:00+00:00
[2024-12-25T15:23:41.946+0000] {processor.py:179} INFO - Processing /home/vscode/.local/lib/python3.10/site-packages/airflow/example_dags/example_bash_operator.py took 0.061 seconds
[2024-12-25T15:24:38.207+0000] {processor.py:157} INFO - Started process (PID=14973) to work on /home/vscode/.local/lib/python3.10/site-packages/airflow/example_dags/example_bash_operator.py
[2024-12-25T15:24:38.208+0000] {processor.py:826} INFO - Processing file /home/vscode/.local/lib/python3.10/site-packages/airflow/example_dags/example_bash_operator.py for tasks to queue
[2024-12-25T15:24:38.208+0000] {logging_mixin.py:150} INFO - [2024-12-25T15:24:38.208+0000] {dagbag.py:541} INFO - Filling up the DagBag from /home/vscode/.local/lib/python3.10/site-packages/airflow/example_dags/example_bash_operator.py
[2024-12-25T15:24:38.218+0000] {processor.py:836} INFO - DAG(s) dict_keys(['example_bash_operator']) retrieved from /home/vscode/.local/lib/python3.10/site-packages/airflow/example_dags/example_bash_operator.py
[2024-12-25T15:24:38.236+0000] {logging_mixin.py:150} INFO - [2024-12-25T15:24:38.236+0000] {dag.py:2742} INFO - Sync 1 DAGs
[2024-12-25T15:24:38.252+0000] {logging_mixin.py:150} INFO - [2024-12-25T15:24:38.251+0000] {dag.py:3504} INFO - Setting next_dagrun for example_bash_operator to 2024-12-24T00:00:00+00:00, run_after=2024-12-25T00:00:00+00:00
[2024-12-25T15:24:38.272+0000] {processor.py:179} INFO - Processing /home/vscode/.local/lib/python3.10/site-packages/airflow/example_dags/example_bash_operator.py took 0.067 seconds
[2024-12-25T15:25:23.601+0000] {processor.py:157} INFO - Started process (PID=15413) to work on /home/vscode/.local/lib/python3.10/site-packages/airflow/example_dags/example_bash_operator.py
[2024-12-25T15:25:23.602+0000] {processor.py:826} INFO - Processing file /home/vscode/.local/lib/python3.10/site-packages/airflow/example_dags/example_bash_operator.py for tasks to queue
[2024-12-25T15:25:23.603+0000] {logging_mixin.py:150} INFO - [2024-12-25T15:25:23.602+0000] {dagbag.py:541} INFO - Filling up the DagBag from /home/vscode/.local/lib/python3.10/site-packages/airflow/example_dags/example_bash_operator.py
[2024-12-25T15:25:23.611+0000] {processor.py:836} INFO - DAG(s) dict_keys(['example_bash_operator']) retrieved from /home/vscode/.local/lib/python3.10/site-packages/airflow/example_dags/example_bash_operator.py
[2024-12-25T15:25:23.629+0000] {logging_mixin.py:150} INFO - [2024-12-25T15:25:23.629+0000] {dag.py:2742} INFO - Sync 1 DAGs
[2024-12-25T15:25:23.646+0000] {logging_mixin.py:150} INFO - [2024-12-25T15:25:23.646+0000] {dag.py:3504} INFO - Setting next_dagrun for example_bash_operator to 2024-12-24T00:00:00+00:00, run_after=2024-12-25T00:00:00+00:00
[2024-12-25T15:25:23.661+0000] {processor.py:179} INFO - Processing /home/vscode/.local/lib/python3.10/site-packages/airflow/example_dags/example_bash_operator.py took 0.062 seconds
[2024-12-25T15:26:06.742+0000] {processor.py:157} INFO - Started process (PID=15842) to work on /home/vscode/.local/lib/python3.10/site-packages/airflow/example_dags/example_bash_operator.py
[2024-12-25T15:26:06.743+0000] {processor.py:826} INFO - Processing file /home/vscode/.local/lib/python3.10/site-packages/airflow/example_dags/example_bash_operator.py for tasks to queue
[2024-12-25T15:26:06.744+0000] {logging_mixin.py:150} INFO - [2024-12-25T15:26:06.743+0000] {dagbag.py:541} INFO - Filling up the DagBag from /home/vscode/.local/lib/python3.10/site-packages/airflow/example_dags/example_bash_operator.py
[2024-12-25T15:26:06.753+0000] {processor.py:836} INFO - DAG(s) dict_keys(['example_bash_operator']) retrieved from /home/vscode/.local/lib/python3.10/site-packages/airflow/example_dags/example_bash_operator.py
[2024-12-25T15:26:06.770+0000] {logging_mixin.py:150} INFO - [2024-12-25T15:26:06.770+0000] {dag.py:2742} INFO - Sync 1 DAGs
[2024-12-25T15:26:06.786+0000] {logging_mixin.py:150} INFO - [2024-12-25T15:26:06.786+0000] {dag.py:3504} INFO - Setting next_dagrun for example_bash_operator to 2024-12-24T00:00:00+00:00, run_after=2024-12-25T00:00:00+00:00
[2024-12-25T15:26:06.800+0000] {processor.py:179} INFO - Processing /home/vscode/.local/lib/python3.10/site-packages/airflow/example_dags/example_bash_operator.py took 0.061 seconds
[2024-12-25T15:26:51.215+0000] {processor.py:157} INFO - Started process (PID=16427) to work on /home/vscode/.local/lib/python3.10/site-packages/airflow/example_dags/example_bash_operator.py
[2024-12-25T15:26:51.216+0000] {processor.py:826} INFO - Processing file /home/vscode/.local/lib/python3.10/site-packages/airflow/example_dags/example_bash_operator.py for tasks to queue
[2024-12-25T15:26:51.216+0000] {logging_mixin.py:150} INFO - [2024-12-25T15:26:51.216+0000] {dagbag.py:541} INFO - Filling up the DagBag from /home/vscode/.local/lib/python3.10/site-packages/airflow/example_dags/example_bash_operator.py
[2024-12-25T15:26:51.224+0000] {processor.py:836} INFO - DAG(s) dict_keys(['example_bash_operator']) retrieved from /home/vscode/.local/lib/python3.10/site-packages/airflow/example_dags/example_bash_operator.py
[2024-12-25T15:26:51.241+0000] {logging_mixin.py:150} INFO - [2024-12-25T15:26:51.241+0000] {dag.py:2742} INFO - Sync 1 DAGs
[2024-12-25T15:26:51.256+0000] {logging_mixin.py:150} INFO - [2024-12-25T15:26:51.256+0000] {dag.py:3504} INFO - Setting next_dagrun for example_bash_operator to 2024-12-24T00:00:00+00:00, run_after=2024-12-25T00:00:00+00:00
[2024-12-25T15:26:51.271+0000] {processor.py:179} INFO - Processing /home/vscode/.local/lib/python3.10/site-packages/airflow/example_dags/example_bash_operator.py took 0.058 seconds
