[2024-12-25T15:14:06.547+0000] {processor.py:157} INFO - Started process (PID=8439) to work on /home/vscode/.local/lib/python3.10/site-packages/airflow/example_dags/example_branch_operator.py
[2024-12-25T15:14:06.547+0000] {processor.py:826} INFO - Processing file /home/vscode/.local/lib/python3.10/site-packages/airflow/example_dags/example_branch_operator.py for tasks to queue
[2024-12-25T15:14:06.548+0000] {logging_mixin.py:150} INFO - [2024-12-25T15:14:06.548+0000] {dagbag.py:541} INFO - Filling up the DagBag from /home/vscode/.local/lib/python3.10/site-packages/airflow/example_dags/example_branch_operator.py
[2024-12-25T15:14:06.554+0000] {processor.py:836} INFO - DAG(s) dict_keys(['example_branch_operator']) retrieved from /home/vscode/.local/lib/python3.10/site-packages/airflow/example_dags/example_branch_operator.py
[2024-12-25T15:14:06.630+0000] {logging_mixin.py:150} INFO - [2024-12-25T15:14:06.630+0000] {manager.py:504} INFO - Created Permission View: can edit on DAG:example_branch_operator
[2024-12-25T15:14:06.639+0000] {logging_mixin.py:150} INFO - [2024-12-25T15:14:06.639+0000] {manager.py:504} INFO - Created Permission View: can read on DAG:example_branch_operator
[2024-12-25T15:14:06.645+0000] {logging_mixin.py:150} INFO - [2024-12-25T15:14:06.645+0000] {manager.py:504} INFO - Created Permission View: can delete on DAG:example_branch_operator
[2024-12-25T15:14:06.652+0000] {logging_mixin.py:150} INFO - [2024-12-25T15:14:06.652+0000] {dag.py:2742} INFO - Sync 1 DAGs
[2024-12-25T15:14:06.659+0000] {logging_mixin.py:150} INFO - [2024-12-25T15:14:06.659+0000] {dag.py:2763} INFO - Creating ORM DAG for example_branch_operator
[2024-12-25T15:14:06.666+0000] {logging_mixin.py:150} INFO - [2024-12-25T15:14:06.666+0000] {dag.py:3504} INFO - Setting next_dagrun for example_branch_operator to 2024-12-24T00:00:00+00:00, run_after=2024-12-25T00:00:00+00:00
[2024-12-25T15:14:06.695+0000] {processor.py:179} INFO - Processing /home/vscode/.local/lib/python3.10/site-packages/airflow/example_dags/example_branch_operator.py took 0.151 seconds
[2024-12-25T15:14:58.096+0000] {processor.py:157} INFO - Started process (PID=8796) to work on /home/vscode/.local/lib/python3.10/site-packages/airflow/example_dags/example_branch_operator.py
[2024-12-25T15:14:58.097+0000] {processor.py:826} INFO - Processing file /home/vscode/.local/lib/python3.10/site-packages/airflow/example_dags/example_branch_operator.py for tasks to queue
[2024-12-25T15:14:58.097+0000] {logging_mixin.py:150} INFO - [2024-12-25T15:14:58.097+0000] {dagbag.py:541} INFO - Filling up the DagBag from /home/vscode/.local/lib/python3.10/site-packages/airflow/example_dags/example_branch_operator.py
[2024-12-25T15:14:58.104+0000] {processor.py:836} INFO - DAG(s) dict_keys(['example_branch_operator']) retrieved from /home/vscode/.local/lib/python3.10/site-packages/airflow/example_dags/example_branch_operator.py
[2024-12-25T15:14:58.117+0000] {logging_mixin.py:150} INFO - [2024-12-25T15:14:58.117+0000] {dag.py:2742} INFO - Sync 1 DAGs
[2024-12-25T15:14:58.132+0000] {logging_mixin.py:150} INFO - [2024-12-25T15:14:58.132+0000] {dag.py:3504} INFO - Setting next_dagrun for example_branch_operator to 2024-12-24T00:00:00+00:00, run_after=2024-12-25T00:00:00+00:00
[2024-12-25T15:14:58.149+0000] {processor.py:179} INFO - Processing /home/vscode/.local/lib/python3.10/site-packages/airflow/example_dags/example_branch_operator.py took 0.055 seconds
[2024-12-25T15:15:54.307+0000] {processor.py:157} INFO - Started process (PID=9239) to work on /home/vscode/.local/lib/python3.10/site-packages/airflow/example_dags/example_branch_operator.py
[2024-12-25T15:15:54.307+0000] {processor.py:826} INFO - Processing file /home/vscode/.local/lib/python3.10/site-packages/airflow/example_dags/example_branch_operator.py for tasks to queue
[2024-12-25T15:15:54.308+0000] {logging_mixin.py:150} INFO - [2024-12-25T15:15:54.308+0000] {dagbag.py:541} INFO - Filling up the DagBag from /home/vscode/.local/lib/python3.10/site-packages/airflow/example_dags/example_branch_operator.py
[2024-12-25T15:15:54.315+0000] {processor.py:836} INFO - DAG(s) dict_keys(['example_branch_operator']) retrieved from /home/vscode/.local/lib/python3.10/site-packages/airflow/example_dags/example_branch_operator.py
[2024-12-25T15:15:54.327+0000] {logging_mixin.py:150} INFO - [2024-12-25T15:15:54.327+0000] {dag.py:2742} INFO - Sync 1 DAGs
[2024-12-25T15:15:54.342+0000] {logging_mixin.py:150} INFO - [2024-12-25T15:15:54.342+0000] {dag.py:3504} INFO - Setting next_dagrun for example_branch_operator to 2024-12-24T00:00:00+00:00, run_after=2024-12-25T00:00:00+00:00
[2024-12-25T15:15:54.357+0000] {processor.py:179} INFO - Processing /home/vscode/.local/lib/python3.10/site-packages/airflow/example_dags/example_branch_operator.py took 0.052 seconds
[2024-12-25T15:16:43.113+0000] {processor.py:157} INFO - Started process (PID=9706) to work on /home/vscode/.local/lib/python3.10/site-packages/airflow/example_dags/example_branch_operator.py
[2024-12-25T15:16:43.113+0000] {processor.py:826} INFO - Processing file /home/vscode/.local/lib/python3.10/site-packages/airflow/example_dags/example_branch_operator.py for tasks to queue
[2024-12-25T15:16:43.114+0000] {logging_mixin.py:150} INFO - [2024-12-25T15:16:43.114+0000] {dagbag.py:541} INFO - Filling up the DagBag from /home/vscode/.local/lib/python3.10/site-packages/airflow/example_dags/example_branch_operator.py
[2024-12-25T15:16:43.121+0000] {processor.py:836} INFO - DAG(s) dict_keys(['example_branch_operator']) retrieved from /home/vscode/.local/lib/python3.10/site-packages/airflow/example_dags/example_branch_operator.py
[2024-12-25T15:16:43.134+0000] {logging_mixin.py:150} INFO - [2024-12-25T15:16:43.133+0000] {dag.py:2742} INFO - Sync 1 DAGs
[2024-12-25T15:16:43.148+0000] {logging_mixin.py:150} INFO - [2024-12-25T15:16:43.148+0000] {dag.py:3504} INFO - Setting next_dagrun for example_branch_operator to 2024-12-24T00:00:00+00:00, run_after=2024-12-25T00:00:00+00:00
[2024-12-25T15:16:43.163+0000] {processor.py:179} INFO - Processing /home/vscode/.local/lib/python3.10/site-packages/airflow/example_dags/example_branch_operator.py took 0.053 seconds
[2024-12-25T15:17:27.803+0000] {processor.py:157} INFO - Started process (PID=10232) to work on /home/vscode/.local/lib/python3.10/site-packages/airflow/example_dags/example_branch_operator.py
[2024-12-25T15:17:27.804+0000] {processor.py:826} INFO - Processing file /home/vscode/.local/lib/python3.10/site-packages/airflow/example_dags/example_branch_operator.py for tasks to queue
[2024-12-25T15:17:27.805+0000] {logging_mixin.py:150} INFO - [2024-12-25T15:17:27.805+0000] {dagbag.py:541} INFO - Filling up the DagBag from /home/vscode/.local/lib/python3.10/site-packages/airflow/example_dags/example_branch_operator.py
[2024-12-25T15:17:27.815+0000] {processor.py:836} INFO - DAG(s) dict_keys(['example_branch_operator']) retrieved from /home/vscode/.local/lib/python3.10/site-packages/airflow/example_dags/example_branch_operator.py
[2024-12-25T15:17:27.834+0000] {logging_mixin.py:150} INFO - [2024-12-25T15:17:27.834+0000] {dag.py:2742} INFO - Sync 1 DAGs
[2024-12-25T15:17:27.856+0000] {logging_mixin.py:150} INFO - [2024-12-25T15:17:27.856+0000] {dag.py:3504} INFO - Setting next_dagrun for example_branch_operator to 2024-12-24T00:00:00+00:00, run_after=2024-12-25T00:00:00+00:00
[2024-12-25T15:17:27.876+0000] {processor.py:179} INFO - Processing /home/vscode/.local/lib/python3.10/site-packages/airflow/example_dags/example_branch_operator.py took 0.075 seconds
[2024-12-25T15:18:14.040+0000] {processor.py:157} INFO - Started process (PID=10725) to work on /home/vscode/.local/lib/python3.10/site-packages/airflow/example_dags/example_branch_operator.py
[2024-12-25T15:18:14.040+0000] {processor.py:826} INFO - Processing file /home/vscode/.local/lib/python3.10/site-packages/airflow/example_dags/example_branch_operator.py for tasks to queue
[2024-12-25T15:18:14.041+0000] {logging_mixin.py:150} INFO - [2024-12-25T15:18:14.041+0000] {dagbag.py:541} INFO - Filling up the DagBag from /home/vscode/.local/lib/python3.10/site-packages/airflow/example_dags/example_branch_operator.py
[2024-12-25T15:18:14.048+0000] {processor.py:836} INFO - DAG(s) dict_keys(['example_branch_operator']) retrieved from /home/vscode/.local/lib/python3.10/site-packages/airflow/example_dags/example_branch_operator.py
[2024-12-25T15:18:14.061+0000] {logging_mixin.py:150} INFO - [2024-12-25T15:18:14.061+0000] {dag.py:2742} INFO - Sync 1 DAGs
[2024-12-25T15:18:14.076+0000] {logging_mixin.py:150} INFO - [2024-12-25T15:18:14.076+0000] {dag.py:3504} INFO - Setting next_dagrun for example_branch_operator to 2024-12-24T00:00:00+00:00, run_after=2024-12-25T00:00:00+00:00
[2024-12-25T15:18:14.092+0000] {processor.py:179} INFO - Processing /home/vscode/.local/lib/python3.10/site-packages/airflow/example_dags/example_branch_operator.py took 0.055 seconds
[2024-12-25T15:19:10.086+0000] {processor.py:157} INFO - Started process (PID=11369) to work on /home/vscode/.local/lib/python3.10/site-packages/airflow/example_dags/example_branch_operator.py
[2024-12-25T15:19:10.087+0000] {processor.py:826} INFO - Processing file /home/vscode/.local/lib/python3.10/site-packages/airflow/example_dags/example_branch_operator.py for tasks to queue
[2024-12-25T15:19:10.087+0000] {logging_mixin.py:150} INFO - [2024-12-25T15:19:10.087+0000] {dagbag.py:541} INFO - Filling up the DagBag from /home/vscode/.local/lib/python3.10/site-packages/airflow/example_dags/example_branch_operator.py
[2024-12-25T15:19:10.094+0000] {processor.py:836} INFO - DAG(s) dict_keys(['example_branch_operator']) retrieved from /home/vscode/.local/lib/python3.10/site-packages/airflow/example_dags/example_branch_operator.py
[2024-12-25T15:19:10.106+0000] {logging_mixin.py:150} INFO - [2024-12-25T15:19:10.106+0000] {dag.py:2742} INFO - Sync 1 DAGs
[2024-12-25T15:19:10.121+0000] {logging_mixin.py:150} INFO - [2024-12-25T15:19:10.121+0000] {dag.py:3504} INFO - Setting next_dagrun for example_branch_operator to 2024-12-24T00:00:00+00:00, run_after=2024-12-25T00:00:00+00:00
[2024-12-25T15:19:10.135+0000] {processor.py:179} INFO - Processing /home/vscode/.local/lib/python3.10/site-packages/airflow/example_dags/example_branch_operator.py took 0.051 seconds
[2024-12-25T15:19:54.629+0000] {processor.py:157} INFO - Started process (PID=11814) to work on /home/vscode/.local/lib/python3.10/site-packages/airflow/example_dags/example_branch_operator.py
[2024-12-25T15:19:54.630+0000] {processor.py:826} INFO - Processing file /home/vscode/.local/lib/python3.10/site-packages/airflow/example_dags/example_branch_operator.py for tasks to queue
[2024-12-25T15:19:54.630+0000] {logging_mixin.py:150} INFO - [2024-12-25T15:19:54.630+0000] {dagbag.py:541} INFO - Filling up the DagBag from /home/vscode/.local/lib/python3.10/site-packages/airflow/example_dags/example_branch_operator.py
[2024-12-25T15:19:54.638+0000] {processor.py:836} INFO - DAG(s) dict_keys(['example_branch_operator']) retrieved from /home/vscode/.local/lib/python3.10/site-packages/airflow/example_dags/example_branch_operator.py
[2024-12-25T15:19:54.651+0000] {logging_mixin.py:150} INFO - [2024-12-25T15:19:54.651+0000] {dag.py:2742} INFO - Sync 1 DAGs
[2024-12-25T15:19:54.666+0000] {logging_mixin.py:150} INFO - [2024-12-25T15:19:54.666+0000] {dag.py:3504} INFO - Setting next_dagrun for example_branch_operator to 2024-12-24T00:00:00+00:00, run_after=2024-12-25T00:00:00+00:00
[2024-12-25T15:19:54.682+0000] {processor.py:179} INFO - Processing /home/vscode/.local/lib/python3.10/site-packages/airflow/example_dags/example_branch_operator.py took 0.055 seconds
[2024-12-25T15:20:42.660+0000] {processor.py:157} INFO - Started process (PID=12332) to work on /home/vscode/.local/lib/python3.10/site-packages/airflow/example_dags/example_branch_operator.py
[2024-12-25T15:20:42.661+0000] {processor.py:826} INFO - Processing file /home/vscode/.local/lib/python3.10/site-packages/airflow/example_dags/example_branch_operator.py for tasks to queue
[2024-12-25T15:20:42.661+0000] {logging_mixin.py:150} INFO - [2024-12-25T15:20:42.661+0000] {dagbag.py:541} INFO - Filling up the DagBag from /home/vscode/.local/lib/python3.10/site-packages/airflow/example_dags/example_branch_operator.py
[2024-12-25T15:20:42.668+0000] {processor.py:836} INFO - DAG(s) dict_keys(['example_branch_operator']) retrieved from /home/vscode/.local/lib/python3.10/site-packages/airflow/example_dags/example_branch_operator.py
[2024-12-25T15:20:42.682+0000] {logging_mixin.py:150} INFO - [2024-12-25T15:20:42.682+0000] {dag.py:2742} INFO - Sync 1 DAGs
[2024-12-25T15:20:42.699+0000] {logging_mixin.py:150} INFO - [2024-12-25T15:20:42.698+0000] {dag.py:3504} INFO - Setting next_dagrun for example_branch_operator to 2024-12-24T00:00:00+00:00, run_after=2024-12-25T00:00:00+00:00
[2024-12-25T15:20:42.714+0000] {processor.py:179} INFO - Processing /home/vscode/.local/lib/python3.10/site-packages/airflow/example_dags/example_branch_operator.py took 0.056 seconds
