[2024-12-25T15:13:50.475+0000] {processor.py:157} INFO - Started process (PID=8329) to work on /home/vscode/.local/lib/python3.10/site-packages/airflow/example_dags/example_short_circuit_decorator.py
[2024-12-25T15:13:50.476+0000] {processor.py:826} INFO - Processing file /home/vscode/.local/lib/python3.10/site-packages/airflow/example_dags/example_short_circuit_decorator.py for tasks to queue
[2024-12-25T15:13:50.476+0000] {logging_mixin.py:150} INFO - [2024-12-25T15:13:50.476+0000] {dagbag.py:541} INFO - Filling up the DagBag from /home/vscode/.local/lib/python3.10/site-packages/airflow/example_dags/example_short_circuit_decorator.py
[2024-12-25T15:13:50.487+0000] {processor.py:836} INFO - DAG(s) dict_keys(['example_short_circuit_decorator']) retrieved from /home/vscode/.local/lib/python3.10/site-packages/airflow/example_dags/example_short_circuit_decorator.py
[2024-12-25T15:13:50.568+0000] {logging_mixin.py:150} INFO - [2024-12-25T15:13:50.568+0000] {manager.py:504} INFO - Created Permission View: can edit on DAG:example_short_circuit_decorator
[2024-12-25T15:13:50.576+0000] {logging_mixin.py:150} INFO - [2024-12-25T15:13:50.576+0000] {manager.py:504} INFO - Created Permission View: can read on DAG:example_short_circuit_decorator
[2024-12-25T15:13:50.582+0000] {logging_mixin.py:150} INFO - [2024-12-25T15:13:50.582+0000] {manager.py:504} INFO - Created Permission View: can delete on DAG:example_short_circuit_decorator
[2024-12-25T15:13:50.589+0000] {logging_mixin.py:150} INFO - [2024-12-25T15:13:50.589+0000] {dag.py:2742} INFO - Sync 1 DAGs
[2024-12-25T15:13:50.596+0000] {logging_mixin.py:150} INFO - [2024-12-25T15:13:50.596+0000] {dag.py:2763} INFO - Creating ORM DAG for example_short_circuit_decorator
[2024-12-25T15:13:50.603+0000] {logging_mixin.py:150} INFO - [2024-12-25T15:13:50.603+0000] {dag.py:3504} INFO - Setting next_dagrun for example_short_circuit_decorator to 2024-12-24T15:13:50.603257+00:00, run_after=2024-12-25T15:13:50.603257+00:00
[2024-12-25T15:13:50.621+0000] {processor.py:179} INFO - Processing /home/vscode/.local/lib/python3.10/site-packages/airflow/example_dags/example_short_circuit_decorator.py took 0.149 seconds
[2024-12-25T15:14:37.513+0000] {processor.py:157} INFO - Started process (PID=8649) to work on /home/vscode/.local/lib/python3.10/site-packages/airflow/example_dags/example_short_circuit_decorator.py
[2024-12-25T15:14:37.514+0000] {processor.py:826} INFO - Processing file /home/vscode/.local/lib/python3.10/site-packages/airflow/example_dags/example_short_circuit_decorator.py for tasks to queue
[2024-12-25T15:14:37.515+0000] {logging_mixin.py:150} INFO - [2024-12-25T15:14:37.514+0000] {dagbag.py:541} INFO - Filling up the DagBag from /home/vscode/.local/lib/python3.10/site-packages/airflow/example_dags/example_short_circuit_decorator.py
[2024-12-25T15:14:37.522+0000] {processor.py:836} INFO - DAG(s) dict_keys(['example_short_circuit_decorator']) retrieved from /home/vscode/.local/lib/python3.10/site-packages/airflow/example_dags/example_short_circuit_decorator.py
[2024-12-25T15:14:37.534+0000] {logging_mixin.py:150} INFO - [2024-12-25T15:14:37.534+0000] {dag.py:2742} INFO - Sync 1 DAGs
[2024-12-25T15:14:37.548+0000] {logging_mixin.py:150} INFO - [2024-12-25T15:14:37.548+0000] {dag.py:3504} INFO - Setting next_dagrun for example_short_circuit_decorator to 2024-12-24T15:14:37.548578+00:00, run_after=2024-12-25T15:14:37.548578+00:00
[2024-12-25T15:14:37.564+0000] {processor.py:179} INFO - Processing /home/vscode/.local/lib/python3.10/site-packages/airflow/example_dags/example_short_circuit_decorator.py took 0.053 seconds
[2024-12-25T15:15:20.960+0000] {processor.py:157} INFO - Started process (PID=8947) to work on /home/vscode/.local/lib/python3.10/site-packages/airflow/example_dags/example_short_circuit_decorator.py
[2024-12-25T15:15:20.961+0000] {processor.py:826} INFO - Processing file /home/vscode/.local/lib/python3.10/site-packages/airflow/example_dags/example_short_circuit_decorator.py for tasks to queue
[2024-12-25T15:15:20.962+0000] {logging_mixin.py:150} INFO - [2024-12-25T15:15:20.961+0000] {dagbag.py:541} INFO - Filling up the DagBag from /home/vscode/.local/lib/python3.10/site-packages/airflow/example_dags/example_short_circuit_decorator.py
[2024-12-25T15:15:20.968+0000] {processor.py:836} INFO - DAG(s) dict_keys(['example_short_circuit_decorator']) retrieved from /home/vscode/.local/lib/python3.10/site-packages/airflow/example_dags/example_short_circuit_decorator.py
[2024-12-25T15:15:20.984+0000] {logging_mixin.py:150} INFO - [2024-12-25T15:15:20.984+0000] {dag.py:2742} INFO - Sync 1 DAGs
[2024-12-25T15:15:20.998+0000] {logging_mixin.py:150} INFO - [2024-12-25T15:15:20.998+0000] {dag.py:3504} INFO - Setting next_dagrun for example_short_circuit_decorator to 2024-12-24T15:15:20.998156+00:00, run_after=2024-12-25T15:15:20.998156+00:00
[2024-12-25T15:15:21.014+0000] {processor.py:179} INFO - Processing /home/vscode/.local/lib/python3.10/site-packages/airflow/example_dags/example_short_circuit_decorator.py took 0.055 seconds
[2024-12-25T15:16:06.740+0000] {processor.py:157} INFO - Started process (PID=9362) to work on /home/vscode/.local/lib/python3.10/site-packages/airflow/example_dags/example_short_circuit_decorator.py
[2024-12-25T15:16:06.741+0000] {processor.py:826} INFO - Processing file /home/vscode/.local/lib/python3.10/site-packages/airflow/example_dags/example_short_circuit_decorator.py for tasks to queue
[2024-12-25T15:16:06.742+0000] {logging_mixin.py:150} INFO - [2024-12-25T15:16:06.742+0000] {dagbag.py:541} INFO - Filling up the DagBag from /home/vscode/.local/lib/python3.10/site-packages/airflow/example_dags/example_short_circuit_decorator.py
[2024-12-25T15:16:06.756+0000] {processor.py:836} INFO - DAG(s) dict_keys(['example_short_circuit_decorator']) retrieved from /home/vscode/.local/lib/python3.10/site-packages/airflow/example_dags/example_short_circuit_decorator.py
[2024-12-25T15:16:06.776+0000] {logging_mixin.py:150} INFO - [2024-12-25T15:16:06.776+0000] {dag.py:2742} INFO - Sync 1 DAGs
[2024-12-25T15:16:06.796+0000] {logging_mixin.py:150} INFO - [2024-12-25T15:16:06.796+0000] {dag.py:3504} INFO - Setting next_dagrun for example_short_circuit_decorator to 2024-12-24T15:16:06.796311+00:00, run_after=2024-12-25T15:16:06.796311+00:00
[2024-12-25T15:16:06.811+0000] {processor.py:179} INFO - Processing /home/vscode/.local/lib/python3.10/site-packages/airflow/example_dags/example_short_circuit_decorator.py took 0.073 seconds
[2024-12-25T15:16:55.687+0000] {processor.py:157} INFO - Started process (PID=9835) to work on /home/vscode/.local/lib/python3.10/site-packages/airflow/example_dags/example_short_circuit_decorator.py
[2024-12-25T15:16:55.688+0000] {processor.py:826} INFO - Processing file /home/vscode/.local/lib/python3.10/site-packages/airflow/example_dags/example_short_circuit_decorator.py for tasks to queue
[2024-12-25T15:16:55.688+0000] {logging_mixin.py:150} INFO - [2024-12-25T15:16:55.688+0000] {dagbag.py:541} INFO - Filling up the DagBag from /home/vscode/.local/lib/python3.10/site-packages/airflow/example_dags/example_short_circuit_decorator.py
[2024-12-25T15:16:55.695+0000] {processor.py:836} INFO - DAG(s) dict_keys(['example_short_circuit_decorator']) retrieved from /home/vscode/.local/lib/python3.10/site-packages/airflow/example_dags/example_short_circuit_decorator.py
[2024-12-25T15:16:55.708+0000] {logging_mixin.py:150} INFO - [2024-12-25T15:16:55.708+0000] {dag.py:2742} INFO - Sync 1 DAGs
[2024-12-25T15:16:55.722+0000] {logging_mixin.py:150} INFO - [2024-12-25T15:16:55.721+0000] {dag.py:3504} INFO - Setting next_dagrun for example_short_circuit_decorator to 2024-12-24T15:16:55.721839+00:00, run_after=2024-12-25T15:16:55.721839+00:00
[2024-12-25T15:16:55.738+0000] {processor.py:179} INFO - Processing /home/vscode/.local/lib/python3.10/site-packages/airflow/example_dags/example_short_circuit_decorator.py took 0.053 seconds
[2024-12-25T15:17:40.254+0000] {processor.py:157} INFO - Started process (PID=10382) to work on /home/vscode/.local/lib/python3.10/site-packages/airflow/example_dags/example_short_circuit_decorator.py
[2024-12-25T15:17:40.254+0000] {processor.py:826} INFO - Processing file /home/vscode/.local/lib/python3.10/site-packages/airflow/example_dags/example_short_circuit_decorator.py for tasks to queue
[2024-12-25T15:17:40.255+0000] {logging_mixin.py:150} INFO - [2024-12-25T15:17:40.255+0000] {dagbag.py:541} INFO - Filling up the DagBag from /home/vscode/.local/lib/python3.10/site-packages/airflow/example_dags/example_short_circuit_decorator.py
[2024-12-25T15:17:40.262+0000] {processor.py:836} INFO - DAG(s) dict_keys(['example_short_circuit_decorator']) retrieved from /home/vscode/.local/lib/python3.10/site-packages/airflow/example_dags/example_short_circuit_decorator.py
[2024-12-25T15:17:40.275+0000] {logging_mixin.py:150} INFO - [2024-12-25T15:17:40.275+0000] {dag.py:2742} INFO - Sync 1 DAGs
[2024-12-25T15:17:40.288+0000] {logging_mixin.py:150} INFO - [2024-12-25T15:17:40.288+0000] {dag.py:3504} INFO - Setting next_dagrun for example_short_circuit_decorator to 2024-12-24T15:17:40.288627+00:00, run_after=2024-12-25T15:17:40.288627+00:00
[2024-12-25T15:17:40.304+0000] {processor.py:179} INFO - Processing /home/vscode/.local/lib/python3.10/site-packages/airflow/example_dags/example_short_circuit_decorator.py took 0.052 seconds
[2024-12-25T15:18:23.682+0000] {processor.py:157} INFO - Started process (PID=10841) to work on /home/vscode/.local/lib/python3.10/site-packages/airflow/example_dags/example_short_circuit_decorator.py
[2024-12-25T15:18:23.682+0000] {processor.py:826} INFO - Processing file /home/vscode/.local/lib/python3.10/site-packages/airflow/example_dags/example_short_circuit_decorator.py for tasks to queue
[2024-12-25T15:18:23.683+0000] {logging_mixin.py:150} INFO - [2024-12-25T15:18:23.683+0000] {dagbag.py:541} INFO - Filling up the DagBag from /home/vscode/.local/lib/python3.10/site-packages/airflow/example_dags/example_short_circuit_decorator.py
[2024-12-25T15:18:23.695+0000] {processor.py:836} INFO - DAG(s) dict_keys(['example_short_circuit_decorator']) retrieved from /home/vscode/.local/lib/python3.10/site-packages/airflow/example_dags/example_short_circuit_decorator.py
[2024-12-25T15:18:23.718+0000] {logging_mixin.py:150} INFO - [2024-12-25T15:18:23.717+0000] {dag.py:2742} INFO - Sync 1 DAGs
[2024-12-25T15:18:23.740+0000] {logging_mixin.py:150} INFO - [2024-12-25T15:18:23.740+0000] {dag.py:3504} INFO - Setting next_dagrun for example_short_circuit_decorator to 2024-12-24T15:18:23.740156+00:00, run_after=2024-12-25T15:18:23.740156+00:00
[2024-12-25T15:18:23.766+0000] {processor.py:179} INFO - Processing /home/vscode/.local/lib/python3.10/site-packages/airflow/example_dags/example_short_circuit_decorator.py took 0.087 seconds
[2024-12-25T15:19:08.405+0000] {processor.py:157} INFO - Started process (PID=11354) to work on /home/vscode/.local/lib/python3.10/site-packages/airflow/example_dags/example_short_circuit_decorator.py
[2024-12-25T15:19:08.406+0000] {processor.py:826} INFO - Processing file /home/vscode/.local/lib/python3.10/site-packages/airflow/example_dags/example_short_circuit_decorator.py for tasks to queue
[2024-12-25T15:19:08.406+0000] {logging_mixin.py:150} INFO - [2024-12-25T15:19:08.406+0000] {dagbag.py:541} INFO - Filling up the DagBag from /home/vscode/.local/lib/python3.10/site-packages/airflow/example_dags/example_short_circuit_decorator.py
[2024-12-25T15:19:08.413+0000] {processor.py:836} INFO - DAG(s) dict_keys(['example_short_circuit_decorator']) retrieved from /home/vscode/.local/lib/python3.10/site-packages/airflow/example_dags/example_short_circuit_decorator.py
[2024-12-25T15:19:08.428+0000] {logging_mixin.py:150} INFO - [2024-12-25T15:19:08.428+0000] {dag.py:2742} INFO - Sync 1 DAGs
[2024-12-25T15:19:08.443+0000] {logging_mixin.py:150} INFO - [2024-12-25T15:19:08.443+0000] {dag.py:3504} INFO - Setting next_dagrun for example_short_circuit_decorator to 2024-12-24T15:19:08.442969+00:00, run_after=2024-12-25T15:19:08.442969+00:00
[2024-12-25T15:19:08.462+0000] {processor.py:179} INFO - Processing /home/vscode/.local/lib/python3.10/site-packages/airflow/example_dags/example_short_circuit_decorator.py took 0.059 seconds
[2024-12-25T15:19:52.342+0000] {processor.py:157} INFO - Started process (PID=11798) to work on /home/vscode/.local/lib/python3.10/site-packages/airflow/example_dags/example_short_circuit_decorator.py
[2024-12-25T15:19:52.342+0000] {processor.py:826} INFO - Processing file /home/vscode/.local/lib/python3.10/site-packages/airflow/example_dags/example_short_circuit_decorator.py for tasks to queue
[2024-12-25T15:19:52.343+0000] {logging_mixin.py:150} INFO - [2024-12-25T15:19:52.343+0000] {dagbag.py:541} INFO - Filling up the DagBag from /home/vscode/.local/lib/python3.10/site-packages/airflow/example_dags/example_short_circuit_decorator.py
[2024-12-25T15:19:52.350+0000] {processor.py:836} INFO - DAG(s) dict_keys(['example_short_circuit_decorator']) retrieved from /home/vscode/.local/lib/python3.10/site-packages/airflow/example_dags/example_short_circuit_decorator.py
[2024-12-25T15:19:52.363+0000] {logging_mixin.py:150} INFO - [2024-12-25T15:19:52.363+0000] {dag.py:2742} INFO - Sync 1 DAGs
[2024-12-25T15:19:52.377+0000] {logging_mixin.py:150} INFO - [2024-12-25T15:19:52.377+0000] {dag.py:3504} INFO - Setting next_dagrun for example_short_circuit_decorator to 2024-12-24T15:19:52.377486+00:00, run_after=2024-12-25T15:19:52.377486+00:00
[2024-12-25T15:19:52.393+0000] {processor.py:179} INFO - Processing /home/vscode/.local/lib/python3.10/site-packages/airflow/example_dags/example_short_circuit_decorator.py took 0.053 seconds
