[2024-12-25T15:13:25.412+0000] {processor.py:157} INFO - Started process (PID=8149) to work on /home/vscode/.local/lib/python3.10/site-packages/airflow/example_dags/example_short_circuit_operator.py
[2024-12-25T15:13:25.413+0000] {processor.py:826} INFO - Processing file /home/vscode/.local/lib/python3.10/site-packages/airflow/example_dags/example_short_circuit_operator.py for tasks to queue
[2024-12-25T15:13:25.413+0000] {logging_mixin.py:150} INFO - [2024-12-25T15:13:25.413+0000] {dagbag.py:541} INFO - Filling up the DagBag from /home/vscode/.local/lib/python3.10/site-packages/airflow/example_dags/example_short_circuit_operator.py
[2024-12-25T15:13:25.425+0000] {processor.py:836} INFO - DAG(s) dict_keys(['example_short_circuit_operator']) retrieved from /home/vscode/.local/lib/python3.10/site-packages/airflow/example_dags/example_short_circuit_operator.py
[2024-12-25T15:13:25.591+0000] {logging_mixin.py:150} INFO - [2024-12-25T15:13:25.590+0000] {manager.py:504} INFO - Created Permission View: can edit on DAG:example_short_circuit_operator
[2024-12-25T15:13:25.599+0000] {logging_mixin.py:150} INFO - [2024-12-25T15:13:25.599+0000] {manager.py:504} INFO - Created Permission View: can read on DAG:example_short_circuit_operator
[2024-12-25T15:13:25.605+0000] {logging_mixin.py:150} INFO - [2024-12-25T15:13:25.605+0000] {manager.py:504} INFO - Created Permission View: can delete on DAG:example_short_circuit_operator
[2024-12-25T15:13:25.613+0000] {logging_mixin.py:150} INFO - [2024-12-25T15:13:25.613+0000] {dag.py:2742} INFO - Sync 1 DAGs
[2024-12-25T15:13:25.620+0000] {logging_mixin.py:150} INFO - [2024-12-25T15:13:25.620+0000] {dag.py:2763} INFO - Creating ORM DAG for example_short_circuit_operator
[2024-12-25T15:13:25.627+0000] {logging_mixin.py:150} INFO - [2024-12-25T15:13:25.627+0000] {dag.py:3504} INFO - Setting next_dagrun for example_short_circuit_operator to 2024-12-24T15:13:25.626842+00:00, run_after=2024-12-25T15:13:25.626842+00:00
[2024-12-25T15:13:25.643+0000] {processor.py:179} INFO - Processing /home/vscode/.local/lib/python3.10/site-packages/airflow/example_dags/example_short_circuit_operator.py took 0.234 seconds
[2024-12-25T15:14:16.428+0000] {processor.py:157} INFO - Started process (PID=8503) to work on /home/vscode/.local/lib/python3.10/site-packages/airflow/example_dags/example_short_circuit_operator.py
[2024-12-25T15:14:16.429+0000] {processor.py:826} INFO - Processing file /home/vscode/.local/lib/python3.10/site-packages/airflow/example_dags/example_short_circuit_operator.py for tasks to queue
[2024-12-25T15:14:16.430+0000] {logging_mixin.py:150} INFO - [2024-12-25T15:14:16.430+0000] {dagbag.py:541} INFO - Filling up the DagBag from /home/vscode/.local/lib/python3.10/site-packages/airflow/example_dags/example_short_circuit_operator.py
[2024-12-25T15:14:16.436+0000] {processor.py:836} INFO - DAG(s) dict_keys(['example_short_circuit_operator']) retrieved from /home/vscode/.local/lib/python3.10/site-packages/airflow/example_dags/example_short_circuit_operator.py
[2024-12-25T15:14:16.450+0000] {logging_mixin.py:150} INFO - [2024-12-25T15:14:16.449+0000] {dag.py:2742} INFO - Sync 1 DAGs
[2024-12-25T15:14:16.464+0000] {logging_mixin.py:150} INFO - [2024-12-25T15:14:16.464+0000] {dag.py:3504} INFO - Setting next_dagrun for example_short_circuit_operator to 2024-12-24T15:14:16.464265+00:00, run_after=2024-12-25T15:14:16.464265+00:00
[2024-12-25T15:14:16.484+0000] {processor.py:179} INFO - Processing /home/vscode/.local/lib/python3.10/site-packages/airflow/example_dags/example_short_circuit_operator.py took 0.058 seconds
[2024-12-25T15:15:02.692+0000] {processor.py:157} INFO - Started process (PID=8822) to work on /home/vscode/.local/lib/python3.10/site-packages/airflow/example_dags/example_short_circuit_operator.py
[2024-12-25T15:15:02.693+0000] {processor.py:826} INFO - Processing file /home/vscode/.local/lib/python3.10/site-packages/airflow/example_dags/example_short_circuit_operator.py for tasks to queue
[2024-12-25T15:15:02.693+0000] {logging_mixin.py:150} INFO - [2024-12-25T15:15:02.693+0000] {dagbag.py:541} INFO - Filling up the DagBag from /home/vscode/.local/lib/python3.10/site-packages/airflow/example_dags/example_short_circuit_operator.py
[2024-12-25T15:15:02.699+0000] {processor.py:836} INFO - DAG(s) dict_keys(['example_short_circuit_operator']) retrieved from /home/vscode/.local/lib/python3.10/site-packages/airflow/example_dags/example_short_circuit_operator.py
[2024-12-25T15:15:02.713+0000] {logging_mixin.py:150} INFO - [2024-12-25T15:15:02.712+0000] {dag.py:2742} INFO - Sync 1 DAGs
[2024-12-25T15:15:02.727+0000] {logging_mixin.py:150} INFO - [2024-12-25T15:15:02.726+0000] {dag.py:3504} INFO - Setting next_dagrun for example_short_circuit_operator to 2024-12-24T15:15:02.726755+00:00, run_after=2024-12-25T15:15:02.726755+00:00
[2024-12-25T15:15:02.744+0000] {processor.py:179} INFO - Processing /home/vscode/.local/lib/python3.10/site-packages/airflow/example_dags/example_short_circuit_operator.py took 0.054 seconds
[2024-12-25T15:15:44.384+0000] {processor.py:157} INFO - Started process (PID=9147) to work on /home/vscode/.local/lib/python3.10/site-packages/airflow/example_dags/example_short_circuit_operator.py
[2024-12-25T15:15:44.385+0000] {processor.py:826} INFO - Processing file /home/vscode/.local/lib/python3.10/site-packages/airflow/example_dags/example_short_circuit_operator.py for tasks to queue
[2024-12-25T15:15:44.386+0000] {logging_mixin.py:150} INFO - [2024-12-25T15:15:44.386+0000] {dagbag.py:541} INFO - Filling up the DagBag from /home/vscode/.local/lib/python3.10/site-packages/airflow/example_dags/example_short_circuit_operator.py
[2024-12-25T15:15:44.403+0000] {processor.py:836} INFO - DAG(s) dict_keys(['example_short_circuit_operator']) retrieved from /home/vscode/.local/lib/python3.10/site-packages/airflow/example_dags/example_short_circuit_operator.py
[2024-12-25T15:15:44.463+0000] {logging_mixin.py:150} INFO - [2024-12-25T15:15:44.463+0000] {dag.py:2742} INFO - Sync 1 DAGs
[2024-12-25T15:15:44.545+0000] {logging_mixin.py:150} INFO - [2024-12-25T15:15:44.544+0000] {dag.py:3504} INFO - Setting next_dagrun for example_short_circuit_operator to 2024-12-24T15:15:44.544018+00:00, run_after=2024-12-25T15:15:44.544018+00:00
[2024-12-25T15:15:44.590+0000] {processor.py:179} INFO - Processing /home/vscode/.local/lib/python3.10/site-packages/airflow/example_dags/example_short_circuit_operator.py took 0.209 seconds
[2024-12-25T15:16:31.586+0000] {processor.py:157} INFO - Started process (PID=9597) to work on /home/vscode/.local/lib/python3.10/site-packages/airflow/example_dags/example_short_circuit_operator.py
[2024-12-25T15:16:31.586+0000] {processor.py:826} INFO - Processing file /home/vscode/.local/lib/python3.10/site-packages/airflow/example_dags/example_short_circuit_operator.py for tasks to queue
[2024-12-25T15:16:31.587+0000] {logging_mixin.py:150} INFO - [2024-12-25T15:16:31.587+0000] {dagbag.py:541} INFO - Filling up the DagBag from /home/vscode/.local/lib/python3.10/site-packages/airflow/example_dags/example_short_circuit_operator.py
[2024-12-25T15:16:31.593+0000] {processor.py:836} INFO - DAG(s) dict_keys(['example_short_circuit_operator']) retrieved from /home/vscode/.local/lib/python3.10/site-packages/airflow/example_dags/example_short_circuit_operator.py
[2024-12-25T15:16:31.606+0000] {logging_mixin.py:150} INFO - [2024-12-25T15:16:31.606+0000] {dag.py:2742} INFO - Sync 1 DAGs
[2024-12-25T15:16:31.620+0000] {logging_mixin.py:150} INFO - [2024-12-25T15:16:31.620+0000] {dag.py:3504} INFO - Setting next_dagrun for example_short_circuit_operator to 2024-12-24T15:16:31.619888+00:00, run_after=2024-12-25T15:16:31.619888+00:00
[2024-12-25T15:16:31.636+0000] {processor.py:179} INFO - Processing /home/vscode/.local/lib/python3.10/site-packages/airflow/example_dags/example_short_circuit_operator.py took 0.052 seconds
