[2024-12-25T15:13:58.340+0000] {processor.py:157} INFO - Started process (PID=8381) to work on /home/vscode/.local/lib/python3.10/site-packages/airflow/example_dags/example_branch_datetime_operator.py
[2024-12-25T15:13:58.341+0000] {processor.py:826} INFO - Processing file /home/vscode/.local/lib/python3.10/site-packages/airflow/example_dags/example_branch_datetime_operator.py for tasks to queue
[2024-12-25T15:13:58.341+0000] {logging_mixin.py:150} INFO - [2024-12-25T15:13:58.341+0000] {dagbag.py:541} INFO - Filling up the DagBag from /home/vscode/.local/lib/python3.10/site-packages/airflow/example_dags/example_branch_datetime_operator.py
[2024-12-25T15:13:58.348+0000] {processor.py:836} INFO - DAG(s) dict_keys(['example_branch_datetime_operator_3', 'example_branch_datetime_operator', 'example_branch_datetime_operator_2']) retrieved from /home/vscode/.local/lib/python3.10/site-packages/airflow/example_dags/example_branch_datetime_operator.py
[2024-12-25T15:13:58.423+0000] {logging_mixin.py:150} INFO - [2024-12-25T15:13:58.423+0000] {manager.py:504} INFO - Created Permission View: can edit on DAG:example_branch_datetime_operator_3
[2024-12-25T15:13:58.431+0000] {logging_mixin.py:150} INFO - [2024-12-25T15:13:58.431+0000] {manager.py:504} INFO - Created Permission View: can read on DAG:example_branch_datetime_operator_3
[2024-12-25T15:13:58.437+0000] {logging_mixin.py:150} INFO - [2024-12-25T15:13:58.437+0000] {manager.py:504} INFO - Created Permission View: can delete on DAG:example_branch_datetime_operator_3
[2024-12-25T15:13:58.457+0000] {logging_mixin.py:150} INFO - [2024-12-25T15:13:58.457+0000] {manager.py:504} INFO - Created Permission View: can edit on DAG:example_branch_datetime_operator
[2024-12-25T15:13:58.463+0000] {logging_mixin.py:150} INFO - [2024-12-25T15:13:58.463+0000] {manager.py:504} INFO - Created Permission View: can read on DAG:example_branch_datetime_operator
[2024-12-25T15:13:58.470+0000] {logging_mixin.py:150} INFO - [2024-12-25T15:13:58.470+0000] {manager.py:504} INFO - Created Permission View: can delete on DAG:example_branch_datetime_operator
[2024-12-25T15:13:58.485+0000] {logging_mixin.py:150} INFO - [2024-12-25T15:13:58.485+0000] {manager.py:504} INFO - Created Permission View: can edit on DAG:example_branch_datetime_operator_2
[2024-12-25T15:13:58.491+0000] {logging_mixin.py:150} INFO - [2024-12-25T15:13:58.491+0000] {manager.py:504} INFO - Created Permission View: can read on DAG:example_branch_datetime_operator_2
[2024-12-25T15:13:58.497+0000] {logging_mixin.py:150} INFO - [2024-12-25T15:13:58.497+0000] {manager.py:504} INFO - Created Permission View: can delete on DAG:example_branch_datetime_operator_2
[2024-12-25T15:13:58.500+0000] {logging_mixin.py:150} INFO - [2024-12-25T15:13:58.500+0000] {dag.py:2742} INFO - Sync 3 DAGs
[2024-12-25T15:13:58.508+0000] {logging_mixin.py:150} INFO - [2024-12-25T15:13:58.508+0000] {dag.py:2763} INFO - Creating ORM DAG for example_branch_datetime_operator_2
[2024-12-25T15:13:58.508+0000] {logging_mixin.py:150} INFO - [2024-12-25T15:13:58.508+0000] {dag.py:2763} INFO - Creating ORM DAG for example_branch_datetime_operator
[2024-12-25T15:13:58.509+0000] {logging_mixin.py:150} INFO - [2024-12-25T15:13:58.509+0000] {dag.py:2763} INFO - Creating ORM DAG for example_branch_datetime_operator_3
[2024-12-25T15:13:58.516+0000] {logging_mixin.py:150} INFO - [2024-12-25T15:13:58.516+0000] {dag.py:3504} INFO - Setting next_dagrun for example_branch_datetime_operator to 2024-12-24T00:00:00+00:00, run_after=2024-12-25T00:00:00+00:00
[2024-12-25T15:13:58.517+0000] {logging_mixin.py:150} INFO - [2024-12-25T15:13:58.517+0000] {dag.py:3504} INFO - Setting next_dagrun for example_branch_datetime_operator_2 to 2024-12-24T00:00:00+00:00, run_after=2024-12-25T00:00:00+00:00
[2024-12-25T15:13:58.518+0000] {logging_mixin.py:150} INFO - [2024-12-25T15:13:58.518+0000] {dag.py:3504} INFO - Setting next_dagrun for example_branch_datetime_operator_3 to 2024-12-24T00:00:00+00:00, run_after=2024-12-25T00:00:00+00:00
[2024-12-25T15:13:58.533+0000] {processor.py:179} INFO - Processing /home/vscode/.local/lib/python3.10/site-packages/airflow/example_dags/example_branch_datetime_operator.py took 0.195 seconds
[2024-12-25T15:14:50.234+0000] {processor.py:157} INFO - Started process (PID=8739) to work on /home/vscode/.local/lib/python3.10/site-packages/airflow/example_dags/example_branch_datetime_operator.py
[2024-12-25T15:14:50.235+0000] {processor.py:826} INFO - Processing file /home/vscode/.local/lib/python3.10/site-packages/airflow/example_dags/example_branch_datetime_operator.py for tasks to queue
[2024-12-25T15:14:50.235+0000] {logging_mixin.py:150} INFO - [2024-12-25T15:14:50.235+0000] {dagbag.py:541} INFO - Filling up the DagBag from /home/vscode/.local/lib/python3.10/site-packages/airflow/example_dags/example_branch_datetime_operator.py
[2024-12-25T15:14:50.242+0000] {processor.py:836} INFO - DAG(s) dict_keys(['example_branch_datetime_operator_3', 'example_branch_datetime_operator', 'example_branch_datetime_operator_2']) retrieved from /home/vscode/.local/lib/python3.10/site-packages/airflow/example_dags/example_branch_datetime_operator.py
[2024-12-25T15:14:50.259+0000] {logging_mixin.py:150} INFO - [2024-12-25T15:14:50.259+0000] {dag.py:2742} INFO - Sync 3 DAGs
[2024-12-25T15:14:50.275+0000] {logging_mixin.py:150} INFO - [2024-12-25T15:14:50.275+0000] {dag.py:3504} INFO - Setting next_dagrun for example_branch_datetime_operator to 2024-12-24T00:00:00+00:00, run_after=2024-12-25T00:00:00+00:00
[2024-12-25T15:14:50.280+0000] {logging_mixin.py:150} INFO - [2024-12-25T15:14:50.279+0000] {dag.py:3504} INFO - Setting next_dagrun for example_branch_datetime_operator_2 to 2024-12-24T00:00:00+00:00, run_after=2024-12-25T00:00:00+00:00
[2024-12-25T15:14:50.281+0000] {logging_mixin.py:150} INFO - [2024-12-25T15:14:50.281+0000] {dag.py:3504} INFO - Setting next_dagrun for example_branch_datetime_operator_3 to 2024-12-24T00:00:00+00:00, run_after=2024-12-25T00:00:00+00:00
[2024-12-25T15:14:50.295+0000] {processor.py:179} INFO - Processing /home/vscode/.local/lib/python3.10/site-packages/airflow/example_dags/example_branch_datetime_operator.py took 0.063 seconds
[2024-12-25T15:15:33.176+0000] {processor.py:157} INFO - Started process (PID=9033) to work on /home/vscode/.local/lib/python3.10/site-packages/airflow/example_dags/example_branch_datetime_operator.py
[2024-12-25T15:15:33.176+0000] {processor.py:826} INFO - Processing file /home/vscode/.local/lib/python3.10/site-packages/airflow/example_dags/example_branch_datetime_operator.py for tasks to queue
[2024-12-25T15:15:33.177+0000] {logging_mixin.py:150} INFO - [2024-12-25T15:15:33.177+0000] {dagbag.py:541} INFO - Filling up the DagBag from /home/vscode/.local/lib/python3.10/site-packages/airflow/example_dags/example_branch_datetime_operator.py
[2024-12-25T15:15:33.184+0000] {processor.py:836} INFO - DAG(s) dict_keys(['example_branch_datetime_operator_3', 'example_branch_datetime_operator_2', 'example_branch_datetime_operator']) retrieved from /home/vscode/.local/lib/python3.10/site-packages/airflow/example_dags/example_branch_datetime_operator.py
[2024-12-25T15:15:33.200+0000] {logging_mixin.py:150} INFO - [2024-12-25T15:15:33.200+0000] {dag.py:2742} INFO - Sync 3 DAGs
[2024-12-25T15:15:33.215+0000] {logging_mixin.py:150} INFO - [2024-12-25T15:15:33.215+0000] {dag.py:3504} INFO - Setting next_dagrun for example_branch_datetime_operator to 2024-12-24T00:00:00+00:00, run_after=2024-12-25T00:00:00+00:00
[2024-12-25T15:15:33.218+0000] {logging_mixin.py:150} INFO - [2024-12-25T15:15:33.218+0000] {dag.py:3504} INFO - Setting next_dagrun for example_branch_datetime_operator_2 to 2024-12-24T00:00:00+00:00, run_after=2024-12-25T00:00:00+00:00
[2024-12-25T15:15:33.220+0000] {logging_mixin.py:150} INFO - [2024-12-25T15:15:33.220+0000] {dag.py:3504} INFO - Setting next_dagrun for example_branch_datetime_operator_3 to 2024-12-24T00:00:00+00:00, run_after=2024-12-25T00:00:00+00:00
[2024-12-25T15:15:33.234+0000] {processor.py:179} INFO - Processing /home/vscode/.local/lib/python3.10/site-packages/airflow/example_dags/example_branch_datetime_operator.py took 0.061 seconds
[2024-12-25T15:16:19.264+0000] {processor.py:157} INFO - Started process (PID=9483) to work on /home/vscode/.local/lib/python3.10/site-packages/airflow/example_dags/example_branch_datetime_operator.py
[2024-12-25T15:16:19.265+0000] {processor.py:826} INFO - Processing file /home/vscode/.local/lib/python3.10/site-packages/airflow/example_dags/example_branch_datetime_operator.py for tasks to queue
[2024-12-25T15:16:19.266+0000] {logging_mixin.py:150} INFO - [2024-12-25T15:16:19.265+0000] {dagbag.py:541} INFO - Filling up the DagBag from /home/vscode/.local/lib/python3.10/site-packages/airflow/example_dags/example_branch_datetime_operator.py
[2024-12-25T15:16:19.273+0000] {processor.py:836} INFO - DAG(s) dict_keys(['example_branch_datetime_operator_2', 'example_branch_datetime_operator_3', 'example_branch_datetime_operator']) retrieved from /home/vscode/.local/lib/python3.10/site-packages/airflow/example_dags/example_branch_datetime_operator.py
[2024-12-25T15:16:19.289+0000] {logging_mixin.py:150} INFO - [2024-12-25T15:16:19.288+0000] {dag.py:2742} INFO - Sync 3 DAGs
[2024-12-25T15:16:19.304+0000] {logging_mixin.py:150} INFO - [2024-12-25T15:16:19.304+0000] {dag.py:3504} INFO - Setting next_dagrun for example_branch_datetime_operator to 2024-12-24T00:00:00+00:00, run_after=2024-12-25T00:00:00+00:00
[2024-12-25T15:16:19.307+0000] {logging_mixin.py:150} INFO - [2024-12-25T15:16:19.307+0000] {dag.py:3504} INFO - Setting next_dagrun for example_branch_datetime_operator_2 to 2024-12-24T00:00:00+00:00, run_after=2024-12-25T00:00:00+00:00
[2024-12-25T15:16:19.309+0000] {logging_mixin.py:150} INFO - [2024-12-25T15:16:19.308+0000] {dag.py:3504} INFO - Setting next_dagrun for example_branch_datetime_operator_3 to 2024-12-24T00:00:00+00:00, run_after=2024-12-25T00:00:00+00:00
[2024-12-25T15:16:19.323+0000] {processor.py:179} INFO - Processing /home/vscode/.local/lib/python3.10/site-packages/airflow/example_dags/example_branch_datetime_operator.py took 0.060 seconds
[2024-12-25T15:17:07.534+0000] {processor.py:157} INFO - Started process (PID=9961) to work on /home/vscode/.local/lib/python3.10/site-packages/airflow/example_dags/example_branch_datetime_operator.py
[2024-12-25T15:17:07.535+0000] {processor.py:826} INFO - Processing file /home/vscode/.local/lib/python3.10/site-packages/airflow/example_dags/example_branch_datetime_operator.py for tasks to queue
[2024-12-25T15:17:07.536+0000] {logging_mixin.py:150} INFO - [2024-12-25T15:17:07.535+0000] {dagbag.py:541} INFO - Filling up the DagBag from /home/vscode/.local/lib/python3.10/site-packages/airflow/example_dags/example_branch_datetime_operator.py
[2024-12-25T15:17:07.543+0000] {processor.py:836} INFO - DAG(s) dict_keys(['example_branch_datetime_operator_2', 'example_branch_datetime_operator_3', 'example_branch_datetime_operator']) retrieved from /home/vscode/.local/lib/python3.10/site-packages/airflow/example_dags/example_branch_datetime_operator.py
[2024-12-25T15:17:07.559+0000] {logging_mixin.py:150} INFO - [2024-12-25T15:17:07.558+0000] {dag.py:2742} INFO - Sync 3 DAGs
[2024-12-25T15:17:07.576+0000] {logging_mixin.py:150} INFO - [2024-12-25T15:17:07.576+0000] {dag.py:3504} INFO - Setting next_dagrun for example_branch_datetime_operator to 2024-12-24T00:00:00+00:00, run_after=2024-12-25T00:00:00+00:00
[2024-12-25T15:17:07.581+0000] {logging_mixin.py:150} INFO - [2024-12-25T15:17:07.581+0000] {dag.py:3504} INFO - Setting next_dagrun for example_branch_datetime_operator_2 to 2024-12-24T00:00:00+00:00, run_after=2024-12-25T00:00:00+00:00
[2024-12-25T15:17:07.583+0000] {logging_mixin.py:150} INFO - [2024-12-25T15:17:07.583+0000] {dag.py:3504} INFO - Setting next_dagrun for example_branch_datetime_operator_3 to 2024-12-24T00:00:00+00:00, run_after=2024-12-25T00:00:00+00:00
[2024-12-25T15:17:07.596+0000] {processor.py:179} INFO - Processing /home/vscode/.local/lib/python3.10/site-packages/airflow/example_dags/example_branch_datetime_operator.py took 0.064 seconds
[2024-12-25T15:17:52.773+0000] {processor.py:157} INFO - Started process (PID=10498) to work on /home/vscode/.local/lib/python3.10/site-packages/airflow/example_dags/example_branch_datetime_operator.py
[2024-12-25T15:17:52.773+0000] {processor.py:826} INFO - Processing file /home/vscode/.local/lib/python3.10/site-packages/airflow/example_dags/example_branch_datetime_operator.py for tasks to queue
[2024-12-25T15:17:52.774+0000] {logging_mixin.py:150} INFO - [2024-12-25T15:17:52.774+0000] {dagbag.py:541} INFO - Filling up the DagBag from /home/vscode/.local/lib/python3.10/site-packages/airflow/example_dags/example_branch_datetime_operator.py
[2024-12-25T15:17:52.781+0000] {processor.py:836} INFO - DAG(s) dict_keys(['example_branch_datetime_operator_2', 'example_branch_datetime_operator', 'example_branch_datetime_operator_3']) retrieved from /home/vscode/.local/lib/python3.10/site-packages/airflow/example_dags/example_branch_datetime_operator.py
[2024-12-25T15:17:52.796+0000] {logging_mixin.py:150} INFO - [2024-12-25T15:17:52.796+0000] {dag.py:2742} INFO - Sync 3 DAGs
[2024-12-25T15:17:52.812+0000] {logging_mixin.py:150} INFO - [2024-12-25T15:17:52.812+0000] {dag.py:3504} INFO - Setting next_dagrun for example_branch_datetime_operator to 2024-12-24T00:00:00+00:00, run_after=2024-12-25T00:00:00+00:00
[2024-12-25T15:17:52.815+0000] {logging_mixin.py:150} INFO - [2024-12-25T15:17:52.815+0000] {dag.py:3504} INFO - Setting next_dagrun for example_branch_datetime_operator_2 to 2024-12-24T00:00:00+00:00, run_after=2024-12-25T00:00:00+00:00
[2024-12-25T15:17:52.816+0000] {logging_mixin.py:150} INFO - [2024-12-25T15:17:52.816+0000] {dag.py:3504} INFO - Setting next_dagrun for example_branch_datetime_operator_3 to 2024-12-24T00:00:00+00:00, run_after=2024-12-25T00:00:00+00:00
[2024-12-25T15:17:52.830+0000] {processor.py:179} INFO - Processing /home/vscode/.local/lib/python3.10/site-packages/airflow/example_dags/example_branch_datetime_operator.py took 0.059 seconds
[2024-12-25T15:18:36.291+0000] {processor.py:157} INFO - Started process (PID=10998) to work on /home/vscode/.local/lib/python3.10/site-packages/airflow/example_dags/example_branch_datetime_operator.py
[2024-12-25T15:18:36.292+0000] {processor.py:826} INFO - Processing file /home/vscode/.local/lib/python3.10/site-packages/airflow/example_dags/example_branch_datetime_operator.py for tasks to queue
[2024-12-25T15:18:36.292+0000] {logging_mixin.py:150} INFO - [2024-12-25T15:18:36.292+0000] {dagbag.py:541} INFO - Filling up the DagBag from /home/vscode/.local/lib/python3.10/site-packages/airflow/example_dags/example_branch_datetime_operator.py
[2024-12-25T15:18:36.300+0000] {processor.py:836} INFO - DAG(s) dict_keys(['example_branch_datetime_operator_3', 'example_branch_datetime_operator_2', 'example_branch_datetime_operator']) retrieved from /home/vscode/.local/lib/python3.10/site-packages/airflow/example_dags/example_branch_datetime_operator.py
[2024-12-25T15:18:36.316+0000] {logging_mixin.py:150} INFO - [2024-12-25T15:18:36.316+0000] {dag.py:2742} INFO - Sync 3 DAGs
[2024-12-25T15:18:36.332+0000] {logging_mixin.py:150} INFO - [2024-12-25T15:18:36.332+0000] {dag.py:3504} INFO - Setting next_dagrun for example_branch_datetime_operator to 2024-12-24T00:00:00+00:00, run_after=2024-12-25T00:00:00+00:00
[2024-12-25T15:18:36.335+0000] {logging_mixin.py:150} INFO - [2024-12-25T15:18:36.335+0000] {dag.py:3504} INFO - Setting next_dagrun for example_branch_datetime_operator_2 to 2024-12-24T00:00:00+00:00, run_after=2024-12-25T00:00:00+00:00
[2024-12-25T15:18:36.337+0000] {logging_mixin.py:150} INFO - [2024-12-25T15:18:36.337+0000] {dag.py:3504} INFO - Setting next_dagrun for example_branch_datetime_operator_3 to 2024-12-24T00:00:00+00:00, run_after=2024-12-25T00:00:00+00:00
[2024-12-25T15:18:36.352+0000] {processor.py:179} INFO - Processing /home/vscode/.local/lib/python3.10/site-packages/airflow/example_dags/example_branch_datetime_operator.py took 0.062 seconds
