[2024-12-25T15:13:37.125+0000] {processor.py:157} INFO - Started process (PID=8237) to work on /home/vscode/.local/lib/python3.10/site-packages/airflow/example_dags/tutorial_taskflow_api.py
[2024-12-25T15:13:37.125+0000] {processor.py:826} INFO - Processing file /home/vscode/.local/lib/python3.10/site-packages/airflow/example_dags/tutorial_taskflow_api.py for tasks to queue
[2024-12-25T15:13:37.126+0000] {logging_mixin.py:150} INFO - [2024-12-25T15:13:37.126+0000] {dagbag.py:541} INFO - Filling up the DagBag from /home/vscode/.local/lib/python3.10/site-packages/airflow/example_dags/tutorial_taskflow_api.py
[2024-12-25T15:13:37.131+0000] {processor.py:836} INFO - DAG(s) dict_keys(['tutorial_taskflow_api']) retrieved from /home/vscode/.local/lib/python3.10/site-packages/airflow/example_dags/tutorial_taskflow_api.py
[2024-12-25T15:13:37.290+0000] {logging_mixin.py:150} INFO - [2024-12-25T15:13:37.290+0000] {manager.py:504} INFO - Created Permission View: can edit on DAG:tutorial_taskflow_api
[2024-12-25T15:13:37.300+0000] {logging_mixin.py:150} INFO - [2024-12-25T15:13:37.300+0000] {manager.py:504} INFO - Created Permission View: can read on DAG:tutorial_taskflow_api
[2024-12-25T15:13:37.309+0000] {logging_mixin.py:150} INFO - [2024-12-25T15:13:37.308+0000] {manager.py:504} INFO - Created Permission View: can delete on DAG:tutorial_taskflow_api
[2024-12-25T15:13:37.321+0000] {logging_mixin.py:150} INFO - [2024-12-25T15:13:37.321+0000] {dag.py:2742} INFO - Sync 1 DAGs
[2024-12-25T15:13:37.331+0000] {logging_mixin.py:150} INFO - [2024-12-25T15:13:37.331+0000] {dag.py:2763} INFO - Creating ORM DAG for tutorial_taskflow_api
[2024-12-25T15:13:37.339+0000] {logging_mixin.py:150} INFO - [2024-12-25T15:13:37.339+0000] {dag.py:3504} INFO - Setting next_dagrun for tutorial_taskflow_api to None, run_after=None
[2024-12-25T15:13:37.357+0000] {processor.py:179} INFO - Processing /home/vscode/.local/lib/python3.10/site-packages/airflow/example_dags/tutorial_taskflow_api.py took 0.235 seconds
[2024-12-25T15:14:25.404+0000] {processor.py:157} INFO - Started process (PID=8564) to work on /home/vscode/.local/lib/python3.10/site-packages/airflow/example_dags/tutorial_taskflow_api.py
[2024-12-25T15:14:25.405+0000] {processor.py:826} INFO - Processing file /home/vscode/.local/lib/python3.10/site-packages/airflow/example_dags/tutorial_taskflow_api.py for tasks to queue
[2024-12-25T15:14:25.406+0000] {logging_mixin.py:150} INFO - [2024-12-25T15:14:25.405+0000] {dagbag.py:541} INFO - Filling up the DagBag from /home/vscode/.local/lib/python3.10/site-packages/airflow/example_dags/tutorial_taskflow_api.py
[2024-12-25T15:14:25.410+0000] {processor.py:836} INFO - DAG(s) dict_keys(['tutorial_taskflow_api']) retrieved from /home/vscode/.local/lib/python3.10/site-packages/airflow/example_dags/tutorial_taskflow_api.py
[2024-12-25T15:14:25.421+0000] {logging_mixin.py:150} INFO - [2024-12-25T15:14:25.421+0000] {dag.py:2742} INFO - Sync 1 DAGs
[2024-12-25T15:14:25.435+0000] {logging_mixin.py:150} INFO - [2024-12-25T15:14:25.435+0000] {dag.py:3504} INFO - Setting next_dagrun for tutorial_taskflow_api to None, run_after=None
[2024-12-25T15:14:25.450+0000] {processor.py:179} INFO - Processing /home/vscode/.local/lib/python3.10/site-packages/airflow/example_dags/tutorial_taskflow_api.py took 0.047 seconds
[2024-12-25T15:15:10.686+0000] {processor.py:157} INFO - Started process (PID=8875) to work on /home/vscode/.local/lib/python3.10/site-packages/airflow/example_dags/tutorial_taskflow_api.py
[2024-12-25T15:15:10.686+0000] {processor.py:826} INFO - Processing file /home/vscode/.local/lib/python3.10/site-packages/airflow/example_dags/tutorial_taskflow_api.py for tasks to queue
[2024-12-25T15:15:10.687+0000] {logging_mixin.py:150} INFO - [2024-12-25T15:15:10.687+0000] {dagbag.py:541} INFO - Filling up the DagBag from /home/vscode/.local/lib/python3.10/site-packages/airflow/example_dags/tutorial_taskflow_api.py
[2024-12-25T15:15:10.692+0000] {processor.py:836} INFO - DAG(s) dict_keys(['tutorial_taskflow_api']) retrieved from /home/vscode/.local/lib/python3.10/site-packages/airflow/example_dags/tutorial_taskflow_api.py
[2024-12-25T15:15:10.703+0000] {logging_mixin.py:150} INFO - [2024-12-25T15:15:10.703+0000] {dag.py:2742} INFO - Sync 1 DAGs
[2024-12-25T15:15:10.716+0000] {logging_mixin.py:150} INFO - [2024-12-25T15:15:10.716+0000] {dag.py:3504} INFO - Setting next_dagrun for tutorial_taskflow_api to None, run_after=None
[2024-12-25T15:15:10.732+0000] {processor.py:179} INFO - Processing /home/vscode/.local/lib/python3.10/site-packages/airflow/example_dags/tutorial_taskflow_api.py took 0.049 seconds
[2024-12-25T15:15:53.175+0000] {processor.py:157} INFO - Started process (PID=9231) to work on /home/vscode/.local/lib/python3.10/site-packages/airflow/example_dags/tutorial_taskflow_api.py
[2024-12-25T15:15:53.175+0000] {processor.py:826} INFO - Processing file /home/vscode/.local/lib/python3.10/site-packages/airflow/example_dags/tutorial_taskflow_api.py for tasks to queue
[2024-12-25T15:15:53.176+0000] {logging_mixin.py:150} INFO - [2024-12-25T15:15:53.175+0000] {dagbag.py:541} INFO - Filling up the DagBag from /home/vscode/.local/lib/python3.10/site-packages/airflow/example_dags/tutorial_taskflow_api.py
[2024-12-25T15:15:53.180+0000] {processor.py:836} INFO - DAG(s) dict_keys(['tutorial_taskflow_api']) retrieved from /home/vscode/.local/lib/python3.10/site-packages/airflow/example_dags/tutorial_taskflow_api.py
[2024-12-25T15:15:53.191+0000] {logging_mixin.py:150} INFO - [2024-12-25T15:15:53.191+0000] {dag.py:2742} INFO - Sync 1 DAGs
[2024-12-25T15:15:53.205+0000] {logging_mixin.py:150} INFO - [2024-12-25T15:15:53.205+0000] {dag.py:3504} INFO - Setting next_dagrun for tutorial_taskflow_api to None, run_after=None
[2024-12-25T15:15:53.220+0000] {processor.py:179} INFO - Processing /home/vscode/.local/lib/python3.10/site-packages/airflow/example_dags/tutorial_taskflow_api.py took 0.048 seconds
[2024-12-25T15:16:40.673+0000] {processor.py:157} INFO - Started process (PID=9688) to work on /home/vscode/.local/lib/python3.10/site-packages/airflow/example_dags/tutorial_taskflow_api.py
[2024-12-25T15:16:40.674+0000] {processor.py:826} INFO - Processing file /home/vscode/.local/lib/python3.10/site-packages/airflow/example_dags/tutorial_taskflow_api.py for tasks to queue
[2024-12-25T15:16:40.675+0000] {logging_mixin.py:150} INFO - [2024-12-25T15:16:40.674+0000] {dagbag.py:541} INFO - Filling up the DagBag from /home/vscode/.local/lib/python3.10/site-packages/airflow/example_dags/tutorial_taskflow_api.py
[2024-12-25T15:16:40.679+0000] {processor.py:836} INFO - DAG(s) dict_keys(['tutorial_taskflow_api']) retrieved from /home/vscode/.local/lib/python3.10/site-packages/airflow/example_dags/tutorial_taskflow_api.py
[2024-12-25T15:16:40.690+0000] {logging_mixin.py:150} INFO - [2024-12-25T15:16:40.690+0000] {dag.py:2742} INFO - Sync 1 DAGs
[2024-12-25T15:16:40.704+0000] {logging_mixin.py:150} INFO - [2024-12-25T15:16:40.704+0000] {dag.py:3504} INFO - Setting next_dagrun for tutorial_taskflow_api to None, run_after=None
[2024-12-25T15:16:40.719+0000] {processor.py:179} INFO - Processing /home/vscode/.local/lib/python3.10/site-packages/airflow/example_dags/tutorial_taskflow_api.py took 0.048 seconds
[2024-12-25T15:17:25.345+0000] {processor.py:157} INFO - Started process (PID=10189) to work on /home/vscode/.local/lib/python3.10/site-packages/airflow/example_dags/tutorial_taskflow_api.py
[2024-12-25T15:17:25.345+0000] {processor.py:826} INFO - Processing file /home/vscode/.local/lib/python3.10/site-packages/airflow/example_dags/tutorial_taskflow_api.py for tasks to queue
[2024-12-25T15:17:25.346+0000] {logging_mixin.py:150} INFO - [2024-12-25T15:17:25.346+0000] {dagbag.py:541} INFO - Filling up the DagBag from /home/vscode/.local/lib/python3.10/site-packages/airflow/example_dags/tutorial_taskflow_api.py
[2024-12-25T15:17:25.352+0000] {processor.py:836} INFO - DAG(s) dict_keys(['tutorial_taskflow_api']) retrieved from /home/vscode/.local/lib/python3.10/site-packages/airflow/example_dags/tutorial_taskflow_api.py
[2024-12-25T15:17:25.363+0000] {logging_mixin.py:150} INFO - [2024-12-25T15:17:25.363+0000] {dag.py:2742} INFO - Sync 1 DAGs
[2024-12-25T15:17:25.377+0000] {logging_mixin.py:150} INFO - [2024-12-25T15:17:25.377+0000] {dag.py:3504} INFO - Setting next_dagrun for tutorial_taskflow_api to None, run_after=None
[2024-12-25T15:17:25.394+0000] {processor.py:179} INFO - Processing /home/vscode/.local/lib/python3.10/site-packages/airflow/example_dags/tutorial_taskflow_api.py took 0.052 seconds
[2024-12-25T15:18:11.833+0000] {processor.py:157} INFO - Started process (PID=10698) to work on /home/vscode/.local/lib/python3.10/site-packages/airflow/example_dags/tutorial_taskflow_api.py
[2024-12-25T15:18:11.834+0000] {processor.py:826} INFO - Processing file /home/vscode/.local/lib/python3.10/site-packages/airflow/example_dags/tutorial_taskflow_api.py for tasks to queue
[2024-12-25T15:18:11.834+0000] {logging_mixin.py:150} INFO - [2024-12-25T15:18:11.834+0000] {dagbag.py:541} INFO - Filling up the DagBag from /home/vscode/.local/lib/python3.10/site-packages/airflow/example_dags/tutorial_taskflow_api.py
[2024-12-25T15:18:11.839+0000] {processor.py:836} INFO - DAG(s) dict_keys(['tutorial_taskflow_api']) retrieved from /home/vscode/.local/lib/python3.10/site-packages/airflow/example_dags/tutorial_taskflow_api.py
[2024-12-25T15:18:11.850+0000] {logging_mixin.py:150} INFO - [2024-12-25T15:18:11.850+0000] {dag.py:2742} INFO - Sync 1 DAGs
[2024-12-25T15:18:11.864+0000] {logging_mixin.py:150} INFO - [2024-12-25T15:18:11.864+0000] {dag.py:3504} INFO - Setting next_dagrun for tutorial_taskflow_api to None, run_after=None
[2024-12-25T15:18:11.879+0000] {processor.py:179} INFO - Processing /home/vscode/.local/lib/python3.10/site-packages/airflow/example_dags/tutorial_taskflow_api.py took 0.048 seconds
[2024-12-25T15:18:55.805+0000] {processor.py:157} INFO - Started process (PID=11190) to work on /home/vscode/.local/lib/python3.10/site-packages/airflow/example_dags/tutorial_taskflow_api.py
[2024-12-25T15:18:55.805+0000] {processor.py:826} INFO - Processing file /home/vscode/.local/lib/python3.10/site-packages/airflow/example_dags/tutorial_taskflow_api.py for tasks to queue
[2024-12-25T15:18:55.806+0000] {logging_mixin.py:150} INFO - [2024-12-25T15:18:55.806+0000] {dagbag.py:541} INFO - Filling up the DagBag from /home/vscode/.local/lib/python3.10/site-packages/airflow/example_dags/tutorial_taskflow_api.py
[2024-12-25T15:18:55.811+0000] {processor.py:836} INFO - DAG(s) dict_keys(['tutorial_taskflow_api']) retrieved from /home/vscode/.local/lib/python3.10/site-packages/airflow/example_dags/tutorial_taskflow_api.py
[2024-12-25T15:18:55.824+0000] {logging_mixin.py:150} INFO - [2024-12-25T15:18:55.824+0000] {dag.py:2742} INFO - Sync 1 DAGs
[2024-12-25T15:18:55.839+0000] {logging_mixin.py:150} INFO - [2024-12-25T15:18:55.839+0000] {dag.py:3504} INFO - Setting next_dagrun for tutorial_taskflow_api to None, run_after=None
[2024-12-25T15:18:55.855+0000] {processor.py:179} INFO - Processing /home/vscode/.local/lib/python3.10/site-packages/airflow/example_dags/tutorial_taskflow_api.py took 0.052 seconds
[2024-12-25T15:19:39.209+0000] {processor.py:157} INFO - Started process (PID=11673) to work on /home/vscode/.local/lib/python3.10/site-packages/airflow/example_dags/tutorial_taskflow_api.py
[2024-12-25T15:19:39.209+0000] {processor.py:826} INFO - Processing file /home/vscode/.local/lib/python3.10/site-packages/airflow/example_dags/tutorial_taskflow_api.py for tasks to queue
[2024-12-25T15:19:39.210+0000] {logging_mixin.py:150} INFO - [2024-12-25T15:19:39.210+0000] {dagbag.py:541} INFO - Filling up the DagBag from /home/vscode/.local/lib/python3.10/site-packages/airflow/example_dags/tutorial_taskflow_api.py
[2024-12-25T15:19:39.214+0000] {processor.py:836} INFO - DAG(s) dict_keys(['tutorial_taskflow_api']) retrieved from /home/vscode/.local/lib/python3.10/site-packages/airflow/example_dags/tutorial_taskflow_api.py
[2024-12-25T15:19:39.226+0000] {logging_mixin.py:150} INFO - [2024-12-25T15:19:39.226+0000] {dag.py:2742} INFO - Sync 1 DAGs
[2024-12-25T15:19:39.240+0000] {logging_mixin.py:150} INFO - [2024-12-25T15:19:39.240+0000] {dag.py:3504} INFO - Setting next_dagrun for tutorial_taskflow_api to None, run_after=None
[2024-12-25T15:19:39.260+0000] {processor.py:179} INFO - Processing /home/vscode/.local/lib/python3.10/site-packages/airflow/example_dags/tutorial_taskflow_api.py took 0.054 seconds
