[2024-12-25T15:13:33.476+0000] {processor.py:157} INFO - Started process (PID=8217) to work on /home/vscode/.local/lib/python3.10/site-packages/airflow/example_dags/tutorial_taskflow_api_virtualenv.py
[2024-12-25T15:13:33.476+0000] {processor.py:826} INFO - Processing file /home/vscode/.local/lib/python3.10/site-packages/airflow/example_dags/tutorial_taskflow_api_virtualenv.py for tasks to queue
[2024-12-25T15:13:33.477+0000] {logging_mixin.py:150} INFO - [2024-12-25T15:13:33.477+0000] {dagbag.py:541} INFO - Filling up the DagBag from /home/vscode/.local/lib/python3.10/site-packages/airflow/example_dags/tutorial_taskflow_api_virtualenv.py
[2024-12-25T15:13:33.482+0000] {processor.py:836} INFO - DAG(s) dict_keys(['tutorial_taskflow_api_virtualenv']) retrieved from /home/vscode/.local/lib/python3.10/site-packages/airflow/example_dags/tutorial_taskflow_api_virtualenv.py
[2024-12-25T15:13:33.638+0000] {logging_mixin.py:150} INFO - [2024-12-25T15:13:33.638+0000] {manager.py:504} INFO - Created Permission View: can edit on DAG:tutorial_taskflow_api_virtualenv
[2024-12-25T15:13:33.650+0000] {logging_mixin.py:150} INFO - [2024-12-25T15:13:33.650+0000] {manager.py:504} INFO - Created Permission View: can read on DAG:tutorial_taskflow_api_virtualenv
[2024-12-25T15:13:33.659+0000] {logging_mixin.py:150} INFO - [2024-12-25T15:13:33.659+0000] {manager.py:504} INFO - Created Permission View: can delete on DAG:tutorial_taskflow_api_virtualenv
[2024-12-25T15:13:33.671+0000] {logging_mixin.py:150} INFO - [2024-12-25T15:13:33.671+0000] {dag.py:2742} INFO - Sync 1 DAGs
[2024-12-25T15:13:33.681+0000] {logging_mixin.py:150} INFO - [2024-12-25T15:13:33.681+0000] {dag.py:2763} INFO - Creating ORM DAG for tutorial_taskflow_api_virtualenv
[2024-12-25T15:13:33.691+0000] {logging_mixin.py:150} INFO - [2024-12-25T15:13:33.690+0000] {dag.py:3504} INFO - Setting next_dagrun for tutorial_taskflow_api_virtualenv to None, run_after=None
[2024-12-25T15:13:33.719+0000] {processor.py:179} INFO - Processing /home/vscode/.local/lib/python3.10/site-packages/airflow/example_dags/tutorial_taskflow_api_virtualenv.py took 0.245 seconds
[2024-12-25T15:14:22.075+0000] {processor.py:157} INFO - Started process (PID=8533) to work on /home/vscode/.local/lib/python3.10/site-packages/airflow/example_dags/tutorial_taskflow_api_virtualenv.py
[2024-12-25T15:14:22.076+0000] {processor.py:826} INFO - Processing file /home/vscode/.local/lib/python3.10/site-packages/airflow/example_dags/tutorial_taskflow_api_virtualenv.py for tasks to queue
[2024-12-25T15:14:22.076+0000] {logging_mixin.py:150} INFO - [2024-12-25T15:14:22.076+0000] {dagbag.py:541} INFO - Filling up the DagBag from /home/vscode/.local/lib/python3.10/site-packages/airflow/example_dags/tutorial_taskflow_api_virtualenv.py
[2024-12-25T15:14:22.082+0000] {processor.py:836} INFO - DAG(s) dict_keys(['tutorial_taskflow_api_virtualenv']) retrieved from /home/vscode/.local/lib/python3.10/site-packages/airflow/example_dags/tutorial_taskflow_api_virtualenv.py
[2024-12-25T15:14:22.097+0000] {logging_mixin.py:150} INFO - [2024-12-25T15:14:22.097+0000] {dag.py:2742} INFO - Sync 1 DAGs
[2024-12-25T15:14:22.111+0000] {logging_mixin.py:150} INFO - [2024-12-25T15:14:22.111+0000] {dag.py:3504} INFO - Setting next_dagrun for tutorial_taskflow_api_virtualenv to None, run_after=None
[2024-12-25T15:14:22.127+0000] {processor.py:179} INFO - Processing /home/vscode/.local/lib/python3.10/site-packages/airflow/example_dags/tutorial_taskflow_api_virtualenv.py took 0.054 seconds
[2024-12-25T15:15:08.229+0000] {processor.py:157} INFO - Started process (PID=8864) to work on /home/vscode/.local/lib/python3.10/site-packages/airflow/example_dags/tutorial_taskflow_api_virtualenv.py
[2024-12-25T15:15:08.230+0000] {processor.py:826} INFO - Processing file /home/vscode/.local/lib/python3.10/site-packages/airflow/example_dags/tutorial_taskflow_api_virtualenv.py for tasks to queue
[2024-12-25T15:15:08.231+0000] {logging_mixin.py:150} INFO - [2024-12-25T15:15:08.230+0000] {dagbag.py:541} INFO - Filling up the DagBag from /home/vscode/.local/lib/python3.10/site-packages/airflow/example_dags/tutorial_taskflow_api_virtualenv.py
[2024-12-25T15:15:08.236+0000] {processor.py:836} INFO - DAG(s) dict_keys(['tutorial_taskflow_api_virtualenv']) retrieved from /home/vscode/.local/lib/python3.10/site-packages/airflow/example_dags/tutorial_taskflow_api_virtualenv.py
[2024-12-25T15:15:08.247+0000] {logging_mixin.py:150} INFO - [2024-12-25T15:15:08.247+0000] {dag.py:2742} INFO - Sync 1 DAGs
[2024-12-25T15:15:08.260+0000] {logging_mixin.py:150} INFO - [2024-12-25T15:15:08.260+0000] {dag.py:3504} INFO - Setting next_dagrun for tutorial_taskflow_api_virtualenv to None, run_after=None
[2024-12-25T15:15:08.276+0000] {processor.py:179} INFO - Processing /home/vscode/.local/lib/python3.10/site-packages/airflow/example_dags/tutorial_taskflow_api_virtualenv.py took 0.049 seconds
[2024-12-25T15:15:49.722+0000] {processor.py:157} INFO - Started process (PID=9194) to work on /home/vscode/.local/lib/python3.10/site-packages/airflow/example_dags/tutorial_taskflow_api_virtualenv.py
[2024-12-25T15:15:49.722+0000] {processor.py:826} INFO - Processing file /home/vscode/.local/lib/python3.10/site-packages/airflow/example_dags/tutorial_taskflow_api_virtualenv.py for tasks to queue
[2024-12-25T15:15:49.723+0000] {logging_mixin.py:150} INFO - [2024-12-25T15:15:49.723+0000] {dagbag.py:541} INFO - Filling up the DagBag from /home/vscode/.local/lib/python3.10/site-packages/airflow/example_dags/tutorial_taskflow_api_virtualenv.py
[2024-12-25T15:15:49.728+0000] {processor.py:836} INFO - DAG(s) dict_keys(['tutorial_taskflow_api_virtualenv']) retrieved from /home/vscode/.local/lib/python3.10/site-packages/airflow/example_dags/tutorial_taskflow_api_virtualenv.py
[2024-12-25T15:15:49.739+0000] {logging_mixin.py:150} INFO - [2024-12-25T15:15:49.739+0000] {dag.py:2742} INFO - Sync 1 DAGs
[2024-12-25T15:15:49.753+0000] {logging_mixin.py:150} INFO - [2024-12-25T15:15:49.753+0000] {dag.py:3504} INFO - Setting next_dagrun for tutorial_taskflow_api_virtualenv to None, run_after=None
[2024-12-25T15:15:49.768+0000] {processor.py:179} INFO - Processing /home/vscode/.local/lib/python3.10/site-packages/airflow/example_dags/tutorial_taskflow_api_virtualenv.py took 0.048 seconds
[2024-12-25T15:16:37.252+0000] {processor.py:157} INFO - Started process (PID=9652) to work on /home/vscode/.local/lib/python3.10/site-packages/airflow/example_dags/tutorial_taskflow_api_virtualenv.py
[2024-12-25T15:16:37.252+0000] {processor.py:826} INFO - Processing file /home/vscode/.local/lib/python3.10/site-packages/airflow/example_dags/tutorial_taskflow_api_virtualenv.py for tasks to queue
[2024-12-25T15:16:37.253+0000] {logging_mixin.py:150} INFO - [2024-12-25T15:16:37.253+0000] {dagbag.py:541} INFO - Filling up the DagBag from /home/vscode/.local/lib/python3.10/site-packages/airflow/example_dags/tutorial_taskflow_api_virtualenv.py
[2024-12-25T15:16:37.258+0000] {processor.py:836} INFO - DAG(s) dict_keys(['tutorial_taskflow_api_virtualenv']) retrieved from /home/vscode/.local/lib/python3.10/site-packages/airflow/example_dags/tutorial_taskflow_api_virtualenv.py
[2024-12-25T15:16:37.270+0000] {logging_mixin.py:150} INFO - [2024-12-25T15:16:37.270+0000] {dag.py:2742} INFO - Sync 1 DAGs
[2024-12-25T15:16:37.286+0000] {logging_mixin.py:150} INFO - [2024-12-25T15:16:37.286+0000] {dag.py:3504} INFO - Setting next_dagrun for tutorial_taskflow_api_virtualenv to None, run_after=None
[2024-12-25T15:16:37.305+0000] {processor.py:179} INFO - Processing /home/vscode/.local/lib/python3.10/site-packages/airflow/example_dags/tutorial_taskflow_api_virtualenv.py took 0.055 seconds
[2024-12-25T15:17:21.909+0000] {processor.py:157} INFO - Started process (PID=10115) to work on /home/vscode/.local/lib/python3.10/site-packages/airflow/example_dags/tutorial_taskflow_api_virtualenv.py
[2024-12-25T15:17:21.910+0000] {processor.py:826} INFO - Processing file /home/vscode/.local/lib/python3.10/site-packages/airflow/example_dags/tutorial_taskflow_api_virtualenv.py for tasks to queue
[2024-12-25T15:17:21.910+0000] {logging_mixin.py:150} INFO - [2024-12-25T15:17:21.910+0000] {dagbag.py:541} INFO - Filling up the DagBag from /home/vscode/.local/lib/python3.10/site-packages/airflow/example_dags/tutorial_taskflow_api_virtualenv.py
[2024-12-25T15:17:21.916+0000] {processor.py:836} INFO - DAG(s) dict_keys(['tutorial_taskflow_api_virtualenv']) retrieved from /home/vscode/.local/lib/python3.10/site-packages/airflow/example_dags/tutorial_taskflow_api_virtualenv.py
[2024-12-25T15:17:21.928+0000] {logging_mixin.py:150} INFO - [2024-12-25T15:17:21.927+0000] {dag.py:2742} INFO - Sync 1 DAGs
[2024-12-25T15:17:21.941+0000] {logging_mixin.py:150} INFO - [2024-12-25T15:17:21.941+0000] {dag.py:3504} INFO - Setting next_dagrun for tutorial_taskflow_api_virtualenv to None, run_after=None
[2024-12-25T15:17:21.956+0000] {processor.py:179} INFO - Processing /home/vscode/.local/lib/python3.10/site-packages/airflow/example_dags/tutorial_taskflow_api_virtualenv.py took 0.049 seconds
[2024-12-25T15:18:08.388+0000] {processor.py:157} INFO - Started process (PID=10659) to work on /home/vscode/.local/lib/python3.10/site-packages/airflow/example_dags/tutorial_taskflow_api_virtualenv.py
[2024-12-25T15:18:08.388+0000] {processor.py:826} INFO - Processing file /home/vscode/.local/lib/python3.10/site-packages/airflow/example_dags/tutorial_taskflow_api_virtualenv.py for tasks to queue
[2024-12-25T15:18:08.389+0000] {logging_mixin.py:150} INFO - [2024-12-25T15:18:08.389+0000] {dagbag.py:541} INFO - Filling up the DagBag from /home/vscode/.local/lib/python3.10/site-packages/airflow/example_dags/tutorial_taskflow_api_virtualenv.py
[2024-12-25T15:18:08.394+0000] {processor.py:836} INFO - DAG(s) dict_keys(['tutorial_taskflow_api_virtualenv']) retrieved from /home/vscode/.local/lib/python3.10/site-packages/airflow/example_dags/tutorial_taskflow_api_virtualenv.py
[2024-12-25T15:18:08.409+0000] {logging_mixin.py:150} INFO - [2024-12-25T15:18:08.409+0000] {dag.py:2742} INFO - Sync 1 DAGs
[2024-12-25T15:18:08.429+0000] {logging_mixin.py:150} INFO - [2024-12-25T15:18:08.429+0000] {dag.py:3504} INFO - Setting next_dagrun for tutorial_taskflow_api_virtualenv to None, run_after=None
[2024-12-25T15:18:08.452+0000] {processor.py:179} INFO - Processing /home/vscode/.local/lib/python3.10/site-packages/airflow/example_dags/tutorial_taskflow_api_virtualenv.py took 0.067 seconds
[2024-12-25T15:18:50.664+0000] {processor.py:157} INFO - Started process (PID=11137) to work on /home/vscode/.local/lib/python3.10/site-packages/airflow/example_dags/tutorial_taskflow_api_virtualenv.py
[2024-12-25T15:18:50.664+0000] {processor.py:826} INFO - Processing file /home/vscode/.local/lib/python3.10/site-packages/airflow/example_dags/tutorial_taskflow_api_virtualenv.py for tasks to queue
[2024-12-25T15:18:50.665+0000] {logging_mixin.py:150} INFO - [2024-12-25T15:18:50.665+0000] {dagbag.py:541} INFO - Filling up the DagBag from /home/vscode/.local/lib/python3.10/site-packages/airflow/example_dags/tutorial_taskflow_api_virtualenv.py
[2024-12-25T15:18:50.670+0000] {processor.py:836} INFO - DAG(s) dict_keys(['tutorial_taskflow_api_virtualenv']) retrieved from /home/vscode/.local/lib/python3.10/site-packages/airflow/example_dags/tutorial_taskflow_api_virtualenv.py
[2024-12-25T15:18:50.681+0000] {logging_mixin.py:150} INFO - [2024-12-25T15:18:50.681+0000] {dag.py:2742} INFO - Sync 1 DAGs
[2024-12-25T15:18:50.696+0000] {logging_mixin.py:150} INFO - [2024-12-25T15:18:50.696+0000] {dag.py:3504} INFO - Setting next_dagrun for tutorial_taskflow_api_virtualenv to None, run_after=None
[2024-12-25T15:18:50.711+0000] {processor.py:179} INFO - Processing /home/vscode/.local/lib/python3.10/site-packages/airflow/example_dags/tutorial_taskflow_api_virtualenv.py took 0.049 seconds
