[2024-12-25T15:13:28.104+0000] {processor.py:157} INFO - Started process (PID=8160) to work on /home/vscode/.local/lib/python3.10/site-packages/airflow/example_dags/tutorial.py
[2024-12-25T15:13:28.104+0000] {processor.py:826} INFO - Processing file /home/vscode/.local/lib/python3.10/site-packages/airflow/example_dags/tutorial.py for tasks to queue
[2024-12-25T15:13:28.105+0000] {logging_mixin.py:150} INFO - [2024-12-25T15:13:28.105+0000] {dagbag.py:541} INFO - Filling up the DagBag from /home/vscode/.local/lib/python3.10/site-packages/airflow/example_dags/tutorial.py
[2024-12-25T15:13:28.111+0000] {processor.py:836} INFO - DAG(s) dict_keys(['tutorial']) retrieved from /home/vscode/.local/lib/python3.10/site-packages/airflow/example_dags/tutorial.py
[2024-12-25T15:13:28.285+0000] {logging_mixin.py:150} INFO - [2024-12-25T15:13:28.284+0000] {manager.py:504} INFO - Created Permission View: can edit on DAG:tutorial
[2024-12-25T15:13:28.296+0000] {logging_mixin.py:150} INFO - [2024-12-25T15:13:28.296+0000] {manager.py:504} INFO - Created Permission View: can read on DAG:tutorial
[2024-12-25T15:13:28.304+0000] {logging_mixin.py:150} INFO - [2024-12-25T15:13:28.304+0000] {manager.py:504} INFO - Created Permission View: can delete on DAG:tutorial
[2024-12-25T15:13:28.317+0000] {logging_mixin.py:150} INFO - [2024-12-25T15:13:28.317+0000] {dag.py:2742} INFO - Sync 1 DAGs
[2024-12-25T15:13:28.324+0000] {logging_mixin.py:150} INFO - [2024-12-25T15:13:28.323+0000] {dag.py:2763} INFO - Creating ORM DAG for tutorial
[2024-12-25T15:13:28.330+0000] {logging_mixin.py:150} INFO - [2024-12-25T15:13:28.330+0000] {dag.py:3504} INFO - Setting next_dagrun for tutorial to 2024-12-24T15:13:28.329867+00:00, run_after=2024-12-25T15:13:28.329867+00:00
[2024-12-25T15:13:28.345+0000] {processor.py:179} INFO - Processing /home/vscode/.local/lib/python3.10/site-packages/airflow/example_dags/tutorial.py took 0.243 seconds
[2024-12-25T15:14:18.074+0000] {processor.py:157} INFO - Started process (PID=8513) to work on /home/vscode/.local/lib/python3.10/site-packages/airflow/example_dags/tutorial.py
[2024-12-25T15:14:18.075+0000] {processor.py:826} INFO - Processing file /home/vscode/.local/lib/python3.10/site-packages/airflow/example_dags/tutorial.py for tasks to queue
[2024-12-25T15:14:18.075+0000] {logging_mixin.py:150} INFO - [2024-12-25T15:14:18.075+0000] {dagbag.py:541} INFO - Filling up the DagBag from /home/vscode/.local/lib/python3.10/site-packages/airflow/example_dags/tutorial.py
[2024-12-25T15:14:18.080+0000] {processor.py:836} INFO - DAG(s) dict_keys(['tutorial']) retrieved from /home/vscode/.local/lib/python3.10/site-packages/airflow/example_dags/tutorial.py
[2024-12-25T15:14:18.091+0000] {logging_mixin.py:150} INFO - [2024-12-25T15:14:18.091+0000] {dag.py:2742} INFO - Sync 1 DAGs
[2024-12-25T15:14:18.105+0000] {logging_mixin.py:150} INFO - [2024-12-25T15:14:18.105+0000] {dag.py:3504} INFO - Setting next_dagrun for tutorial to 2024-12-24T15:14:18.105217+00:00, run_after=2024-12-25T15:14:18.105217+00:00
[2024-12-25T15:14:18.121+0000] {processor.py:179} INFO - Processing /home/vscode/.local/lib/python3.10/site-packages/airflow/example_dags/tutorial.py took 0.049 seconds
[2024-12-25T15:15:04.390+0000] {processor.py:157} INFO - Started process (PID=8838) to work on /home/vscode/.local/lib/python3.10/site-packages/airflow/example_dags/tutorial.py
[2024-12-25T15:15:04.390+0000] {processor.py:826} INFO - Processing file /home/vscode/.local/lib/python3.10/site-packages/airflow/example_dags/tutorial.py for tasks to queue
[2024-12-25T15:15:04.391+0000] {logging_mixin.py:150} INFO - [2024-12-25T15:15:04.391+0000] {dagbag.py:541} INFO - Filling up the DagBag from /home/vscode/.local/lib/python3.10/site-packages/airflow/example_dags/tutorial.py
[2024-12-25T15:15:04.398+0000] {processor.py:836} INFO - DAG(s) dict_keys(['tutorial']) retrieved from /home/vscode/.local/lib/python3.10/site-packages/airflow/example_dags/tutorial.py
[2024-12-25T15:15:04.414+0000] {logging_mixin.py:150} INFO - [2024-12-25T15:15:04.414+0000] {dag.py:2742} INFO - Sync 1 DAGs
[2024-12-25T15:15:04.428+0000] {logging_mixin.py:150} INFO - [2024-12-25T15:15:04.428+0000] {dag.py:3504} INFO - Setting next_dagrun for tutorial to 2024-12-24T15:15:04.427879+00:00, run_after=2024-12-25T15:15:04.427879+00:00
[2024-12-25T15:15:04.442+0000] {processor.py:179} INFO - Processing /home/vscode/.local/lib/python3.10/site-packages/airflow/example_dags/tutorial.py took 0.056 seconds
[2024-12-25T15:15:46.014+0000] {processor.py:157} INFO - Started process (PID=9163) to work on /home/vscode/.local/lib/python3.10/site-packages/airflow/example_dags/tutorial.py
[2024-12-25T15:15:46.014+0000] {processor.py:826} INFO - Processing file /home/vscode/.local/lib/python3.10/site-packages/airflow/example_dags/tutorial.py for tasks to queue
[2024-12-25T15:15:46.015+0000] {logging_mixin.py:150} INFO - [2024-12-25T15:15:46.015+0000] {dagbag.py:541} INFO - Filling up the DagBag from /home/vscode/.local/lib/python3.10/site-packages/airflow/example_dags/tutorial.py
[2024-12-25T15:15:46.020+0000] {processor.py:836} INFO - DAG(s) dict_keys(['tutorial']) retrieved from /home/vscode/.local/lib/python3.10/site-packages/airflow/example_dags/tutorial.py
[2024-12-25T15:15:46.030+0000] {logging_mixin.py:150} INFO - [2024-12-25T15:15:46.030+0000] {dag.py:2742} INFO - Sync 1 DAGs
[2024-12-25T15:15:46.044+0000] {logging_mixin.py:150} INFO - [2024-12-25T15:15:46.044+0000] {dag.py:3504} INFO - Setting next_dagrun for tutorial to 2024-12-24T15:15:46.044472+00:00, run_after=2024-12-25T15:15:46.044472+00:00
[2024-12-25T15:15:46.059+0000] {processor.py:179} INFO - Processing /home/vscode/.local/lib/python3.10/site-packages/airflow/example_dags/tutorial.py took 0.047 seconds
[2024-12-25T15:16:33.878+0000] {processor.py:157} INFO - Started process (PID=9619) to work on /home/vscode/.local/lib/python3.10/site-packages/airflow/example_dags/tutorial.py
[2024-12-25T15:16:33.878+0000] {processor.py:826} INFO - Processing file /home/vscode/.local/lib/python3.10/site-packages/airflow/example_dags/tutorial.py for tasks to queue
[2024-12-25T15:16:33.879+0000] {logging_mixin.py:150} INFO - [2024-12-25T15:16:33.879+0000] {dagbag.py:541} INFO - Filling up the DagBag from /home/vscode/.local/lib/python3.10/site-packages/airflow/example_dags/tutorial.py
[2024-12-25T15:16:33.884+0000] {processor.py:836} INFO - DAG(s) dict_keys(['tutorial']) retrieved from /home/vscode/.local/lib/python3.10/site-packages/airflow/example_dags/tutorial.py
[2024-12-25T15:16:33.902+0000] {logging_mixin.py:150} INFO - [2024-12-25T15:16:33.902+0000] {dag.py:2742} INFO - Sync 1 DAGs
[2024-12-25T15:16:33.933+0000] {logging_mixin.py:150} INFO - [2024-12-25T15:16:33.933+0000] {dag.py:3504} INFO - Setting next_dagrun for tutorial to 2024-12-24T15:16:33.932992+00:00, run_after=2024-12-25T15:16:33.932992+00:00
[2024-12-25T15:16:33.957+0000] {processor.py:179} INFO - Processing /home/vscode/.local/lib/python3.10/site-packages/airflow/example_dags/tutorial.py took 0.081 seconds
[2024-12-25T15:17:17.670+0000] {processor.py:157} INFO - Started process (PID=10083) to work on /home/vscode/.local/lib/python3.10/site-packages/airflow/example_dags/tutorial.py
[2024-12-25T15:17:17.670+0000] {processor.py:826} INFO - Processing file /home/vscode/.local/lib/python3.10/site-packages/airflow/example_dags/tutorial.py for tasks to queue
[2024-12-25T15:17:17.671+0000] {logging_mixin.py:150} INFO - [2024-12-25T15:17:17.671+0000] {dagbag.py:541} INFO - Filling up the DagBag from /home/vscode/.local/lib/python3.10/site-packages/airflow/example_dags/tutorial.py
[2024-12-25T15:17:17.677+0000] {processor.py:836} INFO - DAG(s) dict_keys(['tutorial']) retrieved from /home/vscode/.local/lib/python3.10/site-packages/airflow/example_dags/tutorial.py
[2024-12-25T15:17:17.688+0000] {logging_mixin.py:150} INFO - [2024-12-25T15:17:17.688+0000] {dag.py:2742} INFO - Sync 1 DAGs
[2024-12-25T15:17:17.701+0000] {logging_mixin.py:150} INFO - [2024-12-25T15:17:17.701+0000] {dag.py:3504} INFO - Setting next_dagrun for tutorial to 2024-12-24T15:17:17.701595+00:00, run_after=2024-12-25T15:17:17.701595+00:00
[2024-12-25T15:17:17.716+0000] {processor.py:179} INFO - Processing /home/vscode/.local/lib/python3.10/site-packages/airflow/example_dags/tutorial.py took 0.050 seconds
[2024-12-25T15:18:05.376+0000] {processor.py:157} INFO - Started process (PID=10627) to work on /home/vscode/.local/lib/python3.10/site-packages/airflow/example_dags/tutorial.py
[2024-12-25T15:18:05.376+0000] {processor.py:826} INFO - Processing file /home/vscode/.local/lib/python3.10/site-packages/airflow/example_dags/tutorial.py for tasks to queue
[2024-12-25T15:18:05.377+0000] {logging_mixin.py:150} INFO - [2024-12-25T15:18:05.377+0000] {dagbag.py:541} INFO - Filling up the DagBag from /home/vscode/.local/lib/python3.10/site-packages/airflow/example_dags/tutorial.py
[2024-12-25T15:18:05.382+0000] {processor.py:836} INFO - DAG(s) dict_keys(['tutorial']) retrieved from /home/vscode/.local/lib/python3.10/site-packages/airflow/example_dags/tutorial.py
[2024-12-25T15:18:05.393+0000] {logging_mixin.py:150} INFO - [2024-12-25T15:18:05.393+0000] {dag.py:2742} INFO - Sync 1 DAGs
[2024-12-25T15:18:05.407+0000] {logging_mixin.py:150} INFO - [2024-12-25T15:18:05.407+0000] {dag.py:3504} INFO - Setting next_dagrun for tutorial to 2024-12-24T15:18:05.407013+00:00, run_after=2024-12-25T15:18:05.407013+00:00
[2024-12-25T15:18:05.423+0000] {processor.py:179} INFO - Processing /home/vscode/.local/lib/python3.10/site-packages/airflow/example_dags/tutorial.py took 0.049 seconds
[2024-12-25T15:18:46.674+0000] {processor.py:157} INFO - Started process (PID=11098) to work on /home/vscode/.local/lib/python3.10/site-packages/airflow/example_dags/tutorial.py
[2024-12-25T15:18:46.675+0000] {processor.py:826} INFO - Processing file /home/vscode/.local/lib/python3.10/site-packages/airflow/example_dags/tutorial.py for tasks to queue
[2024-12-25T15:18:46.675+0000] {logging_mixin.py:150} INFO - [2024-12-25T15:18:46.675+0000] {dagbag.py:541} INFO - Filling up the DagBag from /home/vscode/.local/lib/python3.10/site-packages/airflow/example_dags/tutorial.py
[2024-12-25T15:18:46.680+0000] {processor.py:836} INFO - DAG(s) dict_keys(['tutorial']) retrieved from /home/vscode/.local/lib/python3.10/site-packages/airflow/example_dags/tutorial.py
[2024-12-25T15:18:46.691+0000] {logging_mixin.py:150} INFO - [2024-12-25T15:18:46.691+0000] {dag.py:2742} INFO - Sync 1 DAGs
[2024-12-25T15:18:46.705+0000] {logging_mixin.py:150} INFO - [2024-12-25T15:18:46.705+0000] {dag.py:3504} INFO - Setting next_dagrun for tutorial to 2024-12-24T15:18:46.705598+00:00, run_after=2024-12-25T15:18:46.705598+00:00
[2024-12-25T15:18:46.721+0000] {processor.py:179} INFO - Processing /home/vscode/.local/lib/python3.10/site-packages/airflow/example_dags/tutorial.py took 0.049 seconds
[2024-12-25T15:19:32.916+0000] {processor.py:157} INFO - Started process (PID=11606) to work on /home/vscode/.local/lib/python3.10/site-packages/airflow/example_dags/tutorial.py
[2024-12-25T15:19:32.917+0000] {processor.py:826} INFO - Processing file /home/vscode/.local/lib/python3.10/site-packages/airflow/example_dags/tutorial.py for tasks to queue
[2024-12-25T15:19:32.917+0000] {logging_mixin.py:150} INFO - [2024-12-25T15:19:32.917+0000] {dagbag.py:541} INFO - Filling up the DagBag from /home/vscode/.local/lib/python3.10/site-packages/airflow/example_dags/tutorial.py
[2024-12-25T15:19:32.924+0000] {processor.py:836} INFO - DAG(s) dict_keys(['tutorial']) retrieved from /home/vscode/.local/lib/python3.10/site-packages/airflow/example_dags/tutorial.py
[2024-12-25T15:19:32.938+0000] {logging_mixin.py:150} INFO - [2024-12-25T15:19:32.938+0000] {dag.py:2742} INFO - Sync 1 DAGs
[2024-12-25T15:19:32.952+0000] {logging_mixin.py:150} INFO - [2024-12-25T15:19:32.951+0000] {dag.py:3504} INFO - Setting next_dagrun for tutorial to 2024-12-24T15:19:32.951825+00:00, run_after=2024-12-25T15:19:32.951825+00:00
[2024-12-25T15:19:32.967+0000] {processor.py:179} INFO - Processing /home/vscode/.local/lib/python3.10/site-packages/airflow/example_dags/tutorial.py took 0.053 seconds
[2024-12-25T15:20:16.040+0000] {processor.py:157} INFO - Started process (PID=12056) to work on /home/vscode/.local/lib/python3.10/site-packages/airflow/example_dags/tutorial.py
[2024-12-25T15:20:16.040+0000] {processor.py:826} INFO - Processing file /home/vscode/.local/lib/python3.10/site-packages/airflow/example_dags/tutorial.py for tasks to queue
[2024-12-25T15:20:16.041+0000] {logging_mixin.py:150} INFO - [2024-12-25T15:20:16.041+0000] {dagbag.py:541} INFO - Filling up the DagBag from /home/vscode/.local/lib/python3.10/site-packages/airflow/example_dags/tutorial.py
[2024-12-25T15:20:16.046+0000] {processor.py:836} INFO - DAG(s) dict_keys(['tutorial']) retrieved from /home/vscode/.local/lib/python3.10/site-packages/airflow/example_dags/tutorial.py
[2024-12-25T15:20:16.057+0000] {logging_mixin.py:150} INFO - [2024-12-25T15:20:16.057+0000] {dag.py:2742} INFO - Sync 1 DAGs
[2024-12-25T15:20:16.072+0000] {logging_mixin.py:150} INFO - [2024-12-25T15:20:16.071+0000] {dag.py:3504} INFO - Setting next_dagrun for tutorial to 2024-12-24T15:20:16.071713+00:00, run_after=2024-12-25T15:20:16.071713+00:00
[2024-12-25T15:20:16.087+0000] {processor.py:179} INFO - Processing /home/vscode/.local/lib/python3.10/site-packages/airflow/example_dags/tutorial.py took 0.049 seconds
[2024-12-25T15:21:00.381+0000] {processor.py:157} INFO - Started process (PID=12535) to work on /home/vscode/.local/lib/python3.10/site-packages/airflow/example_dags/tutorial.py
[2024-12-25T15:21:00.383+0000] {processor.py:826} INFO - Processing file /home/vscode/.local/lib/python3.10/site-packages/airflow/example_dags/tutorial.py for tasks to queue
[2024-12-25T15:21:00.385+0000] {logging_mixin.py:150} INFO - [2024-12-25T15:21:00.384+0000] {dagbag.py:541} INFO - Filling up the DagBag from /home/vscode/.local/lib/python3.10/site-packages/airflow/example_dags/tutorial.py
[2024-12-25T15:21:00.393+0000] {processor.py:836} INFO - DAG(s) dict_keys(['tutorial']) retrieved from /home/vscode/.local/lib/python3.10/site-packages/airflow/example_dags/tutorial.py
[2024-12-25T15:21:00.409+0000] {logging_mixin.py:150} INFO - [2024-12-25T15:21:00.409+0000] {dag.py:2742} INFO - Sync 1 DAGs
[2024-12-25T15:21:00.430+0000] {logging_mixin.py:150} INFO - [2024-12-25T15:21:00.430+0000] {dag.py:3504} INFO - Setting next_dagrun for tutorial to 2024-12-24T15:21:00.430021+00:00, run_after=2024-12-25T15:21:00.430021+00:00
[2024-12-25T15:21:00.455+0000] {processor.py:179} INFO - Processing /home/vscode/.local/lib/python3.10/site-packages/airflow/example_dags/tutorial.py took 0.076 seconds
[2024-12-25T15:21:50.516+0000] {processor.py:157} INFO - Started process (PID=13113) to work on /home/vscode/.local/lib/python3.10/site-packages/airflow/example_dags/tutorial.py
[2024-12-25T15:21:50.517+0000] {processor.py:826} INFO - Processing file /home/vscode/.local/lib/python3.10/site-packages/airflow/example_dags/tutorial.py for tasks to queue
[2024-12-25T15:21:50.517+0000] {logging_mixin.py:150} INFO - [2024-12-25T15:21:50.517+0000] {dagbag.py:541} INFO - Filling up the DagBag from /home/vscode/.local/lib/python3.10/site-packages/airflow/example_dags/tutorial.py
[2024-12-25T15:21:50.523+0000] {processor.py:836} INFO - DAG(s) dict_keys(['tutorial']) retrieved from /home/vscode/.local/lib/python3.10/site-packages/airflow/example_dags/tutorial.py
[2024-12-25T15:21:50.535+0000] {logging_mixin.py:150} INFO - [2024-12-25T15:21:50.535+0000] {dag.py:2742} INFO - Sync 1 DAGs
[2024-12-25T15:21:50.550+0000] {logging_mixin.py:150} INFO - [2024-12-25T15:21:50.550+0000] {dag.py:3504} INFO - Setting next_dagrun for tutorial to 2024-12-24T15:21:50.550576+00:00, run_after=2024-12-25T15:21:50.550576+00:00
[2024-12-25T15:21:50.566+0000] {processor.py:179} INFO - Processing /home/vscode/.local/lib/python3.10/site-packages/airflow/example_dags/tutorial.py took 0.053 seconds
[2024-12-25T15:22:33.941+0000] {processor.py:157} INFO - Started process (PID=13575) to work on /home/vscode/.local/lib/python3.10/site-packages/airflow/example_dags/tutorial.py
[2024-12-25T15:22:33.942+0000] {processor.py:826} INFO - Processing file /home/vscode/.local/lib/python3.10/site-packages/airflow/example_dags/tutorial.py for tasks to queue
[2024-12-25T15:22:33.942+0000] {logging_mixin.py:150} INFO - [2024-12-25T15:22:33.942+0000] {dagbag.py:541} INFO - Filling up the DagBag from /home/vscode/.local/lib/python3.10/site-packages/airflow/example_dags/tutorial.py
[2024-12-25T15:22:33.947+0000] {processor.py:836} INFO - DAG(s) dict_keys(['tutorial']) retrieved from /home/vscode/.local/lib/python3.10/site-packages/airflow/example_dags/tutorial.py
[2024-12-25T15:22:33.958+0000] {logging_mixin.py:150} INFO - [2024-12-25T15:22:33.957+0000] {dag.py:2742} INFO - Sync 1 DAGs
[2024-12-25T15:22:33.971+0000] {logging_mixin.py:150} INFO - [2024-12-25T15:22:33.971+0000] {dag.py:3504} INFO - Setting next_dagrun for tutorial to 2024-12-24T15:22:33.971664+00:00, run_after=2024-12-25T15:22:33.971664+00:00
[2024-12-25T15:22:33.987+0000] {processor.py:179} INFO - Processing /home/vscode/.local/lib/python3.10/site-packages/airflow/example_dags/tutorial.py took 0.048 seconds
[2024-12-25T15:23:17.916+0000] {processor.py:157} INFO - Started process (PID=14091) to work on /home/vscode/.local/lib/python3.10/site-packages/airflow/example_dags/tutorial.py
[2024-12-25T15:23:17.917+0000] {processor.py:826} INFO - Processing file /home/vscode/.local/lib/python3.10/site-packages/airflow/example_dags/tutorial.py for tasks to queue
[2024-12-25T15:23:17.918+0000] {logging_mixin.py:150} INFO - [2024-12-25T15:23:17.918+0000] {dagbag.py:541} INFO - Filling up the DagBag from /home/vscode/.local/lib/python3.10/site-packages/airflow/example_dags/tutorial.py
[2024-12-25T15:23:17.924+0000] {processor.py:836} INFO - DAG(s) dict_keys(['tutorial']) retrieved from /home/vscode/.local/lib/python3.10/site-packages/airflow/example_dags/tutorial.py
[2024-12-25T15:23:17.936+0000] {logging_mixin.py:150} INFO - [2024-12-25T15:23:17.936+0000] {dag.py:2742} INFO - Sync 1 DAGs
[2024-12-25T15:23:17.950+0000] {logging_mixin.py:150} INFO - [2024-12-25T15:23:17.950+0000] {dag.py:3504} INFO - Setting next_dagrun for tutorial to 2024-12-24T15:23:17.950624+00:00, run_after=2024-12-25T15:23:17.950624+00:00
[2024-12-25T15:23:17.966+0000] {processor.py:179} INFO - Processing /home/vscode/.local/lib/python3.10/site-packages/airflow/example_dags/tutorial.py took 0.053 seconds
[2024-12-25T15:24:01.314+0000] {processor.py:157} INFO - Started process (PID=14553) to work on /home/vscode/.local/lib/python3.10/site-packages/airflow/example_dags/tutorial.py
[2024-12-25T15:24:01.314+0000] {processor.py:826} INFO - Processing file /home/vscode/.local/lib/python3.10/site-packages/airflow/example_dags/tutorial.py for tasks to queue
[2024-12-25T15:24:01.315+0000] {logging_mixin.py:150} INFO - [2024-12-25T15:24:01.315+0000] {dagbag.py:541} INFO - Filling up the DagBag from /home/vscode/.local/lib/python3.10/site-packages/airflow/example_dags/tutorial.py
[2024-12-25T15:24:01.322+0000] {processor.py:836} INFO - DAG(s) dict_keys(['tutorial']) retrieved from /home/vscode/.local/lib/python3.10/site-packages/airflow/example_dags/tutorial.py
[2024-12-25T15:24:01.335+0000] {logging_mixin.py:150} INFO - [2024-12-25T15:24:01.335+0000] {dag.py:2742} INFO - Sync 1 DAGs
[2024-12-25T15:24:01.349+0000] {logging_mixin.py:150} INFO - [2024-12-25T15:24:01.349+0000] {dag.py:3504} INFO - Setting next_dagrun for tutorial to 2024-12-24T15:24:01.349461+00:00, run_after=2024-12-25T15:24:01.349461+00:00
[2024-12-25T15:24:01.368+0000] {processor.py:179} INFO - Processing /home/vscode/.local/lib/python3.10/site-packages/airflow/example_dags/tutorial.py took 0.057 seconds
