[2024-12-25T15:13:34.426+0000] {processor.py:157} INFO - Started process (PID=8226) to work on /home/vscode/.local/lib/python3.10/site-packages/airflow/example_dags/tutorial_dag.py
[2024-12-25T15:13:34.427+0000] {processor.py:826} INFO - Processing file /home/vscode/.local/lib/python3.10/site-packages/airflow/example_dags/tutorial_dag.py for tasks to queue
[2024-12-25T15:13:34.427+0000] {logging_mixin.py:150} INFO - [2024-12-25T15:13:34.427+0000] {dagbag.py:541} INFO - Filling up the DagBag from /home/vscode/.local/lib/python3.10/site-packages/airflow/example_dags/tutorial_dag.py
[2024-12-25T15:13:34.431+0000] {processor.py:836} INFO - DAG(s) dict_keys(['tutorial_dag']) retrieved from /home/vscode/.local/lib/python3.10/site-packages/airflow/example_dags/tutorial_dag.py
[2024-12-25T15:13:34.588+0000] {logging_mixin.py:150} INFO - [2024-12-25T15:13:34.588+0000] {manager.py:504} INFO - Created Permission View: can edit on DAG:tutorial_dag
[2024-12-25T15:13:34.598+0000] {logging_mixin.py:150} INFO - [2024-12-25T15:13:34.597+0000] {manager.py:504} INFO - Created Permission View: can read on DAG:tutorial_dag
[2024-12-25T15:13:34.605+0000] {logging_mixin.py:150} INFO - [2024-12-25T15:13:34.605+0000] {manager.py:504} INFO - Created Permission View: can delete on DAG:tutorial_dag
[2024-12-25T15:13:34.615+0000] {logging_mixin.py:150} INFO - [2024-12-25T15:13:34.615+0000] {dag.py:2742} INFO - Sync 1 DAGs
[2024-12-25T15:13:34.621+0000] {logging_mixin.py:150} INFO - [2024-12-25T15:13:34.621+0000] {dag.py:2763} INFO - Creating ORM DAG for tutorial_dag
[2024-12-25T15:13:34.627+0000] {logging_mixin.py:150} INFO - [2024-12-25T15:13:34.627+0000] {dag.py:3504} INFO - Setting next_dagrun for tutorial_dag to None, run_after=None
[2024-12-25T15:13:34.644+0000] {processor.py:179} INFO - Processing /home/vscode/.local/lib/python3.10/site-packages/airflow/example_dags/tutorial_dag.py took 0.220 seconds
[2024-12-25T15:14:23.215+0000] {processor.py:157} INFO - Started process (PID=8554) to work on /home/vscode/.local/lib/python3.10/site-packages/airflow/example_dags/tutorial_dag.py
[2024-12-25T15:14:23.216+0000] {processor.py:826} INFO - Processing file /home/vscode/.local/lib/python3.10/site-packages/airflow/example_dags/tutorial_dag.py for tasks to queue
[2024-12-25T15:14:23.216+0000] {logging_mixin.py:150} INFO - [2024-12-25T15:14:23.216+0000] {dagbag.py:541} INFO - Filling up the DagBag from /home/vscode/.local/lib/python3.10/site-packages/airflow/example_dags/tutorial_dag.py
[2024-12-25T15:14:23.220+0000] {processor.py:836} INFO - DAG(s) dict_keys(['tutorial_dag']) retrieved from /home/vscode/.local/lib/python3.10/site-packages/airflow/example_dags/tutorial_dag.py
[2024-12-25T15:14:23.232+0000] {logging_mixin.py:150} INFO - [2024-12-25T15:14:23.232+0000] {dag.py:2742} INFO - Sync 1 DAGs
[2024-12-25T15:14:23.245+0000] {logging_mixin.py:150} INFO - [2024-12-25T15:14:23.245+0000] {dag.py:3504} INFO - Setting next_dagrun for tutorial_dag to None, run_after=None
[2024-12-25T15:14:23.260+0000] {processor.py:179} INFO - Processing /home/vscode/.local/lib/python3.10/site-packages/airflow/example_dags/tutorial_dag.py took 0.047 seconds
[2024-12-25T15:15:08.383+0000] {processor.py:157} INFO - Started process (PID=8865) to work on /home/vscode/.local/lib/python3.10/site-packages/airflow/example_dags/tutorial_dag.py
[2024-12-25T15:15:08.384+0000] {processor.py:826} INFO - Processing file /home/vscode/.local/lib/python3.10/site-packages/airflow/example_dags/tutorial_dag.py for tasks to queue
[2024-12-25T15:15:08.385+0000] {logging_mixin.py:150} INFO - [2024-12-25T15:15:08.384+0000] {dagbag.py:541} INFO - Filling up the DagBag from /home/vscode/.local/lib/python3.10/site-packages/airflow/example_dags/tutorial_dag.py
[2024-12-25T15:15:08.388+0000] {processor.py:836} INFO - DAG(s) dict_keys(['tutorial_dag']) retrieved from /home/vscode/.local/lib/python3.10/site-packages/airflow/example_dags/tutorial_dag.py
[2024-12-25T15:15:08.402+0000] {logging_mixin.py:150} INFO - [2024-12-25T15:15:08.402+0000] {dag.py:2742} INFO - Sync 1 DAGs
[2024-12-25T15:15:08.417+0000] {logging_mixin.py:150} INFO - [2024-12-25T15:15:08.416+0000] {dag.py:3504} INFO - Setting next_dagrun for tutorial_dag to None, run_after=None
[2024-12-25T15:15:08.433+0000] {processor.py:179} INFO - Processing /home/vscode/.local/lib/python3.10/site-packages/airflow/example_dags/tutorial_dag.py took 0.052 seconds
[2024-12-25T15:15:50.887+0000] {processor.py:157} INFO - Started process (PID=9208) to work on /home/vscode/.local/lib/python3.10/site-packages/airflow/example_dags/tutorial_dag.py
[2024-12-25T15:15:50.888+0000] {processor.py:826} INFO - Processing file /home/vscode/.local/lib/python3.10/site-packages/airflow/example_dags/tutorial_dag.py for tasks to queue
[2024-12-25T15:15:50.888+0000] {logging_mixin.py:150} INFO - [2024-12-25T15:15:50.888+0000] {dagbag.py:541} INFO - Filling up the DagBag from /home/vscode/.local/lib/python3.10/site-packages/airflow/example_dags/tutorial_dag.py
[2024-12-25T15:15:50.892+0000] {processor.py:836} INFO - DAG(s) dict_keys(['tutorial_dag']) retrieved from /home/vscode/.local/lib/python3.10/site-packages/airflow/example_dags/tutorial_dag.py
[2024-12-25T15:15:50.903+0000] {logging_mixin.py:150} INFO - [2024-12-25T15:15:50.903+0000] {dag.py:2742} INFO - Sync 1 DAGs
[2024-12-25T15:15:50.917+0000] {logging_mixin.py:150} INFO - [2024-12-25T15:15:50.917+0000] {dag.py:3504} INFO - Setting next_dagrun for tutorial_dag to None, run_after=None
[2024-12-25T15:15:50.934+0000] {processor.py:179} INFO - Processing /home/vscode/.local/lib/python3.10/site-packages/airflow/example_dags/tutorial_dag.py took 0.049 seconds
[2024-12-25T15:16:38.386+0000] {processor.py:157} INFO - Started process (PID=9666) to work on /home/vscode/.local/lib/python3.10/site-packages/airflow/example_dags/tutorial_dag.py
[2024-12-25T15:16:38.387+0000] {processor.py:826} INFO - Processing file /home/vscode/.local/lib/python3.10/site-packages/airflow/example_dags/tutorial_dag.py for tasks to queue
[2024-12-25T15:16:38.387+0000] {logging_mixin.py:150} INFO - [2024-12-25T15:16:38.387+0000] {dagbag.py:541} INFO - Filling up the DagBag from /home/vscode/.local/lib/python3.10/site-packages/airflow/example_dags/tutorial_dag.py
[2024-12-25T15:16:38.391+0000] {processor.py:836} INFO - DAG(s) dict_keys(['tutorial_dag']) retrieved from /home/vscode/.local/lib/python3.10/site-packages/airflow/example_dags/tutorial_dag.py
[2024-12-25T15:16:38.403+0000] {logging_mixin.py:150} INFO - [2024-12-25T15:16:38.403+0000] {dag.py:2742} INFO - Sync 1 DAGs
[2024-12-25T15:16:38.417+0000] {logging_mixin.py:150} INFO - [2024-12-25T15:16:38.417+0000] {dag.py:3504} INFO - Setting next_dagrun for tutorial_dag to None, run_after=None
[2024-12-25T15:16:38.432+0000] {processor.py:179} INFO - Processing /home/vscode/.local/lib/python3.10/site-packages/airflow/example_dags/tutorial_dag.py took 0.048 seconds
