[2024-12-25T15:13:15.293+0000] {processor.py:157} INFO - Started process (PID=8063) to work on /home/vscode/.local/lib/python3.10/site-packages/airflow/example_dags/plugins/listener_plugin.py
[2024-12-25T15:13:15.294+0000] {processor.py:826} INFO - Processing file /home/vscode/.local/lib/python3.10/site-packages/airflow/example_dags/plugins/listener_plugin.py for tasks to queue
[2024-12-25T15:13:15.295+0000] {logging_mixin.py:150} INFO - [2024-12-25T15:13:15.295+0000] {dagbag.py:541} INFO - Filling up the DagBag from /home/vscode/.local/lib/python3.10/site-packages/airflow/example_dags/plugins/listener_plugin.py
[2024-12-25T15:13:15.298+0000] {processor.py:838} WARNING - No viable dags retrieved from /home/vscode/.local/lib/python3.10/site-packages/airflow/example_dags/plugins/listener_plugin.py
[2024-12-25T15:13:15.308+0000] {processor.py:179} INFO - Processing /home/vscode/.local/lib/python3.10/site-packages/airflow/example_dags/plugins/listener_plugin.py took 0.018 seconds
[2024-12-25T15:14:08.944+0000] {processor.py:157} INFO - Started process (PID=8450) to work on /home/vscode/.local/lib/python3.10/site-packages/airflow/example_dags/plugins/listener_plugin.py
[2024-12-25T15:14:08.944+0000] {processor.py:826} INFO - Processing file /home/vscode/.local/lib/python3.10/site-packages/airflow/example_dags/plugins/listener_plugin.py for tasks to queue
[2024-12-25T15:14:08.945+0000] {logging_mixin.py:150} INFO - [2024-12-25T15:14:08.945+0000] {dagbag.py:541} INFO - Filling up the DagBag from /home/vscode/.local/lib/python3.10/site-packages/airflow/example_dags/plugins/listener_plugin.py
[2024-12-25T15:14:08.947+0000] {processor.py:838} WARNING - No viable dags retrieved from /home/vscode/.local/lib/python3.10/site-packages/airflow/example_dags/plugins/listener_plugin.py
[2024-12-25T15:14:08.954+0000] {processor.py:179} INFO - Processing /home/vscode/.local/lib/python3.10/site-packages/airflow/example_dags/plugins/listener_plugin.py took 0.012 seconds
[2024-12-25T15:14:45.054+0000] {processor.py:157} INFO - Started process (PID=8709) to work on /home/vscode/.local/lib/python3.10/site-packages/airflow/example_dags/plugins/listener_plugin.py
[2024-12-25T15:14:45.054+0000] {processor.py:826} INFO - Processing file /home/vscode/.local/lib/python3.10/site-packages/airflow/example_dags/plugins/listener_plugin.py for tasks to queue
[2024-12-25T15:14:45.055+0000] {logging_mixin.py:150} INFO - [2024-12-25T15:14:45.055+0000] {dagbag.py:541} INFO - Filling up the DagBag from /home/vscode/.local/lib/python3.10/site-packages/airflow/example_dags/plugins/listener_plugin.py
[2024-12-25T15:14:45.057+0000] {processor.py:838} WARNING - No viable dags retrieved from /home/vscode/.local/lib/python3.10/site-packages/airflow/example_dags/plugins/listener_plugin.py
[2024-12-25T15:14:45.064+0000] {processor.py:179} INFO - Processing /home/vscode/.local/lib/python3.10/site-packages/airflow/example_dags/plugins/listener_plugin.py took 0.013 seconds
[2024-12-25T15:15:27.384+0000] {processor.py:157} INFO - Started process (PID=8990) to work on /home/vscode/.local/lib/python3.10/site-packages/airflow/example_dags/plugins/listener_plugin.py
[2024-12-25T15:15:27.388+0000] {processor.py:826} INFO - Processing file /home/vscode/.local/lib/python3.10/site-packages/airflow/example_dags/plugins/listener_plugin.py for tasks to queue
[2024-12-25T15:15:27.389+0000] {logging_mixin.py:150} INFO - [2024-12-25T15:15:27.388+0000] {dagbag.py:541} INFO - Filling up the DagBag from /home/vscode/.local/lib/python3.10/site-packages/airflow/example_dags/plugins/listener_plugin.py
[2024-12-25T15:15:27.396+0000] {processor.py:838} WARNING - No viable dags retrieved from /home/vscode/.local/lib/python3.10/site-packages/airflow/example_dags/plugins/listener_plugin.py
[2024-12-25T15:15:27.415+0000] {processor.py:179} INFO - Processing /home/vscode/.local/lib/python3.10/site-packages/airflow/example_dags/plugins/listener_plugin.py took 0.042 seconds
[2024-12-25T15:16:11.324+0000] {processor.py:157} INFO - Started process (PID=9401) to work on /home/vscode/.local/lib/python3.10/site-packages/airflow/example_dags/plugins/listener_plugin.py
[2024-12-25T15:16:11.324+0000] {processor.py:826} INFO - Processing file /home/vscode/.local/lib/python3.10/site-packages/airflow/example_dags/plugins/listener_plugin.py for tasks to queue
[2024-12-25T15:16:11.325+0000] {logging_mixin.py:150} INFO - [2024-12-25T15:16:11.325+0000] {dagbag.py:541} INFO - Filling up the DagBag from /home/vscode/.local/lib/python3.10/site-packages/airflow/example_dags/plugins/listener_plugin.py
[2024-12-25T15:16:11.327+0000] {processor.py:838} WARNING - No viable dags retrieved from /home/vscode/.local/lib/python3.10/site-packages/airflow/example_dags/plugins/listener_plugin.py
[2024-12-25T15:16:11.333+0000] {processor.py:179} INFO - Processing /home/vscode/.local/lib/python3.10/site-packages/airflow/example_dags/plugins/listener_plugin.py took 0.012 seconds
[2024-12-25T15:16:44.268+0000] {processor.py:157} INFO - Started process (PID=9727) to work on /home/vscode/.local/lib/python3.10/site-packages/airflow/example_dags/plugins/listener_plugin.py
[2024-12-25T15:16:44.268+0000] {processor.py:826} INFO - Processing file /home/vscode/.local/lib/python3.10/site-packages/airflow/example_dags/plugins/listener_plugin.py for tasks to queue
[2024-12-25T15:16:44.269+0000] {logging_mixin.py:150} INFO - [2024-12-25T15:16:44.269+0000] {dagbag.py:541} INFO - Filling up the DagBag from /home/vscode/.local/lib/python3.10/site-packages/airflow/example_dags/plugins/listener_plugin.py
[2024-12-25T15:16:44.271+0000] {processor.py:838} WARNING - No viable dags retrieved from /home/vscode/.local/lib/python3.10/site-packages/airflow/example_dags/plugins/listener_plugin.py
[2024-12-25T15:16:44.278+0000] {processor.py:179} INFO - Processing /home/vscode/.local/lib/python3.10/site-packages/airflow/example_dags/plugins/listener_plugin.py took 0.012 seconds
[2024-12-25T15:17:14.474+0000] {processor.py:157} INFO - Started process (PID=10051) to work on /home/vscode/.local/lib/python3.10/site-packages/airflow/example_dags/plugins/listener_plugin.py
[2024-12-25T15:17:14.475+0000] {processor.py:826} INFO - Processing file /home/vscode/.local/lib/python3.10/site-packages/airflow/example_dags/plugins/listener_plugin.py for tasks to queue
[2024-12-25T15:17:14.476+0000] {logging_mixin.py:150} INFO - [2024-12-25T15:17:14.475+0000] {dagbag.py:541} INFO - Filling up the DagBag from /home/vscode/.local/lib/python3.10/site-packages/airflow/example_dags/plugins/listener_plugin.py
[2024-12-25T15:17:14.478+0000] {processor.py:838} WARNING - No viable dags retrieved from /home/vscode/.local/lib/python3.10/site-packages/airflow/example_dags/plugins/listener_plugin.py
[2024-12-25T15:17:14.485+0000] {processor.py:179} INFO - Processing /home/vscode/.local/lib/python3.10/site-packages/airflow/example_dags/plugins/listener_plugin.py took 0.012 seconds
[2024-12-25T15:17:45.926+0000] {processor.py:157} INFO - Started process (PID=10441) to work on /home/vscode/.local/lib/python3.10/site-packages/airflow/example_dags/plugins/listener_plugin.py
[2024-12-25T15:17:45.927+0000] {processor.py:826} INFO - Processing file /home/vscode/.local/lib/python3.10/site-packages/airflow/example_dags/plugins/listener_plugin.py for tasks to queue
[2024-12-25T15:17:45.927+0000] {logging_mixin.py:150} INFO - [2024-12-25T15:17:45.927+0000] {dagbag.py:541} INFO - Filling up the DagBag from /home/vscode/.local/lib/python3.10/site-packages/airflow/example_dags/plugins/listener_plugin.py
[2024-12-25T15:17:45.930+0000] {processor.py:838} WARNING - No viable dags retrieved from /home/vscode/.local/lib/python3.10/site-packages/airflow/example_dags/plugins/listener_plugin.py
[2024-12-25T15:17:45.936+0000] {processor.py:179} INFO - Processing /home/vscode/.local/lib/python3.10/site-packages/airflow/example_dags/plugins/listener_plugin.py took 0.012 seconds
[2024-12-25T15:18:28.671+0000] {processor.py:157} INFO - Started process (PID=10906) to work on /home/vscode/.local/lib/python3.10/site-packages/airflow/example_dags/plugins/listener_plugin.py
[2024-12-25T15:18:28.672+0000] {processor.py:826} INFO - Processing file /home/vscode/.local/lib/python3.10/site-packages/airflow/example_dags/plugins/listener_plugin.py for tasks to queue
[2024-12-25T15:18:28.672+0000] {logging_mixin.py:150} INFO - [2024-12-25T15:18:28.672+0000] {dagbag.py:541} INFO - Filling up the DagBag from /home/vscode/.local/lib/python3.10/site-packages/airflow/example_dags/plugins/listener_plugin.py
[2024-12-25T15:18:28.674+0000] {processor.py:838} WARNING - No viable dags retrieved from /home/vscode/.local/lib/python3.10/site-packages/airflow/example_dags/plugins/listener_plugin.py
[2024-12-25T15:18:28.681+0000] {processor.py:179} INFO - Processing /home/vscode/.local/lib/python3.10/site-packages/airflow/example_dags/plugins/listener_plugin.py took 0.013 seconds
[2024-12-25T15:19:12.391+0000] {processor.py:157} INFO - Started process (PID=11392) to work on /home/vscode/.local/lib/python3.10/site-packages/airflow/example_dags/plugins/listener_plugin.py
[2024-12-25T15:19:12.392+0000] {processor.py:826} INFO - Processing file /home/vscode/.local/lib/python3.10/site-packages/airflow/example_dags/plugins/listener_plugin.py for tasks to queue
[2024-12-25T15:19:12.392+0000] {logging_mixin.py:150} INFO - [2024-12-25T15:19:12.392+0000] {dagbag.py:541} INFO - Filling up the DagBag from /home/vscode/.local/lib/python3.10/site-packages/airflow/example_dags/plugins/listener_plugin.py
[2024-12-25T15:19:12.395+0000] {processor.py:838} WARNING - No viable dags retrieved from /home/vscode/.local/lib/python3.10/site-packages/airflow/example_dags/plugins/listener_plugin.py
[2024-12-25T15:19:12.401+0000] {processor.py:179} INFO - Processing /home/vscode/.local/lib/python3.10/site-packages/airflow/example_dags/plugins/listener_plugin.py took 0.012 seconds
[2024-12-25T15:19:55.767+0000] {processor.py:157} INFO - Started process (PID=11835) to work on /home/vscode/.local/lib/python3.10/site-packages/airflow/example_dags/plugins/listener_plugin.py
[2024-12-25T15:19:55.768+0000] {processor.py:826} INFO - Processing file /home/vscode/.local/lib/python3.10/site-packages/airflow/example_dags/plugins/listener_plugin.py for tasks to queue
[2024-12-25T15:19:55.768+0000] {logging_mixin.py:150} INFO - [2024-12-25T15:19:55.768+0000] {dagbag.py:541} INFO - Filling up the DagBag from /home/vscode/.local/lib/python3.10/site-packages/airflow/example_dags/plugins/listener_plugin.py
[2024-12-25T15:19:55.770+0000] {processor.py:838} WARNING - No viable dags retrieved from /home/vscode/.local/lib/python3.10/site-packages/airflow/example_dags/plugins/listener_plugin.py
[2024-12-25T15:19:55.777+0000] {processor.py:179} INFO - Processing /home/vscode/.local/lib/python3.10/site-packages/airflow/example_dags/plugins/listener_plugin.py took 0.012 seconds
[2024-12-25T15:20:29.533+0000] {processor.py:157} INFO - Started process (PID=12211) to work on /home/vscode/.local/lib/python3.10/site-packages/airflow/example_dags/plugins/listener_plugin.py
[2024-12-25T15:20:29.534+0000] {processor.py:826} INFO - Processing file /home/vscode/.local/lib/python3.10/site-packages/airflow/example_dags/plugins/listener_plugin.py for tasks to queue
[2024-12-25T15:20:29.535+0000] {logging_mixin.py:150} INFO - [2024-12-25T15:20:29.534+0000] {dagbag.py:541} INFO - Filling up the DagBag from /home/vscode/.local/lib/python3.10/site-packages/airflow/example_dags/plugins/listener_plugin.py
[2024-12-25T15:20:29.537+0000] {processor.py:838} WARNING - No viable dags retrieved from /home/vscode/.local/lib/python3.10/site-packages/airflow/example_dags/plugins/listener_plugin.py
[2024-12-25T15:20:29.547+0000] {processor.py:179} INFO - Processing /home/vscode/.local/lib/python3.10/site-packages/airflow/example_dags/plugins/listener_plugin.py took 0.017 seconds
[2024-12-25T15:21:13.505+0000] {processor.py:157} INFO - Started process (PID=12685) to work on /home/vscode/.local/lib/python3.10/site-packages/airflow/example_dags/plugins/listener_plugin.py
[2024-12-25T15:21:13.506+0000] {processor.py:826} INFO - Processing file /home/vscode/.local/lib/python3.10/site-packages/airflow/example_dags/plugins/listener_plugin.py for tasks to queue
[2024-12-25T15:21:13.506+0000] {logging_mixin.py:150} INFO - [2024-12-25T15:21:13.506+0000] {dagbag.py:541} INFO - Filling up the DagBag from /home/vscode/.local/lib/python3.10/site-packages/airflow/example_dags/plugins/listener_plugin.py
[2024-12-25T15:21:13.509+0000] {processor.py:838} WARNING - No viable dags retrieved from /home/vscode/.local/lib/python3.10/site-packages/airflow/example_dags/plugins/listener_plugin.py
[2024-12-25T15:21:13.517+0000] {processor.py:179} INFO - Processing /home/vscode/.local/lib/python3.10/site-packages/airflow/example_dags/plugins/listener_plugin.py took 0.016 seconds
